2024-12-12 07:04:50,858 [INFO] Activator:177 - 


2024-12-12 07:04:50,858 [INFO] Activator:178 - !SESSION log4j initialized
2024-12-12 07:05:41,301 [INFO] McuFinderGlobals:39 - Set McuFinder mode to 2 (CubeIDE integrated)
2024-12-12 07:05:41,505 [INFO] ApplicationProperties:181 - Using Application install path: C:\ST\STM32CubeIDE_1.7.0\STM32CubeIDE\plugins\com.st.stm32cube.common.mx_6.3.0.202107141111
2024-12-12 07:05:41,519 [INFO] DbMcusXml:74 - Set database path to: C:\ST\STM32CubeIDE_1.7.0\STM32CubeIDE\plugins\com.st.stm32cube.common.mx_6.3.0.202107141111\\db\/mcu/
2024-12-12 07:05:41,524 [INFO] DbBoardsPdsc:56 - Set plugin database path to: C:\ST\STM32CubeIDE_1.7.0\STM32CubeIDE\plugins\com.st.stm32cube.common.mx_6.3.0.202107141111\\db\/plugins/boardmanager/
2024-12-12 07:05:41,524 [INFO] DbMcus:258 - Set plugin images path to: C:\ST\STM32CubeIDE_1.7.0\STM32CubeIDE\plugins\com.st.stm32cube.common.mx_6.3.0.202107141111\\db\/plugins/mcufinder/images/
2024-12-12 07:05:41,524 [INFO] DbBoards:264 - Set plugin images path to: C:\ST\STM32CubeIDE_1.7.0\STM32CubeIDE\plugins\com.st.stm32cube.common.mx_6.3.0.202107141111\\db\/plugins/mcufinder/images/
2024-12-12 07:05:41,527 [INFO] DbExamples:333 - Set plugin images path to: C:\ST\STM32CubeIDE_1.7.0\STM32CubeIDE\plugins\com.st.stm32cube.common.mx_6.3.0.202107141111\\db\/plugins/mcufinder/images/
2024-12-12 07:05:41,535 [INFO] DbMcusAds:119 - Set database path to: C:\Users\Admin\.stmcufinder\plugins\mcufinder//mcu/
2024-12-12 07:05:41,536 [INFO] DbMcusDocs:110 - Set database path to: C:\Users\Admin\.stmcufinder\plugins\mcufinder//mcu/
2024-12-12 07:05:41,539 [INFO] DbMcusJson:64 - Set database path to: C:\Users\Admin\.stmcufinder\plugins\mcufinder//mcu/
2024-12-12 07:05:41,539 [INFO] DbBoardsDocs:110 - Set database path to: C:\Users\Admin\.stmcufinder\plugins\mcufinder//mcu/
2024-12-12 07:05:41,539 [INFO] DbBoardsJson:57 - Set database path to: C:\Users\Admin\.stmcufinder\plugins\mcufinder//mcu/
2024-12-12 07:05:42,444 [INFO] CrossReferenceDbSqlite:196 - Set database path to: C:\Users\Admin\.stmcufinder\plugins\mcufinder//mcu/cs/
2024-12-12 07:05:42,444 [INFO] DbExamplesSqlite:767 - Set database path to: C:\Users\Admin\.stmcufinder\plugins\mcufinder//mcu/
2024-12-12 07:05:42,569 [INFO] RulesReader:57 - Compatibility file has been processed (242 Rules)
2024-12-12 07:05:42,664 [INFO] DbMcusXml:74 - Set database path to: C:\ST\STM32CubeIDE_1.7.0\STM32CubeIDE\plugins\com.st.stm32cube.common.mx_6.3.0.202107141111\\db\/mcu/
2024-12-12 07:05:42,669 [INFO] DbBoardsPdsc:56 - Set plugin database path to: C:\ST\STM32CubeIDE_1.7.0\STM32CubeIDE\plugins\com.st.stm32cube.common.mx_6.3.0.202107141111\\db\/plugins/boardmanager/
2024-12-12 07:05:42,669 [INFO] DbMcus:258 - Set plugin images path to: C:\ST\STM32CubeIDE_1.7.0\STM32CubeIDE\plugins\com.st.stm32cube.common.mx_6.3.0.202107141111\\db\/plugins/mcufinder/images/
2024-12-12 07:05:42,669 [INFO] DbBoards:264 - Set plugin images path to: C:\ST\STM32CubeIDE_1.7.0\STM32CubeIDE\plugins\com.st.stm32cube.common.mx_6.3.0.202107141111\\db\/plugins/mcufinder/images/
2024-12-12 07:05:42,669 [INFO] DbExamples:333 - Set plugin images path to: C:\ST\STM32CubeIDE_1.7.0\STM32CubeIDE\plugins\com.st.stm32cube.common.mx_6.3.0.202107141111\\db\/plugins/mcufinder/images/
2024-12-12 07:05:42,669 [WARN] DbFile:35 - Overriding database path with different value: C:\Users\Admin\.stmcufinder\plugins\mcufinder/ => C:\Users\Admin\.stmcufinder\plugins\mcufinder
2024-12-12 07:05:42,669 [INFO] DbMcusAds:119 - Set database path to: C:\Users\Admin\.stmcufinder\plugins\mcufinder//mcu/
2024-12-12 07:05:42,669 [WARN] DbFile:35 - Overriding database path with different value: C:\Users\Admin\.stmcufinder\plugins\mcufinder/ => C:\Users\Admin\.stmcufinder\plugins\mcufinder
2024-12-12 07:05:42,669 [INFO] DbMcusDocs:110 - Set database path to: C:\Users\Admin\.stmcufinder\plugins\mcufinder//mcu/
2024-12-12 07:05:42,669 [WARN] DbFile:35 - Overriding database path with different value: C:\Users\Admin\.stmcufinder\plugins\mcufinder/ => C:\Users\Admin\.stmcufinder\plugins\mcufinder
2024-12-12 07:05:42,669 [INFO] DbMcusJson:64 - Set database path to: C:\Users\Admin\.stmcufinder\plugins\mcufinder//mcu/
2024-12-12 07:05:42,669 [WARN] DbFile:35 - Overriding database path with different value: C:\Users\Admin\.stmcufinder\plugins\mcufinder/ => C:\Users\Admin\.stmcufinder\plugins\mcufinder
2024-12-12 07:05:42,669 [INFO] DbBoardsDocs:110 - Set database path to: C:\Users\Admin\.stmcufinder\plugins\mcufinder//mcu/
2024-12-12 07:05:42,669 [WARN] DbFile:35 - Overriding database path with different value: C:\Users\Admin\.stmcufinder\plugins\mcufinder/ => C:\Users\Admin\.stmcufinder\plugins\mcufinder
2024-12-12 07:05:42,669 [INFO] DbBoardsJson:57 - Set database path to: C:\Users\Admin\.stmcufinder\plugins\mcufinder//mcu/
2024-12-12 07:05:42,669 [WARN] DbFile:35 - Overriding database path with different value: C:\Users\Admin\.stmcufinder\plugins\mcufinder/ => C:\Users\Admin\.stmcufinder\plugins\mcufinder
2024-12-12 07:05:42,669 [WARN] DbFile:35 - Overriding database path with different value: C:\Users\Admin\.stmcufinder\plugins\mcufinder/ => C:\Users\Admin\.stmcufinder\plugins\mcufinder
2024-12-12 07:05:43,433 [INFO] CrossReferenceDbSqlite:196 - Set database path to: C:\Users\Admin\.stmcufinder\plugins\mcufinder//mcu/cs/
2024-12-12 07:05:43,433 [WARN] DbFile:35 - Overriding database path with different value: C:\Users\Admin\.stmcufinder\plugins\mcufinder/ => C:\Users\Admin\.stmcufinder\plugins\mcufinder
2024-12-12 07:05:43,433 [INFO] DbExamplesSqlite:767 - Set database path to: C:\Users\Admin\.stmcufinder\plugins\mcufinder//mcu/
2024-12-12 07:05:43,505 [INFO] MainPanel:214 - HeapMemory: 321912832
2024-12-12 07:05:43,628 [INFO] DbMcusXml:74 - Set database path to: C:\ST\STM32CubeIDE_1.7.0\STM32CubeIDE\plugins\com.st.stm32cube.common.mx_6.3.0.202107141111\\db\/mcu/
2024-12-12 07:05:43,628 [INFO] DbBoardsPdsc:56 - Set plugin database path to: C:\ST\STM32CubeIDE_1.7.0\STM32CubeIDE\plugins\com.st.stm32cube.common.mx_6.3.0.202107141111\\db\/plugins/boardmanager/
2024-12-12 07:05:43,628 [INFO] DbMcus:258 - Set plugin images path to: C:\ST\STM32CubeIDE_1.7.0\STM32CubeIDE\plugins\com.st.stm32cube.common.mx_6.3.0.202107141111\\db\/plugins/mcufinder/images/
2024-12-12 07:05:43,628 [INFO] DbBoards:264 - Set plugin images path to: C:\ST\STM32CubeIDE_1.7.0\STM32CubeIDE\plugins\com.st.stm32cube.common.mx_6.3.0.202107141111\\db\/plugins/mcufinder/images/
2024-12-12 07:05:43,628 [INFO] DbExamples:333 - Set plugin images path to: C:\ST\STM32CubeIDE_1.7.0\STM32CubeIDE\plugins\com.st.stm32cube.common.mx_6.3.0.202107141111\\db\/plugins/mcufinder/images/
2024-12-12 07:05:43,628 [WARN] DbFile:35 - Overriding database path with different value: C:\Users\Admin\.stmcufinder\plugins\mcufinder/ => C:\Users\Admin\.stmcufinder\plugins\mcufinder
2024-12-12 07:05:43,628 [INFO] DbMcusAds:119 - Set database path to: C:\Users\Admin\.stmcufinder\plugins\mcufinder//mcu/
2024-12-12 07:05:43,628 [WARN] DbFile:35 - Overriding database path with different value: C:\Users\Admin\.stmcufinder\plugins\mcufinder/ => C:\Users\Admin\.stmcufinder\plugins\mcufinder
2024-12-12 07:05:43,628 [INFO] DbMcusDocs:110 - Set database path to: C:\Users\Admin\.stmcufinder\plugins\mcufinder//mcu/
2024-12-12 07:05:43,628 [WARN] DbFile:35 - Overriding database path with different value: C:\Users\Admin\.stmcufinder\plugins\mcufinder/ => C:\Users\Admin\.stmcufinder\plugins\mcufinder
2024-12-12 07:05:43,628 [INFO] DbMcusJson:64 - Set database path to: C:\Users\Admin\.stmcufinder\plugins\mcufinder//mcu/
2024-12-12 07:05:43,628 [WARN] DbFile:35 - Overriding database path with different value: C:\Users\Admin\.stmcufinder\plugins\mcufinder/ => C:\Users\Admin\.stmcufinder\plugins\mcufinder
2024-12-12 07:05:43,628 [INFO] DbBoardsDocs:110 - Set database path to: C:\Users\Admin\.stmcufinder\plugins\mcufinder//mcu/
2024-12-12 07:05:43,628 [WARN] DbFile:35 - Overriding database path with different value: C:\Users\Admin\.stmcufinder\plugins\mcufinder/ => C:\Users\Admin\.stmcufinder\plugins\mcufinder
2024-12-12 07:05:43,628 [INFO] DbBoardsJson:57 - Set database path to: C:\Users\Admin\.stmcufinder\plugins\mcufinder//mcu/
2024-12-12 07:05:43,628 [WARN] DbFile:35 - Overriding database path with different value: C:\Users\Admin\.stmcufinder\plugins\mcufinder/ => C:\Users\Admin\.stmcufinder\plugins\mcufinder
2024-12-12 07:05:43,638 [WARN] DbFile:35 - Overriding database path with different value: C:\Users\Admin\.stmcufinder\plugins\mcufinder/ => C:\Users\Admin\.stmcufinder\plugins\mcufinder
2024-12-12 07:05:44,437 [INFO] CrossReferenceDbSqlite:196 - Set database path to: C:\Users\Admin\.stmcufinder\plugins\mcufinder//mcu/cs/
2024-12-12 07:05:44,437 [WARN] DbFile:35 - Overriding database path with different value: C:\Users\Admin\.stmcufinder\plugins\mcufinder/ => C:\Users\Admin\.stmcufinder\plugins\mcufinder
2024-12-12 07:05:44,437 [INFO] DbExamplesSqlite:767 - Set database path to: C:\Users\Admin\.stmcufinder\plugins\mcufinder//mcu/
2024-12-12 07:05:44,461 [INFO] ApplicationProperties:181 - Using Application install path: C:\ST\STM32CubeIDE_1.7.0\STM32CubeIDE\plugins\com.st.stm32cube.common.mx_6.3.0.202107141111
2024-12-12 07:05:44,469 [INFO] PluginManage:188 - Search for loadable plugins [exclusion list=, ]
2024-12-12 07:05:44,469 [INFO] PluginManage:302 - Check plugin analytics
2024-12-12 07:05:45,509 [INFO] AnalyticsPlugin:257 - Accepted Software Licenses: 
2024-12-12 07:05:45,509 [INFO] AnalyticsPlugin:259 - Accepted CMSIS Pack Licenses: 
2024-12-12 07:05:45,509 [INFO] AnalyticsPlugin:261 - Accepted Firmware Licenses: 
2024-12-12 07:05:45,509 [INFO] PluginManage:352 - Loaded plugin analytics (category:tool,tabindex:-1)
2024-12-12 07:05:45,509 [INFO] PluginManage:302 - Check plugin clock
2024-12-12 07:05:45,531 [INFO] PluginManage:352 - Loaded plugin clock (category:base,tabindex:2)
2024-12-12 07:05:45,531 [INFO] PluginManage:302 - Check plugin ddr
2024-12-12 07:05:45,531 [INFO] PluginManage:352 - Loaded plugin ddr (category:tool,tabindex:6)
2024-12-12 07:05:45,531 [INFO] PluginManage:302 - Check plugin filemanager
2024-12-12 07:05:45,667 [INFO] PluginManage:352 - Loaded plugin filemanager (category:base,tabindex:10)
2024-12-12 07:05:45,667 [INFO] PluginManage:302 - Check plugin ipmanager
2024-12-12 07:05:45,684 [INFO] PluginManage:352 - Loaded plugin ipmanager (category:base,tabindex:5)
2024-12-12 07:05:45,684 [INFO] PluginManage:302 - Check plugin pinoutandconfiguration
2024-12-12 07:05:45,688 [INFO] PluginManage:352 - Loaded plugin pinoutandconfiguration (category:base,tabindex:1)
2024-12-12 07:05:45,688 [INFO] PluginManage:302 - Check plugin pinoutconfig
2024-12-12 07:05:45,719 [INFO] PluginManage:352 - Loaded plugin pinoutconfig (category:base,tabindex:0)
2024-12-12 07:05:45,719 [INFO] PluginManage:302 - Check plugin power
2024-12-12 07:05:45,728 [INFO] PluginManage:352 - Loaded plugin power (category:power,tabindex:4)
2024-12-12 07:05:45,728 [INFO] PluginManage:302 - Check plugin projectmanager
2024-12-12 07:05:45,753 [INFO] PluginManage:352 - Loaded plugin projectmanager (category:projectmanager,tabindex:3)
2024-12-12 07:05:45,753 [INFO] PluginManage:302 - Check plugin thirdparty
2024-12-12 07:05:45,871 [WARN] IntegrityCheckThread:78 - waiting for thirdparty lock release [integrity check]
2024-12-12 07:05:45,871 [INFO] PluginManage:352 - Loaded plugin thirdparty (category:base,tabindex:-1)
2024-12-12 07:05:45,878 [INFO] PluginManage:302 - Check plugin tools
2024-12-12 07:05:45,871 [INFO] IntegrityCheckThread:80 - entering critical section [integrity check]
2024-12-12 07:05:45,878 [INFO] ThirdPartyUpdaterWithRetryManager:66 - Updater plugin not ready yet. [1/15]
2024-12-12 07:05:45,878 [INFO] PluginManage:352 - Loaded plugin tools (category:base,tabindex:7)
2024-12-12 07:05:45,878 [INFO] PluginManage:302 - Check plugin tutovideos
2024-12-12 07:05:46,125 [INFO] PluginManage:352 - Loaded plugin tutovideos (category:base,tabindex:-1)
2024-12-12 07:05:46,125 [INFO] PluginManage:302 - Check plugin updater
2024-12-12 07:05:46,139 [INFO] PluginManage:352 - Loaded plugin updater (category:base,tabindex:12)
2024-12-12 07:05:46,140 [INFO] PluginManage:275 - PluginManage : Loaded plugins [13]
2024-12-12 07:05:46,348 [INFO] PinOutPanel:1463 - setPackage(No Configuration,No Configuration)
2024-12-12 07:05:46,456 [INFO] IPUIPlugin:74 - create IPUIPlugin
2024-12-12 07:05:46,456 [INFO] PluginManager:213 - loadIPPluginJar : add adc
2024-12-12 07:05:46,472 [INFO] IPUIPlugin:74 - create IPUIPlugin
2024-12-12 07:05:46,472 [INFO] PluginManager:213 - loadIPPluginJar : add aes
2024-12-12 07:05:46,475 [INFO] IPUIPlugin:74 - create IPUIPlugin
2024-12-12 07:05:46,475 [INFO] PluginManager:213 - loadIPPluginJar : add can
2024-12-12 07:05:46,475 [INFO] IPUIPlugin:74 - create IPUIPlugin
2024-12-12 07:05:46,475 [INFO] PluginManager:213 - loadIPPluginJar : add comp
2024-12-12 07:05:46,475 [INFO] IPUIPlugin:74 - create IPUIPlugin
2024-12-12 07:05:46,475 [INFO] PluginManager:213 - loadIPPluginJar : add cryp
2024-12-12 07:05:46,488 [INFO] IPUIPlugin:74 - create IPUIPlugin
2024-12-12 07:05:46,488 [INFO] PluginManager:213 - loadIPPluginJar : add dfsdm
2024-12-12 07:05:46,488 [INFO] IPUIPlugin:74 - create IPUIPlugin
2024-12-12 07:05:46,488 [INFO] PluginManager:213 - loadIPPluginJar : add dma
2024-12-12 07:05:46,488 [INFO] IPUIPlugin:74 - create IPUIPlugin
2024-12-12 07:05:46,488 [INFO] PluginManager:213 - loadIPPluginJar : add dma3
2024-12-12 07:05:46,488 [INFO] IPUIPlugin:74 - create IPUIPlugin
2024-12-12 07:05:46,488 [INFO] PluginManager:213 - loadIPPluginJar : add fatfs
2024-12-12 07:05:46,504 [INFO] IPUIPlugin:74 - create IPUIPlugin
2024-12-12 07:05:46,504 [INFO] PluginManager:213 - loadIPPluginJar : add fmc
2024-12-12 07:05:46,504 [INFO] IPUIPlugin:74 - create IPUIPlugin
2024-12-12 07:05:46,504 [INFO] PluginManager:213 - loadIPPluginJar : add freertos
2024-12-12 07:05:46,504 [INFO] IPUIPlugin:74 - create IPUIPlugin
2024-12-12 07:05:46,504 [INFO] PluginManager:213 - loadIPPluginJar : add genericplugin
2024-12-12 07:05:46,519 [INFO] IPUIPlugin:74 - create IPUIPlugin
2024-12-12 07:05:46,521 [INFO] PluginManager:213 - loadIPPluginJar : add gfxmmu
2024-12-12 07:05:46,522 [INFO] IPUIPlugin:74 - create IPUIPlugin
2024-12-12 07:05:46,522 [INFO] PluginManager:213 - loadIPPluginJar : add gic
2024-12-12 07:05:46,522 [INFO] IPUIPlugin:74 - create IPUIPlugin
2024-12-12 07:05:46,522 [INFO] PluginManager:213 - loadIPPluginJar : add gpio
2024-12-12 07:05:46,522 [INFO] IPUIPlugin:74 - create IPUIPlugin
2024-12-12 07:05:46,522 [INFO] PluginManager:213 - loadIPPluginJar : add gtzc
2024-12-12 07:05:46,537 [INFO] IPUIPlugin:74 - create IPUIPlugin
2024-12-12 07:05:46,537 [INFO] PluginManager:213 - loadIPPluginJar : add hash
2024-12-12 07:05:46,537 [INFO] IPUIPlugin:74 - create IPUIPlugin
2024-12-12 07:05:46,537 [INFO] PluginManager:213 - loadIPPluginJar : add i2c
2024-12-12 07:05:46,537 [INFO] IPUIPlugin:74 - create IPUIPlugin
2024-12-12 07:05:46,537 [INFO] PluginManager:213 - loadIPPluginJar : add i2s
2024-12-12 07:05:46,537 [INFO] IPUIPlugin:74 - create IPUIPlugin
2024-12-12 07:05:46,537 [INFO] PluginManager:213 - loadIPPluginJar : add ipddr
2024-12-12 07:05:46,551 [INFO] IPUIPlugin:74 - create IPUIPlugin
2024-12-12 07:05:46,551 [INFO] PluginManager:213 - loadIPPluginJar : add linkedlist
2024-12-12 07:05:46,551 [INFO] IPUIPlugin:74 - create IPUIPlugin
2024-12-12 07:05:46,551 [INFO] PluginManager:213 - loadIPPluginJar : add lorawan
2024-12-12 07:05:46,551 [INFO] IPUIPlugin:74 - create IPUIPlugin
2024-12-12 07:05:46,551 [INFO] PluginManager:213 - loadIPPluginJar : add ltdc
2024-12-12 07:05:46,551 [INFO] IPUIPlugin:74 - create IPUIPlugin
2024-12-12 07:05:46,551 [INFO] PluginManager:213 - loadIPPluginJar : add mdma
2024-12-12 07:05:46,551 [INFO] IPUIPlugin:74 - create IPUIPlugin
2024-12-12 07:05:46,551 [INFO] PluginManager:213 - loadIPPluginJar : add nvic
2024-12-12 07:05:46,567 [INFO] IPUIPlugin:74 - create IPUIPlugin
2024-12-12 07:05:46,567 [INFO] PluginManager:213 - loadIPPluginJar : add opamp
2024-12-12 07:05:46,570 [INFO] IPUIPlugin:74 - create IPUIPlugin
2024-12-12 07:05:46,570 [INFO] PluginManager:213 - loadIPPluginJar : add openamp
2024-12-12 07:05:46,570 [INFO] IPUIPlugin:74 - create IPUIPlugin
2024-12-12 07:05:46,570 [INFO] PluginManager:213 - loadIPPluginJar : add pdm2pcm
2024-12-12 07:05:46,570 [INFO] IPUIPlugin:74 - create IPUIPlugin
2024-12-12 07:05:46,570 [INFO] PluginManager:213 - loadIPPluginJar : add plateformsettings
2024-12-12 07:05:46,582 [INFO] IPUIPlugin:74 - create IPUIPlugin
2024-12-12 07:05:46,582 [INFO] PluginManager:213 - loadIPPluginJar : add quadspi
2024-12-12 07:05:46,582 [INFO] IPUIPlugin:74 - create IPUIPlugin
2024-12-12 07:05:46,582 [INFO] PluginManager:213 - loadIPPluginJar : add resmgrutility
2024-12-12 07:05:46,582 [INFO] IPUIPlugin:74 - create IPUIPlugin
2024-12-12 07:05:46,582 [INFO] PluginManager:213 - loadIPPluginJar : add sai
2024-12-12 07:05:46,582 [INFO] IPUIPlugin:74 - create IPUIPlugin
2024-12-12 07:05:46,582 [INFO] PluginManager:213 - loadIPPluginJar : add spi
2024-12-12 07:05:46,582 [INFO] IPUIPlugin:74 - create IPUIPlugin
2024-12-12 07:05:46,598 [INFO] PluginManager:213 - loadIPPluginJar : add stm32_wpan
2024-12-12 07:05:46,599 [INFO] IPUIPlugin:74 - create IPUIPlugin
2024-12-12 07:05:46,599 [INFO] PluginManager:213 - loadIPPluginJar : add tim
2024-12-12 07:05:46,599 [INFO] IPUIPlugin:74 - create IPUIPlugin
2024-12-12 07:05:46,599 [INFO] PluginManager:213 - loadIPPluginJar : add touchsensing
2024-12-12 07:05:46,606 [INFO] IPUIPlugin:74 - create IPUIPlugin
2024-12-12 07:05:46,606 [INFO] PluginManager:213 - loadIPPluginJar : add tracer_emb
2024-12-12 07:05:46,608 [INFO] IPUIPlugin:74 - create IPUIPlugin
2024-12-12 07:05:46,608 [INFO] PluginManager:213 - loadIPPluginJar : add ts
2024-12-12 07:05:46,608 [INFO] IPUIPlugin:74 - create IPUIPlugin
2024-12-12 07:05:46,608 [INFO] PluginManager:213 - loadIPPluginJar : add tsc
2024-12-12 07:05:46,608 [INFO] IPUIPlugin:74 - create IPUIPlugin
2024-12-12 07:05:46,608 [INFO] PluginManager:213 - loadIPPluginJar : add ucpd
2024-12-12 07:05:46,614 [INFO] IPUIPlugin:74 - create IPUIPlugin
2024-12-12 07:05:46,614 [INFO] PluginManager:213 - loadIPPluginJar : add usart
2024-12-12 07:05:46,614 [INFO] IPUIPlugin:74 - create IPUIPlugin
2024-12-12 07:05:46,614 [INFO] PluginManager:213 - loadIPPluginJar : add usbx
2024-12-12 07:05:47,092 [FATAL] Updater:294 - Updater called before beeing initialized
2024-12-12 07:05:47,247 [FATAL] Updater:294 - Updater called before beeing initialized
2024-12-12 07:05:47,250 [INFO] DbMcusAds:47 - JSON generation date=Fri Sep 20 20:04:23 ICT 2024 (1726837463113)
2024-12-12 07:05:47,250 [FATAL] Updater:294 - Updater called before beeing initialized
2024-12-12 07:05:47,280 [WARN] DetailPanel:314 - Failed to get advertising image, set to default
2024-12-12 07:05:47,392 [FATAL] Updater:294 - Updater called before beeing initialized
2024-12-12 07:05:47,407 [FATAL] Updater:294 - Updater called before beeing initialized
2024-12-12 07:05:47,407 [FATAL] Updater:294 - Updater called before beeing initialized
2024-12-12 07:05:47,407 [WARN] DetailPanel:314 - Failed to get advertising image, set to default
2024-12-12 07:05:47,408 [FATAL] Updater:294 - Updater called before beeing initialized
2024-12-12 07:05:47,459 [ERROR] Updater:1075 - MainUpdater not yet initialized. External WinMGr cannot be set.
2024-12-12 07:05:47,459 [INFO] Updater:1012 - Updater Version found : 6.3.0
2024-12-12 07:05:47,488 [INFO] ApplicationProperties:181 - Using Application install path: C:\ST\STM32CubeIDE_1.7.0\STM32CubeIDE\plugins\com.st.stm32cube.common.mx_6.3.0.202107141111
2024-12-12 07:05:47,959 [INFO] MainUpdater:2671 - connection check result : 10
2024-12-12 07:05:47,962 [INFO] MainUpdater:265 - Updater Check For Update Now.
2024-12-12 07:05:47,962 [INFO] MicroXplorer:478 - Change Database Version : DB.6.0.30
2024-12-12 07:05:48,153 [INFO] CheckServerUpdateThread:112 - End of CheckServer Thread
2024-12-12 07:05:48,197 [INFO] MainUpdater:2671 - connection check result : 10
2024-12-12 07:05:48,483 [INFO] McuFinderGlobals:52 - Set McuFinderConnectedMode to false
2024-12-12 07:05:48,642 [INFO] CrossSelectorPresenter:1330 - Cross Selector saved comparison directory: C:\Users\Admin\.stmcufinder\plugins\mcufinder\mcu\cs_comparisons_mx
2024-12-12 07:05:48,642 [INFO] MultiScanPanel:197 - Auto-refresh data requested => check proxy status ongoing
2024-12-12 07:05:48,642 [INFO] MultiScanPanel:201 - Proxy status is invalid
2024-12-12 07:05:48,658 [INFO] FinderPluginLoader:87 - Searching for filters in installed packs
2024-12-12 07:05:48,658 [INFO] DbMcusXml:100 - Load MCU database from C:\ST\STM32CubeIDE_1.7.0\STM32CubeIDE\plugins\com.st.stm32cube.common.mx_6.3.0.202107141111\\db\/mcu/families.xml
2024-12-12 07:05:49,178 [ERROR] Engine:463 - C:\Users\Admin\.stm32cubemx\thirdparties\pdsc\STMicroelectronics.FP-SNS-MOTENVWB1.1.4.0.pdsc: PDSC version is not supported
2024-12-12 07:05:49,197 [WARN] PackLoader:238 - Cannot read IP mode file for STMicroelectronics.FP-ATR-ASTRA1.2.0.1
2024-12-12 07:05:49,211 [ERROR] Engine:463 - C:\Users\Admin\.stm32cubemx\thirdparties\pdsc\STMicroelectronics.X-CUBE-SMBUS.2.1.0.pdsc: PDSC version is not supported
2024-12-12 07:05:49,242 [WARN] PackLoader:238 - Cannot read IP mode file for STMicroelectronics.X-CUBE-WB05N.1.1.0
2024-12-12 07:05:49,288 [WARN] PackLoader:238 - Cannot read IP mode file for STMicroelectronics.X-CUBE-AZRTOS-F7.1.1.0
2024-12-12 07:05:49,304 [ERROR] Engine:463 - C:\Users\Admin\.stm32cubemx\thirdparties\pdsc\STMicroelectronics.FP-SNS-MOTENV1.4.3.2.pdsc: PDSC version is not supported
2024-12-12 07:05:49,320 [WARN] PackLoader:238 - Cannot read IP mode file for STMicroelectronics.X-CUBE-BLE1.6.2.3
2024-12-12 07:05:49,449 [WARN] PackLoader:238 - Cannot read IP mode file for STMicroelectronics.X-CUBE-MEMS1.11.0.0
2024-12-12 07:05:49,867 [WARN] PackLoader:238 - Cannot read IP mode file for STMicroelectronics.X-CUBE-BLE1.6.2.4
2024-12-12 07:05:49,896 [WARN] PackLoader:238 - Cannot read IP mode file for STMicroelectronics.X-CUBE-TOF1.3.1.0
2024-12-12 07:05:49,908 [INFO] DbMcusJson:93 - JSON generation date=Tue Nov 16 23:17:54 ICT 2021 (1637079474)
2024-12-12 07:05:49,908 [WARN] PackLoader:238 - Cannot read IP mode file for STMicroelectronics.X-CUBE-NFC10.1.0.0
2024-12-12 07:05:49,925 [ERROR] Engine:463 - C:\Users\Admin\.stm32cubemx\thirdparties\pdsc\STMicroelectronics.X-CUBE-BLEMGR.4.0.0.pdsc: PDSC version is not supported
2024-12-12 07:05:49,925 [WARN] PackLoader:238 - Cannot read IP mode file for STMicroelectronics.X-CUBE-TOUCHGFX.4.22.1
2024-12-12 07:05:49,982 [WARN] PackLoader:238 - Cannot read IP mode file for STMicroelectronics.X-CUBE-MEMS1.9.3.0
2024-12-12 07:05:50,391 [WARN] PackLoader:238 - Cannot read IP mode file for STMicroelectronics.X-CUBE-AI.7.2.0
2024-12-12 07:05:50,391 [ERROR] Engine:463 - C:\Users\Admin\.stm32cubemx\thirdparties\pdsc\STMicroelectronics.X-CUBE-BLEMGR.3.1.0.pdsc: PDSC version is not supported
2024-12-12 07:05:50,423 [INFO] LogOutputStream:76 - [STDOUT_REDIRECT] 1 : Invalid condition id : UX_CORESTACK_Condition cause : null
2024-12-12 07:05:50,427 [INFO] LogOutputStream:76 - [STDOUT_REDIRECT] 1 : Invalid condition id : UX_CORESTACK_Condition cause : null
2024-12-12 07:05:50,427 [INFO] LogOutputStream:76 - [STDOUT_REDIRECT] 1 : Invalid condition id : UX_CORESTACK_Condition cause : null
2024-12-12 07:05:50,443 [INFO] LogOutputStream:76 - [STDOUT_REDIRECT] 1 : Invalid condition id : UX_CORESTACK_Condition cause : null
2024-12-12 07:05:50,443 [INFO] LogOutputStream:76 - [STDOUT_REDIRECT] 1 : Invalid condition id : UX_CORESTACK_Condition cause : null
2024-12-12 07:05:50,443 [WARN] PackLoader:238 - Cannot read IP mode file for STMicroelectronics.X-CUBE-AZRTOS-WL.2.0.0
2024-12-12 07:05:50,454 [ERROR] Engine:463 - C:\Users\Admin\.stm32cubemx\thirdparties\pdsc\STMicroelectronics.FP-SNS-MOTENV1.5.0.0.pdsc: PDSC version is not supported
2024-12-12 07:05:50,496 [WARN] PackLoader:238 - Cannot read IP mode file for wolfSSL.I-CUBE-wolfMQTT.1.19.0
2024-12-12 07:05:50,502 [WARN] PackLoader:238 - Cannot read IP mode file for WES.I-CUBE-Cesium.1.3.0
2024-12-12 07:05:50,517 [WARN] PackLoader:238 - Cannot read IP mode file for STMicroelectronics.X-CUBE-TOF1.3.2.0
2024-12-12 07:05:50,533 [WARN] PackLoader:238 - Cannot read IP mode file for STMicroelectronics.X-CUBE-ISPU.1.0.0
2024-12-12 07:05:50,549 [WARN] PackLoader:238 - Cannot read IP mode file for STMicroelectronics.X-CUBE-NFC9.1.0.0
2024-12-12 07:05:50,596 [WARN] PackLoader:238 - Cannot read IP mode file for STMicroelectronics.X-CUBE-AZRTOS-H7.2.1.0
2024-12-12 07:05:50,616 [ERROR] Engine:463 - C:\Users\Admin\.stm32cubemx\thirdparties\pdsc\STMicroelectronics.X-CUBE-TCPP.4.1.0.pdsc: PDSC version is not supported
2024-12-12 07:05:50,616 [WARN] PackLoader:238 - Cannot read IP mode file for STMicroelectronics.X-CUBE-TOUCHGFX.4.21.0
2024-12-12 07:05:50,722 [WARN] PackLoader:238 - Cannot read IP mode file for STMicroelectronics.X-CUBE-MEMS1.9.4.0
2024-12-12 07:05:51,288 [WARN] PackLoader:238 - Cannot read IP mode file for STMicroelectronics.X-CUBE-AI.7.3.0
2024-12-12 07:05:51,288 [WARN] PackLoader:238 - Cannot read IP mode file for STMicroelectronics.X-CUBE-ALGOBUILD.1.3.0
2024-12-12 07:05:51,335 [WARN] PackLoader:238 - Cannot read IP mode file for STMicroelectronics.X-CUBE-AZRTOS-G0.1.1.0
2024-12-12 07:05:51,351 [WARN] PackLoader:238 - Cannot read IP mode file for STMicroelectronics.X-CUBE-SAFEA1.1.2.2
2024-12-12 07:05:51,364 [WARN] PackLoader:238 - Cannot read IP mode file for STMicroelectronics.X-CUBE-NFC4.3.0.0
2024-12-12 07:05:51,429 [WARN] PackLoader:238 - Cannot read IP mode file for SEGGER.I-CUBE-embOS.1.2.0
2024-12-12 07:05:51,532 [ERROR] Engine:463 - C:\Users\Admin\.stm32cubemx\thirdparties\pdsc\EmbeddedOffice.I-CUBE-FS-RTOS.1.0.1.pdsc: PDSC version is not supported
2024-12-12 07:05:51,539 [WARN] PackLoader:238 - Cannot read IP mode file for STMicroelectronics.X-CUBE-BLEMGR.1.3.0
2024-12-12 07:05:51,555 [ERROR] Engine:463 - C:\Users\Admin\.stm32cubemx\thirdparties\pdsc\RealThread.X-CUBE-RT-Thread_Nano.4.1.1.pdsc: PDSC version is not supported
2024-12-12 07:05:51,555 [WARN] PackLoader:238 - Cannot read IP mode file for STMicroelectronics.FP-ATR-SIGFOX1.3.2.0
2024-12-12 07:05:51,570 [ERROR] Engine:463 - C:\Users\Admin\.stm32cubemx\thirdparties\pdsc\quantropi.X-CUBE-qispace-sdk-base.1.9.3.pdsc: PDSC version is not supported
2024-12-12 07:05:51,586 [WARN] PackLoader:238 - Cannot read IP mode file for STMicroelectronics.X-CUBE-EEPRMA1.5.1.0
2024-12-12 07:05:51,609 [WARN] PackLoader:238 - Cannot read IP mode file for emotas.I-CUBE-CANOPEN.1.1.2
2024-12-12 07:05:51,613 [WARN] PackLoader:238 - Cannot read IP mode file for STMicroelectronics.X-CUBE-TOUCHGFX.4.20.0
2024-12-12 07:05:51,681 [WARN] PackLoader:238 - Cannot read IP mode file for SEGGER.I-CUBE-embOS.1.3.1
2024-12-12 07:05:51,713 [INFO] DbMcus:175 - Found 1951 MCUs (1903 are supported by CubeMX, 1914 are visible in CubeMX)
2024-12-12 07:05:51,713 [INFO] ApiDb:251 - Load user favorites file C:\Users\Admin/.stm32cubeide/favorites.mcus.txt: 0 item(s)
2024-12-12 07:05:51,713 [INFO] ApiDb:255 - User favorites MCUs=[]
2024-12-12 07:05:51,713 [INFO] DbMcus:187 - Set 0 / 0 favorites MCUs
2024-12-12 07:05:51,845 [WARN] PackLoader:238 - Cannot read IP mode file for STMicroelectronics.X-CUBE-ALGOBUILD.1.4.0
2024-12-12 07:05:51,855 [WARN] PackLoader:238 - Cannot read IP mode file for STMicroelectronics.X-CUBE-AI.9.1.0
2024-12-12 07:05:51,866 [WARN] PackLoader:238 - Cannot read IP mode file for STMicroelectronics.X-CUBE-GNSS1.6.0.0
2024-12-12 07:05:51,924 [WARN] PackLoader:238 - Cannot read IP mode file for STMicroelectronics.X-CUBE-AZRTOS-F4.1.1.0
2024-12-12 07:05:51,937 [WARN] PackLoader:238 - Cannot read IP mode file for STMicroelectronics.X-CUBE-ISPU.2.1.0
2024-12-12 07:05:51,949 [ERROR] Engine:463 - C:\Users\Admin\.stm32cubemx\thirdparties\pdsc\STMicroelectronics.X-CUBE-FREERTOS.1.2.0.pdsc: PDSC version is not supported
2024-12-12 07:05:51,982 [WARN] PackLoader:238 - Cannot read IP mode file for STMicroelectronics.X-CUBE-BLEMGR.1.2.0
2024-12-12 07:05:52,045 [WARN] PackLoader:238 - Cannot read IP mode file for STMicroelectronics.X-CUBE-AZRTOS-L5.2.0.0
2024-12-12 07:05:52,215 [WARN] PackLoader:238 - Cannot read IP mode file for STMicroelectronics.X-CUBE-MEMS1.9.6.0
2024-12-12 07:05:53,099 [WARN] PackLoader:238 - Cannot read IP mode file for STMicroelectronics.X-CUBE-EEPRMA1.4.2.0
2024-12-12 07:05:53,115 [WARN] PackLoader:238 - Cannot read IP mode file for STMicroelectronics.X-CUBE-NFC6.3.1.0
2024-12-12 07:05:53,144 [ERROR] Engine:463 - C:\Users\Admin\.stm32cubemx\thirdparties\pdsc\ITTIA_DB.I-CUBE-ITTIADB.8.8.0.pdsc: PDSC version is not supported
2024-12-12 07:05:53,162 [WARN] PackLoader:238 - Cannot read IP mode file for STMicroelectronics.X-CUBE-BLEMGR.2.0.0
2024-12-12 07:05:53,162 [ERROR] Engine:463 - C:\Users\Admin\.stm32cubemx\thirdparties\pdsc\STMicroelectronics.X-CUBE-DPower.1.2.0.pdsc: PDSC version is not supported
2024-12-12 07:05:53,180 [WARN] PackLoader:238 - Cannot read IP mode file for STMicroelectronics.X-CUBE-NFC4.2.0.5
2024-12-12 07:05:53,180 [WARN] PackLoader:238 - Cannot read IP mode file for STMicroelectronics.X-CUBE-NFC4.2.0.4
2024-12-12 07:05:53,194 [WARN] PackLoader:238 - Cannot read IP mode file for STMicroelectronics.X-CUBE-AI.9.0.0
2024-12-12 07:05:53,289 [WARN] ConditionMgr:437 - getConditionDescription Invalid condition id : UX DEVICE CLASS RTOS Condition cause : null
2024-12-12 07:05:53,289 [WARN] ConditionMgr:437 - getConditionDescription Invalid condition id : UX DEVICE CLASS RTOS Condition cause : null
2024-12-12 07:05:53,305 [WARN] PackLoader:238 - Cannot read IP mode file for STMicroelectronics.X-CUBE-AZRTOS-H7.3.1.0
2024-12-12 07:05:53,308 [WARN] ConditionMgr:1038 - genDependencies : Invalid condition id : UX DEVICE CLASS RTOS Condition cause : null
2024-12-12 07:05:53,308 [WARN] ConditionMgr:1038 - genDependencies : Invalid condition id : UX DEVICE CLASS RTOS Condition cause : null
2024-12-12 07:05:53,308 [WARN] ConditionMgr:1038 - genDependencies : Invalid condition id : UX DEVICE CLASS RTOS Condition cause : null
2024-12-12 07:05:53,308 [WARN] ConditionMgr:1038 - genDependencies : Invalid condition id : UX DEVICE CLASS RTOS Condition cause : null
2024-12-12 07:05:53,308 [WARN] ConditionMgr:1038 - genDependencies : Invalid condition id : UX DEVICE CLASS RTOS Condition cause : null
2024-12-12 07:05:53,321 [WARN] PackLoader:238 - Cannot read IP mode file for wolfSSL.I-CUBE-wolfSSL.5.5.0
2024-12-12 07:05:53,321 [ERROR] Engine:463 - C:\Users\Admin\.stm32cubemx\thirdparties\pdsc\STMicroelectronics.X-CUBE-FREERTOS.1.3.0.pdsc: PDSC version is not supported
2024-12-12 07:05:53,337 [WARN] PackLoader:238 - Cannot read IP mode file for STMicroelectronics.X-CUBE-NFC7.1.0.1
2024-12-12 07:05:53,352 [INFO] DetailPanel:309 - Set advertising image to C:/Users/Admin/STM32Cube/Repository/\en.prom-stm32c071-usb-memories-mcu-finder.png
2024-12-12 07:05:53,365 [WARN] PackLoader:238 - Cannot read IP mode file for STMicroelectronics.X-CUBE-NFC7.1.0.0
2024-12-12 07:05:53,385 [WARN] PackLoader:238 - Cannot read IP mode file for STMicroelectronics.X-CUBE-NFC6.3.0.0
2024-12-12 07:05:53,420 [WARN] PackLoader:238 - Cannot read IP mode file for STMicroelectronics.X-CUBE-EEPRMA1.4.1.0
2024-12-12 07:05:53,431 [WARN] PackLoader:238 - Cannot read IP mode file for STMicroelectronics.X-CUBE-AI.8.1.0
2024-12-12 07:05:53,540 [WARN] ConditionMgr:437 - getConditionDescription Invalid condition id : LAN8742 Phy interface Condition cause : null
2024-12-12 07:05:53,548 [WARN] PackLoader:238 - Cannot read IP mode file for STMicroelectronics.X-CUBE-AZRTOS-L4.2.0.0
2024-12-12 07:05:53,548 [WARN] ConditionMgr:1038 - genDependencies : Invalid condition id : LAN8742 Phy interface Condition cause : null
2024-12-12 07:05:53,548 [WARN] ConditionMgr:1038 - genDependencies : Invalid condition id : LAN8742 Phy interface Condition cause : null
2024-12-12 07:05:53,556 [WARN] ConditionMgr:1038 - genDependencies : Invalid condition id : LAN8742 Phy interface Condition cause : null
2024-12-12 07:05:53,595 [WARN] PackLoader:238 - Cannot read IP mode file for STMicroelectronics.X-CUBE-SFXS2LP1.4.0.0
2024-12-12 07:05:53,746 [WARN] PackLoader:238 - Cannot read IP mode file for STMicroelectronics.X-CUBE-AZRTOS-H7.3.0.0
2024-12-12 07:05:53,777 [WARN] PackLoader:238 - Cannot read IP mode file for STMicroelectronics.X-CUBE-ISPU.1.1.0
2024-12-12 07:05:53,941 [WARN] PackLoader:238 - Cannot read IP mode file for STMicroelectronics.X-CUBE-AZRTOS-H7.3.3.0
2024-12-12 07:05:53,999 [WARN] PackLoader:238 - Cannot read IP mode file for RoweBots.I-CUBE-UNISONRTOS.5.5.0-4
2024-12-12 07:05:54,048 [ERROR] Engine:463 - C:\Users\Admin\.stm32cubemx\thirdparties\pdsc\STMicroelectronics.X-CUBE-IPS.3.0.0.pdsc: PDSC version is not supported
2024-12-12 07:05:54,117 [WARN] ConditionMgr:437 - getConditionDescription Invalid condition id : UX DEVICE CLASS RTOS Condition cause : null
2024-12-12 07:05:54,121 [WARN] ConditionMgr:437 - getConditionDescription Invalid condition id : UX DEVICE CLASS RTOS Condition cause : null
2024-12-12 07:05:54,129 [WARN] PackLoader:238 - Cannot read IP mode file for STMicroelectronics.X-CUBE-AZRTOS-WB.2.0.0
2024-12-12 07:05:54,131 [WARN] ConditionMgr:1038 - genDependencies : Invalid condition id : UX DEVICE CLASS RTOS Condition cause : null
2024-12-12 07:05:54,131 [WARN] ConditionMgr:1038 - genDependencies : Invalid condition id : UX DEVICE CLASS RTOS Condition cause : null
2024-12-12 07:05:54,131 [WARN] ConditionMgr:1038 - genDependencies : Invalid condition id : UX DEVICE CLASS RTOS Condition cause : null
2024-12-12 07:05:54,131 [WARN] ConditionMgr:1038 - genDependencies : Invalid condition id : UX DEVICE CLASS RTOS Condition cause : null
2024-12-12 07:05:54,131 [WARN] ConditionMgr:1038 - genDependencies : Invalid condition id : UX DEVICE CLASS RTOS Condition cause : null
2024-12-12 07:05:54,200 [WARN] PackLoader:238 - Cannot read IP mode file for STMicroelectronics.X-CUBE-GNSS1.7.0.0
2024-12-12 07:05:54,227 [WARN] PackLoader:238 - Cannot read IP mode file for STMicroelectronics.X-CUBE-BLEMGR.1.0.0
2024-12-12 07:05:54,244 [ERROR] Engine:463 - C:\Users\Admin\.stm32cubemx\thirdparties\pdsc\STMicroelectronics.FP-SNS-STBOX1.2.0.0.pdsc: PDSC version is not supported
2024-12-12 07:05:54,317 [WARN] PackLoader:238 - Cannot read IP mode file for STMicroelectronics.X-CUBE-AZRTOS-L5.1.1.0
2024-12-12 07:05:54,383 [WARN] PackLoader:238 - Cannot read IP mode file for STMicroelectronics.X-CUBE-SUBG2.5.0.0
2024-12-12 07:05:54,415 [ERROR] Engine:463 - C:\Users\Admin\.stm32cubemx\thirdparties\pdsc\Cesanta.I-CUBE-Mongoose.7.13.0.pdsc: PDSC version is not supported
2024-12-12 07:05:54,442 [ERROR] Engine:463 - C:\Users\Admin\.stm32cubemx\thirdparties\pdsc\STMicroelectronics.X-CUBE-TOF1.3.3.1.pdsc: PDSC version is not supported
2024-12-12 07:05:54,508 [WARN] PackLoader:238 - Cannot read IP mode file for STMicroelectronics.X-CUBE-AZRTOS-G4.2.0.0
2024-12-12 07:05:54,530 [WARN] PackLoader:238 - Cannot read IP mode file for STMicroelectronics.FP-ATR-ASTRA1.1.1.1
2024-12-12 07:05:54,564 [ERROR] Engine:463 - C:\Users\Admin\.stm32cubemx\thirdparties\pdsc\Infineon.AIROC-Wi-Fi-Bluetooth-STM32.1.5.1.pdsc: PDSC version is not supported
2024-12-12 07:05:54,613 [WARN] PackLoader:238 - Cannot read IP mode file for STMicroelectronics.X-CUBE-AZRTOS-G4.1.0.0
2024-12-12 07:05:54,672 [WARN] PackLoader:238 - Cannot read IP mode file for STMicroelectronics.X-CUBE-AZRTOS-L4.1.0.0
2024-12-12 07:05:54,687 [ERROR] Engine:463 - C:\Users\Admin\.stm32cubemx\thirdparties\pdsc\STMicroelectronics.X-CUBE-ALS.1.0.2.pdsc: PDSC version is not supported
2024-12-12 07:05:54,924 [WARN] PackLoader:238 - Cannot read IP mode file for STMicroelectronics.X-CUBE-MEMS1.10.0.0
2024-12-12 07:05:55,349 [INFO] DbBoardsPdsc:90 - Found 25 items
2024-12-12 07:05:55,358 [INFO] DbBoardsPdsc:90 - Found 9 items
2024-12-12 07:05:55,366 [INFO] DbBoardsPdsc:90 - Found 33 items
2024-12-12 07:05:55,366 [INFO] DbBoardsPdsc:90 - Found 1 items
2024-12-12 07:05:55,382 [INFO] DbBoardsPdsc:90 - Found 48 items
2024-12-12 07:05:55,407 [INFO] DbBoardsPdsc:90 - Found 43 items
2024-12-12 07:05:55,407 [INFO] DbBoardsPdsc:90 - Found 2 items
2024-12-12 07:05:55,407 [INFO] DbBoardsPdsc:90 - Found 5 items
2024-12-12 07:05:55,423 [WARN] DbBoardsPdsc:254 - Board STM32H7B3I-DK: unknown feature type=Audio, name=, username=Audio stereo codec with Headphone Amp (CS42L51-CNZ), n=1
2024-12-12 07:05:55,423 [WARN] DbBoardsPdsc:254 - Board STM32H735G-DK: unknown feature type=Audio, name=, username=Audio stereo codec with Headphone Amp (WM8994ECS/R), n=1
2024-12-12 07:05:55,423 [WARN] DbBoardsPdsc:254 - Board STM32H7B3I-EVAL: unknown feature type=Audio, name=, username=Multi-Channel Audio Codec (CS42L51-CNZ), n=1
2024-12-12 07:05:55,423 [WARN] DbBoardsPdsc:254 - Board STM32H7B3I-EVAL: unknown feature type=Meter, name=, username=Power-metering and Temperature-monitoring with sigma-delta modulators, n=1
2024-12-12 07:05:55,423 [WARN] DbBoardsPdsc:254 - Board STM32H7B3I-EVAL: unknown feature type=Motor, name=, username=Motor Control, n=1
2024-12-12 07:05:55,431 [WARN] DbBoardsPdsc:254 - Board STM32U575I-EV: unknown feature type=joystick, name=, username=4-direction joystick with selection button, n=1
2024-12-12 07:05:55,539 [INFO] DbBoardsJson:86 - JSON generation date=Tue Nov 16 23:17:54 ICT 2021 (1637079474)
2024-12-12 07:05:55,556 [INFO] DbBoards:117 - Found 167 boards (163 are supported by CubeMX)
2024-12-12 07:05:55,566 [INFO] DbBoardsDocs:143 - JSON generation date=Tue Nov 16 23:17:54 ICT 2021 (1637079474)
2024-12-12 07:05:55,581 [INFO] DbBoardsDocs:79 - Found 209 boards documents
2024-12-12 07:05:55,581 [WARN] DbBoards:127 - board B-L475E-IOT01A2 has no document id list !
2024-12-12 07:05:55,581 [WARN] DbBoards:127 - board NUCLEO-H743ZI has no document id list !
2024-12-12 07:05:55,589 [WARN] DbBoards:127 - board NUCLEO-WL55JC2 has no document id list !
2024-12-12 07:05:55,589 [WARN] DbBoards:127 - board P-NUCLEO-WB55-Nucleo has no document id list !
2024-12-12 07:05:55,589 [WARN] DbBoards:127 - board P-NUCLEO-WB55-USBDongle has no document id list !
2024-12-12 07:05:55,589 [WARN] DbBoards:127 - board STEVAL-BFA001V1B has no document id list !
2024-12-12 07:05:55,589 [WARN] DbBoards:127 - board STEVAL-BFA001V2B has no document id list !
2024-12-12 07:05:55,589 [WARN] DbBoards:127 - board STEVAL-IDP005V1 has no document id list !
2024-12-12 07:05:55,589 [WARN] DbBoards:127 - board STEVAL-IDP005V2 has no document id list !
2024-12-12 07:05:55,591 [WARN] DbBoards:127 - board STEVAL-MKSBOX1V1 has no document id list !
2024-12-12 07:05:55,591 [WARN] DbBoards:127 - board STEVAL-STWINKT1 has no document id list !
2024-12-12 07:05:55,591 [WARN] DbBoards:127 - board STEVAL-STWINKT1B has no document id list !
2024-12-12 07:05:55,591 [WARN] DbBoards:127 - board STM32439I-EVAL2 has no document id list !
2024-12-12 07:05:55,591 [WARN] DbBoards:127 - board STM32F401C-DISCO has no document id list !
2024-12-12 07:05:55,591 [WARN] DbBoards:127 - board STM32F769I-DISC1 has no document id list !
2024-12-12 07:05:55,597 [WARN] DbBoards:127 - board STM32G474E-EVAL1 has no document id list !
2024-12-12 07:05:55,597 [WARN] DbBoards:127 - board STM32H743I-EVAL2 has no document id list !
2024-12-12 07:05:55,597 [WARN] DbBoards:127 - board STM32H747I-DISC1 has no document id list !
2024-12-12 07:05:55,597 [WARN] DbBoards:127 - board STM32H753I-EVAL2 has no document id list !
2024-12-12 07:05:55,597 [WARN] DbBoards:127 - board STM32L-DISCOVERY has no document id list !
2024-12-12 07:05:55,605 [ERROR] Engine:463 - C:\Users\Admin\.stm32cubemx\thirdparties\pdsc\STMicroelectronics.X-CUBE-FREERTOS.1.1.0.pdsc: PDSC version is not supported
2024-12-12 07:05:55,613 [WARN] PackLoader:238 - Cannot read IP mode file for STMicroelectronics.X-CUBE-TOUCHGFX.4.24.0
2024-12-12 07:05:55,648 [WARN] PackLoader:238 - Cannot read IP mode file for STMicroelectronics.X-CUBE-AZRTOS-WL.1.0.0
2024-12-12 07:05:55,657 [WARN] PackLoader:238 - Cannot read IP mode file for STMicroelectronics.X-CUBE-TOUCHGFX.4.24.1
2024-12-12 07:05:55,663 [WARN] PackLoader:238 - Cannot read IP mode file for wolfSSL.I-CUBE-wolfTPM.3.4.0
2024-12-12 07:05:55,676 [WARN] PackLoader:238 - Cannot read IP mode file for portGmbH.I-Cube-SoM-uGOAL.1.1.0
2024-12-12 07:05:55,689 [WARN] PackLoader:238 - Cannot read IP mode file for STMicroelectronics.X-CUBE-ALS.1.0.1
2024-12-12 07:05:55,744 [WARN] PackLoader:238 - Cannot read IP mode file for STMicroelectronics.X-CUBE-AZRTOS-WB.1.1.0
2024-12-12 07:05:55,804 [WARN] PackLoader:238 - Cannot read IP mode file for STMicroelectronics.X-CUBE-AZRTOS-L5.1.0.0
2024-12-12 07:05:55,828 [WARN] PackLoader:238 - Cannot read IP mode file for STMicroelectronics.X-CUBE-EEPRMA1.3.1.1
2024-12-12 07:05:55,894 [WARN] PackLoader:238 - Cannot read IP mode file for STMicroelectronics.X-CUBE-AZRTOS-H7RS.1.0.0
2024-12-12 07:05:55,916 [WARN] PackLoader:238 - Cannot read IP mode file for STMicroelectronics.FP-ATR-ASTRA1.2.0.0
2024-12-12 07:05:55,932 [ERROR] Engine:463 - C:\Users\Admin\.stm32cubemx\thirdparties\pdsc\STMicroelectronics.X-CUBE-TOF1.3.4.2.pdsc: PDSC version is not supported
2024-12-12 07:05:55,942 [WARN] PackLoader:238 - Cannot read IP mode file for wolfSSL.I-CUBE-wolfSSH.1.4.17
2024-12-12 07:05:55,942 [INFO] ThirdParty:915 - Integrity check success = true
2024-12-12 07:05:55,942 [INFO] IntegrityCheckThread:94 - exiting critical section [integrity check]
2024-12-12 07:05:55,942 [INFO] IntegrityCheckThread:97 - End integrity checks thread
2024-12-12 07:05:56,091 [ERROR] DbBoards:189 - Image file not found for board B-U585I-IOT02A: C:\ST\STM32CubeIDE_1.7.0\STM32CubeIDE\plugins\com.st.stm32cube.common.mx_6.3.0.202107141111\\db\/plugins/mcufinder/images/boards/B-U585I-IOT02A_small.jpg
2024-12-12 07:05:56,443 [ERROR] DbBoards:189 - Image file not found for board NUCLEO-F413ZH: C:\ST\STM32CubeIDE_1.7.0\STM32CubeIDE\plugins\com.st.stm32cube.common.mx_6.3.0.202107141111\\db\/plugins/mcufinder/images/boards/nucleo-f413zh_small.jpg
2024-12-12 07:05:57,020 [ERROR] DbBoards:189 - Image file not found for board NUCLEO-L552ZE-Q: C:\ST\STM32CubeIDE_1.7.0\STM32CubeIDE\plugins\com.st.stm32cube.common.mx_6.3.0.202107141111\\db\/plugins/mcufinder/images/boards/nucleo_l552ze_q_small.jpg
2024-12-12 07:05:57,020 [ERROR] DbBoards:189 - Image file not found for board NUCLEO-U575ZI-Q: C:\ST\STM32CubeIDE_1.7.0\STM32CubeIDE\plugins\com.st.stm32cube.common.mx_6.3.0.202107141111\\db\/plugins/mcufinder/images/boards/nucleo-u575zi-q_small.jpg
2024-12-12 07:05:57,020 [ERROR] DbBoards:189 - Image file not found for board NUCLEO-WB15CC: C:\ST\STM32CubeIDE_1.7.0\STM32CubeIDE\plugins\com.st.stm32cube.common.mx_6.3.0.202107141111\\db\/plugins/mcufinder/images/boards/nucleo-wb15cc_small.jpg
2024-12-12 07:05:57,020 [ERROR] DbBoards:189 - Image file not found for board NUCLEO-WB55RG: C:\ST\STM32CubeIDE_1.7.0\STM32CubeIDE\plugins\com.st.stm32cube.common.mx_6.3.0.202107141111\\db\/plugins/mcufinder/images/boards/nucleo-wb55rg_small.jpg
2024-12-12 07:06:00,165 [INFO] ApiDb:251 - Load user favorites file C:\Users\Admin/.stm32cubeide/favorites.boards.txt: 0 item(s)
2024-12-12 07:06:00,165 [INFO] ApiDb:255 - User favorites Boards=[]
2024-12-12 07:06:00,165 [INFO] DbBoards:206 - Set 0 / 0 favorites Boards
2024-12-12 07:06:14,919 [INFO] DbMcusDocs:143 - JSON generation date=Tue Nov 16 23:17:54 ICT 2021 (1637079474)
2024-12-12 07:06:15,313 [INFO] DbMcusDocs:79 - Found 682 MCUs documents
2024-12-12 07:06:29,615 [INFO] MainUpdater:2671 - connection check result : 10
2024-12-12 07:06:29,615 [INFO] MainUpdater:2671 - connection check result : 10
2024-12-12 07:06:29,758 [INFO] MicroXplorer:448 - Change Database Path : 
2024-12-12 07:06:29,761 [INFO] MicroXplorer:478 - Change Database Version : DB.6.0.30
2024-12-12 07:06:29,762 [WARN] ThirdParty:813 - waiting for thirdparty lock release [close project]
2024-12-12 07:06:29,763 [INFO] ThirdParty:815 - entering critical section [close project]
2024-12-12 07:06:29,763 [INFO] ThirdParty:825 - exiting critical section [close project]
2024-12-12 07:06:29,772 [INFO] PinOutPanel:1463 - setPackage(No Configuration,No Configuration)
2024-12-12 07:06:29,773 [INFO] UtilMem:74 - Begin LoadConfig() Used Memory: 627357792 Bytes (887095296)
2024-12-12 07:06:29,773 [INFO] MicroXplorer:448 - Change Database Path : 
2024-12-12 07:06:29,773 [INFO] MicroXplorer:478 - Change Database Version : DB.6.0.30
2024-12-12 07:06:29,773 [INFO] OpenFileManager:313 - Change cursor
2024-12-12 07:06:30,606 [INFO] Context:592 - Trying to add GPIOservice into a context  which must be forbidden
2024-12-12 07:06:30,894 [INFO] ImportTextPane:167 - (OptionalMessage_ERROR) Unable to find key (Mcu.ThirdPartyNb) in loaded IOC file
2024-12-12 07:06:30,894 [INFO] ImportTextPane:167 - (OptionalMessage_ERROR) Unable to find key (Mcu.PinsNb) in loaded IOC file
2024-12-12 07:06:30,894 [INFO] ImportTextPane:167 - (OptionalMessage_ERROR) Unable to find key (Mcu.IPNb) in loaded IOC file
2024-12-12 07:06:30,962 [WARN] ApiManager:304 - Cannot register API 'Board Extension:NFC09A1' from pack STMicroelectronics.X-CUBE-NFC9.1.0.0: no header file found
2024-12-12 07:06:30,964 [WARN] ApiManager:304 - Cannot register API 'Board Extension:GNSS1A1' from pack STMicroelectronics.X-CUBE-GNSS1.6.0.0: no header file found
2024-12-12 07:06:30,964 [WARN] ApiManager:304 - Cannot register API 'Board Support:Custom' from pack STMicroelectronics.X-CUBE-GNSS1.6.0.0: no header file found
2024-12-12 07:06:30,964 [WARN] ApiManager:304 - Cannot register API 'Data Exchange:lib_gnss' from pack STMicroelectronics.X-CUBE-GNSS1.6.0.0: no header file found
2024-12-12 07:06:30,972 [WARN] ApiManager:304 - Cannot register API 'Wireless:STM32WB05N' from pack STMicroelectronics.X-CUBE-WB05N.1.1.0: no header file found
2024-12-12 07:06:30,976 [WARN] ApiManager:304 - Cannot register API 'Board Extension:GNSS1A1' from pack STMicroelectronics.X-CUBE-GNSS1.7.0.0: no header file found
2024-12-12 07:06:30,977 [WARN] ApiManager:304 - Cannot register API 'Board Support:Custom' from pack STMicroelectronics.X-CUBE-GNSS1.7.0.0: no header file found
2024-12-12 07:06:30,977 [WARN] ApiManager:304 - Cannot register API 'Data Exchange:lib_gnss' from pack STMicroelectronics.X-CUBE-GNSS1.7.0.0: no header file found
2024-12-12 07:06:31,294 [WARN] ApiManager:304 - Cannot register API 'Board Extension:IKS01A3' from pack STMicroelectronics.X-CUBE-MEMS1.9.4.0: no header file found
2024-12-12 07:06:31,294 [WARN] ApiManager:304 - Cannot register API 'Board Extension:IKS01A2' from pack STMicroelectronics.X-CUBE-MEMS1.9.4.0: no header file found
2024-12-12 07:06:31,294 [WARN] ApiManager:304 - Cannot register API 'Board Extension:IKS02A1' from pack STMicroelectronics.X-CUBE-MEMS1.9.4.0: no header file found
2024-12-12 07:06:31,637 [WARN] ApiManager:304 - Cannot register API 'Board Extension:IKS01A3' from pack STMicroelectronics.X-CUBE-MEMS1.9.6.0: no header file found
2024-12-12 07:06:31,637 [WARN] ApiManager:304 - Cannot register API 'Board Extension:IKS01A2' from pack STMicroelectronics.X-CUBE-MEMS1.9.6.0: no header file found
2024-12-12 07:06:31,637 [WARN] ApiManager:304 - Cannot register API 'Board Extension:IKS02A1' from pack STMicroelectronics.X-CUBE-MEMS1.9.6.0: no header file found
2024-12-12 07:06:31,653 [WARN] ApiManager:304 - Cannot register API 'Board Extension:EEPRMA2' from pack STMicroelectronics.X-CUBE-EEPRMA1.4.2.0: no header file found
2024-12-12 07:06:31,653 [WARN] ApiManager:304 - Cannot register API 'Board Extension:PGEEZ1' from pack STMicroelectronics.X-CUBE-EEPRMA1.4.2.0: no header file found
2024-12-12 07:06:31,653 [WARN] ApiManager:304 - Cannot register API 'Board Part:M24' from pack STMicroelectronics.X-CUBE-EEPRMA1.4.2.0: no header file found
2024-12-12 07:06:31,653 [WARN] ApiManager:304 - Cannot register API 'Board Part:M95' from pack STMicroelectronics.X-CUBE-EEPRMA1.4.2.0: no header file found
2024-12-12 07:06:31,653 [WARN] ApiManager:304 - Cannot register API 'Board Part:M95P32' from pack STMicroelectronics.X-CUBE-EEPRMA1.4.2.0: no header file found
2024-12-12 07:06:31,653 [WARN] ApiManager:304 - Cannot register API 'PGEEZ1:SPI' from pack STMicroelectronics.X-CUBE-EEPRMA1.4.2.0: no header file found
2024-12-12 07:06:31,653 [WARN] ApiManager:304 - Cannot register API 'PGEEZ1:QDSPI' from pack STMicroelectronics.X-CUBE-EEPRMA1.4.2.0: no header file found
2024-12-12 07:06:31,653 [WARN] ApiManager:304 - Cannot register API 'Board Extension:NFC06A1' from pack STMicroelectronics.X-CUBE-NFC6.3.1.0: no header file found
2024-12-12 07:06:31,653 [WARN] ApiManager:304 - Cannot register API 'Board Extension:NFC08A1' from pack STMicroelectronics.X-CUBE-NFC6.3.1.0: no header file found
2024-12-12 07:06:31,653 [WARN] ApiManager:304 - Cannot register API 'Wireless:BlueNRG-MS' from pack STMicroelectronics.X-CUBE-BLE1.6.2.3: no header file found
2024-12-12 07:06:31,935 [WARN] ApiManager:304 - Cannot register API 'Board Extension:IKS01A3' from pack STMicroelectronics.X-CUBE-MEMS1.11.0.0: no header file found
2024-12-12 07:06:31,935 [WARN] ApiManager:304 - Cannot register API 'Board Extension:IKS02A1' from pack STMicroelectronics.X-CUBE-MEMS1.11.0.0: no header file found
2024-12-12 07:06:31,935 [WARN] ApiManager:304 - Cannot register API 'Board Extension:IKS4A1' from pack STMicroelectronics.X-CUBE-MEMS1.11.0.0: no header file found
2024-12-12 07:06:31,952 [WARN] ApiManager:304 - Cannot register API 'Wireless:BlueNRG-MS' from pack STMicroelectronics.X-CUBE-BLE1.6.2.4: no header file found
2024-12-12 07:06:31,952 [INFO] RtosManager:484 - Registered RTOS mode: class=CMSIS, group=RTOS, mode=CMSIS_V1, owner=FREERTOS
2024-12-12 07:06:31,952 [INFO] RtosManager:484 - Registered RTOS mode: class=CMSIS, group=RTOS2, mode=CMSIS_V2, owner=FREERTOS
2024-12-12 07:06:31,952 [INFO] RtosManager:484 - Registered RTOS mode: class=RTOS, group=Core, mode=CMSIS_V1, owner=FREERTOS
2024-12-12 07:06:31,952 [INFO] RtosManager:484 - Registered RTOS mode: class=RTOS, group=Core, mode=CMSIS_V2, owner=FREERTOS
2024-12-12 07:06:31,952 [WARN] ModelIntegratedComponent:181 - Missing modes for component STMicroelectronics:FreeRTOS:0.0.1:STMicroelectronics:RTOS:FreeRTOS:Core:::10.2.0:
2024-12-12 07:06:31,952 [WARN] ApiManager:304 - Cannot register API 'Board Extension:STSAFEA1' from pack STMicroelectronics.X-CUBE-SAFEA1.1.2.2: no header file found
2024-12-12 07:06:31,960 [WARN] ApiManager:304 - Cannot register API 'Board Part:STSAFEA110' from pack STMicroelectronics.X-CUBE-SAFEA1.1.2.2: no header file found
2024-12-12 07:06:31,960 [WARN] ApiManager:304 - Cannot register API 'Security:ST_Cryptolib' from pack STMicroelectronics.X-CUBE-SAFEA1.1.2.2: no header file found
2024-12-12 07:06:31,960 [WARN] ApiManager:304 - Cannot register API 'Security:MbedTLS' from pack STMicroelectronics.X-CUBE-SAFEA1.1.2.2: no header file found
2024-12-12 07:06:31,961 [WARN] ApiManager:304 - Cannot register API 'Board Extension:NFC04A1' from pack STMicroelectronics.X-CUBE-NFC4.3.0.0: no header file found
2024-12-12 07:06:31,968 [WARN] ApiManager:304 - Cannot register API 'Board Extension:S2868A1' from pack STMicroelectronics.X-CUBE-SUBG2.5.0.0: no header file found
2024-12-12 07:06:31,968 [WARN] ApiManager:304 - Cannot register API 'Board Extension:S2868A2' from pack STMicroelectronics.X-CUBE-SUBG2.5.0.0: no header file found
2024-12-12 07:06:31,968 [WARN] ApiManager:304 - Cannot register API 'Board Extension:S2915A1' from pack STMicroelectronics.X-CUBE-SUBG2.5.0.0: no header file found
2024-12-12 07:06:31,968 [WARN] ApiManager:304 - Cannot register API 'Board Extension:NFC04A1' from pack STMicroelectronics.X-CUBE-NFC4.2.0.5: no header file found
2024-12-12 07:06:31,968 [WARN] ApiManager:304 - Cannot register API 'Board Extension:NFC04A1' from pack STMicroelectronics.X-CUBE-NFC4.2.0.4: no header file found
2024-12-12 07:06:31,979 [WARN] ApiManager:304 - Cannot register API 'Board Extension:NFC10A1' from pack STMicroelectronics.X-CUBE-NFC10.1.0.0: no header file found
2024-12-12 07:06:31,979 [WARN] ApiManager:304 - Cannot register API 'Board Extension:EEPRMA2' from pack STMicroelectronics.X-CUBE-EEPRMA1.5.1.0: no header file found
2024-12-12 07:06:31,979 [WARN] ApiManager:304 - Cannot register API 'Board Extension:PGEEZ1' from pack STMicroelectronics.X-CUBE-EEPRMA1.5.1.0: no header file found
2024-12-12 07:06:31,979 [WARN] ApiManager:304 - Cannot register API 'Board Extension:EEICA1' from pack STMicroelectronics.X-CUBE-EEPRMA1.5.1.0: no header file found
2024-12-12 07:06:31,979 [WARN] ApiManager:304 - Cannot register API 'Board Part:M24' from pack STMicroelectronics.X-CUBE-EEPRMA1.5.1.0: no header file found
2024-12-12 07:06:31,979 [WARN] ApiManager:304 - Cannot register API 'Board Part:M95' from pack STMicroelectronics.X-CUBE-EEPRMA1.5.1.0: no header file found
2024-12-12 07:06:31,979 [WARN] ApiManager:304 - Cannot register API 'Board Part:M95P32' from pack STMicroelectronics.X-CUBE-EEPRMA1.5.1.0: no header file found
2024-12-12 07:06:31,979 [WARN] ApiManager:304 - Cannot register API 'Board Part:M24256E-F' from pack STMicroelectronics.X-CUBE-EEPRMA1.5.1.0: no header file found
2024-12-12 07:06:31,979 [WARN] ApiManager:304 - Cannot register API 'Board Part:M24M01E-F' from pack STMicroelectronics.X-CUBE-EEPRMA1.5.1.0: no header file found
2024-12-12 07:06:31,979 [WARN] ApiManager:304 - Cannot register API 'PGEEZ1:SPI' from pack STMicroelectronics.X-CUBE-EEPRMA1.5.1.0: no header file found
2024-12-12 07:06:31,979 [WARN] ApiManager:304 - Cannot register API 'PGEEZ1:QDSPI' from pack STMicroelectronics.X-CUBE-EEPRMA1.5.1.0: no header file found
2024-12-12 07:06:31,983 [WARN] ModelIntegratedComponent:60 - No mode defined for component null
2024-12-12 07:06:31,983 [WARN] ModelIntegratedComponent:60 - No mode defined for component null
2024-12-12 07:06:31,983 [WARN] ModelIntegratedComponent:60 - No mode defined for component null
2024-12-12 07:06:31,983 [WARN] ModelIntegratedComponent:60 - No mode defined for component null
2024-12-12 07:06:31,983 [WARN] ModelIntegratedComponent:60 - No mode defined for component null
2024-12-12 07:06:31,983 [WARN] ModelIntegratedComponent:60 - No mode defined for component null
2024-12-12 07:06:31,983 [WARN] ModelIntegratedComponent:60 - No mode defined for component null
2024-12-12 07:06:31,983 [WARN] ModelIntegratedComponent:60 - No mode defined for component null
2024-12-12 07:06:31,983 [WARN] ModelIntegratedComponent:60 - No mode defined for component null
2024-12-12 07:06:31,983 [WARN] ModelIntegratedComponent:60 - No mode defined for component null
2024-12-12 07:06:31,983 [WARN] ModelIntegratedComponent:60 - No mode defined for component null
2024-12-12 07:06:31,986 [WARN] ModelIntegratedComponent:60 - No mode defined for component null
2024-12-12 07:06:31,986 [WARN] ModelIntegratedComponent:60 - No mode defined for component null
2024-12-12 07:06:31,986 [WARN] ModelIntegratedComponent:60 - No mode defined for component null
2024-12-12 07:06:31,986 [WARN] ModelIntegratedComponent:60 - No mode defined for component null
2024-12-12 07:06:31,986 [WARN] ModelIntegratedComponent:60 - No mode defined for component null
2024-12-12 07:06:31,986 [WARN] ModelIntegratedComponent:60 - No mode defined for component null
2024-12-12 07:06:31,986 [WARN] ModelIntegratedComponent:60 - No mode defined for component null
2024-12-12 07:06:31,986 [WARN] ModelIntegratedComponent:60 - No mode defined for component null
2024-12-12 07:06:31,986 [WARN] ModelIntegratedComponent:60 - No mode defined for component null
2024-12-12 07:06:31,986 [WARN] ModelIntegratedComponent:60 - No mode defined for component null
2024-12-12 07:06:31,986 [WARN] ModelIntegratedComponent:60 - No mode defined for component null
2024-12-12 07:06:31,987 [WARN] ModelIntegratedComponent:60 - No mode defined for component null
2024-12-12 07:06:31,987 [WARN] ModelIntegratedComponent:60 - No mode defined for component null
2024-12-12 07:06:31,987 [WARN] ModelIntegratedComponent:60 - No mode defined for component null
2024-12-12 07:06:31,987 [WARN] ModelIntegratedComponent:60 - No mode defined for component null
2024-12-12 07:06:31,987 [WARN] ModelIntegratedComponent:60 - No mode defined for component null
2024-12-12 07:06:31,987 [WARN] ModelIntegratedComponent:60 - No mode defined for component null
2024-12-12 07:06:31,987 [WARN] ModelIntegratedComponent:60 - No mode defined for component null
2024-12-12 07:06:31,987 [WARN] ModelIntegratedComponent:60 - No mode defined for component null
2024-12-12 07:06:31,987 [WARN] ModelIntegratedComponent:60 - No mode defined for component null
2024-12-12 07:06:32,330 [WARN] ApiManager:304 - Cannot register API 'Board Extension:IKS01A3' from pack STMicroelectronics.X-CUBE-MEMS1.10.0.0: no header file found
2024-12-12 07:06:32,330 [WARN] ApiManager:304 - Cannot register API 'Board Extension:IKS02A1' from pack STMicroelectronics.X-CUBE-MEMS1.10.0.0: no header file found
2024-12-12 07:06:32,330 [WARN] ApiManager:304 - Cannot register API 'Board Extension:IKS4A1' from pack STMicroelectronics.X-CUBE-MEMS1.10.0.0: no header file found
2024-12-12 07:06:32,330 [WARN] ApiManager:304 - Cannot register API 'Board Extension:NFC07A1' from pack STMicroelectronics.X-CUBE-NFC7.1.0.1: no header file found
2024-12-12 07:06:32,330 [WARN] ApiManager:304 - Cannot register API 'Board Extension:NFC07A1' from pack STMicroelectronics.X-CUBE-NFC7.1.0.0: no header file found
2024-12-12 07:06:32,330 [WARN] ApiManager:304 - Cannot register API 'Board Extension:NFC06A1' from pack STMicroelectronics.X-CUBE-NFC6.3.0.0: no header file found
2024-12-12 07:06:32,330 [WARN] ApiManager:304 - Cannot register API 'Board Extension:NFC08A1' from pack STMicroelectronics.X-CUBE-NFC6.3.0.0: no header file found
2024-12-12 07:06:32,771 [WARN] ApiManager:304 - Cannot register API 'Board Extension:IKS01A3' from pack STMicroelectronics.X-CUBE-MEMS1.9.3.0: no header file found
2024-12-12 07:06:32,771 [WARN] ApiManager:304 - Cannot register API 'Board Extension:IKS01A2' from pack STMicroelectronics.X-CUBE-MEMS1.9.3.0: no header file found
2024-12-12 07:06:32,771 [WARN] ApiManager:304 - Cannot register API 'Board Extension:IKS02A1' from pack STMicroelectronics.X-CUBE-MEMS1.9.3.0: no header file found
2024-12-12 07:06:32,787 [WARN] ApiManager:304 - Cannot register API 'Board Extension:EEPRMA1' from pack STMicroelectronics.X-CUBE-EEPRMA1.4.1.0: no header file found
2024-12-12 07:06:32,787 [WARN] ApiManager:304 - Cannot register API 'Board Extension:EEPRMA2' from pack STMicroelectronics.X-CUBE-EEPRMA1.4.1.0: no header file found
2024-12-12 07:06:32,787 [WARN] ApiManager:304 - Cannot register API 'Board Extension:PGEEZ1' from pack STMicroelectronics.X-CUBE-EEPRMA1.4.1.0: no header file found
2024-12-12 07:06:32,787 [WARN] ApiManager:304 - Cannot register API 'Board Part:M24' from pack STMicroelectronics.X-CUBE-EEPRMA1.4.1.0: no header file found
2024-12-12 07:06:32,787 [WARN] ApiManager:304 - Cannot register API 'Board Part:M95' from pack STMicroelectronics.X-CUBE-EEPRMA1.4.1.0: no header file found
2024-12-12 07:06:32,787 [WARN] ApiManager:304 - Cannot register API 'Board Part:M95P32' from pack STMicroelectronics.X-CUBE-EEPRMA1.4.1.0: no header file found
2024-12-12 07:06:32,787 [WARN] ApiManager:304 - Cannot register API 'PGEEZ1:SPI' from pack STMicroelectronics.X-CUBE-EEPRMA1.4.1.0: no header file found
2024-12-12 07:06:32,787 [WARN] ApiManager:304 - Cannot register API 'PGEEZ1:QDSPI' from pack STMicroelectronics.X-CUBE-EEPRMA1.4.1.0: no header file found
2024-12-12 07:06:32,787 [WARN] ApiManager:304 - Cannot register API 'Board Extension:EEPRMA1' from pack STMicroelectronics.X-CUBE-EEPRMA1.3.1.1: no header file found
2024-12-12 07:06:32,787 [WARN] ApiManager:304 - Cannot register API 'Board Extension:EEPRMA2' from pack STMicroelectronics.X-CUBE-EEPRMA1.3.1.1: no header file found
2024-12-12 07:06:32,803 [WARN] ApiManager:304 - Cannot register API 'Board Extension:S2868A1' from pack STMicroelectronics.X-CUBE-SFXS2LP1.4.0.0: no header file found
2024-12-12 07:06:32,803 [WARN] ApiManager:304 - Cannot register API 'Board Extension:S2868A2' from pack STMicroelectronics.X-CUBE-SFXS2LP1.4.0.0: no header file found
2024-12-12 07:06:32,803 [WARN] ApiManager:304 - Cannot register API 'Board Extension:S2915A1' from pack STMicroelectronics.X-CUBE-SFXS2LP1.4.0.0: no header file found
2024-12-12 07:07:24,732 [INFO] UtilMem:74 - End LoadConfig() Used Memory: 766545008 Bytes (887095296)
2024-12-12 07:07:24,748 [WARN] ThirdParty:779 - waiting for thirdparty lock release [change project]
2024-12-12 07:07:24,748 [INFO] ThirdParty:781 - entering critical section [change project]
2024-12-12 07:07:24,748 [INFO] ThirdParty:967 - CMSIS Pack Vendor :STMicroelectronics X-CUBE-ISPU 1.1.0
2024-12-12 07:07:24,749 [INFO] ThirdParty:967 - CMSIS Pack Vendor :STMicroelectronics X-CUBE-AZRTOS-H7 3.3.0
2024-12-12 07:07:24,749 [INFO] ThirdParty:967 - CMSIS Pack Vendor :RoweBots I-CUBE-UNISONRTOS 5.5.0-4
2024-12-12 07:07:24,749 [INFO] ThirdParty:967 - CMSIS Pack Vendor :STMicroelectronics X-CUBE-NFC9 1.0.0
2024-12-12 07:07:24,749 [INFO] ThirdParty:967 - CMSIS Pack Vendor :STMicroelectronics X-CUBE-GNSS1 6.0.0
2024-12-12 07:07:24,749 [INFO] ThirdParty:967 - CMSIS Pack Vendor :STMicroelectronics X-CUBE-AZRTOS-H7 2.1.0
2024-12-12 07:07:24,749 [INFO] ThirdParty:967 - CMSIS Pack Vendor :STMicroelectronics USB_HOST 2.0.0
2024-12-12 07:07:24,749 [INFO] ThirdParty:967 - CMSIS Pack Vendor :STMicroelectronics X-CUBE-AZRTOS-F4 1.1.0
2024-12-12 07:07:24,749 [INFO] ThirdParty:967 - CMSIS Pack Vendor :STMicroelectronics FP-ATR-ASTRA1 2.0.1
2024-12-12 07:07:24,749 [INFO] ThirdParty:967 - CMSIS Pack Vendor :STMicroelectronics X-CUBE-WB05N 1.1.0
2024-12-12 07:07:24,749 [INFO] ThirdParty:967 - CMSIS Pack Vendor :STMicroelectronics USB_DEVICE 3.0.0
2024-12-12 07:07:24,749 [INFO] ThirdParty:967 - CMSIS Pack Vendor :STMicroelectronics X-CUBE-ISPU 2.1.0
2024-12-12 07:07:24,749 [INFO] ThirdParty:967 - CMSIS Pack Vendor :STMicroelectronics X-CUBE-AZRTOS-WB 2.0.0
2024-12-12 07:07:24,749 [INFO] ThirdParty:967 - CMSIS Pack Vendor :STMicroelectronics X-CUBE-GNSS1 7.0.0
2024-12-12 07:07:24,749 [INFO] ThirdParty:967 - CMSIS Pack Vendor :STMicroelectronics X-CUBE-TOUCHGFX 4.21.0
2024-12-12 07:07:24,749 [INFO] ThirdParty:967 - CMSIS Pack Vendor :STMicroelectronics X-CUBE-BLEMGR 1.0.0
2024-12-12 07:07:24,749 [INFO] ThirdParty:967 - CMSIS Pack Vendor :STMicroelectronics X-CUBE-BLEMGR 1.2.0
2024-12-12 07:07:24,749 [INFO] ThirdParty:967 - CMSIS Pack Vendor :STMicroelectronics X-CUBE-AZRTOS-F7 1.1.0
2024-12-12 07:07:24,749 [INFO] ThirdParty:967 - CMSIS Pack Vendor :STMicroelectronics X-CUBE-AZRTOS-L5 2.0.0
2024-12-12 07:07:24,749 [INFO] ThirdParty:967 - CMSIS Pack Vendor :STMicroelectronics X-CUBE-MEMS1 9.4.0
2024-12-12 07:07:24,749 [INFO] ThirdParty:967 - CMSIS Pack Vendor :STMicroelectronics USB_DEVICE 2.0.0
2024-12-12 07:07:24,749 [INFO] ThirdParty:967 - CMSIS Pack Vendor :STMicroelectronics X-CUBE-AI 7.3.0
2024-12-12 07:07:24,749 [INFO] ThirdParty:967 - CMSIS Pack Vendor :STMicroelectronics X-CUBE-MEMS1 9.6.0
2024-12-12 07:07:24,749 [INFO] ThirdParty:967 - CMSIS Pack Vendor :STMicroelectronics X-CUBE-EEPRMA1 4.2.0
2024-12-12 07:07:24,749 [INFO] ThirdParty:967 - CMSIS Pack Vendor :STMicroelectronics X-CUBE-NFC6 3.1.0
2024-12-12 07:07:24,749 [INFO] ThirdParty:967 - CMSIS Pack Vendor :STMicroelectronics X-CUBE-BLE1 6.2.3
2024-12-12 07:07:24,749 [INFO] ThirdParty:967 - CMSIS Pack Vendor :STMicroelectronics X-CUBE-ALGOBUILD 1.3.0
2024-12-12 07:07:24,749 [INFO] ThirdParty:967 - CMSIS Pack Vendor :STMicroelectronics X-CUBE-MEMS1 11.0.0
2024-12-12 07:07:24,749 [INFO] ThirdParty:967 - CMSIS Pack Vendor :STMicroelectronics X-CUBE-BLE1 6.2.4
2024-12-12 07:07:24,749 [INFO] ThirdParty:967 - CMSIS Pack Vendor :STMicroelectronics X-CUBE-AZRTOS-L5 1.1.0
2024-12-12 07:07:24,749 [INFO] ThirdParty:967 - CMSIS Pack Vendor :STMicroelectronics FreeRTOS 0.0.1
2024-12-12 07:07:24,749 [INFO] ThirdParty:967 - CMSIS Pack Vendor :STMicroelectronics X-CUBE-AZRTOS-G0 1.1.0
2024-12-12 07:07:24,749 [INFO] ThirdParty:967 - CMSIS Pack Vendor :STMicroelectronics X-CUBE-BLEMGR 2.0.0
2024-12-12 07:07:24,749 [INFO] ThirdParty:967 - CMSIS Pack Vendor :STMicroelectronics X-CUBE-SAFEA1 1.2.2
2024-12-12 07:07:24,749 [INFO] ThirdParty:967 - CMSIS Pack Vendor :STMicroelectronics X-CUBE-NFC4 3.0.0
2024-12-12 07:07:24,749 [INFO] ThirdParty:967 - CMSIS Pack Vendor :SEGGER I-CUBE-embOS 1.2.0
2024-12-12 07:07:24,749 [INFO] ThirdParty:967 - CMSIS Pack Vendor :STMicroelectronics X-CUBE-SUBG2 5.0.0
2024-12-12 07:07:24,749 [INFO] ThirdParty:967 - CMSIS Pack Vendor :STMicroelectronics lwIP 2.0.3
2024-12-12 07:07:24,749 [INFO] ThirdParty:967 - CMSIS Pack Vendor :STMicroelectronics X-CUBE-NFC4 2.0.5
2024-12-12 07:07:24,749 [INFO] ThirdParty:967 - CMSIS Pack Vendor :STMicroelectronics X-CUBE-NFC4 2.0.4
2024-12-12 07:07:24,749 [INFO] ThirdParty:967 - CMSIS Pack Vendor :STMicroelectronics USB_HOST 1.0.0
2024-12-12 07:07:24,749 [INFO] ThirdParty:967 - CMSIS Pack Vendor :STMicroelectronics X-CUBE-AI 9.0.0
2024-12-12 07:07:24,749 [INFO] ThirdParty:967 - CMSIS Pack Vendor :STMicroelectronics X-CUBE-AZRTOS-G4 2.0.0
2024-12-12 07:07:24,749 [INFO] ThirdParty:967 - CMSIS Pack Vendor :STMicroelectronics PDM2PCM 3.1.0
2024-12-12 07:07:24,749 [INFO] ThirdParty:967 - CMSIS Pack Vendor :STMicroelectronics X-CUBE-AZRTOS-H7 3.1.0
2024-12-12 07:07:24,749 [INFO] ThirdParty:967 - CMSIS Pack Vendor :STMicroelectronics FP-ATR-ASTRA1 1.1.1
2024-12-12 07:07:24,749 [INFO] ThirdParty:967 - CMSIS Pack Vendor :STMicroelectronics PDM2PCM 3.3.0
2024-12-12 07:07:24,749 [INFO] ThirdParty:967 - CMSIS Pack Vendor :STMicroelectronics X-CUBE-TOF1 3.1.0
2024-12-12 07:07:24,749 [INFO] ThirdParty:967 - CMSIS Pack Vendor :STMicroelectronics X-CUBE-BLEMGR 1.3.0
2024-12-12 07:07:24,749 [INFO] ThirdParty:967 - CMSIS Pack Vendor :STMicroelectronics FP-ATR-SIGFOX1 3.2.0
2024-12-12 07:07:24,749 [INFO] ThirdParty:967 - CMSIS Pack Vendor :STMicroelectronics X-CUBE-AZRTOS-G4 1.0.0
2024-12-12 07:07:24,749 [INFO] ThirdParty:967 - CMSIS Pack Vendor :STMicroelectronics X-CUBE-NFC10 1.0.0
2024-12-12 07:07:24,749 [INFO] ThirdParty:967 - CMSIS Pack Vendor :STMicroelectronics X-CUBE-AZRTOS-L4 1.0.0
2024-12-12 07:07:24,749 [INFO] ThirdParty:967 - CMSIS Pack Vendor :wolfSSL I-CUBE-wolfSSL 5.5.0
2024-12-12 07:07:24,749 [INFO] ThirdParty:967 - CMSIS Pack Vendor :STMicroelectronics X-CUBE-EEPRMA1 5.1.0
2024-12-12 07:07:24,749 [INFO] ThirdParty:967 - CMSIS Pack Vendor :STMicroelectronics HAL Drivers 0.0.0
2024-12-12 07:07:24,749 [INFO] ThirdParty:967 - CMSIS Pack Vendor :STMicroelectronics MBEDTLS 2.16.2
2024-12-12 07:07:24,761 [INFO] ThirdParty:967 - CMSIS Pack Vendor :emotas I-CUBE-CANOPEN 1.1.2
2024-12-12 07:07:24,761 [INFO] ThirdParty:967 - CMSIS Pack Vendor :STMicroelectronics X-CUBE-TOUCHGFX 4.20.0
2024-12-12 07:07:24,761 [INFO] ThirdParty:967 - CMSIS Pack Vendor :STMicroelectronics X-CUBE-MEMS1 10.0.0
2024-12-12 07:07:24,761 [INFO] ThirdParty:967 - CMSIS Pack Vendor :STMicroelectronics X-CUBE-NFC7 1.0.1
2024-12-12 07:07:24,761 [INFO] ThirdParty:967 - CMSIS Pack Vendor :STMicroelectronics MBEDTLS 2.14.1
2024-12-12 07:07:24,761 [INFO] ThirdParty:967 - CMSIS Pack Vendor :STMicroelectronics X-CUBE-NFC7 1.0.0
2024-12-12 07:07:24,761 [INFO] ThirdParty:967 - CMSIS Pack Vendor :STMicroelectronics X-CUBE-TOUCHGFX 4.24.0
2024-12-12 07:07:24,761 [INFO] ThirdParty:967 - CMSIS Pack Vendor :STMicroelectronics X-CUBE-TOUCHGFX 4.22.1
2024-12-12 07:07:24,761 [INFO] ThirdParty:967 - CMSIS Pack Vendor :STMicroelectronics X-CUBE-AZRTOS-WL 1.0.0
2024-12-12 07:07:24,761 [INFO] ThirdParty:967 - CMSIS Pack Vendor :STMicroelectronics X-CUBE-TOUCHGFX 4.24.1
2024-12-12 07:07:24,761 [INFO] ThirdParty:967 - CMSIS Pack Vendor :STMicroelectronics X-CUBE-NFC6 3.0.0
2024-12-12 07:07:24,761 [INFO] ThirdParty:967 - CMSIS Pack Vendor :wolfSSL I-CUBE-wolfTPM 3.4.0
2024-12-12 07:07:24,761 [INFO] ThirdParty:967 - CMSIS Pack Vendor :STMicroelectronics X-CUBE-MEMS1 9.3.0
2024-12-12 07:07:24,761 [INFO] ThirdParty:967 - CMSIS Pack Vendor :STMicroelectronics X-CUBE-EEPRMA1 4.1.0
2024-12-12 07:07:24,764 [INFO] ThirdParty:967 - CMSIS Pack Vendor :portGmbH I-Cube-SoM-uGOAL 1.1.0
2024-12-12 07:07:24,764 [INFO] ThirdParty:967 - CMSIS Pack Vendor :STMicroelectronics X-CUBE-ALS 1.0.1
2024-12-12 07:07:24,764 [INFO] ThirdParty:967 - CMSIS Pack Vendor :STMicroelectronics X-CUBE-AI 7.2.0
2024-12-12 07:07:24,764 [INFO] ThirdParty:967 - CMSIS Pack Vendor :STMicroelectronics X-CUBE-AZRTOS-WB 1.1.0
2024-12-12 07:07:24,764 [INFO] ThirdParty:967 - CMSIS Pack Vendor :STMicroelectronics X-CUBE-AZRTOS-WL 2.0.0
2024-12-12 07:07:24,764 [INFO] ThirdParty:967 - CMSIS Pack Vendor :SEGGER I-CUBE-embOS 1.3.1
2024-12-12 07:07:24,764 [INFO] ThirdParty:967 - CMSIS Pack Vendor :STMicroelectronics X-CUBE-ALGOBUILD 1.4.0
2024-12-12 07:07:24,764 [INFO] ThirdParty:967 - CMSIS Pack Vendor :STMicroelectronics X-CUBE-AZRTOS-L5 1.0.0
2024-12-12 07:07:24,764 [INFO] ThirdParty:967 - CMSIS Pack Vendor :STMicroelectronics USB_DEVICE 1.0.0
2024-12-12 07:07:24,764 [INFO] ThirdParty:967 - CMSIS Pack Vendor :STMicroelectronics X-CUBE-AI 8.1.0
2024-12-12 07:07:24,764 [INFO] ThirdParty:967 - CMSIS Pack Vendor :STMicroelectronics X-CUBE-EEPRMA1 3.1.1
2024-12-12 07:07:24,764 [INFO] ThirdParty:967 - CMSIS Pack Vendor :STMicroelectronics X-CUBE-AZRTOS-H7RS 1.0.0
2024-12-12 07:07:24,764 [INFO] ThirdParty:967 - CMSIS Pack Vendor :wolfSSL I-CUBE-wolfMQTT 1.19.0
2024-12-12 07:07:24,764 [INFO] ThirdParty:967 - CMSIS Pack Vendor :STMicroelectronics X-CUBE-AZRTOS-L4 2.0.0
2024-12-12 07:07:24,764 [INFO] ThirdParty:967 - CMSIS Pack Vendor :STMicroelectronics ThreadX 0.0.2
2024-12-12 07:07:24,764 [INFO] ThirdParty:967 - CMSIS Pack Vendor :WES I-CUBE-Cesium 1.3.0
2024-12-12 07:07:24,764 [INFO] ThirdParty:967 - CMSIS Pack Vendor :STMicroelectronics FP-ATR-ASTRA1 2.0.0
2024-12-12 07:07:24,764 [INFO] ThirdParty:967 - CMSIS Pack Vendor :STMicroelectronics lwIP 2.1.2
2024-12-12 07:07:24,764 [INFO] ThirdParty:967 - CMSIS Pack Vendor :STMicroelectronics X-CUBE-SFXS2LP1 4.0.0
2024-12-12 07:07:24,764 [INFO] ThirdParty:967 - CMSIS Pack Vendor :STMicroelectronics X-CUBE-AI 9.1.0
2024-12-12 07:07:24,764 [INFO] ThirdParty:967 - CMSIS Pack Vendor :STMicroelectronics X-CUBE-TOF1 3.2.0
2024-12-12 07:07:24,764 [INFO] ThirdParty:967 - CMSIS Pack Vendor :STMicroelectronics PDM2PCM 3.2.0
2024-12-12 07:07:24,764 [INFO] ThirdParty:967 - CMSIS Pack Vendor :STMicroelectronics X-CUBE-AZRTOS-H7 3.0.0
2024-12-12 07:07:24,764 [INFO] ThirdParty:967 - CMSIS Pack Vendor :wolfSSL I-CUBE-wolfSSH 1.4.17
2024-12-12 07:07:24,764 [INFO] ThirdParty:967 - CMSIS Pack Vendor :STMicroelectronics X-CUBE-ISPU 1.0.0
2024-12-12 07:07:24,764 [INFO] ThirdParty:787 - exiting critical section [change project]
2024-12-12 07:07:25,320 [INFO] PinOutPanel:1463 - setPackage(No Configuration,No Configuration)
2024-12-12 07:07:25,320 [INFO] PinOutPanel:1463 - setPackage(STM32F103C6Tx,LQFP48)
2024-12-12 07:07:26,215 [INFO] UtilMem:74 - Before build in PCC Used Memory: 810643328 Bytes (887095296)
2024-12-12 07:07:27,697 [INFO] UtilMem:74 - After build in PCC Used Memory: 782103624 Bytes (887095296)
2024-12-12 07:07:27,756 [INFO] IPUIPlugin:74 - create IPUIPlugin
2024-12-12 07:07:27,760 [INFO] IPUIPlugin:74 - create IPUIPlugin
2024-12-12 07:07:27,761 [INFO] IPUIPlugin:74 - create IPUIPlugin
2024-12-12 07:07:27,761 [INFO] IPUIPlugin:74 - create IPUIPlugin
2024-12-12 07:07:27,761 [INFO] IPUIPlugin:74 - create IPUIPlugin
2024-12-12 07:07:27,763 [INFO] IPUIPlugin:74 - create IPUIPlugin
2024-12-12 07:07:27,763 [INFO] IPUIPlugin:74 - create IPUIPlugin
2024-12-12 07:07:27,763 [INFO] IPUIPlugin:74 - create IPUIPlugin
2024-12-12 07:07:27,764 [INFO] IPUIPlugin:74 - create IPUIPlugin
2024-12-12 07:07:27,764 [INFO] IPUIPlugin:74 - create IPUIPlugin
2024-12-12 07:07:27,764 [INFO] IPUIPlugin:74 - create IPUIPlugin
2024-12-12 07:07:27,764 [INFO] IPUIPlugin:74 - create IPUIPlugin
2024-12-12 07:07:27,764 [INFO] IPUIPlugin:74 - create IPUIPlugin
2024-12-12 07:07:27,768 [INFO] IPUIPlugin:74 - create IPUIPlugin
2024-12-12 07:07:27,770 [INFO] IPUIPlugin:74 - create IPUIPlugin
2024-12-12 07:07:27,771 [INFO] IPUIPlugin:74 - create IPUIPlugin
2024-12-12 07:07:27,772 [INFO] IPUIPlugin:74 - create IPUIPlugin
2024-12-12 07:07:27,772 [INFO] IPUIPlugin:74 - create IPUIPlugin
2024-12-12 07:07:27,772 [INFO] IPUIPlugin:74 - create IPUIPlugin
2024-12-12 07:07:27,772 [INFO] IPUIPlugin:74 - create IPUIPlugin
2024-12-12 07:07:27,778 [INFO] IPUIPlugin:74 - create IPUIPlugin
2024-12-12 07:07:27,779 [INFO] IPUIPlugin:74 - create IPUIPlugin
2024-12-12 07:07:27,779 [INFO] IPUIPlugin:74 - create IPUIPlugin
2024-12-12 07:07:28,034 [INFO] OpenFileManager:333 - Restore cursor
2024-12-12 07:07:28,700 [INFO] UtilMem:74 - End SaveConfig() Used Memory: 774565888 Bytes (887095296)
2024-12-12 07:07:28,787 [INFO] UtilMem:74 - End SaveConfig() Used Memory: 787819688 Bytes (887095296)
2024-12-12 07:07:29,513 [INFO] BlockDiagram:2740 - set Specific Code input for plugin: NVIC
2024-12-12 07:07:29,513 [INFO] BlockDiagram:2740 - set Specific Code input for plugin: SYS
2024-12-12 07:07:29,513 [INFO] BlockDiagram:2740 - set Specific Code input for plugin: RCC
2024-12-12 07:07:29,520 [INFO] CodeGenerator:663 - code generatio: config db path: C:\ST\STM32CubeIDE_1.7.0\STM32CubeIDE\plugins\com.st.stm32cube.common.mx_6.3.0.202107141111\\db\
2024-12-12 07:07:30,320 [INFO] CodeEngine:239 - oldGeneratedFile, C:\Users\Admin\Desktop\LAB VXL\LAB 2\EXERCISE2\SOURCE CODE\EX2\MXTmpFiles\license.tmp_save
2024-12-12 07:07:31,162 [INFO] CodeEngine:257 - Generated code: C:\Users\Admin\Desktop\LAB VXL\LAB 2\EXERCISE2\SOURCE CODE\EX2\MXTmpFiles\license.tmp
2024-12-12 07:07:31,362 [INFO] CodeEngine:239 - oldGeneratedFile, C:\Users\Admin\Desktop\LAB VXL\LAB 2\EXERCISE2\SOURCE CODE\EX2\Core\Src\stm32f1xx_it.c_save
2024-12-12 07:07:31,724 [INFO] CodeEngine:257 - Generated code: C:\Users\Admin\Desktop\LAB VXL\LAB 2\EXERCISE2\SOURCE CODE\EX2\Core\Src\stm32f1xx_it.c
2024-12-12 07:07:31,732 [INFO] CodeEngine:239 - oldGeneratedFile, C:\Users\Admin\Desktop\LAB VXL\LAB 2\EXERCISE2\SOURCE CODE\EX2\Core\Inc\stm32f1xx_it.h_save
2024-12-12 07:07:31,904 [INFO] CodeEngine:257 - Generated code: C:\Users\Admin\Desktop\LAB VXL\LAB 2\EXERCISE2\SOURCE CODE\EX2\Core\Inc\stm32f1xx_it.h
2024-12-12 07:07:31,916 [INFO] CodeEngine:239 - oldGeneratedFile, C:\Users\Admin\Desktop\LAB VXL\LAB 2\EXERCISE2\SOURCE CODE\EX2\Core\Src\stm32f1xx_hal_msp.c_save
2024-12-12 07:07:32,214 [INFO] CodeEngine:257 - Generated code: C:\Users\Admin\Desktop\LAB VXL\LAB 2\EXERCISE2\SOURCE CODE\EX2\Core\Src\stm32f1xx_hal_msp.c
2024-12-12 07:07:32,220 [INFO] CodeEngine:239 - oldGeneratedFile, C:\Users\Admin\Desktop\LAB VXL\LAB 2\EXERCISE2\SOURCE CODE\EX2\MXTmpFiles\system.tmp_save
2024-12-12 07:07:32,332 [INFO] CodeEngine:257 - Generated code: C:\Users\Admin\Desktop\LAB VXL\LAB 2\EXERCISE2\SOURCE CODE\EX2\MXTmpFiles\system.tmp
2024-12-12 07:07:32,332 [INFO] CodeEngine:239 - oldGeneratedFile, C:\Users\Admin\Desktop\LAB VXL\LAB 2\EXERCISE2\SOURCE CODE\EX2\Core\Inc\stm32f1xx_hal_conf.h_save
2024-12-12 07:07:32,470 [INFO] CodeEngine:257 - Generated code: C:\Users\Admin\Desktop\LAB VXL\LAB 2\EXERCISE2\SOURCE CODE\EX2\Core\Inc\stm32f1xx_hal_conf.h
2024-12-12 07:07:32,542 [INFO] CodeEngine:239 - oldGeneratedFile, C:\Users\Admin\Desktop\LAB VXL\LAB 2\EXERCISE2\SOURCE CODE\EX2\Core\Inc\main.h_save
2024-12-12 07:07:32,810 [INFO] CodeEngine:257 - Generated code: C:\Users\Admin\Desktop\LAB VXL\LAB 2\EXERCISE2\SOURCE CODE\EX2\Core\Inc\main.h
2024-12-12 07:07:32,817 [INFO] CodeEngine:239 - oldGeneratedFile, C:\Users\Admin\Desktop\LAB VXL\LAB 2\EXERCISE2\SOURCE CODE\EX2\Core\Src\main.c_save
2024-12-12 07:07:33,094 [INFO] CodeEngine:257 - Generated code: C:\Users\Admin\Desktop\LAB VXL\LAB 2\EXERCISE2\SOURCE CODE\EX2\Core\Src\main.c
2024-12-12 07:07:35,315 [INFO] ProjectBuilder:2578 - Time for Copy HAL[1] : 153mS.
2024-12-12 07:07:35,328 [INFO] ProjectBuilder:3622 - Project Generator version: 3.14.1
2024-12-12 07:07:36,901 [INFO] ConfigFileManager:1271 - The Die is : DIE412
2024-12-12 07:07:36,983 [INFO] ApiDbMcu:468 - Load IP Config File for FATFS
2024-12-12 07:07:37,127 [INFO] ApiDbMcu:468 - Load IP Config File for FREERTOS
2024-12-12 07:07:37,312 [INFO] ApiDbMcu:468 - Load IP Config File for USB_DEVICE
2024-12-12 07:07:45,825 [INFO] ProjectBuilder:3789 - Time for Generating toolchain IDE Files: 10497mS.
2024-12-12 07:07:45,826 [INFO] ProjectBuilder:2457 - Time for Copy CMSIS : 1mS.
2024-12-12 07:07:45,832 [INFO] ProjectBuilder:2457 - Time for Copy CMSIS : 0mS.
2024-12-12 07:07:46,840 [INFO] McuFinderGlobals:52 - Set McuFinderConnectedMode to true
2024-12-12 07:07:46,846 [INFO] ApiDb:276 - Save user favorites file C:\Users\Admin/.stm32cubeide/favorites.mcus.txt: 0 item(s)
2024-12-12 07:07:46,846 [INFO] ApiDb:280 - User favorites MCUs=[]
2024-12-12 07:10:09,034 [INFO] NvicIntPanel:96 - NVIC parent = com.st.microxplorer.plugins.ip.nvic.MultiNvicIntPanel[,0,0,0x0,invalid,layout=javax.swing.BoxLayout,alignmentX=0.0,alignmentY=0.0,border=,flags=9,maximumSize=,minimumSize=,preferredSize=]
2024-12-12 07:10:10,729 [INFO] NvicIntPanel:96 - NVIC parent = com.st.microxplorer.plugins.ip.nvic.MultiNvicIntPanel[,0,0,0x0,invalid,layout=javax.swing.BoxLayout,alignmentX=0.0,alignmentY=0.0,border=,flags=9,maximumSize=,minimumSize=,preferredSize=]
2024-12-12 07:10:36,864 [INFO] UtilMem:74 - End SaveConfig() Used Memory: 896338920 Bytes (1073741824)
2024-12-12 07:10:37,833 [INFO] UtilMem:74 - End SaveConfig() Used Memory: 911222520 Bytes (1073741824)
2024-12-12 07:10:39,618 [INFO] UtilMem:74 - End SaveConfig() Used Memory: 899452792 Bytes (1073741824)
2024-12-12 07:10:40,013 [INFO] BlockDiagram:2740 - set Specific Code input for plugin: NVIC
2024-12-12 07:10:40,014 [INFO] BlockDiagram:2740 - set Specific Code input for plugin: SYS
2024-12-12 07:10:40,014 [INFO] BlockDiagram:2740 - set Specific Code input for plugin: GPIO
2024-12-12 07:10:40,014 [INFO] BlockDiagram:2740 - set Specific Code input for plugin: RCC
2024-12-12 07:10:40,014 [INFO] BlockDiagram:2740 - set Specific Code input for plugin: TIM1_8F1
2024-12-12 07:10:40,015 [INFO] CodeGenerator:663 - code generatio: config db path: C:\ST\STM32CubeIDE_1.7.0\STM32CubeIDE\plugins\com.st.stm32cube.common.mx_6.3.0.202107141111\\db\
2024-12-12 07:10:40,409 [INFO] CodeEngine:239 - oldGeneratedFile, C:\Users\Admin\Desktop\LAB VXL\LAB 2\EXERCISE2\SOURCE CODE\EX2\MXTmpFiles\license.tmp_save
2024-12-12 07:10:40,504 [INFO] CodeEngine:257 - Generated code: C:\Users\Admin\Desktop\LAB VXL\LAB 2\EXERCISE2\SOURCE CODE\EX2\MXTmpFiles\license.tmp
2024-12-12 07:10:40,629 [INFO] CodeEngine:239 - oldGeneratedFile, C:\Users\Admin\Desktop\LAB VXL\LAB 2\EXERCISE2\SOURCE CODE\EX2\MXTmpFiles\gpio.tmp_save
2024-12-12 07:10:40,739 [INFO] CodeEngine:257 - Generated code: C:\Users\Admin\Desktop\LAB VXL\LAB 2\EXERCISE2\SOURCE CODE\EX2\MXTmpFiles\gpio.tmp
2024-12-12 07:10:40,944 [INFO] CodeEngine:239 - oldGeneratedFile, C:\Users\Admin\Desktop\LAB VXL\LAB 2\EXERCISE2\SOURCE CODE\EX2\Core\Src\stm32f1xx_it.c_save
2024-12-12 07:10:41,055 [INFO] CodeEngine:257 - Generated code: C:\Users\Admin\Desktop\LAB VXL\LAB 2\EXERCISE2\SOURCE CODE\EX2\Core\Src\stm32f1xx_it.c
2024-12-12 07:10:41,061 [INFO] CodeEngine:239 - oldGeneratedFile, C:\Users\Admin\Desktop\LAB VXL\LAB 2\EXERCISE2\SOURCE CODE\EX2\Core\Inc\stm32f1xx_it.h_save
2024-12-12 07:10:41,165 [INFO] CodeEngine:257 - Generated code: C:\Users\Admin\Desktop\LAB VXL\LAB 2\EXERCISE2\SOURCE CODE\EX2\Core\Inc\stm32f1xx_it.h
2024-12-12 07:10:41,180 [INFO] CodeEngine:239 - oldGeneratedFile, C:\Users\Admin\Desktop\LAB VXL\LAB 2\EXERCISE2\SOURCE CODE\EX2\Core\Src\stm32f1xx_hal_msp.c_save
2024-12-12 07:10:41,289 [INFO] CodeEngine:257 - Generated code: C:\Users\Admin\Desktop\LAB VXL\LAB 2\EXERCISE2\SOURCE CODE\EX2\Core\Src\stm32f1xx_hal_msp.c
2024-12-12 07:10:41,292 [INFO] CodeEngine:239 - oldGeneratedFile, C:\Users\Admin\Desktop\LAB VXL\LAB 2\EXERCISE2\SOURCE CODE\EX2\MXTmpFiles\system.tmp_save
2024-12-12 07:10:41,362 [INFO] CodeEngine:257 - Generated code: C:\Users\Admin\Desktop\LAB VXL\LAB 2\EXERCISE2\SOURCE CODE\EX2\MXTmpFiles\system.tmp
2024-12-12 07:10:41,371 [INFO] CodeEngine:239 - oldGeneratedFile, C:\Users\Admin\Desktop\LAB VXL\LAB 2\EXERCISE2\SOURCE CODE\EX2\Core\Inc\stm32f1xx_hal_conf.h_save
2024-12-12 07:10:41,481 [INFO] CodeEngine:257 - Generated code: C:\Users\Admin\Desktop\LAB VXL\LAB 2\EXERCISE2\SOURCE CODE\EX2\Core\Inc\stm32f1xx_hal_conf.h
2024-12-12 07:10:41,543 [WARN] IPConfigManager:3148 - IP not found : TIM
2024-12-12 07:10:41,543 [WARN] CodeGenerator:3268 - IP not found : null
2024-12-12 07:10:41,579 [INFO] CodeEngine:239 - oldGeneratedFile, C:\Users\Admin\Desktop\LAB VXL\LAB 2\EXERCISE2\SOURCE CODE\EX2\Core\Inc\main.h_save
2024-12-12 07:10:41,689 [INFO] CodeEngine:257 - Generated code: C:\Users\Admin\Desktop\LAB VXL\LAB 2\EXERCISE2\SOURCE CODE\EX2\Core\Inc\main.h
2024-12-12 07:10:41,717 [INFO] CodeEngine:239 - oldGeneratedFile, C:\Users\Admin\Desktop\LAB VXL\LAB 2\EXERCISE2\SOURCE CODE\EX2\Core\Src\main.c_save
2024-12-12 07:10:41,890 [INFO] CodeEngine:257 - Generated code: C:\Users\Admin\Desktop\LAB VXL\LAB 2\EXERCISE2\SOURCE CODE\EX2\Core\Src\main.c
2024-12-12 07:10:43,493 [INFO] ProjectBuilder:2578 - Time for Copy HAL[1] : 97mS.
2024-12-12 07:10:43,493 [INFO] ProjectBuilder:3622 - Project Generator version: 3.14.1
2024-12-12 07:10:44,795 [INFO] ConfigFileManager:1271 - The Die is : DIE412
2024-12-12 07:10:47,690 [INFO] ProjectBuilder:3789 - Time for Generating toolchain IDE Files: 4197mS.
2024-12-12 07:10:47,690 [INFO] ProjectBuilder:2457 - Time for Copy CMSIS : 0mS.
2024-12-12 07:10:47,692 [INFO] ProjectBuilder:2457 - Time for Copy CMSIS : 0mS.
2024-12-12 07:26:26,722 [INFO] UtilMem:74 - End SaveConfig() Used Memory: 941281488 Bytes (1073741824)
2024-12-12 07:26:28,017 [INFO] UtilMem:74 - End SaveConfig() Used Memory: 957010040 Bytes (1073741824)
2024-12-12 07:26:30,154 [INFO] UtilMem:74 - End SaveConfig() Used Memory: 944702192 Bytes (1073741824)
2024-12-12 07:26:30,557 [INFO] BlockDiagram:2740 - set Specific Code input for plugin: NVIC
2024-12-12 07:26:30,557 [INFO] BlockDiagram:2740 - set Specific Code input for plugin: SYS
2024-12-12 07:26:30,557 [INFO] BlockDiagram:2740 - set Specific Code input for plugin: GPIO
2024-12-12 07:26:30,557 [INFO] BlockDiagram:2740 - set Specific Code input for plugin: RCC
2024-12-12 07:26:30,557 [INFO] BlockDiagram:2740 - set Specific Code input for plugin: TIM1_8F1
2024-12-12 07:26:30,557 [INFO] CodeGenerator:663 - code generatio: config db path: C:\ST\STM32CubeIDE_1.7.0\STM32CubeIDE\plugins\com.st.stm32cube.common.mx_6.3.0.202107141111\\db\
2024-12-12 07:26:30,867 [INFO] CodeEngine:239 - oldGeneratedFile, C:\Users\Admin\Desktop\LAB VXL\LAB 2\EXERCISE2\SOURCE CODE\EX2\MXTmpFiles\license.tmp_save
2024-12-12 07:26:30,950 [INFO] CodeEngine:257 - Generated code: C:\Users\Admin\Desktop\LAB VXL\LAB 2\EXERCISE2\SOURCE CODE\EX2\MXTmpFiles\license.tmp
2024-12-12 07:26:30,981 [INFO] CodeEngine:239 - oldGeneratedFile, C:\Users\Admin\Desktop\LAB VXL\LAB 2\EXERCISE2\SOURCE CODE\EX2\MXTmpFiles\gpio.tmp_save
2024-12-12 07:26:31,101 [INFO] CodeEngine:257 - Generated code: C:\Users\Admin\Desktop\LAB VXL\LAB 2\EXERCISE2\SOURCE CODE\EX2\MXTmpFiles\gpio.tmp
2024-12-12 07:26:31,832 [INFO] CodeEngine:239 - oldGeneratedFile, C:\Users\Admin\Desktop\LAB VXL\LAB 2\EXERCISE2\SOURCE CODE\EX2\Core\Src\stm32f1xx_it.c_save
2024-12-12 07:26:31,923 [INFO] CodeEngine:257 - Generated code: C:\Users\Admin\Desktop\LAB VXL\LAB 2\EXERCISE2\SOURCE CODE\EX2\Core\Src\stm32f1xx_it.c
2024-12-12 07:26:31,929 [INFO] CodeEngine:239 - oldGeneratedFile, C:\Users\Admin\Desktop\LAB VXL\LAB 2\EXERCISE2\SOURCE CODE\EX2\Core\Inc\stm32f1xx_it.h_save
2024-12-12 07:26:31,987 [INFO] CodeEngine:257 - Generated code: C:\Users\Admin\Desktop\LAB VXL\LAB 2\EXERCISE2\SOURCE CODE\EX2\Core\Inc\stm32f1xx_it.h
2024-12-12 07:26:32,003 [INFO] CodeEngine:239 - oldGeneratedFile, C:\Users\Admin\Desktop\LAB VXL\LAB 2\EXERCISE2\SOURCE CODE\EX2\Core\Src\stm32f1xx_hal_msp.c_save
2024-12-12 07:26:32,114 [INFO] CodeEngine:257 - Generated code: C:\Users\Admin\Desktop\LAB VXL\LAB 2\EXERCISE2\SOURCE CODE\EX2\Core\Src\stm32f1xx_hal_msp.c
2024-12-12 07:26:32,129 [INFO] CodeEngine:239 - oldGeneratedFile, C:\Users\Admin\Desktop\LAB VXL\LAB 2\EXERCISE2\SOURCE CODE\EX2\MXTmpFiles\system.tmp_save
2024-12-12 07:26:32,191 [INFO] CodeEngine:257 - Generated code: C:\Users\Admin\Desktop\LAB VXL\LAB 2\EXERCISE2\SOURCE CODE\EX2\MXTmpFiles\system.tmp
2024-12-12 07:26:32,222 [INFO] CodeEngine:239 - oldGeneratedFile, C:\Users\Admin\Desktop\LAB VXL\LAB 2\EXERCISE2\SOURCE CODE\EX2\Core\Inc\stm32f1xx_hal_conf.h_save
2024-12-12 07:26:32,337 [INFO] CodeEngine:257 - Generated code: C:\Users\Admin\Desktop\LAB VXL\LAB 2\EXERCISE2\SOURCE CODE\EX2\Core\Inc\stm32f1xx_hal_conf.h
2024-12-12 07:26:32,364 [WARN] IPConfigManager:3148 - IP not found : TIM
2024-12-12 07:26:32,380 [WARN] CodeGenerator:3268 - IP not found : null
2024-12-12 07:26:32,397 [INFO] CodeEngine:239 - oldGeneratedFile, C:\Users\Admin\Desktop\LAB VXL\LAB 2\EXERCISE2\SOURCE CODE\EX2\Core\Inc\main.h_save
2024-12-12 07:26:32,469 [INFO] CodeEngine:257 - Generated code: C:\Users\Admin\Desktop\LAB VXL\LAB 2\EXERCISE2\SOURCE CODE\EX2\Core\Inc\main.h
2024-12-12 07:26:32,475 [INFO] CodeEngine:239 - oldGeneratedFile, C:\Users\Admin\Desktop\LAB VXL\LAB 2\EXERCISE2\SOURCE CODE\EX2\Core\Src\main.c_save
2024-12-12 07:26:32,678 [INFO] CodeEngine:257 - Generated code: C:\Users\Admin\Desktop\LAB VXL\LAB 2\EXERCISE2\SOURCE CODE\EX2\Core\Src\main.c
2024-12-12 07:26:33,685 [INFO] ProjectBuilder:2578 - Time for Copy HAL[1] : 80mS.
2024-12-12 07:26:33,687 [INFO] ProjectBuilder:3622 - Project Generator version: 3.14.1
2024-12-12 07:26:34,745 [INFO] ConfigFileManager:1271 - The Die is : DIE412
2024-12-12 07:26:37,214 [INFO] ProjectBuilder:3789 - Time for Generating toolchain IDE Files: 3527mS.
2024-12-12 07:26:37,214 [INFO] ProjectBuilder:2457 - Time for Copy CMSIS : 0mS.
2024-12-12 07:26:37,214 [INFO] ProjectBuilder:2457 - Time for Copy CMSIS : 0mS.
