2024-12-11 18:51:06,298 [INFO] Activator:177 - 


2024-12-11 18:51:06,300 [INFO] Activator:178 - !SESSION log4j initialized
2024-12-11 18:51:43,386 [INFO] McuFinderGlobals:39 - Set McuFinder mode to 2 (CubeIDE integrated)
2024-12-11 18:51:43,552 [INFO] ApplicationProperties:181 - Using Application install path: C:\ST\STM32CubeIDE_1.7.0\STM32CubeIDE\plugins\com.st.stm32cube.common.mx_6.3.0.202107141111
2024-12-11 18:51:43,565 [INFO] DbMcusXml:74 - Set database path to: C:\ST\STM32CubeIDE_1.7.0\STM32CubeIDE\plugins\com.st.stm32cube.common.mx_6.3.0.202107141111\\db\/mcu/
2024-12-11 18:51:43,569 [INFO] DbBoardsPdsc:56 - Set plugin database path to: C:\ST\STM32CubeIDE_1.7.0\STM32CubeIDE\plugins\com.st.stm32cube.common.mx_6.3.0.202107141111\\db\/plugins/boardmanager/
2024-12-11 18:51:43,569 [INFO] DbMcus:258 - Set plugin images path to: C:\ST\STM32CubeIDE_1.7.0\STM32CubeIDE\plugins\com.st.stm32cube.common.mx_6.3.0.202107141111\\db\/plugins/mcufinder/images/
2024-12-11 18:51:43,569 [INFO] DbBoards:264 - Set plugin images path to: C:\ST\STM32CubeIDE_1.7.0\STM32CubeIDE\plugins\com.st.stm32cube.common.mx_6.3.0.202107141111\\db\/plugins/mcufinder/images/
2024-12-11 18:51:43,572 [INFO] DbExamples:333 - Set plugin images path to: C:\ST\STM32CubeIDE_1.7.0\STM32CubeIDE\plugins\com.st.stm32cube.common.mx_6.3.0.202107141111\\db\/plugins/mcufinder/images/
2024-12-11 18:51:43,577 [INFO] DbMcusAds:119 - Set database path to: C:\Users\Admin\.stmcufinder\plugins\mcufinder//mcu/
2024-12-11 18:51:43,578 [INFO] DbMcusDocs:110 - Set database path to: C:\Users\Admin\.stmcufinder\plugins\mcufinder//mcu/
2024-12-11 18:51:43,581 [INFO] DbMcusJson:64 - Set database path to: C:\Users\Admin\.stmcufinder\plugins\mcufinder//mcu/
2024-12-11 18:51:43,582 [INFO] DbBoardsDocs:110 - Set database path to: C:\Users\Admin\.stmcufinder\plugins\mcufinder//mcu/
2024-12-11 18:51:43,584 [INFO] DbBoardsJson:57 - Set database path to: C:\Users\Admin\.stmcufinder\plugins\mcufinder//mcu/
2024-12-11 18:51:44,433 [INFO] CrossReferenceDbSqlite:196 - Set database path to: C:\Users\Admin\.stmcufinder\plugins\mcufinder//mcu/cs/
2024-12-11 18:51:44,449 [INFO] DbExamplesSqlite:767 - Set database path to: C:\Users\Admin\.stmcufinder\plugins\mcufinder//mcu/
2024-12-11 18:51:44,570 [INFO] RulesReader:57 - Compatibility file has been processed (242 Rules)
2024-12-11 18:51:44,677 [INFO] DbMcusXml:74 - Set database path to: C:\ST\STM32CubeIDE_1.7.0\STM32CubeIDE\plugins\com.st.stm32cube.common.mx_6.3.0.202107141111\\db\/mcu/
2024-12-11 18:51:44,678 [INFO] DbBoardsPdsc:56 - Set plugin database path to: C:\ST\STM32CubeIDE_1.7.0\STM32CubeIDE\plugins\com.st.stm32cube.common.mx_6.3.0.202107141111\\db\/plugins/boardmanager/
2024-12-11 18:51:44,679 [INFO] DbMcus:258 - Set plugin images path to: C:\ST\STM32CubeIDE_1.7.0\STM32CubeIDE\plugins\com.st.stm32cube.common.mx_6.3.0.202107141111\\db\/plugins/mcufinder/images/
2024-12-11 18:51:44,679 [INFO] DbBoards:264 - Set plugin images path to: C:\ST\STM32CubeIDE_1.7.0\STM32CubeIDE\plugins\com.st.stm32cube.common.mx_6.3.0.202107141111\\db\/plugins/mcufinder/images/
2024-12-11 18:51:44,679 [INFO] DbExamples:333 - Set plugin images path to: C:\ST\STM32CubeIDE_1.7.0\STM32CubeIDE\plugins\com.st.stm32cube.common.mx_6.3.0.202107141111\\db\/plugins/mcufinder/images/
2024-12-11 18:51:44,679 [WARN] DbFile:35 - Overriding database path with different value: C:\Users\Admin\.stmcufinder\plugins\mcufinder/ => C:\Users\Admin\.stmcufinder\plugins\mcufinder
2024-12-11 18:51:44,679 [INFO] DbMcusAds:119 - Set database path to: C:\Users\Admin\.stmcufinder\plugins\mcufinder//mcu/
2024-12-11 18:51:44,679 [WARN] DbFile:35 - Overriding database path with different value: C:\Users\Admin\.stmcufinder\plugins\mcufinder/ => C:\Users\Admin\.stmcufinder\plugins\mcufinder
2024-12-11 18:51:44,679 [INFO] DbMcusDocs:110 - Set database path to: C:\Users\Admin\.stmcufinder\plugins\mcufinder//mcu/
2024-12-11 18:51:44,679 [WARN] DbFile:35 - Overriding database path with different value: C:\Users\Admin\.stmcufinder\plugins\mcufinder/ => C:\Users\Admin\.stmcufinder\plugins\mcufinder
2024-12-11 18:51:44,679 [INFO] DbMcusJson:64 - Set database path to: C:\Users\Admin\.stmcufinder\plugins\mcufinder//mcu/
2024-12-11 18:51:44,680 [WARN] DbFile:35 - Overriding database path with different value: C:\Users\Admin\.stmcufinder\plugins\mcufinder/ => C:\Users\Admin\.stmcufinder\plugins\mcufinder
2024-12-11 18:51:44,680 [INFO] DbBoardsDocs:110 - Set database path to: C:\Users\Admin\.stmcufinder\plugins\mcufinder//mcu/
2024-12-11 18:51:44,680 [WARN] DbFile:35 - Overriding database path with different value: C:\Users\Admin\.stmcufinder\plugins\mcufinder/ => C:\Users\Admin\.stmcufinder\plugins\mcufinder
2024-12-11 18:51:44,680 [INFO] DbBoardsJson:57 - Set database path to: C:\Users\Admin\.stmcufinder\plugins\mcufinder//mcu/
2024-12-11 18:51:44,680 [WARN] DbFile:35 - Overriding database path with different value: C:\Users\Admin\.stmcufinder\plugins\mcufinder/ => C:\Users\Admin\.stmcufinder\plugins\mcufinder
2024-12-11 18:51:44,680 [WARN] DbFile:35 - Overriding database path with different value: C:\Users\Admin\.stmcufinder\plugins\mcufinder/ => C:\Users\Admin\.stmcufinder\plugins\mcufinder
2024-12-11 18:51:45,432 [INFO] CrossReferenceDbSqlite:196 - Set database path to: C:\Users\Admin\.stmcufinder\plugins\mcufinder//mcu/cs/
2024-12-11 18:51:45,433 [WARN] DbFile:35 - Overriding database path with different value: C:\Users\Admin\.stmcufinder\plugins\mcufinder/ => C:\Users\Admin\.stmcufinder\plugins\mcufinder
2024-12-11 18:51:45,433 [INFO] DbExamplesSqlite:767 - Set database path to: C:\Users\Admin\.stmcufinder\plugins\mcufinder//mcu/
2024-12-11 18:51:45,522 [INFO] MainPanel:214 - HeapMemory: 277872640
2024-12-11 18:51:45,607 [INFO] DbMcusXml:74 - Set database path to: C:\ST\STM32CubeIDE_1.7.0\STM32CubeIDE\plugins\com.st.stm32cube.common.mx_6.3.0.202107141111\\db\/mcu/
2024-12-11 18:51:45,607 [INFO] DbBoardsPdsc:56 - Set plugin database path to: C:\ST\STM32CubeIDE_1.7.0\STM32CubeIDE\plugins\com.st.stm32cube.common.mx_6.3.0.202107141111\\db\/plugins/boardmanager/
2024-12-11 18:51:45,608 [INFO] DbMcus:258 - Set plugin images path to: C:\ST\STM32CubeIDE_1.7.0\STM32CubeIDE\plugins\com.st.stm32cube.common.mx_6.3.0.202107141111\\db\/plugins/mcufinder/images/
2024-12-11 18:51:45,608 [INFO] DbBoards:264 - Set plugin images path to: C:\ST\STM32CubeIDE_1.7.0\STM32CubeIDE\plugins\com.st.stm32cube.common.mx_6.3.0.202107141111\\db\/plugins/mcufinder/images/
2024-12-11 18:51:45,608 [INFO] DbExamples:333 - Set plugin images path to: C:\ST\STM32CubeIDE_1.7.0\STM32CubeIDE\plugins\com.st.stm32cube.common.mx_6.3.0.202107141111\\db\/plugins/mcufinder/images/
2024-12-11 18:51:45,608 [WARN] DbFile:35 - Overriding database path with different value: C:\Users\Admin\.stmcufinder\plugins\mcufinder/ => C:\Users\Admin\.stmcufinder\plugins\mcufinder
2024-12-11 18:51:45,608 [INFO] DbMcusAds:119 - Set database path to: C:\Users\Admin\.stmcufinder\plugins\mcufinder//mcu/
2024-12-11 18:51:45,608 [WARN] DbFile:35 - Overriding database path with different value: C:\Users\Admin\.stmcufinder\plugins\mcufinder/ => C:\Users\Admin\.stmcufinder\plugins\mcufinder
2024-12-11 18:51:45,609 [INFO] DbMcusDocs:110 - Set database path to: C:\Users\Admin\.stmcufinder\plugins\mcufinder//mcu/
2024-12-11 18:51:45,609 [WARN] DbFile:35 - Overriding database path with different value: C:\Users\Admin\.stmcufinder\plugins\mcufinder/ => C:\Users\Admin\.stmcufinder\plugins\mcufinder
2024-12-11 18:51:45,609 [INFO] DbMcusJson:64 - Set database path to: C:\Users\Admin\.stmcufinder\plugins\mcufinder//mcu/
2024-12-11 18:51:45,609 [WARN] DbFile:35 - Overriding database path with different value: C:\Users\Admin\.stmcufinder\plugins\mcufinder/ => C:\Users\Admin\.stmcufinder\plugins\mcufinder
2024-12-11 18:51:45,609 [INFO] DbBoardsDocs:110 - Set database path to: C:\Users\Admin\.stmcufinder\plugins\mcufinder//mcu/
2024-12-11 18:51:45,609 [WARN] DbFile:35 - Overriding database path with different value: C:\Users\Admin\.stmcufinder\plugins\mcufinder/ => C:\Users\Admin\.stmcufinder\plugins\mcufinder
2024-12-11 18:51:45,609 [INFO] DbBoardsJson:57 - Set database path to: C:\Users\Admin\.stmcufinder\plugins\mcufinder//mcu/
2024-12-11 18:51:45,609 [WARN] DbFile:35 - Overriding database path with different value: C:\Users\Admin\.stmcufinder\plugins\mcufinder/ => C:\Users\Admin\.stmcufinder\plugins\mcufinder
2024-12-11 18:51:45,609 [WARN] DbFile:35 - Overriding database path with different value: C:\Users\Admin\.stmcufinder\plugins\mcufinder/ => C:\Users\Admin\.stmcufinder\plugins\mcufinder
2024-12-11 18:51:46,433 [INFO] CrossReferenceDbSqlite:196 - Set database path to: C:\Users\Admin\.stmcufinder\plugins\mcufinder//mcu/cs/
2024-12-11 18:51:46,433 [WARN] DbFile:35 - Overriding database path with different value: C:\Users\Admin\.stmcufinder\plugins\mcufinder/ => C:\Users\Admin\.stmcufinder\plugins\mcufinder
2024-12-11 18:51:46,433 [INFO] DbExamplesSqlite:767 - Set database path to: C:\Users\Admin\.stmcufinder\plugins\mcufinder//mcu/
2024-12-11 18:51:46,481 [INFO] ApplicationProperties:181 - Using Application install path: C:\ST\STM32CubeIDE_1.7.0\STM32CubeIDE\plugins\com.st.stm32cube.common.mx_6.3.0.202107141111
2024-12-11 18:51:46,483 [INFO] PluginManage:188 - Search for loadable plugins [exclusion list=, ]
2024-12-11 18:51:46,484 [INFO] PluginManage:302 - Check plugin analytics
2024-12-11 18:51:47,520 [INFO] AnalyticsPlugin:257 - Accepted Software Licenses: 
2024-12-11 18:51:47,520 [INFO] AnalyticsPlugin:259 - Accepted CMSIS Pack Licenses: 
2024-12-11 18:51:47,521 [INFO] AnalyticsPlugin:261 - Accepted Firmware Licenses: 
2024-12-11 18:51:47,521 [INFO] PluginManage:352 - Loaded plugin analytics (category:tool,tabindex:-1)
2024-12-11 18:51:47,521 [INFO] PluginManage:302 - Check plugin clock
2024-12-11 18:51:47,535 [INFO] PluginManage:352 - Loaded plugin clock (category:base,tabindex:2)
2024-12-11 18:51:47,535 [INFO] PluginManage:302 - Check plugin ddr
2024-12-11 18:51:47,542 [INFO] PluginManage:352 - Loaded plugin ddr (category:tool,tabindex:6)
2024-12-11 18:51:47,542 [INFO] PluginManage:302 - Check plugin filemanager
2024-12-11 18:51:47,691 [INFO] PluginManage:352 - Loaded plugin filemanager (category:base,tabindex:10)
2024-12-11 18:51:47,691 [INFO] PluginManage:302 - Check plugin ipmanager
2024-12-11 18:51:47,712 [INFO] PluginManage:352 - Loaded plugin ipmanager (category:base,tabindex:5)
2024-12-11 18:51:47,713 [INFO] PluginManage:302 - Check plugin pinoutandconfiguration
2024-12-11 18:51:47,722 [INFO] PluginManage:352 - Loaded plugin pinoutandconfiguration (category:base,tabindex:1)
2024-12-11 18:51:47,722 [INFO] PluginManage:302 - Check plugin pinoutconfig
2024-12-11 18:51:47,748 [INFO] PluginManage:352 - Loaded plugin pinoutconfig (category:base,tabindex:0)
2024-12-11 18:51:47,748 [INFO] PluginManage:302 - Check plugin power
2024-12-11 18:51:47,759 [INFO] PluginManage:352 - Loaded plugin power (category:power,tabindex:4)
2024-12-11 18:51:47,759 [INFO] PluginManage:302 - Check plugin projectmanager
2024-12-11 18:51:47,772 [INFO] PluginManage:352 - Loaded plugin projectmanager (category:projectmanager,tabindex:3)
2024-12-11 18:51:47,772 [INFO] PluginManage:302 - Check plugin thirdparty
2024-12-11 18:51:47,883 [INFO] PluginManage:352 - Loaded plugin thirdparty (category:base,tabindex:-1)
2024-12-11 18:51:47,884 [INFO] PluginManage:302 - Check plugin tools
2024-12-11 18:51:47,883 [WARN] IntegrityCheckThread:78 - waiting for thirdparty lock release [integrity check]
2024-12-11 18:51:47,885 [INFO] IntegrityCheckThread:80 - entering critical section [integrity check]
2024-12-11 18:51:47,885 [INFO] ThirdPartyUpdaterWithRetryManager:66 - Updater plugin not ready yet. [1/15]
2024-12-11 18:51:47,885 [INFO] PluginManage:352 - Loaded plugin tools (category:base,tabindex:7)
2024-12-11 18:51:47,886 [INFO] PluginManage:302 - Check plugin tutovideos
2024-12-11 18:51:48,112 [INFO] PluginManage:352 - Loaded plugin tutovideos (category:base,tabindex:-1)
2024-12-11 18:51:48,113 [INFO] PluginManage:302 - Check plugin updater
2024-12-11 18:51:48,126 [INFO] PluginManage:352 - Loaded plugin updater (category:base,tabindex:12)
2024-12-11 18:51:48,126 [INFO] PluginManage:275 - PluginManage : Loaded plugins [13]
2024-12-11 18:51:48,312 [INFO] PinOutPanel:1463 - setPackage(No Configuration,No Configuration)
2024-12-11 18:51:48,407 [INFO] IPUIPlugin:74 - create IPUIPlugin
2024-12-11 18:51:48,407 [INFO] PluginManager:213 - loadIPPluginJar : add adc
2024-12-11 18:51:48,410 [INFO] IPUIPlugin:74 - create IPUIPlugin
2024-12-11 18:51:48,410 [INFO] PluginManager:213 - loadIPPluginJar : add aes
2024-12-11 18:51:48,413 [INFO] IPUIPlugin:74 - create IPUIPlugin
2024-12-11 18:51:48,413 [INFO] PluginManager:213 - loadIPPluginJar : add can
2024-12-11 18:51:48,415 [INFO] IPUIPlugin:74 - create IPUIPlugin
2024-12-11 18:51:48,415 [INFO] PluginManager:213 - loadIPPluginJar : add comp
2024-12-11 18:51:48,418 [INFO] IPUIPlugin:74 - create IPUIPlugin
2024-12-11 18:51:48,418 [INFO] PluginManager:213 - loadIPPluginJar : add cryp
2024-12-11 18:51:48,420 [INFO] IPUIPlugin:74 - create IPUIPlugin
2024-12-11 18:51:48,420 [INFO] PluginManager:213 - loadIPPluginJar : add dfsdm
2024-12-11 18:51:48,427 [INFO] IPUIPlugin:74 - create IPUIPlugin
2024-12-11 18:51:48,428 [INFO] PluginManager:213 - loadIPPluginJar : add dma
2024-12-11 18:51:48,435 [INFO] IPUIPlugin:74 - create IPUIPlugin
2024-12-11 18:51:48,435 [INFO] PluginManager:213 - loadIPPluginJar : add dma3
2024-12-11 18:51:48,437 [INFO] IPUIPlugin:74 - create IPUIPlugin
2024-12-11 18:51:48,437 [INFO] PluginManager:213 - loadIPPluginJar : add fatfs
2024-12-11 18:51:48,443 [INFO] IPUIPlugin:74 - create IPUIPlugin
2024-12-11 18:51:48,443 [INFO] PluginManager:213 - loadIPPluginJar : add fmc
2024-12-11 18:51:48,455 [INFO] IPUIPlugin:74 - create IPUIPlugin
2024-12-11 18:51:48,457 [INFO] PluginManager:213 - loadIPPluginJar : add freertos
2024-12-11 18:51:48,461 [INFO] IPUIPlugin:74 - create IPUIPlugin
2024-12-11 18:51:48,461 [INFO] PluginManager:213 - loadIPPluginJar : add genericplugin
2024-12-11 18:51:48,467 [INFO] IPUIPlugin:74 - create IPUIPlugin
2024-12-11 18:51:48,467 [INFO] PluginManager:213 - loadIPPluginJar : add gfxmmu
2024-12-11 18:51:48,482 [INFO] IPUIPlugin:74 - create IPUIPlugin
2024-12-11 18:51:48,483 [INFO] PluginManager:213 - loadIPPluginJar : add gic
2024-12-11 18:51:48,488 [INFO] IPUIPlugin:74 - create IPUIPlugin
2024-12-11 18:51:48,488 [INFO] PluginManager:213 - loadIPPluginJar : add gpio
2024-12-11 18:51:48,492 [INFO] IPUIPlugin:74 - create IPUIPlugin
2024-12-11 18:51:48,492 [INFO] PluginManager:213 - loadIPPluginJar : add gtzc
2024-12-11 18:51:48,495 [INFO] IPUIPlugin:74 - create IPUIPlugin
2024-12-11 18:51:48,495 [INFO] PluginManager:213 - loadIPPluginJar : add hash
2024-12-11 18:51:48,499 [INFO] IPUIPlugin:74 - create IPUIPlugin
2024-12-11 18:51:48,499 [INFO] PluginManager:213 - loadIPPluginJar : add i2c
2024-12-11 18:51:48,502 [INFO] IPUIPlugin:74 - create IPUIPlugin
2024-12-11 18:51:48,502 [INFO] PluginManager:213 - loadIPPluginJar : add i2s
2024-12-11 18:51:48,506 [INFO] IPUIPlugin:74 - create IPUIPlugin
2024-12-11 18:51:48,506 [INFO] PluginManager:213 - loadIPPluginJar : add ipddr
2024-12-11 18:51:48,515 [INFO] IPUIPlugin:74 - create IPUIPlugin
2024-12-11 18:51:48,515 [INFO] PluginManager:213 - loadIPPluginJar : add linkedlist
2024-12-11 18:51:48,518 [INFO] IPUIPlugin:74 - create IPUIPlugin
2024-12-11 18:51:48,519 [INFO] PluginManager:213 - loadIPPluginJar : add lorawan
2024-12-11 18:51:48,536 [INFO] IPUIPlugin:74 - create IPUIPlugin
2024-12-11 18:51:48,536 [INFO] PluginManager:213 - loadIPPluginJar : add ltdc
2024-12-11 18:51:48,542 [INFO] IPUIPlugin:74 - create IPUIPlugin
2024-12-11 18:51:48,542 [INFO] PluginManager:213 - loadIPPluginJar : add mdma
2024-12-11 18:51:48,548 [INFO] IPUIPlugin:74 - create IPUIPlugin
2024-12-11 18:51:48,548 [INFO] PluginManager:213 - loadIPPluginJar : add nvic
2024-12-11 18:51:48,552 [INFO] IPUIPlugin:74 - create IPUIPlugin
2024-12-11 18:51:48,552 [INFO] PluginManager:213 - loadIPPluginJar : add opamp
2024-12-11 18:51:48,556 [INFO] IPUIPlugin:74 - create IPUIPlugin
2024-12-11 18:51:48,557 [INFO] PluginManager:213 - loadIPPluginJar : add openamp
2024-12-11 18:51:48,562 [INFO] IPUIPlugin:74 - create IPUIPlugin
2024-12-11 18:51:48,562 [INFO] PluginManager:213 - loadIPPluginJar : add pdm2pcm
2024-12-11 18:51:48,572 [INFO] IPUIPlugin:74 - create IPUIPlugin
2024-12-11 18:51:48,578 [INFO] PluginManager:213 - loadIPPluginJar : add plateformsettings
2024-12-11 18:51:48,580 [INFO] IPUIPlugin:74 - create IPUIPlugin
2024-12-11 18:51:48,580 [INFO] PluginManager:213 - loadIPPluginJar : add quadspi
2024-12-11 18:51:48,585 [INFO] IPUIPlugin:74 - create IPUIPlugin
2024-12-11 18:51:48,586 [INFO] PluginManager:213 - loadIPPluginJar : add resmgrutility
2024-12-11 18:51:48,590 [INFO] IPUIPlugin:74 - create IPUIPlugin
2024-12-11 18:51:48,590 [INFO] PluginManager:213 - loadIPPluginJar : add sai
2024-12-11 18:51:48,593 [INFO] IPUIPlugin:74 - create IPUIPlugin
2024-12-11 18:51:48,594 [INFO] PluginManager:213 - loadIPPluginJar : add spi
2024-12-11 18:51:48,599 [INFO] IPUIPlugin:74 - create IPUIPlugin
2024-12-11 18:51:48,599 [INFO] PluginManager:213 - loadIPPluginJar : add stm32_wpan
2024-12-11 18:51:48,602 [INFO] IPUIPlugin:74 - create IPUIPlugin
2024-12-11 18:51:48,602 [INFO] PluginManager:213 - loadIPPluginJar : add tim
2024-12-11 18:51:48,606 [INFO] IPUIPlugin:74 - create IPUIPlugin
2024-12-11 18:51:48,606 [INFO] PluginManager:213 - loadIPPluginJar : add touchsensing
2024-12-11 18:51:48,608 [INFO] IPUIPlugin:74 - create IPUIPlugin
2024-12-11 18:51:48,609 [INFO] PluginManager:213 - loadIPPluginJar : add tracer_emb
2024-12-11 18:51:48,610 [INFO] IPUIPlugin:74 - create IPUIPlugin
2024-12-11 18:51:48,611 [INFO] PluginManager:213 - loadIPPluginJar : add ts
2024-12-11 18:51:48,613 [INFO] IPUIPlugin:74 - create IPUIPlugin
2024-12-11 18:51:48,613 [INFO] PluginManager:213 - loadIPPluginJar : add tsc
2024-12-11 18:51:48,616 [INFO] IPUIPlugin:74 - create IPUIPlugin
2024-12-11 18:51:48,617 [INFO] PluginManager:213 - loadIPPluginJar : add ucpd
2024-12-11 18:51:48,620 [INFO] IPUIPlugin:74 - create IPUIPlugin
2024-12-11 18:51:48,620 [INFO] PluginManager:213 - loadIPPluginJar : add usart
2024-12-11 18:51:48,623 [INFO] IPUIPlugin:74 - create IPUIPlugin
2024-12-11 18:51:48,623 [INFO] PluginManager:213 - loadIPPluginJar : add usbx
2024-12-11 18:51:49,060 [FATAL] Updater:294 - Updater called before beeing initialized
2024-12-11 18:51:49,215 [FATAL] Updater:294 - Updater called before beeing initialized
2024-12-11 18:51:49,224 [INFO] DbMcusAds:47 - JSON generation date=Fri Sep 20 20:04:23 ICT 2024 (1726837463113)
2024-12-11 18:51:49,224 [FATAL] Updater:294 - Updater called before beeing initialized
2024-12-11 18:51:49,278 [WARN] DetailPanel:314 - Failed to get advertising image, set to default
2024-12-11 18:51:49,489 [FATAL] Updater:294 - Updater called before beeing initialized
2024-12-11 18:51:49,493 [FATAL] Updater:294 - Updater called before beeing initialized
2024-12-11 18:51:49,493 [FATAL] Updater:294 - Updater called before beeing initialized
2024-12-11 18:51:49,493 [WARN] DetailPanel:314 - Failed to get advertising image, set to default
2024-12-11 18:51:49,495 [FATAL] Updater:294 - Updater called before beeing initialized
2024-12-11 18:51:49,591 [ERROR] Updater:1075 - MainUpdater not yet initialized. External WinMGr cannot be set.
2024-12-11 18:51:49,595 [INFO] Updater:1012 - Updater Version found : 6.3.0
2024-12-11 18:51:49,625 [INFO] ApplicationProperties:181 - Using Application install path: C:\ST\STM32CubeIDE_1.7.0\STM32CubeIDE\plugins\com.st.stm32cube.common.mx_6.3.0.202107141111
2024-12-11 18:51:50,094 [INFO] MainUpdater:2671 - connection check result : 10
2024-12-11 18:51:50,095 [INFO] MainUpdater:265 - Updater Check For Update Now.
2024-12-11 18:51:50,096 [INFO] MicroXplorer:478 - Change Database Version : DB.6.0.30
2024-12-11 18:51:50,357 [INFO] CheckServerUpdateThread:112 - End of CheckServer Thread
2024-12-11 18:51:50,415 [INFO] MainUpdater:2671 - connection check result : 10
2024-12-11 18:51:50,915 [INFO] McuFinderGlobals:52 - Set McuFinderConnectedMode to false
2024-12-11 18:51:51,183 [INFO] CrossSelectorPresenter:1330 - Cross Selector saved comparison directory: C:\Users\Admin\.stmcufinder\plugins\mcufinder\mcu\cs_comparisons_mx
2024-12-11 18:51:51,199 [INFO] MultiScanPanel:197 - Auto-refresh data requested => check proxy status ongoing
2024-12-11 18:51:51,200 [INFO] MultiScanPanel:201 - Proxy status is invalid
2024-12-11 18:51:51,210 [INFO] FinderPluginLoader:87 - Searching for filters in installed packs
2024-12-11 18:51:51,216 [INFO] DbMcusXml:100 - Load MCU database from C:\ST\STM32CubeIDE_1.7.0\STM32CubeIDE\plugins\com.st.stm32cube.common.mx_6.3.0.202107141111\\db\/mcu/families.xml
2024-12-11 18:51:51,582 [ERROR] Engine:463 - C:\Users\Admin\.stm32cubemx\thirdparties\pdsc\STMicroelectronics.FP-SNS-MOTENVWB1.1.4.0.pdsc: PDSC version is not supported
2024-12-11 18:51:51,672 [WARN] PackLoader:238 - Cannot read IP mode file for STMicroelectronics.FP-ATR-ASTRA1.2.0.1
2024-12-11 18:51:51,692 [ERROR] Engine:463 - C:\Users\Admin\.stm32cubemx\thirdparties\pdsc\STMicroelectronics.X-CUBE-SMBUS.2.1.0.pdsc: PDSC version is not supported
2024-12-11 18:51:51,746 [WARN] PackLoader:238 - Cannot read IP mode file for STMicroelectronics.X-CUBE-WB05N.1.1.0
2024-12-11 18:51:51,942 [WARN] PackLoader:238 - Cannot read IP mode file for STMicroelectronics.X-CUBE-AZRTOS-F7.1.1.0
2024-12-11 18:51:51,978 [ERROR] Engine:463 - C:\Users\Admin\.stm32cubemx\thirdparties\pdsc\STMicroelectronics.FP-SNS-MOTENV1.4.3.2.pdsc: PDSC version is not supported
2024-12-11 18:51:51,997 [WARN] PackLoader:238 - Cannot read IP mode file for STMicroelectronics.X-CUBE-BLE1.6.2.3
2024-12-11 18:51:52,358 [WARN] PackLoader:238 - Cannot read IP mode file for STMicroelectronics.X-CUBE-MEMS1.11.0.0
2024-12-11 18:51:53,238 [WARN] PackLoader:238 - Cannot read IP mode file for STMicroelectronics.X-CUBE-BLE1.6.2.4
2024-12-11 18:51:53,289 [WARN] PackLoader:238 - Cannot read IP mode file for STMicroelectronics.X-CUBE-TOF1.3.1.0
2024-12-11 18:51:53,345 [WARN] PackLoader:238 - Cannot read IP mode file for STMicroelectronics.X-CUBE-NFC10.1.0.0
2024-12-11 18:51:53,368 [ERROR] Engine:463 - C:\Users\Admin\.stm32cubemx\thirdparties\pdsc\STMicroelectronics.X-CUBE-BLEMGR.4.0.0.pdsc: PDSC version is not supported
2024-12-11 18:51:53,379 [WARN] PackLoader:238 - Cannot read IP mode file for STMicroelectronics.X-CUBE-TOUCHGFX.4.22.1
2024-12-11 18:51:53,588 [WARN] PackLoader:238 - Cannot read IP mode file for STMicroelectronics.X-CUBE-MEMS1.9.3.0
2024-12-11 18:51:54,444 [WARN] PackLoader:238 - Cannot read IP mode file for STMicroelectronics.X-CUBE-AI.7.2.0
2024-12-11 18:51:54,455 [ERROR] Engine:463 - C:\Users\Admin\.stm32cubemx\thirdparties\pdsc\STMicroelectronics.X-CUBE-BLEMGR.3.1.0.pdsc: PDSC version is not supported
2024-12-11 18:51:54,483 [INFO] LogOutputStream:76 - [STDOUT_REDIRECT] 1 : Invalid condition id : UX_CORESTACK_Condition cause : null
2024-12-11 18:51:54,489 [INFO] LogOutputStream:76 - [STDOUT_REDIRECT] 1 : Invalid condition id : UX_CORESTACK_Condition cause : null
2024-12-11 18:51:54,495 [INFO] LogOutputStream:76 - [STDOUT_REDIRECT] 1 : Invalid condition id : UX_CORESTACK_Condition cause : null
2024-12-11 18:51:54,500 [INFO] LogOutputStream:76 - [STDOUT_REDIRECT] 1 : Invalid condition id : UX_CORESTACK_Condition cause : null
2024-12-11 18:51:54,506 [INFO] LogOutputStream:76 - [STDOUT_REDIRECT] 1 : Invalid condition id : UX_CORESTACK_Condition cause : null
2024-12-11 18:51:54,523 [WARN] PackLoader:238 - Cannot read IP mode file for STMicroelectronics.X-CUBE-AZRTOS-WL.2.0.0
2024-12-11 18:51:54,534 [ERROR] Engine:463 - C:\Users\Admin\.stm32cubemx\thirdparties\pdsc\STMicroelectronics.FP-SNS-MOTENV1.5.0.0.pdsc: PDSC version is not supported
2024-12-11 18:51:54,541 [WARN] PackLoader:238 - Cannot read IP mode file for wolfSSL.I-CUBE-wolfMQTT.1.19.0
2024-12-11 18:51:54,559 [WARN] PackLoader:238 - Cannot read IP mode file for WES.I-CUBE-Cesium.1.3.0
2024-12-11 18:51:54,632 [WARN] PackLoader:238 - Cannot read IP mode file for STMicroelectronics.X-CUBE-TOF1.3.2.0
2024-12-11 18:51:54,634 [INFO] DbMcusJson:93 - JSON generation date=Tue Nov 16 23:17:54 ICT 2021 (1637079474)
2024-12-11 18:51:54,670 [WARN] PackLoader:238 - Cannot read IP mode file for STMicroelectronics.X-CUBE-ISPU.1.0.0
2024-12-11 18:51:54,693 [WARN] PackLoader:238 - Cannot read IP mode file for STMicroelectronics.X-CUBE-NFC9.1.0.0
2024-12-11 18:51:54,846 [WARN] PackLoader:238 - Cannot read IP mode file for STMicroelectronics.X-CUBE-AZRTOS-H7.2.1.0
2024-12-11 18:51:54,868 [ERROR] Engine:463 - C:\Users\Admin\.stm32cubemx\thirdparties\pdsc\STMicroelectronics.X-CUBE-TCPP.4.1.0.pdsc: PDSC version is not supported
2024-12-11 18:51:54,875 [WARN] PackLoader:238 - Cannot read IP mode file for STMicroelectronics.X-CUBE-TOUCHGFX.4.21.0
2024-12-11 18:51:55,030 [WARN] PackLoader:238 - Cannot read IP mode file for STMicroelectronics.X-CUBE-MEMS1.9.4.0
2024-12-11 18:51:55,891 [WARN] PackLoader:238 - Cannot read IP mode file for STMicroelectronics.X-CUBE-AI.7.3.0
2024-12-11 18:51:55,919 [WARN] PackLoader:238 - Cannot read IP mode file for STMicroelectronics.X-CUBE-ALGOBUILD.1.3.0
2024-12-11 18:51:56,022 [WARN] PackLoader:238 - Cannot read IP mode file for STMicroelectronics.X-CUBE-AZRTOS-G0.1.1.0
2024-12-11 18:51:56,063 [WARN] PackLoader:238 - Cannot read IP mode file for STMicroelectronics.X-CUBE-SAFEA1.1.2.2
2024-12-11 18:51:56,093 [WARN] PackLoader:238 - Cannot read IP mode file for STMicroelectronics.X-CUBE-NFC4.3.0.0
2024-12-11 18:51:56,290 [WARN] PackLoader:238 - Cannot read IP mode file for SEGGER.I-CUBE-embOS.1.2.0
2024-12-11 18:51:56,465 [ERROR] Engine:463 - C:\Users\Admin\.stm32cubemx\thirdparties\pdsc\EmbeddedOffice.I-CUBE-FS-RTOS.1.0.1.pdsc: PDSC version is not supported
2024-12-11 18:51:56,498 [WARN] PackLoader:238 - Cannot read IP mode file for STMicroelectronics.X-CUBE-BLEMGR.1.3.0
2024-12-11 18:51:56,518 [ERROR] Engine:463 - C:\Users\Admin\.stm32cubemx\thirdparties\pdsc\RealThread.X-CUBE-RT-Thread_Nano.4.1.1.pdsc: PDSC version is not supported
2024-12-11 18:51:56,532 [WARN] PackLoader:238 - Cannot read IP mode file for STMicroelectronics.FP-ATR-SIGFOX1.3.2.0
2024-12-11 18:51:56,542 [ERROR] Engine:463 - C:\Users\Admin\.stm32cubemx\thirdparties\pdsc\quantropi.X-CUBE-qispace-sdk-base.1.9.3.pdsc: PDSC version is not supported
2024-12-11 18:51:56,560 [WARN] PackLoader:238 - Cannot read IP mode file for STMicroelectronics.X-CUBE-EEPRMA1.5.1.0
2024-12-11 18:51:56,588 [WARN] PackLoader:238 - Cannot read IP mode file for emotas.I-CUBE-CANOPEN.1.1.2
2024-12-11 18:51:56,597 [WARN] PackLoader:238 - Cannot read IP mode file for STMicroelectronics.X-CUBE-TOUCHGFX.4.20.0
2024-12-11 18:51:56,731 [WARN] PackLoader:238 - Cannot read IP mode file for SEGGER.I-CUBE-embOS.1.3.1
2024-12-11 18:51:56,950 [WARN] PackLoader:238 - Cannot read IP mode file for STMicroelectronics.X-CUBE-ALGOBUILD.1.4.0
2024-12-11 18:51:56,960 [WARN] PackLoader:238 - Cannot read IP mode file for STMicroelectronics.X-CUBE-AI.9.1.0
2024-12-11 18:51:56,999 [WARN] PackLoader:238 - Cannot read IP mode file for STMicroelectronics.X-CUBE-GNSS1.6.0.0
2024-12-11 18:51:57,095 [WARN] PackLoader:238 - Cannot read IP mode file for STMicroelectronics.X-CUBE-AZRTOS-F4.1.1.0
2024-12-11 18:51:57,120 [WARN] PackLoader:238 - Cannot read IP mode file for STMicroelectronics.X-CUBE-ISPU.2.1.0
2024-12-11 18:51:57,131 [ERROR] Engine:463 - C:\Users\Admin\.stm32cubemx\thirdparties\pdsc\STMicroelectronics.X-CUBE-FREERTOS.1.2.0.pdsc: PDSC version is not supported
2024-12-11 18:51:57,155 [WARN] PackLoader:238 - Cannot read IP mode file for STMicroelectronics.X-CUBE-BLEMGR.1.2.0
2024-12-11 18:51:57,233 [WARN] PackLoader:238 - Cannot read IP mode file for STMicroelectronics.X-CUBE-AZRTOS-L5.2.0.0
2024-12-11 18:51:57,450 [WARN] PackLoader:238 - Cannot read IP mode file for STMicroelectronics.X-CUBE-MEMS1.9.6.0
2024-12-11 18:51:57,774 [INFO] DbMcus:175 - Found 1951 MCUs (1903 are supported by CubeMX, 1914 are visible in CubeMX)
2024-12-11 18:51:57,775 [INFO] ApiDb:251 - Load user favorites file C:\Users\Admin/.stm32cubeide/favorites.mcus.txt: 0 item(s)
2024-12-11 18:51:57,776 [INFO] ApiDb:255 - User favorites MCUs=[]
2024-12-11 18:51:57,776 [INFO] DbMcus:187 - Set 0 / 0 favorites MCUs
2024-12-11 18:51:58,141 [WARN] PackLoader:238 - Cannot read IP mode file for STMicroelectronics.X-CUBE-EEPRMA1.4.2.0
2024-12-11 18:51:58,160 [WARN] PackLoader:238 - Cannot read IP mode file for STMicroelectronics.X-CUBE-NFC6.3.1.0
2024-12-11 18:51:58,176 [ERROR] Engine:463 - C:\Users\Admin\.stm32cubemx\thirdparties\pdsc\ITTIA_DB.I-CUBE-ITTIADB.8.8.0.pdsc: PDSC version is not supported
2024-12-11 18:51:58,194 [WARN] PackLoader:238 - Cannot read IP mode file for STMicroelectronics.X-CUBE-BLEMGR.2.0.0
2024-12-11 18:51:58,206 [ERROR] Engine:463 - C:\Users\Admin\.stm32cubemx\thirdparties\pdsc\STMicroelectronics.X-CUBE-DPower.1.2.0.pdsc: PDSC version is not supported
2024-12-11 18:51:58,215 [WARN] PackLoader:238 - Cannot read IP mode file for STMicroelectronics.X-CUBE-NFC4.2.0.5
2024-12-11 18:51:58,228 [WARN] PackLoader:238 - Cannot read IP mode file for STMicroelectronics.X-CUBE-NFC4.2.0.4
2024-12-11 18:51:58,239 [WARN] PackLoader:238 - Cannot read IP mode file for STMicroelectronics.X-CUBE-AI.9.0.0
2024-12-11 18:51:58,285 [WARN] ConditionMgr:437 - getConditionDescription Invalid condition id : UX DEVICE CLASS RTOS Condition cause : null
2024-12-11 18:51:58,286 [WARN] ConditionMgr:437 - getConditionDescription Invalid condition id : UX DEVICE CLASS RTOS Condition cause : null
2024-12-11 18:51:58,328 [WARN] PackLoader:238 - Cannot read IP mode file for STMicroelectronics.X-CUBE-AZRTOS-H7.3.1.0
2024-12-11 18:51:58,333 [WARN] ConditionMgr:1038 - genDependencies : Invalid condition id : UX DEVICE CLASS RTOS Condition cause : null
2024-12-11 18:51:58,334 [WARN] ConditionMgr:1038 - genDependencies : Invalid condition id : UX DEVICE CLASS RTOS Condition cause : null
2024-12-11 18:51:58,337 [WARN] ConditionMgr:1038 - genDependencies : Invalid condition id : UX DEVICE CLASS RTOS Condition cause : null
2024-12-11 18:51:58,339 [WARN] ConditionMgr:1038 - genDependencies : Invalid condition id : UX DEVICE CLASS RTOS Condition cause : null
2024-12-11 18:51:58,340 [WARN] ConditionMgr:1038 - genDependencies : Invalid condition id : UX DEVICE CLASS RTOS Condition cause : null
2024-12-11 18:51:58,392 [WARN] PackLoader:238 - Cannot read IP mode file for wolfSSL.I-CUBE-wolfSSL.5.5.0
2024-12-11 18:51:58,398 [ERROR] Engine:463 - C:\Users\Admin\.stm32cubemx\thirdparties\pdsc\STMicroelectronics.X-CUBE-FREERTOS.1.3.0.pdsc: PDSC version is not supported
2024-12-11 18:51:58,407 [WARN] PackLoader:238 - Cannot read IP mode file for STMicroelectronics.X-CUBE-NFC7.1.0.1
2024-12-11 18:51:58,436 [WARN] PackLoader:238 - Cannot read IP mode file for STMicroelectronics.X-CUBE-NFC7.1.0.0
2024-12-11 18:51:58,466 [WARN] PackLoader:238 - Cannot read IP mode file for STMicroelectronics.X-CUBE-NFC6.3.0.0
2024-12-11 18:51:58,489 [WARN] PackLoader:238 - Cannot read IP mode file for STMicroelectronics.X-CUBE-EEPRMA1.4.1.0
2024-12-11 18:51:58,502 [WARN] PackLoader:238 - Cannot read IP mode file for STMicroelectronics.X-CUBE-AI.8.1.0
2024-12-11 18:51:58,585 [WARN] ConditionMgr:437 - getConditionDescription Invalid condition id : LAN8742 Phy interface Condition cause : null
2024-12-11 18:51:58,588 [WARN] PackLoader:238 - Cannot read IP mode file for STMicroelectronics.X-CUBE-AZRTOS-L4.2.0.0
2024-12-11 18:51:58,594 [WARN] ConditionMgr:1038 - genDependencies : Invalid condition id : LAN8742 Phy interface Condition cause : null
2024-12-11 18:51:58,595 [WARN] ConditionMgr:1038 - genDependencies : Invalid condition id : LAN8742 Phy interface Condition cause : null
2024-12-11 18:51:58,598 [WARN] ConditionMgr:1038 - genDependencies : Invalid condition id : LAN8742 Phy interface Condition cause : null
2024-12-11 18:51:58,621 [WARN] PackLoader:238 - Cannot read IP mode file for STMicroelectronics.X-CUBE-SFXS2LP1.4.0.0
2024-12-11 18:51:58,698 [WARN] PackLoader:238 - Cannot read IP mode file for STMicroelectronics.X-CUBE-AZRTOS-H7.3.0.0
2024-12-11 18:51:58,731 [WARN] PackLoader:238 - Cannot read IP mode file for STMicroelectronics.X-CUBE-ISPU.1.1.0
2024-12-11 18:51:58,800 [WARN] PackLoader:238 - Cannot read IP mode file for STMicroelectronics.X-CUBE-AZRTOS-H7.3.3.0
2024-12-11 18:51:58,829 [WARN] PackLoader:238 - Cannot read IP mode file for RoweBots.I-CUBE-UNISONRTOS.5.5.0-4
2024-12-11 18:51:58,845 [ERROR] Engine:463 - C:\Users\Admin\.stm32cubemx\thirdparties\pdsc\STMicroelectronics.X-CUBE-IPS.3.0.0.pdsc: PDSC version is not supported
2024-12-11 18:51:58,890 [WARN] ConditionMgr:437 - getConditionDescription Invalid condition id : UX DEVICE CLASS RTOS Condition cause : null
2024-12-11 18:51:58,890 [WARN] ConditionMgr:437 - getConditionDescription Invalid condition id : UX DEVICE CLASS RTOS Condition cause : null
2024-12-11 18:51:58,898 [WARN] PackLoader:238 - Cannot read IP mode file for STMicroelectronics.X-CUBE-AZRTOS-WB.2.0.0
2024-12-11 18:51:58,899 [WARN] ConditionMgr:1038 - genDependencies : Invalid condition id : UX DEVICE CLASS RTOS Condition cause : null
2024-12-11 18:51:58,899 [WARN] ConditionMgr:1038 - genDependencies : Invalid condition id : UX DEVICE CLASS RTOS Condition cause : null
2024-12-11 18:51:58,900 [WARN] ConditionMgr:1038 - genDependencies : Invalid condition id : UX DEVICE CLASS RTOS Condition cause : null
2024-12-11 18:51:58,902 [WARN] ConditionMgr:1038 - genDependencies : Invalid condition id : UX DEVICE CLASS RTOS Condition cause : null
2024-12-11 18:51:58,902 [WARN] ConditionMgr:1038 - genDependencies : Invalid condition id : UX DEVICE CLASS RTOS Condition cause : null
2024-12-11 18:51:58,912 [WARN] PackLoader:238 - Cannot read IP mode file for STMicroelectronics.X-CUBE-GNSS1.7.0.0
2024-12-11 18:51:58,933 [WARN] PackLoader:238 - Cannot read IP mode file for STMicroelectronics.X-CUBE-BLEMGR.1.0.0
2024-12-11 18:51:58,945 [ERROR] Engine:463 - C:\Users\Admin\.stm32cubemx\thirdparties\pdsc\STMicroelectronics.FP-SNS-STBOX1.2.0.0.pdsc: PDSC version is not supported
2024-12-11 18:51:58,982 [WARN] PackLoader:238 - Cannot read IP mode file for STMicroelectronics.X-CUBE-AZRTOS-L5.1.1.0
2024-12-11 18:51:59,019 [WARN] PackLoader:238 - Cannot read IP mode file for STMicroelectronics.X-CUBE-SUBG2.5.0.0
2024-12-11 18:51:59,043 [ERROR] Engine:463 - C:\Users\Admin\.stm32cubemx\thirdparties\pdsc\Cesanta.I-CUBE-Mongoose.7.13.0.pdsc: PDSC version is not supported
2024-12-11 18:51:59,065 [ERROR] Engine:463 - C:\Users\Admin\.stm32cubemx\thirdparties\pdsc\STMicroelectronics.X-CUBE-TOF1.3.3.1.pdsc: PDSC version is not supported
2024-12-11 18:51:59,138 [WARN] PackLoader:238 - Cannot read IP mode file for STMicroelectronics.X-CUBE-AZRTOS-G4.2.0.0
2024-12-11 18:51:59,151 [WARN] PackLoader:238 - Cannot read IP mode file for STMicroelectronics.FP-ATR-ASTRA1.1.1.1
2024-12-11 18:51:59,169 [ERROR] Engine:463 - C:\Users\Admin\.stm32cubemx\thirdparties\pdsc\Infineon.AIROC-Wi-Fi-Bluetooth-STM32.1.5.1.pdsc: PDSC version is not supported
2024-12-11 18:51:59,232 [WARN] PackLoader:238 - Cannot read IP mode file for STMicroelectronics.X-CUBE-AZRTOS-G4.1.0.0
2024-12-11 18:51:59,303 [WARN] PackLoader:238 - Cannot read IP mode file for STMicroelectronics.X-CUBE-AZRTOS-L4.1.0.0
2024-12-11 18:51:59,319 [ERROR] Engine:463 - C:\Users\Admin\.stm32cubemx\thirdparties\pdsc\STMicroelectronics.X-CUBE-ALS.1.0.2.pdsc: PDSC version is not supported
2024-12-11 18:51:59,455 [INFO] DetailPanel:309 - Set advertising image to C:/Users/Admin/STM32Cube/Repository/\en.prom-stm32c071-usb-memories-mcu-finder.png
2024-12-11 18:51:59,533 [WARN] PackLoader:238 - Cannot read IP mode file for STMicroelectronics.X-CUBE-MEMS1.10.0.0
2024-12-11 18:52:00,388 [ERROR] Engine:463 - C:\Users\Admin\.stm32cubemx\thirdparties\pdsc\STMicroelectronics.X-CUBE-FREERTOS.1.1.0.pdsc: PDSC version is not supported
2024-12-11 18:52:00,394 [WARN] PackLoader:238 - Cannot read IP mode file for STMicroelectronics.X-CUBE-TOUCHGFX.4.24.0
2024-12-11 18:52:00,439 [WARN] PackLoader:238 - Cannot read IP mode file for STMicroelectronics.X-CUBE-AZRTOS-WL.1.0.0
2024-12-11 18:52:00,451 [WARN] PackLoader:238 - Cannot read IP mode file for STMicroelectronics.X-CUBE-TOUCHGFX.4.24.1
2024-12-11 18:52:00,460 [WARN] PackLoader:238 - Cannot read IP mode file for wolfSSL.I-CUBE-wolfTPM.3.4.0
2024-12-11 18:52:00,474 [WARN] PackLoader:238 - Cannot read IP mode file for portGmbH.I-Cube-SoM-uGOAL.1.1.0
2024-12-11 18:52:00,485 [WARN] PackLoader:238 - Cannot read IP mode file for STMicroelectronics.X-CUBE-ALS.1.0.1
2024-12-11 18:52:00,538 [WARN] PackLoader:238 - Cannot read IP mode file for STMicroelectronics.X-CUBE-AZRTOS-WB.1.1.0
2024-12-11 18:52:00,623 [WARN] PackLoader:238 - Cannot read IP mode file for STMicroelectronics.X-CUBE-AZRTOS-L5.1.0.0
2024-12-11 18:52:00,645 [WARN] PackLoader:238 - Cannot read IP mode file for STMicroelectronics.X-CUBE-EEPRMA1.3.1.1
2024-12-11 18:52:00,761 [WARN] PackLoader:238 - Cannot read IP mode file for STMicroelectronics.X-CUBE-AZRTOS-H7RS.1.0.0
2024-12-11 18:52:00,780 [WARN] PackLoader:238 - Cannot read IP mode file for STMicroelectronics.FP-ATR-ASTRA1.2.0.0
2024-12-11 18:52:00,808 [ERROR] Engine:463 - C:\Users\Admin\.stm32cubemx\thirdparties\pdsc\STMicroelectronics.X-CUBE-TOF1.3.4.2.pdsc: PDSC version is not supported
2024-12-11 18:52:00,820 [WARN] PackLoader:238 - Cannot read IP mode file for wolfSSL.I-CUBE-wolfSSH.1.4.17
2024-12-11 18:52:00,821 [INFO] ThirdParty:915 - Integrity check success = true
2024-12-11 18:52:00,821 [INFO] IntegrityCheckThread:94 - exiting critical section [integrity check]
2024-12-11 18:52:00,821 [INFO] IntegrityCheckThread:97 - End integrity checks thread
2024-12-11 18:52:01,263 [INFO] DbBoardsPdsc:90 - Found 25 items
2024-12-11 18:52:01,270 [INFO] DbBoardsPdsc:90 - Found 9 items
2024-12-11 18:52:01,285 [INFO] DbBoardsPdsc:90 - Found 33 items
2024-12-11 18:52:01,289 [INFO] DbBoardsPdsc:90 - Found 1 items
2024-12-11 18:52:01,348 [INFO] DbBoardsPdsc:90 - Found 48 items
2024-12-11 18:52:01,380 [INFO] DbBoardsPdsc:90 - Found 43 items
2024-12-11 18:52:01,386 [INFO] DbBoardsPdsc:90 - Found 2 items
2024-12-11 18:52:01,391 [INFO] DbBoardsPdsc:90 - Found 5 items
2024-12-11 18:52:01,406 [WARN] DbBoardsPdsc:254 - Board STM32H7B3I-DK: unknown feature type=Audio, name=, username=Audio stereo codec with Headphone Amp (CS42L51-CNZ), n=1
2024-12-11 18:52:01,408 [WARN] DbBoardsPdsc:254 - Board STM32H735G-DK: unknown feature type=Audio, name=, username=Audio stereo codec with Headphone Amp (WM8994ECS/R), n=1
2024-12-11 18:52:01,412 [WARN] DbBoardsPdsc:254 - Board STM32H7B3I-EVAL: unknown feature type=Audio, name=, username=Multi-Channel Audio Codec (CS42L51-CNZ), n=1
2024-12-11 18:52:01,412 [WARN] DbBoardsPdsc:254 - Board STM32H7B3I-EVAL: unknown feature type=Meter, name=, username=Power-metering and Temperature-monitoring with sigma-delta modulators, n=1
2024-12-11 18:52:01,413 [WARN] DbBoardsPdsc:254 - Board STM32H7B3I-EVAL: unknown feature type=Motor, name=, username=Motor Control, n=1
2024-12-11 18:52:01,416 [WARN] DbBoardsPdsc:254 - Board STM32U575I-EV: unknown feature type=joystick, name=, username=4-direction joystick with selection button, n=1
2024-12-11 18:52:01,573 [INFO] DbBoardsJson:86 - JSON generation date=Tue Nov 16 23:17:54 ICT 2021 (1637079474)
2024-12-11 18:52:01,605 [INFO] DbBoards:117 - Found 167 boards (163 are supported by CubeMX)
2024-12-11 18:52:01,621 [INFO] DbBoardsDocs:143 - JSON generation date=Tue Nov 16 23:17:54 ICT 2021 (1637079474)
2024-12-11 18:52:01,644 [INFO] DbBoardsDocs:79 - Found 209 boards documents
2024-12-11 18:52:01,645 [WARN] DbBoards:127 - board B-L475E-IOT01A2 has no document id list !
2024-12-11 18:52:01,650 [WARN] DbBoards:127 - board NUCLEO-H743ZI has no document id list !
2024-12-11 18:52:01,655 [WARN] DbBoards:127 - board NUCLEO-WL55JC2 has no document id list !
2024-12-11 18:52:01,656 [WARN] DbBoards:127 - board P-NUCLEO-WB55-Nucleo has no document id list !
2024-12-11 18:52:01,656 [WARN] DbBoards:127 - board P-NUCLEO-WB55-USBDongle has no document id list !
2024-12-11 18:52:01,657 [WARN] DbBoards:127 - board STEVAL-BFA001V1B has no document id list !
2024-12-11 18:52:01,657 [WARN] DbBoards:127 - board STEVAL-BFA001V2B has no document id list !
2024-12-11 18:52:01,657 [WARN] DbBoards:127 - board STEVAL-IDP005V1 has no document id list !
2024-12-11 18:52:01,657 [WARN] DbBoards:127 - board STEVAL-IDP005V2 has no document id list !
2024-12-11 18:52:01,658 [WARN] DbBoards:127 - board STEVAL-MKSBOX1V1 has no document id list !
2024-12-11 18:52:01,658 [WARN] DbBoards:127 - board STEVAL-STWINKT1 has no document id list !
2024-12-11 18:52:01,658 [WARN] DbBoards:127 - board STEVAL-STWINKT1B has no document id list !
2024-12-11 18:52:01,659 [WARN] DbBoards:127 - board STM32439I-EVAL2 has no document id list !
2024-12-11 18:52:01,661 [WARN] DbBoards:127 - board STM32F401C-DISCO has no document id list !
2024-12-11 18:52:01,662 [WARN] DbBoards:127 - board STM32F769I-DISC1 has no document id list !
2024-12-11 18:52:01,663 [WARN] DbBoards:127 - board STM32G474E-EVAL1 has no document id list !
2024-12-11 18:52:01,666 [WARN] DbBoards:127 - board STM32H743I-EVAL2 has no document id list !
2024-12-11 18:52:01,666 [WARN] DbBoards:127 - board STM32H747I-DISC1 has no document id list !
2024-12-11 18:52:01,668 [WARN] DbBoards:127 - board STM32H753I-EVAL2 has no document id list !
2024-12-11 18:52:01,669 [WARN] DbBoards:127 - board STM32L-DISCOVERY has no document id list !
2024-12-11 18:52:02,279 [ERROR] DbBoards:189 - Image file not found for board B-U585I-IOT02A: C:\ST\STM32CubeIDE_1.7.0\STM32CubeIDE\plugins\com.st.stm32cube.common.mx_6.3.0.202107141111\\db\/plugins/mcufinder/images/boards/B-U585I-IOT02A_small.jpg
2024-12-11 18:52:02,667 [ERROR] DbBoards:189 - Image file not found for board NUCLEO-F413ZH: C:\ST\STM32CubeIDE_1.7.0\STM32CubeIDE\plugins\com.st.stm32cube.common.mx_6.3.0.202107141111\\db\/plugins/mcufinder/images/boards/nucleo-f413zh_small.jpg
2024-12-11 18:52:03,346 [ERROR] DbBoards:189 - Image file not found for board NUCLEO-L552ZE-Q: C:\ST\STM32CubeIDE_1.7.0\STM32CubeIDE\plugins\com.st.stm32cube.common.mx_6.3.0.202107141111\\db\/plugins/mcufinder/images/boards/nucleo_l552ze_q_small.jpg
2024-12-11 18:52:03,346 [ERROR] DbBoards:189 - Image file not found for board NUCLEO-U575ZI-Q: C:\ST\STM32CubeIDE_1.7.0\STM32CubeIDE\plugins\com.st.stm32cube.common.mx_6.3.0.202107141111\\db\/plugins/mcufinder/images/boards/nucleo-u575zi-q_small.jpg
2024-12-11 18:52:03,348 [ERROR] DbBoards:189 - Image file not found for board NUCLEO-WB15CC: C:\ST\STM32CubeIDE_1.7.0\STM32CubeIDE\plugins\com.st.stm32cube.common.mx_6.3.0.202107141111\\db\/plugins/mcufinder/images/boards/nucleo-wb15cc_small.jpg
2024-12-11 18:52:03,348 [ERROR] DbBoards:189 - Image file not found for board NUCLEO-WB55RG: C:\ST\STM32CubeIDE_1.7.0\STM32CubeIDE\plugins\com.st.stm32cube.common.mx_6.3.0.202107141111\\db\/plugins/mcufinder/images/boards/nucleo-wb55rg_small.jpg
2024-12-11 18:52:05,955 [INFO] ApiDb:251 - Load user favorites file C:\Users\Admin/.stm32cubeide/favorites.boards.txt: 0 item(s)
2024-12-11 18:52:05,956 [INFO] ApiDb:255 - User favorites Boards=[]
2024-12-11 18:52:05,956 [INFO] DbBoards:206 - Set 0 / 0 favorites Boards
2024-12-11 18:52:23,036 [INFO] DbMcusDocs:143 - JSON generation date=Tue Nov 16 23:17:54 ICT 2021 (1637079474)
2024-12-11 18:52:23,598 [INFO] DbMcusDocs:79 - Found 682 MCUs documents
2024-12-11 18:52:35,794 [INFO] MainUpdater:2671 - connection check result : 10
2024-12-11 18:52:35,794 [INFO] MainUpdater:2671 - connection check result : 10
2024-12-11 18:52:35,857 [INFO] MicroXplorer:448 - Change Database Path : 
2024-12-11 18:52:35,858 [INFO] MicroXplorer:478 - Change Database Version : DB.6.0.30
2024-12-11 18:52:35,859 [WARN] ThirdParty:813 - waiting for thirdparty lock release [close project]
2024-12-11 18:52:35,859 [INFO] ThirdParty:815 - entering critical section [close project]
2024-12-11 18:52:35,860 [INFO] ThirdParty:825 - exiting critical section [close project]
2024-12-11 18:52:35,868 [INFO] PinOutPanel:1463 - setPackage(No Configuration,No Configuration)
2024-12-11 18:52:35,869 [INFO] UtilMem:74 - Begin LoadConfig() Used Memory: 512200040 Bytes (764411904)
2024-12-11 18:52:35,870 [INFO] MicroXplorer:448 - Change Database Path : 
2024-12-11 18:52:35,870 [INFO] MicroXplorer:478 - Change Database Version : DB.6.0.30
2024-12-11 18:52:35,871 [INFO] OpenFileManager:313 - Change cursor
2024-12-11 18:52:37,287 [INFO] Context:592 - Trying to add GPIOservice into a context  which must be forbidden
2024-12-11 18:52:38,040 [INFO] ImportTextPane:167 - (OptionalMessage_ERROR) Unable to find key (Mcu.ThirdPartyNb) in loaded IOC file
2024-12-11 18:52:38,040 [INFO] ImportTextPane:167 - (OptionalMessage_ERROR) Unable to find key (Mcu.PinsNb) in loaded IOC file
2024-12-11 18:52:38,040 [INFO] ImportTextPane:167 - (OptionalMessage_ERROR) Unable to find key (Mcu.IPNb) in loaded IOC file
2024-12-11 18:52:38,191 [WARN] ApiManager:304 - Cannot register API 'Board Extension:NFC09A1' from pack STMicroelectronics.X-CUBE-NFC9.1.0.0: no header file found
2024-12-11 18:52:38,198 [WARN] ApiManager:304 - Cannot register API 'Board Extension:GNSS1A1' from pack STMicroelectronics.X-CUBE-GNSS1.6.0.0: no header file found
2024-12-11 18:52:38,199 [WARN] ApiManager:304 - Cannot register API 'Board Support:Custom' from pack STMicroelectronics.X-CUBE-GNSS1.6.0.0: no header file found
2024-12-11 18:52:38,199 [WARN] ApiManager:304 - Cannot register API 'Data Exchange:lib_gnss' from pack STMicroelectronics.X-CUBE-GNSS1.6.0.0: no header file found
2024-12-11 18:52:38,239 [WARN] ApiManager:304 - Cannot register API 'Wireless:STM32WB05N' from pack STMicroelectronics.X-CUBE-WB05N.1.1.0: no header file found
2024-12-11 18:52:38,268 [WARN] ApiManager:304 - Cannot register API 'Board Extension:GNSS1A1' from pack STMicroelectronics.X-CUBE-GNSS1.7.0.0: no header file found
2024-12-11 18:52:38,268 [WARN] ApiManager:304 - Cannot register API 'Board Support:Custom' from pack STMicroelectronics.X-CUBE-GNSS1.7.0.0: no header file found
2024-12-11 18:52:38,268 [WARN] ApiManager:304 - Cannot register API 'Data Exchange:lib_gnss' from pack STMicroelectronics.X-CUBE-GNSS1.7.0.0: no header file found
2024-12-11 18:52:39,043 [WARN] ApiManager:304 - Cannot register API 'Board Extension:IKS01A3' from pack STMicroelectronics.X-CUBE-MEMS1.9.4.0: no header file found
2024-12-11 18:52:39,045 [WARN] ApiManager:304 - Cannot register API 'Board Extension:IKS01A2' from pack STMicroelectronics.X-CUBE-MEMS1.9.4.0: no header file found
2024-12-11 18:52:39,045 [WARN] ApiManager:304 - Cannot register API 'Board Extension:IKS02A1' from pack STMicroelectronics.X-CUBE-MEMS1.9.4.0: no header file found
2024-12-11 18:52:39,760 [WARN] ApiManager:304 - Cannot register API 'Board Extension:IKS01A3' from pack STMicroelectronics.X-CUBE-MEMS1.9.6.0: no header file found
2024-12-11 18:52:39,760 [WARN] ApiManager:304 - Cannot register API 'Board Extension:IKS01A2' from pack STMicroelectronics.X-CUBE-MEMS1.9.6.0: no header file found
2024-12-11 18:52:39,760 [WARN] ApiManager:304 - Cannot register API 'Board Extension:IKS02A1' from pack STMicroelectronics.X-CUBE-MEMS1.9.6.0: no header file found
2024-12-11 18:52:39,779 [WARN] ApiManager:304 - Cannot register API 'Board Extension:EEPRMA2' from pack STMicroelectronics.X-CUBE-EEPRMA1.4.2.0: no header file found
2024-12-11 18:52:39,780 [WARN] ApiManager:304 - Cannot register API 'Board Extension:PGEEZ1' from pack STMicroelectronics.X-CUBE-EEPRMA1.4.2.0: no header file found
2024-12-11 18:52:39,780 [WARN] ApiManager:304 - Cannot register API 'Board Part:M24' from pack STMicroelectronics.X-CUBE-EEPRMA1.4.2.0: no header file found
2024-12-11 18:52:39,780 [WARN] ApiManager:304 - Cannot register API 'Board Part:M95' from pack STMicroelectronics.X-CUBE-EEPRMA1.4.2.0: no header file found
2024-12-11 18:52:39,780 [WARN] ApiManager:304 - Cannot register API 'Board Part:M95P32' from pack STMicroelectronics.X-CUBE-EEPRMA1.4.2.0: no header file found
2024-12-11 18:52:39,780 [WARN] ApiManager:304 - Cannot register API 'PGEEZ1:SPI' from pack STMicroelectronics.X-CUBE-EEPRMA1.4.2.0: no header file found
2024-12-11 18:52:39,780 [WARN] ApiManager:304 - Cannot register API 'PGEEZ1:QDSPI' from pack STMicroelectronics.X-CUBE-EEPRMA1.4.2.0: no header file found
2024-12-11 18:52:39,783 [WARN] ApiManager:304 - Cannot register API 'Board Extension:NFC06A1' from pack STMicroelectronics.X-CUBE-NFC6.3.1.0: no header file found
2024-12-11 18:52:39,784 [WARN] ApiManager:304 - Cannot register API 'Board Extension:NFC08A1' from pack STMicroelectronics.X-CUBE-NFC6.3.1.0: no header file found
2024-12-11 18:52:39,785 [WARN] ApiManager:304 - Cannot register API 'Wireless:BlueNRG-MS' from pack STMicroelectronics.X-CUBE-BLE1.6.2.3: no header file found
2024-12-11 18:52:40,334 [WARN] ApiManager:304 - Cannot register API 'Board Extension:IKS01A3' from pack STMicroelectronics.X-CUBE-MEMS1.11.0.0: no header file found
2024-12-11 18:52:40,335 [WARN] ApiManager:304 - Cannot register API 'Board Extension:IKS02A1' from pack STMicroelectronics.X-CUBE-MEMS1.11.0.0: no header file found
2024-12-11 18:52:40,335 [WARN] ApiManager:304 - Cannot register API 'Board Extension:IKS4A1' from pack STMicroelectronics.X-CUBE-MEMS1.11.0.0: no header file found
2024-12-11 18:52:40,347 [WARN] ApiManager:304 - Cannot register API 'Wireless:BlueNRG-MS' from pack STMicroelectronics.X-CUBE-BLE1.6.2.4: no header file found
2024-12-11 18:52:40,351 [INFO] RtosManager:484 - Registered RTOS mode: class=CMSIS, group=RTOS, mode=CMSIS_V1, owner=FREERTOS
2024-12-11 18:52:40,352 [INFO] RtosManager:484 - Registered RTOS mode: class=CMSIS, group=RTOS2, mode=CMSIS_V2, owner=FREERTOS
2024-12-11 18:52:40,352 [INFO] RtosManager:484 - Registered RTOS mode: class=RTOS, group=Core, mode=CMSIS_V1, owner=FREERTOS
2024-12-11 18:52:40,352 [INFO] RtosManager:484 - Registered RTOS mode: class=RTOS, group=Core, mode=CMSIS_V2, owner=FREERTOS
2024-12-11 18:52:40,352 [WARN] ModelIntegratedComponent:181 - Missing modes for component STMicroelectronics:FreeRTOS:0.0.1:STMicroelectronics:RTOS:FreeRTOS:Core:::10.2.0:
2024-12-11 18:52:40,358 [WARN] ApiManager:304 - Cannot register API 'Board Extension:STSAFEA1' from pack STMicroelectronics.X-CUBE-SAFEA1.1.2.2: no header file found
2024-12-11 18:52:40,358 [WARN] ApiManager:304 - Cannot register API 'Board Part:STSAFEA110' from pack STMicroelectronics.X-CUBE-SAFEA1.1.2.2: no header file found
2024-12-11 18:52:40,358 [WARN] ApiManager:304 - Cannot register API 'Security:ST_Cryptolib' from pack STMicroelectronics.X-CUBE-SAFEA1.1.2.2: no header file found
2024-12-11 18:52:40,358 [WARN] ApiManager:304 - Cannot register API 'Security:MbedTLS' from pack STMicroelectronics.X-CUBE-SAFEA1.1.2.2: no header file found
2024-12-11 18:52:40,360 [WARN] ApiManager:304 - Cannot register API 'Board Extension:NFC04A1' from pack STMicroelectronics.X-CUBE-NFC4.3.0.0: no header file found
2024-12-11 18:52:40,372 [WARN] ApiManager:304 - Cannot register API 'Board Extension:S2868A1' from pack STMicroelectronics.X-CUBE-SUBG2.5.0.0: no header file found
2024-12-11 18:52:40,372 [WARN] ApiManager:304 - Cannot register API 'Board Extension:S2868A2' from pack STMicroelectronics.X-CUBE-SUBG2.5.0.0: no header file found
2024-12-11 18:52:40,373 [WARN] ApiManager:304 - Cannot register API 'Board Extension:S2915A1' from pack STMicroelectronics.X-CUBE-SUBG2.5.0.0: no header file found
2024-12-11 18:52:40,374 [WARN] ApiManager:304 - Cannot register API 'Board Extension:NFC04A1' from pack STMicroelectronics.X-CUBE-NFC4.2.0.5: no header file found
2024-12-11 18:52:40,376 [WARN] ApiManager:304 - Cannot register API 'Board Extension:NFC04A1' from pack STMicroelectronics.X-CUBE-NFC4.2.0.4: no header file found
2024-12-11 18:52:40,387 [WARN] ApiManager:304 - Cannot register API 'Board Extension:NFC10A1' from pack STMicroelectronics.X-CUBE-NFC10.1.0.0: no header file found
2024-12-11 18:52:40,391 [WARN] ApiManager:304 - Cannot register API 'Board Extension:EEPRMA2' from pack STMicroelectronics.X-CUBE-EEPRMA1.5.1.0: no header file found
2024-12-11 18:52:40,392 [WARN] ApiManager:304 - Cannot register API 'Board Extension:PGEEZ1' from pack STMicroelectronics.X-CUBE-EEPRMA1.5.1.0: no header file found
2024-12-11 18:52:40,392 [WARN] ApiManager:304 - Cannot register API 'Board Extension:EEICA1' from pack STMicroelectronics.X-CUBE-EEPRMA1.5.1.0: no header file found
2024-12-11 18:52:40,392 [WARN] ApiManager:304 - Cannot register API 'Board Part:M24' from pack STMicroelectronics.X-CUBE-EEPRMA1.5.1.0: no header file found
2024-12-11 18:52:40,392 [WARN] ApiManager:304 - Cannot register API 'Board Part:M95' from pack STMicroelectronics.X-CUBE-EEPRMA1.5.1.0: no header file found
2024-12-11 18:52:40,392 [WARN] ApiManager:304 - Cannot register API 'Board Part:M95P32' from pack STMicroelectronics.X-CUBE-EEPRMA1.5.1.0: no header file found
2024-12-11 18:52:40,392 [WARN] ApiManager:304 - Cannot register API 'Board Part:M24256E-F' from pack STMicroelectronics.X-CUBE-EEPRMA1.5.1.0: no header file found
2024-12-11 18:52:40,392 [WARN] ApiManager:304 - Cannot register API 'Board Part:M24M01E-F' from pack STMicroelectronics.X-CUBE-EEPRMA1.5.1.0: no header file found
2024-12-11 18:52:40,392 [WARN] ApiManager:304 - Cannot register API 'PGEEZ1:SPI' from pack STMicroelectronics.X-CUBE-EEPRMA1.5.1.0: no header file found
2024-12-11 18:52:40,394 [WARN] ApiManager:304 - Cannot register API 'PGEEZ1:QDSPI' from pack STMicroelectronics.X-CUBE-EEPRMA1.5.1.0: no header file found
2024-12-11 18:52:40,396 [WARN] ModelIntegratedComponent:60 - No mode defined for component null
2024-12-11 18:52:40,396 [WARN] ModelIntegratedComponent:60 - No mode defined for component null
2024-12-11 18:52:40,397 [WARN] ModelIntegratedComponent:60 - No mode defined for component null
2024-12-11 18:52:40,397 [WARN] ModelIntegratedComponent:60 - No mode defined for component null
2024-12-11 18:52:40,397 [WARN] ModelIntegratedComponent:60 - No mode defined for component null
2024-12-11 18:52:40,397 [WARN] ModelIntegratedComponent:60 - No mode defined for component null
2024-12-11 18:52:40,397 [WARN] ModelIntegratedComponent:60 - No mode defined for component null
2024-12-11 18:52:40,397 [WARN] ModelIntegratedComponent:60 - No mode defined for component null
2024-12-11 18:52:40,397 [WARN] ModelIntegratedComponent:60 - No mode defined for component null
2024-12-11 18:52:40,398 [WARN] ModelIntegratedComponent:60 - No mode defined for component null
2024-12-11 18:52:40,398 [WARN] ModelIntegratedComponent:60 - No mode defined for component null
2024-12-11 18:52:40,398 [WARN] ModelIntegratedComponent:60 - No mode defined for component null
2024-12-11 18:52:40,398 [WARN] ModelIntegratedComponent:60 - No mode defined for component null
2024-12-11 18:52:40,399 [WARN] ModelIntegratedComponent:60 - No mode defined for component null
2024-12-11 18:52:40,399 [WARN] ModelIntegratedComponent:60 - No mode defined for component null
2024-12-11 18:52:40,399 [WARN] ModelIntegratedComponent:60 - No mode defined for component null
2024-12-11 18:52:40,399 [WARN] ModelIntegratedComponent:60 - No mode defined for component null
2024-12-11 18:52:40,400 [WARN] ModelIntegratedComponent:60 - No mode defined for component null
2024-12-11 18:52:40,400 [WARN] ModelIntegratedComponent:60 - No mode defined for component null
2024-12-11 18:52:40,400 [WARN] ModelIntegratedComponent:60 - No mode defined for component null
2024-12-11 18:52:40,400 [WARN] ModelIntegratedComponent:60 - No mode defined for component null
2024-12-11 18:52:40,400 [WARN] ModelIntegratedComponent:60 - No mode defined for component null
2024-12-11 18:52:40,400 [WARN] ModelIntegratedComponent:60 - No mode defined for component null
2024-12-11 18:52:40,400 [WARN] ModelIntegratedComponent:60 - No mode defined for component null
2024-12-11 18:52:40,400 [WARN] ModelIntegratedComponent:60 - No mode defined for component null
2024-12-11 18:52:40,400 [WARN] ModelIntegratedComponent:60 - No mode defined for component null
2024-12-11 18:52:40,400 [WARN] ModelIntegratedComponent:60 - No mode defined for component null
2024-12-11 18:52:40,401 [WARN] ModelIntegratedComponent:60 - No mode defined for component null
2024-12-11 18:52:40,401 [WARN] ModelIntegratedComponent:60 - No mode defined for component null
2024-12-11 18:52:40,401 [WARN] ModelIntegratedComponent:60 - No mode defined for component null
2024-12-11 18:52:40,401 [WARN] ModelIntegratedComponent:60 - No mode defined for component null
2024-12-11 18:52:41,051 [WARN] ApiManager:304 - Cannot register API 'Board Extension:IKS01A3' from pack STMicroelectronics.X-CUBE-MEMS1.10.0.0: no header file found
2024-12-11 18:52:41,051 [WARN] ApiManager:304 - Cannot register API 'Board Extension:IKS02A1' from pack STMicroelectronics.X-CUBE-MEMS1.10.0.0: no header file found
2024-12-11 18:52:41,052 [WARN] ApiManager:304 - Cannot register API 'Board Extension:IKS4A1' from pack STMicroelectronics.X-CUBE-MEMS1.10.0.0: no header file found
2024-12-11 18:52:41,063 [WARN] ApiManager:304 - Cannot register API 'Board Extension:NFC07A1' from pack STMicroelectronics.X-CUBE-NFC7.1.0.1: no header file found
2024-12-11 18:52:41,065 [WARN] ApiManager:304 - Cannot register API 'Board Extension:NFC07A1' from pack STMicroelectronics.X-CUBE-NFC7.1.0.0: no header file found
2024-12-11 18:52:41,068 [WARN] ApiManager:304 - Cannot register API 'Board Extension:NFC06A1' from pack STMicroelectronics.X-CUBE-NFC6.3.0.0: no header file found
2024-12-11 18:52:41,068 [WARN] ApiManager:304 - Cannot register API 'Board Extension:NFC08A1' from pack STMicroelectronics.X-CUBE-NFC6.3.0.0: no header file found
2024-12-11 18:52:41,885 [WARN] ApiManager:304 - Cannot register API 'Board Extension:IKS01A3' from pack STMicroelectronics.X-CUBE-MEMS1.9.3.0: no header file found
2024-12-11 18:52:41,886 [WARN] ApiManager:304 - Cannot register API 'Board Extension:IKS01A2' from pack STMicroelectronics.X-CUBE-MEMS1.9.3.0: no header file found
2024-12-11 18:52:41,886 [WARN] ApiManager:304 - Cannot register API 'Board Extension:IKS02A1' from pack STMicroelectronics.X-CUBE-MEMS1.9.3.0: no header file found
2024-12-11 18:52:41,898 [WARN] ApiManager:304 - Cannot register API 'Board Extension:EEPRMA1' from pack STMicroelectronics.X-CUBE-EEPRMA1.4.1.0: no header file found
2024-12-11 18:52:41,898 [WARN] ApiManager:304 - Cannot register API 'Board Extension:EEPRMA2' from pack STMicroelectronics.X-CUBE-EEPRMA1.4.1.0: no header file found
2024-12-11 18:52:41,900 [WARN] ApiManager:304 - Cannot register API 'Board Extension:PGEEZ1' from pack STMicroelectronics.X-CUBE-EEPRMA1.4.1.0: no header file found
2024-12-11 18:52:41,900 [WARN] ApiManager:304 - Cannot register API 'Board Part:M24' from pack STMicroelectronics.X-CUBE-EEPRMA1.4.1.0: no header file found
2024-12-11 18:52:41,900 [WARN] ApiManager:304 - Cannot register API 'Board Part:M95' from pack STMicroelectronics.X-CUBE-EEPRMA1.4.1.0: no header file found
2024-12-11 18:52:41,900 [WARN] ApiManager:304 - Cannot register API 'Board Part:M95P32' from pack STMicroelectronics.X-CUBE-EEPRMA1.4.1.0: no header file found
2024-12-11 18:52:41,900 [WARN] ApiManager:304 - Cannot register API 'PGEEZ1:SPI' from pack STMicroelectronics.X-CUBE-EEPRMA1.4.1.0: no header file found
2024-12-11 18:52:41,900 [WARN] ApiManager:304 - Cannot register API 'PGEEZ1:QDSPI' from pack STMicroelectronics.X-CUBE-EEPRMA1.4.1.0: no header file found
2024-12-11 18:52:41,912 [WARN] ApiManager:304 - Cannot register API 'Board Extension:EEPRMA1' from pack STMicroelectronics.X-CUBE-EEPRMA1.3.1.1: no header file found
2024-12-11 18:52:41,912 [WARN] ApiManager:304 - Cannot register API 'Board Extension:EEPRMA2' from pack STMicroelectronics.X-CUBE-EEPRMA1.3.1.1: no header file found
2024-12-11 18:52:41,921 [WARN] ApiManager:304 - Cannot register API 'Board Extension:S2868A1' from pack STMicroelectronics.X-CUBE-SFXS2LP1.4.0.0: no header file found
2024-12-11 18:52:41,921 [WARN] ApiManager:304 - Cannot register API 'Board Extension:S2868A2' from pack STMicroelectronics.X-CUBE-SFXS2LP1.4.0.0: no header file found
2024-12-11 18:52:41,921 [WARN] ApiManager:304 - Cannot register API 'Board Extension:S2915A1' from pack STMicroelectronics.X-CUBE-SFXS2LP1.4.0.0: no header file found
2024-12-11 18:54:00,362 [INFO] UtilMem:74 - End LoadConfig() Used Memory: 668358104 Bytes (764411904)
2024-12-11 18:54:00,366 [WARN] ThirdParty:779 - waiting for thirdparty lock release [change project]
2024-12-11 18:54:00,366 [INFO] ThirdParty:781 - entering critical section [change project]
2024-12-11 18:54:00,366 [INFO] ThirdParty:967 - CMSIS Pack Vendor :STMicroelectronics X-CUBE-ISPU 1.1.0
2024-12-11 18:54:00,366 [INFO] ThirdParty:967 - CMSIS Pack Vendor :STMicroelectronics X-CUBE-AZRTOS-H7 3.3.0
2024-12-11 18:54:00,366 [INFO] ThirdParty:967 - CMSIS Pack Vendor :RoweBots I-CUBE-UNISONRTOS 5.5.0-4
2024-12-11 18:54:00,366 [INFO] ThirdParty:967 - CMSIS Pack Vendor :STMicroelectronics X-CUBE-NFC9 1.0.0
2024-12-11 18:54:00,367 [INFO] ThirdParty:967 - CMSIS Pack Vendor :STMicroelectronics X-CUBE-GNSS1 6.0.0
2024-12-11 18:54:00,367 [INFO] ThirdParty:967 - CMSIS Pack Vendor :STMicroelectronics X-CUBE-AZRTOS-H7 2.1.0
2024-12-11 18:54:00,367 [INFO] ThirdParty:967 - CMSIS Pack Vendor :STMicroelectronics USB_HOST 2.0.0
2024-12-11 18:54:00,367 [INFO] ThirdParty:967 - CMSIS Pack Vendor :STMicroelectronics X-CUBE-AZRTOS-F4 1.1.0
2024-12-11 18:54:00,367 [INFO] ThirdParty:967 - CMSIS Pack Vendor :STMicroelectronics FP-ATR-ASTRA1 2.0.1
2024-12-11 18:54:00,367 [INFO] ThirdParty:967 - CMSIS Pack Vendor :STMicroelectronics X-CUBE-WB05N 1.1.0
2024-12-11 18:54:00,367 [INFO] ThirdParty:967 - CMSIS Pack Vendor :STMicroelectronics USB_DEVICE 3.0.0
2024-12-11 18:54:00,368 [INFO] ThirdParty:967 - CMSIS Pack Vendor :STMicroelectronics X-CUBE-ISPU 2.1.0
2024-12-11 18:54:00,369 [INFO] ThirdParty:967 - CMSIS Pack Vendor :STMicroelectronics X-CUBE-AZRTOS-WB 2.0.0
2024-12-11 18:54:00,369 [INFO] ThirdParty:967 - CMSIS Pack Vendor :STMicroelectronics X-CUBE-GNSS1 7.0.0
2024-12-11 18:54:00,369 [INFO] ThirdParty:967 - CMSIS Pack Vendor :STMicroelectronics X-CUBE-TOUCHGFX 4.21.0
2024-12-11 18:54:00,369 [INFO] ThirdParty:967 - CMSIS Pack Vendor :STMicroelectronics X-CUBE-BLEMGR 1.0.0
2024-12-11 18:54:00,369 [INFO] ThirdParty:967 - CMSIS Pack Vendor :STMicroelectronics X-CUBE-BLEMGR 1.2.0
2024-12-11 18:54:00,369 [INFO] ThirdParty:967 - CMSIS Pack Vendor :STMicroelectronics X-CUBE-AZRTOS-F7 1.1.0
2024-12-11 18:54:00,370 [INFO] ThirdParty:967 - CMSIS Pack Vendor :STMicroelectronics X-CUBE-AZRTOS-L5 2.0.0
2024-12-11 18:54:00,370 [INFO] ThirdParty:967 - CMSIS Pack Vendor :STMicroelectronics X-CUBE-MEMS1 9.4.0
2024-12-11 18:54:00,370 [INFO] ThirdParty:967 - CMSIS Pack Vendor :STMicroelectronics USB_DEVICE 2.0.0
2024-12-11 18:54:00,370 [INFO] ThirdParty:967 - CMSIS Pack Vendor :STMicroelectronics X-CUBE-AI 7.3.0
2024-12-11 18:54:00,370 [INFO] ThirdParty:967 - CMSIS Pack Vendor :STMicroelectronics X-CUBE-MEMS1 9.6.0
2024-12-11 18:54:00,370 [INFO] ThirdParty:967 - CMSIS Pack Vendor :STMicroelectronics X-CUBE-EEPRMA1 4.2.0
2024-12-11 18:54:00,370 [INFO] ThirdParty:967 - CMSIS Pack Vendor :STMicroelectronics X-CUBE-NFC6 3.1.0
2024-12-11 18:54:00,370 [INFO] ThirdParty:967 - CMSIS Pack Vendor :STMicroelectronics X-CUBE-BLE1 6.2.3
2024-12-11 18:54:00,370 [INFO] ThirdParty:967 - CMSIS Pack Vendor :STMicroelectronics X-CUBE-ALGOBUILD 1.3.0
2024-12-11 18:54:00,370 [INFO] ThirdParty:967 - CMSIS Pack Vendor :STMicroelectronics X-CUBE-MEMS1 11.0.0
2024-12-11 18:54:00,370 [INFO] ThirdParty:967 - CMSIS Pack Vendor :STMicroelectronics X-CUBE-BLE1 6.2.4
2024-12-11 18:54:00,370 [INFO] ThirdParty:967 - CMSIS Pack Vendor :STMicroelectronics X-CUBE-AZRTOS-L5 1.1.0
2024-12-11 18:54:00,371 [INFO] ThirdParty:967 - CMSIS Pack Vendor :STMicroelectronics FreeRTOS 0.0.1
2024-12-11 18:54:00,371 [INFO] ThirdParty:967 - CMSIS Pack Vendor :STMicroelectronics X-CUBE-AZRTOS-G0 1.1.0
2024-12-11 18:54:00,371 [INFO] ThirdParty:967 - CMSIS Pack Vendor :STMicroelectronics X-CUBE-BLEMGR 2.0.0
2024-12-11 18:54:00,371 [INFO] ThirdParty:967 - CMSIS Pack Vendor :STMicroelectronics X-CUBE-SAFEA1 1.2.2
2024-12-11 18:54:00,371 [INFO] ThirdParty:967 - CMSIS Pack Vendor :STMicroelectronics X-CUBE-NFC4 3.0.0
2024-12-11 18:54:00,371 [INFO] ThirdParty:967 - CMSIS Pack Vendor :SEGGER I-CUBE-embOS 1.2.0
2024-12-11 18:54:00,371 [INFO] ThirdParty:967 - CMSIS Pack Vendor :STMicroelectronics X-CUBE-SUBG2 5.0.0
2024-12-11 18:54:00,371 [INFO] ThirdParty:967 - CMSIS Pack Vendor :STMicroelectronics lwIP 2.0.3
2024-12-11 18:54:00,372 [INFO] ThirdParty:967 - CMSIS Pack Vendor :STMicroelectronics X-CUBE-NFC4 2.0.5
2024-12-11 18:54:00,372 [INFO] ThirdParty:967 - CMSIS Pack Vendor :STMicroelectronics X-CUBE-NFC4 2.0.4
2024-12-11 18:54:00,372 [INFO] ThirdParty:967 - CMSIS Pack Vendor :STMicroelectronics USB_HOST 1.0.0
2024-12-11 18:54:00,372 [INFO] ThirdParty:967 - CMSIS Pack Vendor :STMicroelectronics X-CUBE-AI 9.0.0
2024-12-11 18:54:00,372 [INFO] ThirdParty:967 - CMSIS Pack Vendor :STMicroelectronics X-CUBE-AZRTOS-G4 2.0.0
2024-12-11 18:54:00,372 [INFO] ThirdParty:967 - CMSIS Pack Vendor :STMicroelectronics PDM2PCM 3.1.0
2024-12-11 18:54:00,373 [INFO] ThirdParty:967 - CMSIS Pack Vendor :STMicroelectronics X-CUBE-AZRTOS-H7 3.1.0
2024-12-11 18:54:00,373 [INFO] ThirdParty:967 - CMSIS Pack Vendor :STMicroelectronics FP-ATR-ASTRA1 1.1.1
2024-12-11 18:54:00,373 [INFO] ThirdParty:967 - CMSIS Pack Vendor :STMicroelectronics PDM2PCM 3.3.0
2024-12-11 18:54:00,373 [INFO] ThirdParty:967 - CMSIS Pack Vendor :STMicroelectronics X-CUBE-TOF1 3.1.0
2024-12-11 18:54:00,373 [INFO] ThirdParty:967 - CMSIS Pack Vendor :STMicroelectronics X-CUBE-BLEMGR 1.3.0
2024-12-11 18:54:00,373 [INFO] ThirdParty:967 - CMSIS Pack Vendor :STMicroelectronics FP-ATR-SIGFOX1 3.2.0
2024-12-11 18:54:00,373 [INFO] ThirdParty:967 - CMSIS Pack Vendor :STMicroelectronics X-CUBE-AZRTOS-G4 1.0.0
2024-12-11 18:54:00,374 [INFO] ThirdParty:967 - CMSIS Pack Vendor :STMicroelectronics X-CUBE-NFC10 1.0.0
2024-12-11 18:54:00,374 [INFO] ThirdParty:967 - CMSIS Pack Vendor :STMicroelectronics X-CUBE-AZRTOS-L4 1.0.0
2024-12-11 18:54:00,374 [INFO] ThirdParty:967 - CMSIS Pack Vendor :wolfSSL I-CUBE-wolfSSL 5.5.0
2024-12-11 18:54:00,374 [INFO] ThirdParty:967 - CMSIS Pack Vendor :STMicroelectronics X-CUBE-EEPRMA1 5.1.0
2024-12-11 18:54:00,375 [INFO] ThirdParty:967 - CMSIS Pack Vendor :STMicroelectronics HAL Drivers 0.0.0
2024-12-11 18:54:00,375 [INFO] ThirdParty:967 - CMSIS Pack Vendor :STMicroelectronics MBEDTLS 2.16.2
2024-12-11 18:54:00,375 [INFO] ThirdParty:967 - CMSIS Pack Vendor :emotas I-CUBE-CANOPEN 1.1.2
2024-12-11 18:54:00,375 [INFO] ThirdParty:967 - CMSIS Pack Vendor :STMicroelectronics X-CUBE-TOUCHGFX 4.20.0
2024-12-11 18:54:00,376 [INFO] ThirdParty:967 - CMSIS Pack Vendor :STMicroelectronics X-CUBE-MEMS1 10.0.0
2024-12-11 18:54:00,376 [INFO] ThirdParty:967 - CMSIS Pack Vendor :STMicroelectronics X-CUBE-NFC7 1.0.1
2024-12-11 18:54:00,376 [INFO] ThirdParty:967 - CMSIS Pack Vendor :STMicroelectronics MBEDTLS 2.14.1
2024-12-11 18:54:00,376 [INFO] ThirdParty:967 - CMSIS Pack Vendor :STMicroelectronics X-CUBE-NFC7 1.0.0
2024-12-11 18:54:00,377 [INFO] ThirdParty:967 - CMSIS Pack Vendor :STMicroelectronics X-CUBE-TOUCHGFX 4.24.0
2024-12-11 18:54:00,377 [INFO] ThirdParty:967 - CMSIS Pack Vendor :STMicroelectronics X-CUBE-TOUCHGFX 4.22.1
2024-12-11 18:54:00,377 [INFO] ThirdParty:967 - CMSIS Pack Vendor :STMicroelectronics X-CUBE-AZRTOS-WL 1.0.0
2024-12-11 18:54:00,377 [INFO] ThirdParty:967 - CMSIS Pack Vendor :STMicroelectronics X-CUBE-TOUCHGFX 4.24.1
2024-12-11 18:54:00,377 [INFO] ThirdParty:967 - CMSIS Pack Vendor :STMicroelectronics X-CUBE-NFC6 3.0.0
2024-12-11 18:54:00,378 [INFO] ThirdParty:967 - CMSIS Pack Vendor :wolfSSL I-CUBE-wolfTPM 3.4.0
2024-12-11 18:54:00,378 [INFO] ThirdParty:967 - CMSIS Pack Vendor :STMicroelectronics X-CUBE-MEMS1 9.3.0
2024-12-11 18:54:00,378 [INFO] ThirdParty:967 - CMSIS Pack Vendor :STMicroelectronics X-CUBE-EEPRMA1 4.1.0
2024-12-11 18:54:00,378 [INFO] ThirdParty:967 - CMSIS Pack Vendor :portGmbH I-Cube-SoM-uGOAL 1.1.0
2024-12-11 18:54:00,378 [INFO] ThirdParty:967 - CMSIS Pack Vendor :STMicroelectronics X-CUBE-ALS 1.0.1
2024-12-11 18:54:00,378 [INFO] ThirdParty:967 - CMSIS Pack Vendor :STMicroelectronics X-CUBE-AI 7.2.0
2024-12-11 18:54:00,378 [INFO] ThirdParty:967 - CMSIS Pack Vendor :STMicroelectronics X-CUBE-AZRTOS-WB 1.1.0
2024-12-11 18:54:00,380 [INFO] ThirdParty:967 - CMSIS Pack Vendor :STMicroelectronics X-CUBE-AZRTOS-WL 2.0.0
2024-12-11 18:54:00,380 [INFO] ThirdParty:967 - CMSIS Pack Vendor :SEGGER I-CUBE-embOS 1.3.1
2024-12-11 18:54:00,380 [INFO] ThirdParty:967 - CMSIS Pack Vendor :STMicroelectronics X-CUBE-ALGOBUILD 1.4.0
2024-12-11 18:54:00,380 [INFO] ThirdParty:967 - CMSIS Pack Vendor :STMicroelectronics X-CUBE-AZRTOS-L5 1.0.0
2024-12-11 18:54:00,380 [INFO] ThirdParty:967 - CMSIS Pack Vendor :STMicroelectronics USB_DEVICE 1.0.0
2024-12-11 18:54:00,380 [INFO] ThirdParty:967 - CMSIS Pack Vendor :STMicroelectronics X-CUBE-AI 8.1.0
2024-12-11 18:54:00,381 [INFO] ThirdParty:967 - CMSIS Pack Vendor :STMicroelectronics X-CUBE-EEPRMA1 3.1.1
2024-12-11 18:54:00,381 [INFO] ThirdParty:967 - CMSIS Pack Vendor :STMicroelectronics X-CUBE-AZRTOS-H7RS 1.0.0
2024-12-11 18:54:00,381 [INFO] ThirdParty:967 - CMSIS Pack Vendor :wolfSSL I-CUBE-wolfMQTT 1.19.0
2024-12-11 18:54:00,381 [INFO] ThirdParty:967 - CMSIS Pack Vendor :STMicroelectronics X-CUBE-AZRTOS-L4 2.0.0
2024-12-11 18:54:00,381 [INFO] ThirdParty:967 - CMSIS Pack Vendor :STMicroelectronics ThreadX 0.0.2
2024-12-11 18:54:00,382 [INFO] ThirdParty:967 - CMSIS Pack Vendor :WES I-CUBE-Cesium 1.3.0
2024-12-11 18:54:00,382 [INFO] ThirdParty:967 - CMSIS Pack Vendor :STMicroelectronics FP-ATR-ASTRA1 2.0.0
2024-12-11 18:54:00,382 [INFO] ThirdParty:967 - CMSIS Pack Vendor :STMicroelectronics lwIP 2.1.2
2024-12-11 18:54:00,382 [INFO] ThirdParty:967 - CMSIS Pack Vendor :STMicroelectronics X-CUBE-SFXS2LP1 4.0.0
2024-12-11 18:54:00,383 [INFO] ThirdParty:967 - CMSIS Pack Vendor :STMicroelectronics X-CUBE-AI 9.1.0
2024-12-11 18:54:00,383 [INFO] ThirdParty:967 - CMSIS Pack Vendor :STMicroelectronics X-CUBE-TOF1 3.2.0
2024-12-11 18:54:00,383 [INFO] ThirdParty:967 - CMSIS Pack Vendor :STMicroelectronics PDM2PCM 3.2.0
2024-12-11 18:54:00,383 [INFO] ThirdParty:967 - CMSIS Pack Vendor :STMicroelectronics X-CUBE-AZRTOS-H7 3.0.0
2024-12-11 18:54:00,384 [INFO] ThirdParty:967 - CMSIS Pack Vendor :wolfSSL I-CUBE-wolfSSH 1.4.17
2024-12-11 18:54:00,390 [INFO] ThirdParty:967 - CMSIS Pack Vendor :STMicroelectronics X-CUBE-ISPU 1.0.0
2024-12-11 18:54:00,403 [INFO] ThirdParty:787 - exiting critical section [change project]
2024-12-11 18:54:00,966 [INFO] PinOutPanel:1463 - setPackage(No Configuration,No Configuration)
2024-12-11 18:54:00,970 [INFO] PinOutPanel:1463 - setPackage(STM32F103C6Tx,LQFP48)
2024-12-11 18:54:01,949 [INFO] UtilMem:74 - Before build in PCC Used Memory: 714769640 Bytes (764411904)
2024-12-11 18:54:03,066 [INFO] UtilMem:74 - After build in PCC Used Memory: 709476304 Bytes (764411904)
2024-12-11 18:54:03,128 [INFO] IPUIPlugin:74 - create IPUIPlugin
2024-12-11 18:54:03,128 [INFO] IPUIPlugin:74 - create IPUIPlugin
2024-12-11 18:54:03,129 [INFO] IPUIPlugin:74 - create IPUIPlugin
2024-12-11 18:54:03,129 [INFO] IPUIPlugin:74 - create IPUIPlugin
2024-12-11 18:54:03,131 [INFO] IPUIPlugin:74 - create IPUIPlugin
2024-12-11 18:54:03,131 [INFO] IPUIPlugin:74 - create IPUIPlugin
2024-12-11 18:54:03,131 [INFO] IPUIPlugin:74 - create IPUIPlugin
2024-12-11 18:54:03,132 [INFO] IPUIPlugin:74 - create IPUIPlugin
2024-12-11 18:54:03,132 [INFO] IPUIPlugin:74 - create IPUIPlugin
2024-12-11 18:54:03,133 [INFO] IPUIPlugin:74 - create IPUIPlugin
2024-12-11 18:54:03,134 [INFO] IPUIPlugin:74 - create IPUIPlugin
2024-12-11 18:54:03,135 [INFO] IPUIPlugin:74 - create IPUIPlugin
2024-12-11 18:54:03,137 [INFO] IPUIPlugin:74 - create IPUIPlugin
2024-12-11 18:54:03,138 [INFO] IPUIPlugin:74 - create IPUIPlugin
2024-12-11 18:54:03,139 [INFO] IPUIPlugin:74 - create IPUIPlugin
2024-12-11 18:54:03,140 [INFO] IPUIPlugin:74 - create IPUIPlugin
2024-12-11 18:54:03,142 [INFO] IPUIPlugin:74 - create IPUIPlugin
2024-12-11 18:54:03,171 [INFO] IPUIPlugin:74 - create IPUIPlugin
2024-12-11 18:54:03,176 [INFO] IPUIPlugin:74 - create IPUIPlugin
2024-12-11 18:54:03,179 [INFO] IPUIPlugin:74 - create IPUIPlugin
2024-12-11 18:54:03,180 [INFO] IPUIPlugin:74 - create IPUIPlugin
2024-12-11 18:54:03,183 [INFO] IPUIPlugin:74 - create IPUIPlugin
2024-12-11 18:54:03,184 [INFO] IPUIPlugin:74 - create IPUIPlugin
2024-12-11 18:54:03,460 [INFO] OpenFileManager:333 - Restore cursor
2024-12-11 18:54:04,284 [INFO] UtilMem:74 - End SaveConfig() Used Memory: 694003568 Bytes (764411904)
2024-12-11 18:54:04,452 [INFO] UtilMem:74 - End SaveConfig() Used Memory: 708044176 Bytes (764411904)
2024-12-11 18:54:05,270 [INFO] BlockDiagram:2740 - set Specific Code input for plugin: NVIC
2024-12-11 18:54:05,271 [INFO] BlockDiagram:2740 - set Specific Code input for plugin: SYS
2024-12-11 18:54:05,271 [INFO] BlockDiagram:2740 - set Specific Code input for plugin: RCC
2024-12-11 18:54:05,272 [INFO] CodeGenerator:663 - code generatio: config db path: C:\ST\STM32CubeIDE_1.7.0\STM32CubeIDE\plugins\com.st.stm32cube.common.mx_6.3.0.202107141111\\db\
2024-12-11 18:54:06,556 [INFO] CodeEngine:239 - oldGeneratedFile, C:\Users\Admin\Desktop\LAB VXL\LAB 1\BAI3\source\EX3\MXTmpFiles\license.tmp_save
2024-12-11 18:54:07,368 [INFO] CodeEngine:257 - Generated code: C:\Users\Admin\Desktop\LAB VXL\LAB 1\BAI3\source\EX3\MXTmpFiles\license.tmp
2024-12-11 18:54:07,583 [INFO] CodeEngine:239 - oldGeneratedFile, C:\Users\Admin\Desktop\LAB VXL\LAB 1\BAI3\source\EX3\Core\Src\stm32f1xx_it.c_save
2024-12-11 18:54:07,869 [INFO] CodeEngine:257 - Generated code: C:\Users\Admin\Desktop\LAB VXL\LAB 1\BAI3\source\EX3\Core\Src\stm32f1xx_it.c
2024-12-11 18:54:07,876 [INFO] CodeEngine:239 - oldGeneratedFile, C:\Users\Admin\Desktop\LAB VXL\LAB 1\BAI3\source\EX3\Core\Inc\stm32f1xx_it.h_save
2024-12-11 18:54:08,045 [INFO] CodeEngine:257 - Generated code: C:\Users\Admin\Desktop\LAB VXL\LAB 1\BAI3\source\EX3\Core\Inc\stm32f1xx_it.h
2024-12-11 18:54:08,061 [INFO] CodeEngine:239 - oldGeneratedFile, C:\Users\Admin\Desktop\LAB VXL\LAB 1\BAI3\source\EX3\Core\Src\stm32f1xx_hal_msp.c_save
2024-12-11 18:54:08,308 [INFO] CodeEngine:257 - Generated code: C:\Users\Admin\Desktop\LAB VXL\LAB 1\BAI3\source\EX3\Core\Src\stm32f1xx_hal_msp.c
2024-12-11 18:54:08,313 [INFO] CodeEngine:239 - oldGeneratedFile, C:\Users\Admin\Desktop\LAB VXL\LAB 1\BAI3\source\EX3\MXTmpFiles\system.tmp_save
2024-12-11 18:54:08,543 [INFO] CodeEngine:257 - Generated code: C:\Users\Admin\Desktop\LAB VXL\LAB 1\BAI3\source\EX3\MXTmpFiles\system.tmp
2024-12-11 18:54:08,558 [INFO] CodeEngine:239 - oldGeneratedFile, C:\Users\Admin\Desktop\LAB VXL\LAB 1\BAI3\source\EX3\Core\Inc\stm32f1xx_hal_conf.h_save
2024-12-11 18:54:09,020 [INFO] CodeEngine:257 - Generated code: C:\Users\Admin\Desktop\LAB VXL\LAB 1\BAI3\source\EX3\Core\Inc\stm32f1xx_hal_conf.h
2024-12-11 18:54:09,258 [INFO] CodeEngine:239 - oldGeneratedFile, C:\Users\Admin\Desktop\LAB VXL\LAB 1\BAI3\source\EX3\Core\Inc\main.h_save
2024-12-11 18:54:09,587 [INFO] CodeEngine:257 - Generated code: C:\Users\Admin\Desktop\LAB VXL\LAB 1\BAI3\source\EX3\Core\Inc\main.h
2024-12-11 18:54:09,593 [INFO] CodeEngine:239 - oldGeneratedFile, C:\Users\Admin\Desktop\LAB VXL\LAB 1\BAI3\source\EX3\Core\Src\main.c_save
2024-12-11 18:54:09,919 [INFO] CodeEngine:257 - Generated code: C:\Users\Admin\Desktop\LAB VXL\LAB 1\BAI3\source\EX3\Core\Src\main.c
2024-12-11 18:54:12,649 [INFO] ProjectBuilder:2578 - Time for Copy HAL[1] : 251mS.
2024-12-11 18:54:12,668 [INFO] ProjectBuilder:3622 - Project Generator version: 3.14.1
2024-12-11 18:54:14,340 [INFO] ConfigFileManager:1271 - The Die is : DIE412
2024-12-11 18:54:14,406 [INFO] ApiDbMcu:468 - Load IP Config File for FATFS
2024-12-11 18:54:14,559 [INFO] ApiDbMcu:468 - Load IP Config File for FREERTOS
2024-12-11 18:54:14,626 [INFO] ApiDbMcu:468 - Load IP Config File for USB_DEVICE
2024-12-11 18:54:25,996 [INFO] ProjectBuilder:3789 - Time for Generating toolchain IDE Files: 13328mS.
2024-12-11 18:54:25,998 [INFO] ProjectBuilder:2457 - Time for Copy CMSIS : 1mS.
2024-12-11 18:54:26,005 [INFO] ProjectBuilder:2457 - Time for Copy CMSIS : 0mS.
2024-12-11 18:54:30,626 [INFO] McuFinderGlobals:52 - Set McuFinderConnectedMode to true
2024-12-11 18:54:30,632 [INFO] ApiDb:276 - Save user favorites file C:\Users\Admin/.stm32cubeide/favorites.mcus.txt: 0 item(s)
2024-12-11 18:54:30,632 [INFO] ApiDb:280 - User favorites MCUs=[]
2024-12-11 19:01:42,635 [INFO] UtilMem:74 - End SaveConfig() Used Memory: 921416392 Bytes (1073741824)
2024-12-11 19:01:44,564 [INFO] UtilMem:74 - End SaveConfig() Used Memory: 943705096 Bytes (1073741824)
2024-12-11 19:01:48,476 [INFO] UtilMem:74 - End SaveConfig() Used Memory: 899632256 Bytes (1073741824)
2024-12-11 19:01:49,451 [INFO] BlockDiagram:2740 - set Specific Code input for plugin: NVIC
2024-12-11 19:01:49,451 [INFO] BlockDiagram:2740 - set Specific Code input for plugin: SYS
2024-12-11 19:01:49,452 [INFO] BlockDiagram:2740 - set Specific Code input for plugin: GPIO
2024-12-11 19:01:49,452 [INFO] BlockDiagram:2740 - set Specific Code input for plugin: RCC
2024-12-11 19:01:49,454 [INFO] CodeGenerator:663 - code generatio: config db path: C:\ST\STM32CubeIDE_1.7.0\STM32CubeIDE\plugins\com.st.stm32cube.common.mx_6.3.0.202107141111\\db\
2024-12-11 19:01:50,322 [INFO] CodeEngine:239 - oldGeneratedFile, C:\Users\Admin\Desktop\LAB VXL\LAB 1\BAI3\source\EX3\MXTmpFiles\license.tmp_save
2024-12-11 19:01:50,486 [INFO] CodeEngine:257 - Generated code: C:\Users\Admin\Desktop\LAB VXL\LAB 1\BAI3\source\EX3\MXTmpFiles\license.tmp
2024-12-11 19:01:50,678 [INFO] CodeEngine:239 - oldGeneratedFile, C:\Users\Admin\Desktop\LAB VXL\LAB 1\BAI3\source\EX3\MXTmpFiles\gpio.tmp_save
2024-12-11 19:01:50,878 [INFO] CodeEngine:257 - Generated code: C:\Users\Admin\Desktop\LAB VXL\LAB 1\BAI3\source\EX3\MXTmpFiles\gpio.tmp
2024-12-11 19:01:50,967 [INFO] CodeEngine:239 - oldGeneratedFile, C:\Users\Admin\Desktop\LAB VXL\LAB 1\BAI3\source\EX3\Core\Src\stm32f1xx_it.c_save
2024-12-11 19:01:51,176 [INFO] CodeEngine:257 - Generated code: C:\Users\Admin\Desktop\LAB VXL\LAB 1\BAI3\source\EX3\Core\Src\stm32f1xx_it.c
2024-12-11 19:01:51,201 [INFO] CodeEngine:239 - oldGeneratedFile, C:\Users\Admin\Desktop\LAB VXL\LAB 1\BAI3\source\EX3\Core\Inc\stm32f1xx_it.h_save
2024-12-11 19:01:51,340 [INFO] CodeEngine:257 - Generated code: C:\Users\Admin\Desktop\LAB VXL\LAB 1\BAI3\source\EX3\Core\Inc\stm32f1xx_it.h
2024-12-11 19:01:51,397 [INFO] CodeEngine:239 - oldGeneratedFile, C:\Users\Admin\Desktop\LAB VXL\LAB 1\BAI3\source\EX3\Core\Src\stm32f1xx_hal_msp.c_save
2024-12-11 19:01:51,577 [INFO] CodeEngine:257 - Generated code: C:\Users\Admin\Desktop\LAB VXL\LAB 1\BAI3\source\EX3\Core\Src\stm32f1xx_hal_msp.c
2024-12-11 19:01:51,583 [INFO] CodeEngine:239 - oldGeneratedFile, C:\Users\Admin\Desktop\LAB VXL\LAB 1\BAI3\source\EX3\MXTmpFiles\system.tmp_save
2024-12-11 19:01:51,740 [INFO] CodeEngine:257 - Generated code: C:\Users\Admin\Desktop\LAB VXL\LAB 1\BAI3\source\EX3\MXTmpFiles\system.tmp
2024-12-11 19:01:51,792 [INFO] CodeEngine:239 - oldGeneratedFile, C:\Users\Admin\Desktop\LAB VXL\LAB 1\BAI3\source\EX3\Core\Inc\stm32f1xx_hal_conf.h_save
2024-12-11 19:01:52,051 [INFO] CodeEngine:257 - Generated code: C:\Users\Admin\Desktop\LAB VXL\LAB 1\BAI3\source\EX3\Core\Inc\stm32f1xx_hal_conf.h
2024-12-11 19:01:52,199 [INFO] CodeEngine:239 - oldGeneratedFile, C:\Users\Admin\Desktop\LAB VXL\LAB 1\BAI3\source\EX3\Core\Inc\main.h_save
2024-12-11 19:01:52,439 [INFO] CodeEngine:257 - Generated code: C:\Users\Admin\Desktop\LAB VXL\LAB 1\BAI3\source\EX3\Core\Inc\main.h
2024-12-11 19:01:52,468 [INFO] CodeEngine:239 - oldGeneratedFile, C:\Users\Admin\Desktop\LAB VXL\LAB 1\BAI3\source\EX3\Core\Src\main.c_save
2024-12-11 19:01:53,326 [INFO] CodeEngine:257 - Generated code: C:\Users\Admin\Desktop\LAB VXL\LAB 1\BAI3\source\EX3\Core\Src\main.c
2024-12-11 19:01:58,378 [INFO] ProjectBuilder:2578 - Time for Copy HAL[1] : 206mS.
2024-12-11 19:01:58,387 [INFO] ProjectBuilder:3622 - Project Generator version: 3.14.1
2024-12-11 19:01:59,784 [INFO] ConfigFileManager:1271 - The Die is : DIE412
2024-12-11 19:02:08,210 [INFO] ProjectBuilder:3789 - Time for Generating toolchain IDE Files: 9823mS.
2024-12-11 19:02:08,213 [INFO] ProjectBuilder:2457 - Time for Copy CMSIS : 1mS.
2024-12-11 19:02:08,220 [INFO] ProjectBuilder:2457 - Time for Copy CMSIS : 0mS.
