2024-12-11 19:18:13,940 [INFO] Activator:177 - 


2024-12-11 19:18:13,943 [INFO] Activator:178 - !SESSION log4j initialized
2024-12-11 19:19:16,551 [INFO] McuFinderGlobals:39 - Set McuFinder mode to 2 (CubeIDE integrated)
2024-12-11 19:19:16,776 [INFO] ApplicationProperties:181 - Using Application install path: C:\ST\STM32CubeIDE_1.7.0\STM32CubeIDE\plugins\com.st.stm32cube.common.mx_6.3.0.202107141111
2024-12-11 19:19:16,793 [INFO] DbMcusXml:74 - Set database path to: C:\ST\STM32CubeIDE_1.7.0\STM32CubeIDE\plugins\com.st.stm32cube.common.mx_6.3.0.202107141111\\db\/mcu/
2024-12-11 19:19:16,799 [INFO] DbBoardsPdsc:56 - Set plugin database path to: C:\ST\STM32CubeIDE_1.7.0\STM32CubeIDE\plugins\com.st.stm32cube.common.mx_6.3.0.202107141111\\db\/plugins/boardmanager/
2024-12-11 19:19:16,800 [INFO] DbMcus:258 - Set plugin images path to: C:\ST\STM32CubeIDE_1.7.0\STM32CubeIDE\plugins\com.st.stm32cube.common.mx_6.3.0.202107141111\\db\/plugins/mcufinder/images/
2024-12-11 19:19:16,800 [INFO] DbBoards:264 - Set plugin images path to: C:\ST\STM32CubeIDE_1.7.0\STM32CubeIDE\plugins\com.st.stm32cube.common.mx_6.3.0.202107141111\\db\/plugins/mcufinder/images/
2024-12-11 19:19:16,804 [INFO] DbExamples:333 - Set plugin images path to: C:\ST\STM32CubeIDE_1.7.0\STM32CubeIDE\plugins\com.st.stm32cube.common.mx_6.3.0.202107141111\\db\/plugins/mcufinder/images/
2024-12-11 19:19:16,811 [INFO] DbMcusAds:119 - Set database path to: C:\Users\Admin\.stmcufinder\plugins\mcufinder//mcu/
2024-12-11 19:19:16,814 [INFO] DbMcusDocs:110 - Set database path to: C:\Users\Admin\.stmcufinder\plugins\mcufinder//mcu/
2024-12-11 19:19:16,817 [INFO] DbMcusJson:64 - Set database path to: C:\Users\Admin\.stmcufinder\plugins\mcufinder//mcu/
2024-12-11 19:19:16,818 [INFO] DbBoardsDocs:110 - Set database path to: C:\Users\Admin\.stmcufinder\plugins\mcufinder//mcu/
2024-12-11 19:19:16,820 [INFO] DbBoardsJson:57 - Set database path to: C:\Users\Admin\.stmcufinder\plugins\mcufinder//mcu/
2024-12-11 19:19:17,431 [INFO] CrossReferenceDbSqlite:196 - Set database path to: C:\Users\Admin\.stmcufinder\plugins\mcufinder//mcu/cs/
2024-12-11 19:19:17,439 [INFO] DbExamplesSqlite:767 - Set database path to: C:\Users\Admin\.stmcufinder\plugins\mcufinder//mcu/
2024-12-11 19:19:17,612 [INFO] RulesReader:57 - Compatibility file has been processed (242 Rules)
2024-12-11 19:19:17,751 [INFO] DbMcusXml:74 - Set database path to: C:\ST\STM32CubeIDE_1.7.0\STM32CubeIDE\plugins\com.st.stm32cube.common.mx_6.3.0.202107141111\\db\/mcu/
2024-12-11 19:19:17,753 [INFO] DbBoardsPdsc:56 - Set plugin database path to: C:\ST\STM32CubeIDE_1.7.0\STM32CubeIDE\plugins\com.st.stm32cube.common.mx_6.3.0.202107141111\\db\/plugins/boardmanager/
2024-12-11 19:19:17,753 [INFO] DbMcus:258 - Set plugin images path to: C:\ST\STM32CubeIDE_1.7.0\STM32CubeIDE\plugins\com.st.stm32cube.common.mx_6.3.0.202107141111\\db\/plugins/mcufinder/images/
2024-12-11 19:19:17,754 [INFO] DbBoards:264 - Set plugin images path to: C:\ST\STM32CubeIDE_1.7.0\STM32CubeIDE\plugins\com.st.stm32cube.common.mx_6.3.0.202107141111\\db\/plugins/mcufinder/images/
2024-12-11 19:19:17,754 [INFO] DbExamples:333 - Set plugin images path to: C:\ST\STM32CubeIDE_1.7.0\STM32CubeIDE\plugins\com.st.stm32cube.common.mx_6.3.0.202107141111\\db\/plugins/mcufinder/images/
2024-12-11 19:19:17,754 [WARN] DbFile:35 - Overriding database path with different value: C:\Users\Admin\.stmcufinder\plugins\mcufinder/ => C:\Users\Admin\.stmcufinder\plugins\mcufinder
2024-12-11 19:19:17,754 [INFO] DbMcusAds:119 - Set database path to: C:\Users\Admin\.stmcufinder\plugins\mcufinder//mcu/
2024-12-11 19:19:17,754 [WARN] DbFile:35 - Overriding database path with different value: C:\Users\Admin\.stmcufinder\plugins\mcufinder/ => C:\Users\Admin\.stmcufinder\plugins\mcufinder
2024-12-11 19:19:17,755 [INFO] DbMcusDocs:110 - Set database path to: C:\Users\Admin\.stmcufinder\plugins\mcufinder//mcu/
2024-12-11 19:19:17,755 [WARN] DbFile:35 - Overriding database path with different value: C:\Users\Admin\.stmcufinder\plugins\mcufinder/ => C:\Users\Admin\.stmcufinder\plugins\mcufinder
2024-12-11 19:19:17,755 [INFO] DbMcusJson:64 - Set database path to: C:\Users\Admin\.stmcufinder\plugins\mcufinder//mcu/
2024-12-11 19:19:17,755 [WARN] DbFile:35 - Overriding database path with different value: C:\Users\Admin\.stmcufinder\plugins\mcufinder/ => C:\Users\Admin\.stmcufinder\plugins\mcufinder
2024-12-11 19:19:17,755 [INFO] DbBoardsDocs:110 - Set database path to: C:\Users\Admin\.stmcufinder\plugins\mcufinder//mcu/
2024-12-11 19:19:17,756 [WARN] DbFile:35 - Overriding database path with different value: C:\Users\Admin\.stmcufinder\plugins\mcufinder/ => C:\Users\Admin\.stmcufinder\plugins\mcufinder
2024-12-11 19:19:17,756 [INFO] DbBoardsJson:57 - Set database path to: C:\Users\Admin\.stmcufinder\plugins\mcufinder//mcu/
2024-12-11 19:19:17,756 [WARN] DbFile:35 - Overriding database path with different value: C:\Users\Admin\.stmcufinder\plugins\mcufinder/ => C:\Users\Admin\.stmcufinder\plugins\mcufinder
2024-12-11 19:19:17,756 [WARN] DbFile:35 - Overriding database path with different value: C:\Users\Admin\.stmcufinder\plugins\mcufinder/ => C:\Users\Admin\.stmcufinder\plugins\mcufinder
2024-12-11 19:19:18,432 [INFO] CrossReferenceDbSqlite:196 - Set database path to: C:\Users\Admin\.stmcufinder\plugins\mcufinder//mcu/cs/
2024-12-11 19:19:18,433 [WARN] DbFile:35 - Overriding database path with different value: C:\Users\Admin\.stmcufinder\plugins\mcufinder/ => C:\Users\Admin\.stmcufinder\plugins\mcufinder
2024-12-11 19:19:18,433 [INFO] DbExamplesSqlite:767 - Set database path to: C:\Users\Admin\.stmcufinder\plugins\mcufinder//mcu/
2024-12-11 19:19:18,539 [INFO] MainPanel:214 - HeapMemory: 332398592
2024-12-11 19:19:18,717 [INFO] DbMcusXml:74 - Set database path to: C:\ST\STM32CubeIDE_1.7.0\STM32CubeIDE\plugins\com.st.stm32cube.common.mx_6.3.0.202107141111\\db\/mcu/
2024-12-11 19:19:18,717 [INFO] DbBoardsPdsc:56 - Set plugin database path to: C:\ST\STM32CubeIDE_1.7.0\STM32CubeIDE\plugins\com.st.stm32cube.common.mx_6.3.0.202107141111\\db\/plugins/boardmanager/
2024-12-11 19:19:18,717 [INFO] DbMcus:258 - Set plugin images path to: C:\ST\STM32CubeIDE_1.7.0\STM32CubeIDE\plugins\com.st.stm32cube.common.mx_6.3.0.202107141111\\db\/plugins/mcufinder/images/
2024-12-11 19:19:18,718 [INFO] DbBoards:264 - Set plugin images path to: C:\ST\STM32CubeIDE_1.7.0\STM32CubeIDE\plugins\com.st.stm32cube.common.mx_6.3.0.202107141111\\db\/plugins/mcufinder/images/
2024-12-11 19:19:18,719 [INFO] DbExamples:333 - Set plugin images path to: C:\ST\STM32CubeIDE_1.7.0\STM32CubeIDE\plugins\com.st.stm32cube.common.mx_6.3.0.202107141111\\db\/plugins/mcufinder/images/
2024-12-11 19:19:18,719 [WARN] DbFile:35 - Overriding database path with different value: C:\Users\Admin\.stmcufinder\plugins\mcufinder/ => C:\Users\Admin\.stmcufinder\plugins\mcufinder
2024-12-11 19:19:18,720 [INFO] DbMcusAds:119 - Set database path to: C:\Users\Admin\.stmcufinder\plugins\mcufinder//mcu/
2024-12-11 19:19:18,720 [WARN] DbFile:35 - Overriding database path with different value: C:\Users\Admin\.stmcufinder\plugins\mcufinder/ => C:\Users\Admin\.stmcufinder\plugins\mcufinder
2024-12-11 19:19:18,720 [INFO] DbMcusDocs:110 - Set database path to: C:\Users\Admin\.stmcufinder\plugins\mcufinder//mcu/
2024-12-11 19:19:18,720 [WARN] DbFile:35 - Overriding database path with different value: C:\Users\Admin\.stmcufinder\plugins\mcufinder/ => C:\Users\Admin\.stmcufinder\plugins\mcufinder
2024-12-11 19:19:18,720 [INFO] DbMcusJson:64 - Set database path to: C:\Users\Admin\.stmcufinder\plugins\mcufinder//mcu/
2024-12-11 19:19:18,720 [WARN] DbFile:35 - Overriding database path with different value: C:\Users\Admin\.stmcufinder\plugins\mcufinder/ => C:\Users\Admin\.stmcufinder\plugins\mcufinder
2024-12-11 19:19:18,721 [INFO] DbBoardsDocs:110 - Set database path to: C:\Users\Admin\.stmcufinder\plugins\mcufinder//mcu/
2024-12-11 19:19:18,721 [WARN] DbFile:35 - Overriding database path with different value: C:\Users\Admin\.stmcufinder\plugins\mcufinder/ => C:\Users\Admin\.stmcufinder\plugins\mcufinder
2024-12-11 19:19:18,721 [INFO] DbBoardsJson:57 - Set database path to: C:\Users\Admin\.stmcufinder\plugins\mcufinder//mcu/
2024-12-11 19:19:18,721 [WARN] DbFile:35 - Overriding database path with different value: C:\Users\Admin\.stmcufinder\plugins\mcufinder/ => C:\Users\Admin\.stmcufinder\plugins\mcufinder
2024-12-11 19:19:18,721 [WARN] DbFile:35 - Overriding database path with different value: C:\Users\Admin\.stmcufinder\plugins\mcufinder/ => C:\Users\Admin\.stmcufinder\plugins\mcufinder
2024-12-11 19:19:19,436 [INFO] CrossReferenceDbSqlite:196 - Set database path to: C:\Users\Admin\.stmcufinder\plugins\mcufinder//mcu/cs/
2024-12-11 19:19:19,436 [WARN] DbFile:35 - Overriding database path with different value: C:\Users\Admin\.stmcufinder\plugins\mcufinder/ => C:\Users\Admin\.stmcufinder\plugins\mcufinder
2024-12-11 19:19:19,437 [INFO] DbExamplesSqlite:767 - Set database path to: C:\Users\Admin\.stmcufinder\plugins\mcufinder//mcu/
2024-12-11 19:19:19,466 [INFO] ApplicationProperties:181 - Using Application install path: C:\ST\STM32CubeIDE_1.7.0\STM32CubeIDE\plugins\com.st.stm32cube.common.mx_6.3.0.202107141111
2024-12-11 19:19:19,467 [INFO] PluginManage:188 - Search for loadable plugins [exclusion list=, ]
2024-12-11 19:19:19,470 [INFO] PluginManage:302 - Check plugin analytics
2024-12-11 19:19:20,555 [INFO] AnalyticsPlugin:257 - Accepted Software Licenses: 
2024-12-11 19:19:20,556 [INFO] AnalyticsPlugin:259 - Accepted CMSIS Pack Licenses: 
2024-12-11 19:19:20,557 [INFO] AnalyticsPlugin:261 - Accepted Firmware Licenses: 
2024-12-11 19:19:20,557 [INFO] PluginManage:352 - Loaded plugin analytics (category:tool,tabindex:-1)
2024-12-11 19:19:20,557 [INFO] PluginManage:302 - Check plugin clock
2024-12-11 19:19:20,575 [INFO] PluginManage:352 - Loaded plugin clock (category:base,tabindex:2)
2024-12-11 19:19:20,575 [INFO] PluginManage:302 - Check plugin ddr
2024-12-11 19:19:20,603 [INFO] PluginManage:352 - Loaded plugin ddr (category:tool,tabindex:6)
2024-12-11 19:19:20,603 [INFO] PluginManage:302 - Check plugin filemanager
2024-12-11 19:19:20,817 [INFO] PluginManage:352 - Loaded plugin filemanager (category:base,tabindex:10)
2024-12-11 19:19:20,817 [INFO] PluginManage:302 - Check plugin ipmanager
2024-12-11 19:19:20,830 [INFO] PluginManage:352 - Loaded plugin ipmanager (category:base,tabindex:5)
2024-12-11 19:19:20,830 [INFO] PluginManage:302 - Check plugin pinoutandconfiguration
2024-12-11 19:19:20,846 [INFO] PluginManage:352 - Loaded plugin pinoutandconfiguration (category:base,tabindex:1)
2024-12-11 19:19:20,846 [INFO] PluginManage:302 - Check plugin pinoutconfig
2024-12-11 19:19:20,892 [INFO] PluginManage:352 - Loaded plugin pinoutconfig (category:base,tabindex:0)
2024-12-11 19:19:20,893 [INFO] PluginManage:302 - Check plugin power
2024-12-11 19:19:20,925 [INFO] PluginManage:352 - Loaded plugin power (category:power,tabindex:4)
2024-12-11 19:19:20,925 [INFO] PluginManage:302 - Check plugin projectmanager
2024-12-11 19:19:20,964 [INFO] PluginManage:352 - Loaded plugin projectmanager (category:projectmanager,tabindex:3)
2024-12-11 19:19:20,964 [INFO] PluginManage:302 - Check plugin thirdparty
2024-12-11 19:19:21,247 [WARN] IntegrityCheckThread:78 - waiting for thirdparty lock release [integrity check]
2024-12-11 19:19:21,247 [INFO] PluginManage:352 - Loaded plugin thirdparty (category:base,tabindex:-1)
2024-12-11 19:19:21,250 [INFO] IntegrityCheckThread:80 - entering critical section [integrity check]
2024-12-11 19:19:21,250 [INFO] PluginManage:302 - Check plugin tools
2024-12-11 19:19:21,250 [INFO] ThirdPartyUpdaterWithRetryManager:66 - Updater plugin not ready yet. [1/15]
2024-12-11 19:19:21,255 [INFO] PluginManage:352 - Loaded plugin tools (category:base,tabindex:7)
2024-12-11 19:19:21,256 [INFO] PluginManage:302 - Check plugin tutovideos
2024-12-11 19:19:21,731 [INFO] PluginManage:352 - Loaded plugin tutovideos (category:base,tabindex:-1)
2024-12-11 19:19:21,731 [INFO] PluginManage:302 - Check plugin updater
2024-12-11 19:19:21,773 [INFO] PluginManage:352 - Loaded plugin updater (category:base,tabindex:12)
2024-12-11 19:19:21,773 [INFO] PluginManage:275 - PluginManage : Loaded plugins [13]
2024-12-11 19:19:22,186 [INFO] PinOutPanel:1463 - setPackage(No Configuration,No Configuration)
2024-12-11 19:19:22,380 [INFO] IPUIPlugin:74 - create IPUIPlugin
2024-12-11 19:19:22,381 [INFO] PluginManager:213 - loadIPPluginJar : add adc
2024-12-11 19:19:22,386 [INFO] IPUIPlugin:74 - create IPUIPlugin
2024-12-11 19:19:22,387 [INFO] PluginManager:213 - loadIPPluginJar : add aes
2024-12-11 19:19:22,393 [INFO] IPUIPlugin:74 - create IPUIPlugin
2024-12-11 19:19:22,393 [INFO] PluginManager:213 - loadIPPluginJar : add can
2024-12-11 19:19:22,397 [INFO] IPUIPlugin:74 - create IPUIPlugin
2024-12-11 19:19:22,397 [INFO] PluginManager:213 - loadIPPluginJar : add comp
2024-12-11 19:19:22,405 [INFO] IPUIPlugin:74 - create IPUIPlugin
2024-12-11 19:19:22,406 [INFO] PluginManager:213 - loadIPPluginJar : add cryp
2024-12-11 19:19:22,412 [INFO] IPUIPlugin:74 - create IPUIPlugin
2024-12-11 19:19:22,412 [INFO] PluginManager:213 - loadIPPluginJar : add dfsdm
2024-12-11 19:19:22,427 [INFO] IPUIPlugin:74 - create IPUIPlugin
2024-12-11 19:19:22,429 [INFO] PluginManager:213 - loadIPPluginJar : add dma
2024-12-11 19:19:22,436 [INFO] IPUIPlugin:74 - create IPUIPlugin
2024-12-11 19:19:22,436 [INFO] PluginManager:213 - loadIPPluginJar : add dma3
2024-12-11 19:19:22,441 [INFO] IPUIPlugin:74 - create IPUIPlugin
2024-12-11 19:19:22,441 [INFO] PluginManager:213 - loadIPPluginJar : add fatfs
2024-12-11 19:19:22,453 [INFO] IPUIPlugin:74 - create IPUIPlugin
2024-12-11 19:19:22,454 [INFO] PluginManager:213 - loadIPPluginJar : add fmc
2024-12-11 19:19:22,471 [INFO] IPUIPlugin:74 - create IPUIPlugin
2024-12-11 19:19:22,472 [INFO] PluginManager:213 - loadIPPluginJar : add freertos
2024-12-11 19:19:22,477 [INFO] IPUIPlugin:74 - create IPUIPlugin
2024-12-11 19:19:22,478 [INFO] PluginManager:213 - loadIPPluginJar : add genericplugin
2024-12-11 19:19:22,486 [INFO] IPUIPlugin:74 - create IPUIPlugin
2024-12-11 19:19:22,487 [INFO] PluginManager:213 - loadIPPluginJar : add gfxmmu
2024-12-11 19:19:22,534 [INFO] IPUIPlugin:74 - create IPUIPlugin
2024-12-11 19:19:22,535 [INFO] PluginManager:213 - loadIPPluginJar : add gic
2024-12-11 19:19:22,560 [INFO] IPUIPlugin:74 - create IPUIPlugin
2024-12-11 19:19:22,561 [INFO] PluginManager:213 - loadIPPluginJar : add gpio
2024-12-11 19:19:22,566 [INFO] IPUIPlugin:74 - create IPUIPlugin
2024-12-11 19:19:22,567 [INFO] PluginManager:213 - loadIPPluginJar : add gtzc
2024-12-11 19:19:22,571 [INFO] IPUIPlugin:74 - create IPUIPlugin
2024-12-11 19:19:22,572 [INFO] PluginManager:213 - loadIPPluginJar : add hash
2024-12-11 19:19:22,577 [INFO] IPUIPlugin:74 - create IPUIPlugin
2024-12-11 19:19:22,578 [INFO] PluginManager:213 - loadIPPluginJar : add i2c
2024-12-11 19:19:22,584 [INFO] IPUIPlugin:74 - create IPUIPlugin
2024-12-11 19:19:22,584 [INFO] PluginManager:213 - loadIPPluginJar : add i2s
2024-12-11 19:19:22,591 [INFO] IPUIPlugin:74 - create IPUIPlugin
2024-12-11 19:19:22,592 [INFO] PluginManager:213 - loadIPPluginJar : add ipddr
2024-12-11 19:19:22,605 [INFO] IPUIPlugin:74 - create IPUIPlugin
2024-12-11 19:19:22,606 [INFO] PluginManager:213 - loadIPPluginJar : add linkedlist
2024-12-11 19:19:22,612 [INFO] IPUIPlugin:74 - create IPUIPlugin
2024-12-11 19:19:22,613 [INFO] PluginManager:213 - loadIPPluginJar : add lorawan
2024-12-11 19:19:22,616 [INFO] IPUIPlugin:74 - create IPUIPlugin
2024-12-11 19:19:22,616 [INFO] PluginManager:213 - loadIPPluginJar : add ltdc
2024-12-11 19:19:22,626 [INFO] IPUIPlugin:74 - create IPUIPlugin
2024-12-11 19:19:22,626 [INFO] PluginManager:213 - loadIPPluginJar : add mdma
2024-12-11 19:19:22,634 [INFO] IPUIPlugin:74 - create IPUIPlugin
2024-12-11 19:19:22,635 [INFO] PluginManager:213 - loadIPPluginJar : add nvic
2024-12-11 19:19:22,640 [INFO] IPUIPlugin:74 - create IPUIPlugin
2024-12-11 19:19:22,641 [INFO] PluginManager:213 - loadIPPluginJar : add opamp
2024-12-11 19:19:22,648 [INFO] IPUIPlugin:74 - create IPUIPlugin
2024-12-11 19:19:22,648 [INFO] PluginManager:213 - loadIPPluginJar : add openamp
2024-12-11 19:19:22,655 [INFO] IPUIPlugin:74 - create IPUIPlugin
2024-12-11 19:19:22,656 [INFO] PluginManager:213 - loadIPPluginJar : add pdm2pcm
2024-12-11 19:19:22,671 [INFO] IPUIPlugin:74 - create IPUIPlugin
2024-12-11 19:19:22,679 [INFO] PluginManager:213 - loadIPPluginJar : add plateformsettings
2024-12-11 19:19:22,683 [INFO] IPUIPlugin:74 - create IPUIPlugin
2024-12-11 19:19:22,683 [INFO] PluginManager:213 - loadIPPluginJar : add quadspi
2024-12-11 19:19:22,690 [INFO] IPUIPlugin:74 - create IPUIPlugin
2024-12-11 19:19:22,692 [INFO] PluginManager:213 - loadIPPluginJar : add resmgrutility
2024-12-11 19:19:22,701 [INFO] IPUIPlugin:74 - create IPUIPlugin
2024-12-11 19:19:22,701 [INFO] PluginManager:213 - loadIPPluginJar : add sai
2024-12-11 19:19:22,709 [INFO] IPUIPlugin:74 - create IPUIPlugin
2024-12-11 19:19:22,710 [INFO] PluginManager:213 - loadIPPluginJar : add spi
2024-12-11 19:19:22,725 [INFO] IPUIPlugin:74 - create IPUIPlugin
2024-12-11 19:19:22,726 [INFO] PluginManager:213 - loadIPPluginJar : add stm32_wpan
2024-12-11 19:19:22,730 [INFO] IPUIPlugin:74 - create IPUIPlugin
2024-12-11 19:19:22,731 [INFO] PluginManager:213 - loadIPPluginJar : add tim
2024-12-11 19:19:22,737 [INFO] IPUIPlugin:74 - create IPUIPlugin
2024-12-11 19:19:22,737 [INFO] PluginManager:213 - loadIPPluginJar : add touchsensing
2024-12-11 19:19:22,742 [INFO] IPUIPlugin:74 - create IPUIPlugin
2024-12-11 19:19:22,743 [INFO] PluginManager:213 - loadIPPluginJar : add tracer_emb
2024-12-11 19:19:22,747 [INFO] IPUIPlugin:74 - create IPUIPlugin
2024-12-11 19:19:22,747 [INFO] PluginManager:213 - loadIPPluginJar : add ts
2024-12-11 19:19:22,750 [INFO] IPUIPlugin:74 - create IPUIPlugin
2024-12-11 19:19:22,750 [INFO] PluginManager:213 - loadIPPluginJar : add tsc
2024-12-11 19:19:22,754 [INFO] IPUIPlugin:74 - create IPUIPlugin
2024-12-11 19:19:22,755 [INFO] PluginManager:213 - loadIPPluginJar : add ucpd
2024-12-11 19:19:22,761 [INFO] IPUIPlugin:74 - create IPUIPlugin
2024-12-11 19:19:22,762 [INFO] PluginManager:213 - loadIPPluginJar : add usart
2024-12-11 19:19:22,769 [INFO] IPUIPlugin:74 - create IPUIPlugin
2024-12-11 19:19:22,769 [INFO] PluginManager:213 - loadIPPluginJar : add usbx
2024-12-11 19:19:23,360 [FATAL] Updater:294 - Updater called before beeing initialized
2024-12-11 19:19:23,600 [FATAL] Updater:294 - Updater called before beeing initialized
2024-12-11 19:19:23,610 [INFO] DbMcusAds:47 - JSON generation date=Fri Sep 20 20:04:23 ICT 2024 (1726837463113)
2024-12-11 19:19:23,611 [FATAL] Updater:294 - Updater called before beeing initialized
2024-12-11 19:19:23,719 [WARN] DetailPanel:314 - Failed to get advertising image, set to default
2024-12-11 19:19:23,930 [FATAL] Updater:294 - Updater called before beeing initialized
2024-12-11 19:19:23,933 [FATAL] Updater:294 - Updater called before beeing initialized
2024-12-11 19:19:23,933 [FATAL] Updater:294 - Updater called before beeing initialized
2024-12-11 19:19:23,934 [WARN] DetailPanel:314 - Failed to get advertising image, set to default
2024-12-11 19:19:23,936 [FATAL] Updater:294 - Updater called before beeing initialized
2024-12-11 19:19:24,065 [ERROR] Updater:1075 - MainUpdater not yet initialized. External WinMGr cannot be set.
2024-12-11 19:19:24,068 [INFO] Updater:1012 - Updater Version found : 6.3.0
2024-12-11 19:19:24,103 [INFO] ApplicationProperties:181 - Using Application install path: C:\ST\STM32CubeIDE_1.7.0\STM32CubeIDE\plugins\com.st.stm32cube.common.mx_6.3.0.202107141111
2024-12-11 19:19:24,251 [INFO] ThirdPartyUpdaterWithRetryManager:66 - Updater plugin not ready yet. [2/15]
2024-12-11 19:19:24,626 [INFO] MainUpdater:2671 - connection check result : 10
2024-12-11 19:19:24,627 [INFO] MainUpdater:265 - Updater Check For Update Now.
2024-12-11 19:19:24,627 [INFO] MicroXplorer:478 - Change Database Version : DB.6.0.30
2024-12-11 19:19:24,849 [INFO] CheckServerUpdateThread:112 - End of CheckServer Thread
2024-12-11 19:19:24,941 [INFO] MainUpdater:2671 - connection check result : 10
2024-12-11 19:19:25,480 [INFO] McuFinderGlobals:52 - Set McuFinderConnectedMode to false
2024-12-11 19:19:25,720 [INFO] CrossSelectorPresenter:1330 - Cross Selector saved comparison directory: C:\Users\Admin\.stmcufinder\plugins\mcufinder\mcu\cs_comparisons_mx
2024-12-11 19:19:25,740 [INFO] MultiScanPanel:197 - Auto-refresh data requested => check proxy status ongoing
2024-12-11 19:19:25,740 [INFO] MultiScanPanel:201 - Proxy status is invalid
2024-12-11 19:19:25,754 [INFO] FinderPluginLoader:87 - Searching for filters in installed packs
2024-12-11 19:19:25,759 [INFO] DbMcusXml:100 - Load MCU database from C:\ST\STM32CubeIDE_1.7.0\STM32CubeIDE\plugins\com.st.stm32cube.common.mx_6.3.0.202107141111\\db\/mcu/families.xml
2024-12-11 19:19:27,846 [ERROR] Engine:463 - C:\Users\Admin\.stm32cubemx\thirdparties\pdsc\STMicroelectronics.FP-SNS-MOTENVWB1.1.4.0.pdsc: PDSC version is not supported
2024-12-11 19:19:27,934 [WARN] PackLoader:238 - Cannot read IP mode file for STMicroelectronics.FP-ATR-ASTRA1.2.0.1
2024-12-11 19:19:27,954 [ERROR] Engine:463 - C:\Users\Admin\.stm32cubemx\thirdparties\pdsc\STMicroelectronics.X-CUBE-SMBUS.2.1.0.pdsc: PDSC version is not supported
2024-12-11 19:19:27,986 [WARN] PackLoader:238 - Cannot read IP mode file for STMicroelectronics.X-CUBE-WB05N.1.1.0
2024-12-11 19:19:28,130 [WARN] PackLoader:238 - Cannot read IP mode file for STMicroelectronics.X-CUBE-AZRTOS-F7.1.1.0
2024-12-11 19:19:28,167 [ERROR] Engine:463 - C:\Users\Admin\.stm32cubemx\thirdparties\pdsc\STMicroelectronics.FP-SNS-MOTENV1.4.3.2.pdsc: PDSC version is not supported
2024-12-11 19:19:28,187 [WARN] PackLoader:238 - Cannot read IP mode file for STMicroelectronics.X-CUBE-BLE1.6.2.3
2024-12-11 19:19:28,470 [WARN] PackLoader:238 - Cannot read IP mode file for STMicroelectronics.X-CUBE-MEMS1.11.0.0
2024-12-11 19:19:28,774 [INFO] DbMcusJson:93 - JSON generation date=Tue Nov 16 23:17:54 ICT 2021 (1637079474)
2024-12-11 19:19:29,521 [WARN] PackLoader:238 - Cannot read IP mode file for STMicroelectronics.X-CUBE-BLE1.6.2.4
2024-12-11 19:19:29,559 [WARN] PackLoader:238 - Cannot read IP mode file for STMicroelectronics.X-CUBE-TOF1.3.1.0
2024-12-11 19:19:29,600 [WARN] PackLoader:238 - Cannot read IP mode file for STMicroelectronics.X-CUBE-NFC10.1.0.0
2024-12-11 19:19:29,622 [ERROR] Engine:463 - C:\Users\Admin\.stm32cubemx\thirdparties\pdsc\STMicroelectronics.X-CUBE-BLEMGR.4.0.0.pdsc: PDSC version is not supported
2024-12-11 19:19:29,637 [WARN] PackLoader:238 - Cannot read IP mode file for STMicroelectronics.X-CUBE-TOUCHGFX.4.22.1
2024-12-11 19:19:29,883 [WARN] PackLoader:238 - Cannot read IP mode file for STMicroelectronics.X-CUBE-MEMS1.9.3.0
2024-12-11 19:19:30,815 [WARN] PackLoader:238 - Cannot read IP mode file for STMicroelectronics.X-CUBE-AI.7.2.0
2024-12-11 19:19:30,830 [ERROR] Engine:463 - C:\Users\Admin\.stm32cubemx\thirdparties\pdsc\STMicroelectronics.X-CUBE-BLEMGR.3.1.0.pdsc: PDSC version is not supported
2024-12-11 19:19:30,874 [INFO] LogOutputStream:76 - [STDOUT_REDIRECT] 1 : Invalid condition id : UX_CORESTACK_Condition cause : null
2024-12-11 19:19:30,885 [INFO] LogOutputStream:76 - [STDOUT_REDIRECT] 1 : Invalid condition id : UX_CORESTACK_Condition cause : null
2024-12-11 19:19:30,889 [INFO] LogOutputStream:76 - [STDOUT_REDIRECT] 1 : Invalid condition id : UX_CORESTACK_Condition cause : null
2024-12-11 19:19:30,894 [INFO] LogOutputStream:76 - [STDOUT_REDIRECT] 1 : Invalid condition id : UX_CORESTACK_Condition cause : null
2024-12-11 19:19:30,898 [INFO] LogOutputStream:76 - [STDOUT_REDIRECT] 1 : Invalid condition id : UX_CORESTACK_Condition cause : null
2024-12-11 19:19:30,908 [WARN] PackLoader:238 - Cannot read IP mode file for STMicroelectronics.X-CUBE-AZRTOS-WL.2.0.0
2024-12-11 19:19:30,919 [ERROR] Engine:463 - C:\Users\Admin\.stm32cubemx\thirdparties\pdsc\STMicroelectronics.FP-SNS-MOTENV1.5.0.0.pdsc: PDSC version is not supported
2024-12-11 19:19:30,929 [WARN] PackLoader:238 - Cannot read IP mode file for wolfSSL.I-CUBE-wolfMQTT.1.19.0
2024-12-11 19:19:30,954 [WARN] PackLoader:238 - Cannot read IP mode file for WES.I-CUBE-Cesium.1.3.0
2024-12-11 19:19:30,997 [WARN] PackLoader:238 - Cannot read IP mode file for STMicroelectronics.X-CUBE-TOF1.3.2.0
2024-12-11 19:19:31,061 [WARN] PackLoader:238 - Cannot read IP mode file for STMicroelectronics.X-CUBE-ISPU.1.0.0
2024-12-11 19:19:31,095 [WARN] PackLoader:238 - Cannot read IP mode file for STMicroelectronics.X-CUBE-NFC9.1.0.0
2024-12-11 19:19:31,203 [WARN] PackLoader:238 - Cannot read IP mode file for STMicroelectronics.X-CUBE-AZRTOS-H7.2.1.0
2024-12-11 19:19:31,234 [ERROR] Engine:463 - C:\Users\Admin\.stm32cubemx\thirdparties\pdsc\STMicroelectronics.X-CUBE-TCPP.4.1.0.pdsc: PDSC version is not supported
2024-12-11 19:19:31,244 [WARN] PackLoader:238 - Cannot read IP mode file for STMicroelectronics.X-CUBE-TOUCHGFX.4.21.0
2024-12-11 19:19:31,439 [WARN] PackLoader:238 - Cannot read IP mode file for STMicroelectronics.X-CUBE-MEMS1.9.4.0
2024-12-11 19:19:32,471 [INFO] DbMcus:175 - Found 1951 MCUs (1903 are supported by CubeMX, 1914 are visible in CubeMX)
2024-12-11 19:19:32,472 [INFO] ApiDb:251 - Load user favorites file C:\Users\Admin/.stm32cubeide/favorites.mcus.txt: 0 item(s)
2024-12-11 19:19:32,473 [INFO] ApiDb:255 - User favorites MCUs=[]
2024-12-11 19:19:32,473 [INFO] DbMcus:187 - Set 0 / 0 favorites MCUs
2024-12-11 19:19:32,499 [WARN] PackLoader:238 - Cannot read IP mode file for STMicroelectronics.X-CUBE-AI.7.3.0
2024-12-11 19:19:32,512 [WARN] PackLoader:238 - Cannot read IP mode file for STMicroelectronics.X-CUBE-ALGOBUILD.1.3.0
2024-12-11 19:19:32,643 [WARN] PackLoader:238 - Cannot read IP mode file for STMicroelectronics.X-CUBE-AZRTOS-G0.1.1.0
2024-12-11 19:19:32,662 [WARN] PackLoader:238 - Cannot read IP mode file for STMicroelectronics.X-CUBE-SAFEA1.1.2.2
2024-12-11 19:19:32,675 [WARN] PackLoader:238 - Cannot read IP mode file for STMicroelectronics.X-CUBE-NFC4.3.0.0
2024-12-11 19:19:32,852 [WARN] PackLoader:238 - Cannot read IP mode file for SEGGER.I-CUBE-embOS.1.2.0
2024-12-11 19:19:32,941 [ERROR] Engine:463 - C:\Users\Admin\.stm32cubemx\thirdparties\pdsc\EmbeddedOffice.I-CUBE-FS-RTOS.1.0.1.pdsc: PDSC version is not supported
2024-12-11 19:19:32,958 [WARN] PackLoader:238 - Cannot read IP mode file for STMicroelectronics.X-CUBE-BLEMGR.1.3.0
2024-12-11 19:19:32,967 [ERROR] Engine:463 - C:\Users\Admin\.stm32cubemx\thirdparties\pdsc\RealThread.X-CUBE-RT-Thread_Nano.4.1.1.pdsc: PDSC version is not supported
2024-12-11 19:19:32,975 [WARN] PackLoader:238 - Cannot read IP mode file for STMicroelectronics.FP-ATR-SIGFOX1.3.2.0
2024-12-11 19:19:32,979 [ERROR] Engine:463 - C:\Users\Admin\.stm32cubemx\thirdparties\pdsc\quantropi.X-CUBE-qispace-sdk-base.1.9.3.pdsc: PDSC version is not supported
2024-12-11 19:19:32,991 [WARN] PackLoader:238 - Cannot read IP mode file for STMicroelectronics.X-CUBE-EEPRMA1.5.1.0
2024-12-11 19:19:33,007 [WARN] PackLoader:238 - Cannot read IP mode file for emotas.I-CUBE-CANOPEN.1.1.2
2024-12-11 19:19:33,012 [WARN] PackLoader:238 - Cannot read IP mode file for STMicroelectronics.X-CUBE-TOUCHGFX.4.20.0
2024-12-11 19:19:33,150 [WARN] PackLoader:238 - Cannot read IP mode file for SEGGER.I-CUBE-embOS.1.3.1
2024-12-11 19:19:33,289 [WARN] PackLoader:238 - Cannot read IP mode file for STMicroelectronics.X-CUBE-ALGOBUILD.1.4.0
2024-12-11 19:19:33,297 [WARN] PackLoader:238 - Cannot read IP mode file for STMicroelectronics.X-CUBE-AI.9.1.0
2024-12-11 19:19:33,354 [WARN] PackLoader:238 - Cannot read IP mode file for STMicroelectronics.X-CUBE-GNSS1.6.0.0
2024-12-11 19:19:33,459 [WARN] PackLoader:238 - Cannot read IP mode file for STMicroelectronics.X-CUBE-AZRTOS-F4.1.1.0
2024-12-11 19:19:33,494 [WARN] PackLoader:238 - Cannot read IP mode file for STMicroelectronics.X-CUBE-ISPU.2.1.0
2024-12-11 19:19:33,504 [ERROR] Engine:463 - C:\Users\Admin\.stm32cubemx\thirdparties\pdsc\STMicroelectronics.X-CUBE-FREERTOS.1.2.0.pdsc: PDSC version is not supported
2024-12-11 19:19:33,523 [WARN] PackLoader:238 - Cannot read IP mode file for STMicroelectronics.X-CUBE-BLEMGR.1.2.0
2024-12-11 19:19:33,617 [WARN] PackLoader:238 - Cannot read IP mode file for STMicroelectronics.X-CUBE-AZRTOS-L5.2.0.0
2024-12-11 19:19:33,821 [WARN] PackLoader:238 - Cannot read IP mode file for STMicroelectronics.X-CUBE-MEMS1.9.6.0
2024-12-11 19:19:34,359 [INFO] DetailPanel:309 - Set advertising image to C:/Users/Admin/STM32Cube/Repository/\en.prom-stm32c071-usb-memories-mcu-finder.png
2024-12-11 19:19:34,651 [WARN] PackLoader:238 - Cannot read IP mode file for STMicroelectronics.X-CUBE-EEPRMA1.4.2.0
2024-12-11 19:19:34,667 [WARN] PackLoader:238 - Cannot read IP mode file for STMicroelectronics.X-CUBE-NFC6.3.1.0
2024-12-11 19:19:34,677 [ERROR] Engine:463 - C:\Users\Admin\.stm32cubemx\thirdparties\pdsc\ITTIA_DB.I-CUBE-ITTIADB.8.8.0.pdsc: PDSC version is not supported
2024-12-11 19:19:34,691 [WARN] PackLoader:238 - Cannot read IP mode file for STMicroelectronics.X-CUBE-BLEMGR.2.0.0
2024-12-11 19:19:34,700 [ERROR] Engine:463 - C:\Users\Admin\.stm32cubemx\thirdparties\pdsc\STMicroelectronics.X-CUBE-DPower.1.2.0.pdsc: PDSC version is not supported
2024-12-11 19:19:34,707 [WARN] PackLoader:238 - Cannot read IP mode file for STMicroelectronics.X-CUBE-NFC4.2.0.5
2024-12-11 19:19:34,717 [WARN] PackLoader:238 - Cannot read IP mode file for STMicroelectronics.X-CUBE-NFC4.2.0.4
2024-12-11 19:19:34,726 [WARN] PackLoader:238 - Cannot read IP mode file for STMicroelectronics.X-CUBE-AI.9.0.0
2024-12-11 19:19:34,764 [WARN] ConditionMgr:437 - getConditionDescription Invalid condition id : UX DEVICE CLASS RTOS Condition cause : null
2024-12-11 19:19:34,764 [WARN] ConditionMgr:437 - getConditionDescription Invalid condition id : UX DEVICE CLASS RTOS Condition cause : null
2024-12-11 19:19:34,771 [WARN] PackLoader:238 - Cannot read IP mode file for STMicroelectronics.X-CUBE-AZRTOS-H7.3.1.0
2024-12-11 19:19:34,773 [WARN] ConditionMgr:1038 - genDependencies : Invalid condition id : UX DEVICE CLASS RTOS Condition cause : null
2024-12-11 19:19:34,773 [WARN] ConditionMgr:1038 - genDependencies : Invalid condition id : UX DEVICE CLASS RTOS Condition cause : null
2024-12-11 19:19:34,775 [WARN] ConditionMgr:1038 - genDependencies : Invalid condition id : UX DEVICE CLASS RTOS Condition cause : null
2024-12-11 19:19:34,776 [WARN] ConditionMgr:1038 - genDependencies : Invalid condition id : UX DEVICE CLASS RTOS Condition cause : null
2024-12-11 19:19:34,776 [WARN] ConditionMgr:1038 - genDependencies : Invalid condition id : UX DEVICE CLASS RTOS Condition cause : null
2024-12-11 19:19:34,787 [WARN] PackLoader:238 - Cannot read IP mode file for wolfSSL.I-CUBE-wolfSSL.5.5.0
2024-12-11 19:19:34,791 [ERROR] Engine:463 - C:\Users\Admin\.stm32cubemx\thirdparties\pdsc\STMicroelectronics.X-CUBE-FREERTOS.1.3.0.pdsc: PDSC version is not supported
2024-12-11 19:19:34,800 [WARN] PackLoader:238 - Cannot read IP mode file for STMicroelectronics.X-CUBE-NFC7.1.0.1
2024-12-11 19:19:34,810 [WARN] PackLoader:238 - Cannot read IP mode file for STMicroelectronics.X-CUBE-NFC7.1.0.0
2024-12-11 19:19:34,845 [WARN] PackLoader:238 - Cannot read IP mode file for STMicroelectronics.X-CUBE-NFC6.3.0.0
2024-12-11 19:19:34,861 [WARN] PackLoader:238 - Cannot read IP mode file for STMicroelectronics.X-CUBE-EEPRMA1.4.1.0
2024-12-11 19:19:34,874 [WARN] PackLoader:238 - Cannot read IP mode file for STMicroelectronics.X-CUBE-AI.8.1.0
2024-12-11 19:19:34,976 [WARN] ConditionMgr:437 - getConditionDescription Invalid condition id : LAN8742 Phy interface Condition cause : null
2024-12-11 19:19:34,978 [WARN] PackLoader:238 - Cannot read IP mode file for STMicroelectronics.X-CUBE-AZRTOS-L4.2.0.0
2024-12-11 19:19:34,981 [WARN] ConditionMgr:1038 - genDependencies : Invalid condition id : LAN8742 Phy interface Condition cause : null
2024-12-11 19:19:34,982 [WARN] ConditionMgr:1038 - genDependencies : Invalid condition id : LAN8742 Phy interface Condition cause : null
2024-12-11 19:19:34,983 [WARN] ConditionMgr:1038 - genDependencies : Invalid condition id : LAN8742 Phy interface Condition cause : null
2024-12-11 19:19:34,998 [WARN] PackLoader:238 - Cannot read IP mode file for STMicroelectronics.X-CUBE-SFXS2LP1.4.0.0
2024-12-11 19:19:35,114 [WARN] PackLoader:238 - Cannot read IP mode file for STMicroelectronics.X-CUBE-AZRTOS-H7.3.0.0
2024-12-11 19:19:35,139 [WARN] PackLoader:238 - Cannot read IP mode file for STMicroelectronics.X-CUBE-ISPU.1.1.0
2024-12-11 19:19:35,225 [WARN] PackLoader:238 - Cannot read IP mode file for STMicroelectronics.X-CUBE-AZRTOS-H7.3.3.0
2024-12-11 19:19:35,253 [WARN] PackLoader:238 - Cannot read IP mode file for RoweBots.I-CUBE-UNISONRTOS.5.5.0-4
2024-12-11 19:19:35,271 [ERROR] Engine:463 - C:\Users\Admin\.stm32cubemx\thirdparties\pdsc\STMicroelectronics.X-CUBE-IPS.3.0.0.pdsc: PDSC version is not supported
2024-12-11 19:19:35,354 [WARN] ConditionMgr:437 - getConditionDescription Invalid condition id : UX DEVICE CLASS RTOS Condition cause : null
2024-12-11 19:19:35,354 [WARN] ConditionMgr:437 - getConditionDescription Invalid condition id : UX DEVICE CLASS RTOS Condition cause : null
2024-12-11 19:19:35,360 [WARN] PackLoader:238 - Cannot read IP mode file for STMicroelectronics.X-CUBE-AZRTOS-WB.2.0.0
2024-12-11 19:19:35,362 [WARN] ConditionMgr:1038 - genDependencies : Invalid condition id : UX DEVICE CLASS RTOS Condition cause : null
2024-12-11 19:19:35,362 [WARN] ConditionMgr:1038 - genDependencies : Invalid condition id : UX DEVICE CLASS RTOS Condition cause : null
2024-12-11 19:19:35,363 [WARN] ConditionMgr:1038 - genDependencies : Invalid condition id : UX DEVICE CLASS RTOS Condition cause : null
2024-12-11 19:19:35,364 [WARN] ConditionMgr:1038 - genDependencies : Invalid condition id : UX DEVICE CLASS RTOS Condition cause : null
2024-12-11 19:19:35,364 [WARN] ConditionMgr:1038 - genDependencies : Invalid condition id : UX DEVICE CLASS RTOS Condition cause : null
2024-12-11 19:19:35,378 [WARN] PackLoader:238 - Cannot read IP mode file for STMicroelectronics.X-CUBE-GNSS1.7.0.0
2024-12-11 19:19:35,399 [WARN] PackLoader:238 - Cannot read IP mode file for STMicroelectronics.X-CUBE-BLEMGR.1.0.0
2024-12-11 19:19:35,417 [ERROR] Engine:463 - C:\Users\Admin\.stm32cubemx\thirdparties\pdsc\STMicroelectronics.FP-SNS-STBOX1.2.0.0.pdsc: PDSC version is not supported
2024-12-11 19:19:35,465 [WARN] PackLoader:238 - Cannot read IP mode file for STMicroelectronics.X-CUBE-AZRTOS-L5.1.1.0
2024-12-11 19:19:35,531 [WARN] PackLoader:238 - Cannot read IP mode file for STMicroelectronics.X-CUBE-SUBG2.5.0.0
2024-12-11 19:19:35,640 [ERROR] Engine:463 - C:\Users\Admin\.stm32cubemx\thirdparties\pdsc\Cesanta.I-CUBE-Mongoose.7.13.0.pdsc: PDSC version is not supported
2024-12-11 19:19:35,675 [ERROR] Engine:463 - C:\Users\Admin\.stm32cubemx\thirdparties\pdsc\STMicroelectronics.X-CUBE-TOF1.3.3.1.pdsc: PDSC version is not supported
2024-12-11 19:19:35,725 [WARN] PackLoader:238 - Cannot read IP mode file for STMicroelectronics.X-CUBE-AZRTOS-G4.2.0.0
2024-12-11 19:19:35,762 [WARN] PackLoader:238 - Cannot read IP mode file for STMicroelectronics.FP-ATR-ASTRA1.1.1.1
2024-12-11 19:19:35,788 [ERROR] Engine:463 - C:\Users\Admin\.stm32cubemx\thirdparties\pdsc\Infineon.AIROC-Wi-Fi-Bluetooth-STM32.1.5.1.pdsc: PDSC version is not supported
2024-12-11 19:19:35,955 [WARN] PackLoader:238 - Cannot read IP mode file for STMicroelectronics.X-CUBE-AZRTOS-G4.1.0.0
2024-12-11 19:19:36,202 [WARN] PackLoader:238 - Cannot read IP mode file for STMicroelectronics.X-CUBE-AZRTOS-L4.1.0.0
2024-12-11 19:19:36,227 [ERROR] Engine:463 - C:\Users\Admin\.stm32cubemx\thirdparties\pdsc\STMicroelectronics.X-CUBE-ALS.1.0.2.pdsc: PDSC version is not supported
2024-12-11 19:19:36,316 [INFO] DbBoardsPdsc:90 - Found 25 items
2024-12-11 19:19:36,320 [INFO] DbBoardsPdsc:90 - Found 9 items
2024-12-11 19:19:36,372 [INFO] DbBoardsPdsc:90 - Found 33 items
2024-12-11 19:19:36,379 [INFO] DbBoardsPdsc:90 - Found 1 items
2024-12-11 19:19:36,410 [INFO] DbBoardsPdsc:90 - Found 48 items
2024-12-11 19:19:36,415 [WARN] PackLoader:238 - Cannot read IP mode file for STMicroelectronics.X-CUBE-MEMS1.10.0.0
2024-12-11 19:19:36,431 [INFO] DbBoardsPdsc:90 - Found 43 items
2024-12-11 19:19:36,435 [INFO] DbBoardsPdsc:90 - Found 2 items
2024-12-11 19:19:36,441 [INFO] DbBoardsPdsc:90 - Found 5 items
2024-12-11 19:19:36,453 [WARN] DbBoardsPdsc:254 - Board STM32H7B3I-DK: unknown feature type=Audio, name=, username=Audio stereo codec with Headphone Amp (CS42L51-CNZ), n=1
2024-12-11 19:19:36,454 [WARN] DbBoardsPdsc:254 - Board STM32H735G-DK: unknown feature type=Audio, name=, username=Audio stereo codec with Headphone Amp (WM8994ECS/R), n=1
2024-12-11 19:19:36,458 [WARN] DbBoardsPdsc:254 - Board STM32H7B3I-EVAL: unknown feature type=Audio, name=, username=Multi-Channel Audio Codec (CS42L51-CNZ), n=1
2024-12-11 19:19:36,458 [WARN] DbBoardsPdsc:254 - Board STM32H7B3I-EVAL: unknown feature type=Meter, name=, username=Power-metering and Temperature-monitoring with sigma-delta modulators, n=1
2024-12-11 19:19:36,458 [WARN] DbBoardsPdsc:254 - Board STM32H7B3I-EVAL: unknown feature type=Motor, name=, username=Motor Control, n=1
2024-12-11 19:19:36,461 [WARN] DbBoardsPdsc:254 - Board STM32U575I-EV: unknown feature type=joystick, name=, username=4-direction joystick with selection button, n=1
2024-12-11 19:19:36,535 [INFO] DbBoardsJson:86 - JSON generation date=Tue Nov 16 23:17:54 ICT 2021 (1637079474)
2024-12-11 19:19:36,552 [INFO] DbBoards:117 - Found 167 boards (163 are supported by CubeMX)
2024-12-11 19:19:36,560 [INFO] DbBoardsDocs:143 - JSON generation date=Tue Nov 16 23:17:54 ICT 2021 (1637079474)
2024-12-11 19:19:36,573 [INFO] DbBoardsDocs:79 - Found 209 boards documents
2024-12-11 19:19:36,607 [WARN] DbBoards:127 - board B-L475E-IOT01A2 has no document id list !
2024-12-11 19:19:36,615 [WARN] DbBoards:127 - board NUCLEO-H743ZI has no document id list !
2024-12-11 19:19:36,628 [WARN] DbBoards:127 - board NUCLEO-WL55JC2 has no document id list !
2024-12-11 19:19:36,629 [WARN] DbBoards:127 - board P-NUCLEO-WB55-Nucleo has no document id list !
2024-12-11 19:19:36,629 [WARN] DbBoards:127 - board P-NUCLEO-WB55-USBDongle has no document id list !
2024-12-11 19:19:36,629 [WARN] DbBoards:127 - board STEVAL-BFA001V1B has no document id list !
2024-12-11 19:19:36,629 [WARN] DbBoards:127 - board STEVAL-BFA001V2B has no document id list !
2024-12-11 19:19:36,631 [WARN] DbBoards:127 - board STEVAL-IDP005V1 has no document id list !
2024-12-11 19:19:36,631 [WARN] DbBoards:127 - board STEVAL-IDP005V2 has no document id list !
2024-12-11 19:19:36,631 [WARN] DbBoards:127 - board STEVAL-MKSBOX1V1 has no document id list !
2024-12-11 19:19:36,631 [WARN] DbBoards:127 - board STEVAL-STWINKT1 has no document id list !
2024-12-11 19:19:36,631 [WARN] DbBoards:127 - board STEVAL-STWINKT1B has no document id list !
2024-12-11 19:19:36,632 [WARN] DbBoards:127 - board STM32439I-EVAL2 has no document id list !
2024-12-11 19:19:36,633 [WARN] DbBoards:127 - board STM32F401C-DISCO has no document id list !
2024-12-11 19:19:36,634 [WARN] DbBoards:127 - board STM32F769I-DISC1 has no document id list !
2024-12-11 19:19:36,635 [WARN] DbBoards:127 - board STM32G474E-EVAL1 has no document id list !
2024-12-11 19:19:36,636 [WARN] DbBoards:127 - board STM32H743I-EVAL2 has no document id list !
2024-12-11 19:19:36,636 [WARN] DbBoards:127 - board STM32H747I-DISC1 has no document id list !
2024-12-11 19:19:36,637 [WARN] DbBoards:127 - board STM32H753I-EVAL2 has no document id list !
2024-12-11 19:19:36,638 [WARN] DbBoards:127 - board STM32L-DISCOVERY has no document id list !
2024-12-11 19:19:37,128 [ERROR] Engine:463 - C:\Users\Admin\.stm32cubemx\thirdparties\pdsc\STMicroelectronics.X-CUBE-FREERTOS.1.1.0.pdsc: PDSC version is not supported
2024-12-11 19:19:37,141 [WARN] PackLoader:238 - Cannot read IP mode file for STMicroelectronics.X-CUBE-TOUCHGFX.4.24.0
2024-12-11 19:19:37,171 [WARN] PackLoader:238 - Cannot read IP mode file for STMicroelectronics.X-CUBE-AZRTOS-WL.1.0.0
2024-12-11 19:19:37,178 [WARN] PackLoader:238 - Cannot read IP mode file for STMicroelectronics.X-CUBE-TOUCHGFX.4.24.1
2024-12-11 19:19:37,185 [WARN] PackLoader:238 - Cannot read IP mode file for wolfSSL.I-CUBE-wolfTPM.3.4.0
2024-12-11 19:19:37,198 [WARN] PackLoader:238 - Cannot read IP mode file for portGmbH.I-Cube-SoM-uGOAL.1.1.0
2024-12-11 19:19:37,206 [WARN] PackLoader:238 - Cannot read IP mode file for STMicroelectronics.X-CUBE-ALS.1.0.1
2024-12-11 19:19:37,220 [ERROR] DbBoards:189 - Image file not found for board B-U585I-IOT02A: C:\ST\STM32CubeIDE_1.7.0\STM32CubeIDE\plugins\com.st.stm32cube.common.mx_6.3.0.202107141111\\db\/plugins/mcufinder/images/boards/B-U585I-IOT02A_small.jpg
2024-12-11 19:19:37,241 [WARN] PackLoader:238 - Cannot read IP mode file for STMicroelectronics.X-CUBE-AZRTOS-WB.1.1.0
2024-12-11 19:19:37,287 [WARN] PackLoader:238 - Cannot read IP mode file for STMicroelectronics.X-CUBE-AZRTOS-L5.1.0.0
2024-12-11 19:19:37,301 [WARN] PackLoader:238 - Cannot read IP mode file for STMicroelectronics.X-CUBE-EEPRMA1.3.1.1
2024-12-11 19:19:37,368 [WARN] PackLoader:238 - Cannot read IP mode file for STMicroelectronics.X-CUBE-AZRTOS-H7RS.1.0.0
2024-12-11 19:19:37,382 [WARN] PackLoader:238 - Cannot read IP mode file for STMicroelectronics.FP-ATR-ASTRA1.2.0.0
2024-12-11 19:19:37,398 [ERROR] Engine:463 - C:\Users\Admin\.stm32cubemx\thirdparties\pdsc\STMicroelectronics.X-CUBE-TOF1.3.4.2.pdsc: PDSC version is not supported
2024-12-11 19:19:37,403 [WARN] PackLoader:238 - Cannot read IP mode file for wolfSSL.I-CUBE-wolfSSH.1.4.17
2024-12-11 19:19:37,404 [INFO] ThirdParty:915 - Integrity check success = true
2024-12-11 19:19:37,404 [INFO] IntegrityCheckThread:94 - exiting critical section [integrity check]
2024-12-11 19:19:37,404 [INFO] IntegrityCheckThread:97 - End integrity checks thread
2024-12-11 19:19:37,529 [ERROR] DbBoards:189 - Image file not found for board NUCLEO-F413ZH: C:\ST\STM32CubeIDE_1.7.0\STM32CubeIDE\plugins\com.st.stm32cube.common.mx_6.3.0.202107141111\\db\/plugins/mcufinder/images/boards/nucleo-f413zh_small.jpg
2024-12-11 19:19:38,118 [ERROR] DbBoards:189 - Image file not found for board NUCLEO-L552ZE-Q: C:\ST\STM32CubeIDE_1.7.0\STM32CubeIDE\plugins\com.st.stm32cube.common.mx_6.3.0.202107141111\\db\/plugins/mcufinder/images/boards/nucleo_l552ze_q_small.jpg
2024-12-11 19:19:38,119 [ERROR] DbBoards:189 - Image file not found for board NUCLEO-U575ZI-Q: C:\ST\STM32CubeIDE_1.7.0\STM32CubeIDE\plugins\com.st.stm32cube.common.mx_6.3.0.202107141111\\db\/plugins/mcufinder/images/boards/nucleo-u575zi-q_small.jpg
2024-12-11 19:19:38,119 [ERROR] DbBoards:189 - Image file not found for board NUCLEO-WB15CC: C:\ST\STM32CubeIDE_1.7.0\STM32CubeIDE\plugins\com.st.stm32cube.common.mx_6.3.0.202107141111\\db\/plugins/mcufinder/images/boards/nucleo-wb15cc_small.jpg
2024-12-11 19:19:38,119 [ERROR] DbBoards:189 - Image file not found for board NUCLEO-WB55RG: C:\ST\STM32CubeIDE_1.7.0\STM32CubeIDE\plugins\com.st.stm32cube.common.mx_6.3.0.202107141111\\db\/plugins/mcufinder/images/boards/nucleo-wb55rg_small.jpg
2024-12-11 19:19:42,059 [INFO] ApiDb:251 - Load user favorites file C:\Users\Admin/.stm32cubeide/favorites.boards.txt: 0 item(s)
2024-12-11 19:19:42,059 [INFO] ApiDb:255 - User favorites Boards=[]
2024-12-11 19:19:42,060 [INFO] DbBoards:206 - Set 0 / 0 favorites Boards
2024-12-11 19:19:58,449 [INFO] DbMcusDocs:143 - JSON generation date=Tue Nov 16 23:17:54 ICT 2021 (1637079474)
2024-12-11 19:19:58,880 [INFO] DbMcusDocs:79 - Found 682 MCUs documents
2024-12-11 19:20:09,001 [INFO] MainUpdater:2671 - connection check result : 10
2024-12-11 19:20:09,002 [INFO] MainUpdater:2671 - connection check result : 10
2024-12-11 19:20:09,049 [INFO] MicroXplorer:448 - Change Database Path : 
2024-12-11 19:20:09,049 [INFO] MicroXplorer:478 - Change Database Version : DB.6.0.30
2024-12-11 19:20:09,050 [WARN] ThirdParty:813 - waiting for thirdparty lock release [close project]
2024-12-11 19:20:09,050 [INFO] ThirdParty:815 - entering critical section [close project]
2024-12-11 19:20:09,051 [INFO] ThirdParty:825 - exiting critical section [close project]
2024-12-11 19:20:09,056 [INFO] PinOutPanel:1463 - setPackage(No Configuration,No Configuration)
2024-12-11 19:20:09,057 [INFO] UtilMem:74 - Begin LoadConfig() Used Memory: 702592424 Bytes (823132160)
2024-12-11 19:20:09,058 [INFO] MicroXplorer:448 - Change Database Path : 
2024-12-11 19:20:09,058 [INFO] MicroXplorer:478 - Change Database Version : DB.6.0.30
2024-12-11 19:20:09,058 [INFO] OpenFileManager:313 - Change cursor
2024-12-11 19:20:10,792 [INFO] Context:592 - Trying to add GPIOservice into a context  which must be forbidden
2024-12-11 19:20:11,540 [INFO] ImportTextPane:167 - (OptionalMessage_ERROR) Unable to find key (Mcu.ThirdPartyNb) in loaded IOC file
2024-12-11 19:20:11,541 [INFO] ImportTextPane:167 - (OptionalMessage_ERROR) Unable to find key (Mcu.PinsNb) in loaded IOC file
2024-12-11 19:20:11,541 [INFO] ImportTextPane:167 - (OptionalMessage_ERROR) Unable to find key (Mcu.IPNb) in loaded IOC file
2024-12-11 19:20:11,699 [WARN] ApiManager:304 - Cannot register API 'Board Extension:NFC09A1' from pack STMicroelectronics.X-CUBE-NFC9.1.0.0: no header file found
2024-12-11 19:20:11,704 [WARN] ApiManager:304 - Cannot register API 'Board Extension:GNSS1A1' from pack STMicroelectronics.X-CUBE-GNSS1.6.0.0: no header file found
2024-12-11 19:20:11,704 [WARN] ApiManager:304 - Cannot register API 'Board Support:Custom' from pack STMicroelectronics.X-CUBE-GNSS1.6.0.0: no header file found
2024-12-11 19:20:11,705 [WARN] ApiManager:304 - Cannot register API 'Data Exchange:lib_gnss' from pack STMicroelectronics.X-CUBE-GNSS1.6.0.0: no header file found
2024-12-11 19:20:11,725 [WARN] ApiManager:304 - Cannot register API 'Wireless:STM32WB05N' from pack STMicroelectronics.X-CUBE-WB05N.1.1.0: no header file found
2024-12-11 19:20:11,734 [WARN] ApiManager:304 - Cannot register API 'Board Extension:GNSS1A1' from pack STMicroelectronics.X-CUBE-GNSS1.7.0.0: no header file found
2024-12-11 19:20:11,735 [WARN] ApiManager:304 - Cannot register API 'Board Support:Custom' from pack STMicroelectronics.X-CUBE-GNSS1.7.0.0: no header file found
2024-12-11 19:20:11,735 [WARN] ApiManager:304 - Cannot register API 'Data Exchange:lib_gnss' from pack STMicroelectronics.X-CUBE-GNSS1.7.0.0: no header file found
2024-12-11 19:20:12,487 [WARN] ApiManager:304 - Cannot register API 'Board Extension:IKS01A3' from pack STMicroelectronics.X-CUBE-MEMS1.9.4.0: no header file found
2024-12-11 19:20:12,487 [WARN] ApiManager:304 - Cannot register API 'Board Extension:IKS01A2' from pack STMicroelectronics.X-CUBE-MEMS1.9.4.0: no header file found
2024-12-11 19:20:12,487 [WARN] ApiManager:304 - Cannot register API 'Board Extension:IKS02A1' from pack STMicroelectronics.X-CUBE-MEMS1.9.4.0: no header file found
2024-12-11 19:20:13,541 [WARN] ApiManager:304 - Cannot register API 'Board Extension:IKS01A3' from pack STMicroelectronics.X-CUBE-MEMS1.9.6.0: no header file found
2024-12-11 19:20:13,542 [WARN] ApiManager:304 - Cannot register API 'Board Extension:IKS01A2' from pack STMicroelectronics.X-CUBE-MEMS1.9.6.0: no header file found
2024-12-11 19:20:13,542 [WARN] ApiManager:304 - Cannot register API 'Board Extension:IKS02A1' from pack STMicroelectronics.X-CUBE-MEMS1.9.6.0: no header file found
2024-12-11 19:20:13,581 [WARN] ApiManager:304 - Cannot register API 'Board Extension:EEPRMA2' from pack STMicroelectronics.X-CUBE-EEPRMA1.4.2.0: no header file found
2024-12-11 19:20:13,581 [WARN] ApiManager:304 - Cannot register API 'Board Extension:PGEEZ1' from pack STMicroelectronics.X-CUBE-EEPRMA1.4.2.0: no header file found
2024-12-11 19:20:13,582 [WARN] ApiManager:304 - Cannot register API 'Board Part:M24' from pack STMicroelectronics.X-CUBE-EEPRMA1.4.2.0: no header file found
2024-12-11 19:20:13,582 [WARN] ApiManager:304 - Cannot register API 'Board Part:M95' from pack STMicroelectronics.X-CUBE-EEPRMA1.4.2.0: no header file found
2024-12-11 19:20:13,584 [WARN] ApiManager:304 - Cannot register API 'Board Part:M95P32' from pack STMicroelectronics.X-CUBE-EEPRMA1.4.2.0: no header file found
2024-12-11 19:20:13,584 [WARN] ApiManager:304 - Cannot register API 'PGEEZ1:SPI' from pack STMicroelectronics.X-CUBE-EEPRMA1.4.2.0: no header file found
2024-12-11 19:20:13,585 [WARN] ApiManager:304 - Cannot register API 'PGEEZ1:QDSPI' from pack STMicroelectronics.X-CUBE-EEPRMA1.4.2.0: no header file found
2024-12-11 19:20:13,591 [WARN] ApiManager:304 - Cannot register API 'Board Extension:NFC06A1' from pack STMicroelectronics.X-CUBE-NFC6.3.1.0: no header file found
2024-12-11 19:20:13,592 [WARN] ApiManager:304 - Cannot register API 'Board Extension:NFC08A1' from pack STMicroelectronics.X-CUBE-NFC6.3.1.0: no header file found
2024-12-11 19:20:13,596 [WARN] ApiManager:304 - Cannot register API 'Wireless:BlueNRG-MS' from pack STMicroelectronics.X-CUBE-BLE1.6.2.3: no header file found
2024-12-11 19:20:15,100 [WARN] ApiManager:304 - Cannot register API 'Board Extension:IKS01A3' from pack STMicroelectronics.X-CUBE-MEMS1.11.0.0: no header file found
2024-12-11 19:20:15,101 [WARN] ApiManager:304 - Cannot register API 'Board Extension:IKS02A1' from pack STMicroelectronics.X-CUBE-MEMS1.11.0.0: no header file found
2024-12-11 19:20:15,101 [WARN] ApiManager:304 - Cannot register API 'Board Extension:IKS4A1' from pack STMicroelectronics.X-CUBE-MEMS1.11.0.0: no header file found
2024-12-11 19:20:15,174 [WARN] ApiManager:304 - Cannot register API 'Wireless:BlueNRG-MS' from pack STMicroelectronics.X-CUBE-BLE1.6.2.4: no header file found
2024-12-11 19:20:15,184 [INFO] RtosManager:484 - Registered RTOS mode: class=CMSIS, group=RTOS, mode=CMSIS_V1, owner=FREERTOS
2024-12-11 19:20:15,184 [INFO] RtosManager:484 - Registered RTOS mode: class=CMSIS, group=RTOS2, mode=CMSIS_V2, owner=FREERTOS
2024-12-11 19:20:15,185 [INFO] RtosManager:484 - Registered RTOS mode: class=RTOS, group=Core, mode=CMSIS_V1, owner=FREERTOS
2024-12-11 19:20:15,185 [INFO] RtosManager:484 - Registered RTOS mode: class=RTOS, group=Core, mode=CMSIS_V2, owner=FREERTOS
2024-12-11 19:20:15,185 [WARN] ModelIntegratedComponent:181 - Missing modes for component STMicroelectronics:FreeRTOS:0.0.1:STMicroelectronics:RTOS:FreeRTOS:Core:::10.2.0:
2024-12-11 19:20:15,192 [WARN] ApiManager:304 - Cannot register API 'Board Extension:STSAFEA1' from pack STMicroelectronics.X-CUBE-SAFEA1.1.2.2: no header file found
2024-12-11 19:20:15,192 [WARN] ApiManager:304 - Cannot register API 'Board Part:STSAFEA110' from pack STMicroelectronics.X-CUBE-SAFEA1.1.2.2: no header file found
2024-12-11 19:20:15,193 [WARN] ApiManager:304 - Cannot register API 'Security:ST_Cryptolib' from pack STMicroelectronics.X-CUBE-SAFEA1.1.2.2: no header file found
2024-12-11 19:20:15,194 [WARN] ApiManager:304 - Cannot register API 'Security:MbedTLS' from pack STMicroelectronics.X-CUBE-SAFEA1.1.2.2: no header file found
2024-12-11 19:20:15,197 [WARN] ApiManager:304 - Cannot register API 'Board Extension:NFC04A1' from pack STMicroelectronics.X-CUBE-NFC4.3.0.0: no header file found
2024-12-11 19:20:15,218 [WARN] ApiManager:304 - Cannot register API 'Board Extension:S2868A1' from pack STMicroelectronics.X-CUBE-SUBG2.5.0.0: no header file found
2024-12-11 19:20:15,218 [WARN] ApiManager:304 - Cannot register API 'Board Extension:S2868A2' from pack STMicroelectronics.X-CUBE-SUBG2.5.0.0: no header file found
2024-12-11 19:20:15,218 [WARN] ApiManager:304 - Cannot register API 'Board Extension:S2915A1' from pack STMicroelectronics.X-CUBE-SUBG2.5.0.0: no header file found
2024-12-11 19:20:15,222 [WARN] ApiManager:304 - Cannot register API 'Board Extension:NFC04A1' from pack STMicroelectronics.X-CUBE-NFC4.2.0.5: no header file found
2024-12-11 19:20:15,224 [WARN] ApiManager:304 - Cannot register API 'Board Extension:NFC04A1' from pack STMicroelectronics.X-CUBE-NFC4.2.0.4: no header file found
2024-12-11 19:20:15,242 [WARN] ApiManager:304 - Cannot register API 'Board Extension:NFC10A1' from pack STMicroelectronics.X-CUBE-NFC10.1.0.0: no header file found
2024-12-11 19:20:15,268 [WARN] ApiManager:304 - Cannot register API 'Board Extension:EEPRMA2' from pack STMicroelectronics.X-CUBE-EEPRMA1.5.1.0: no header file found
2024-12-11 19:20:15,268 [WARN] ApiManager:304 - Cannot register API 'Board Extension:PGEEZ1' from pack STMicroelectronics.X-CUBE-EEPRMA1.5.1.0: no header file found
2024-12-11 19:20:15,269 [WARN] ApiManager:304 - Cannot register API 'Board Extension:EEICA1' from pack STMicroelectronics.X-CUBE-EEPRMA1.5.1.0: no header file found
2024-12-11 19:20:15,269 [WARN] ApiManager:304 - Cannot register API 'Board Part:M24' from pack STMicroelectronics.X-CUBE-EEPRMA1.5.1.0: no header file found
2024-12-11 19:20:15,270 [WARN] ApiManager:304 - Cannot register API 'Board Part:M95' from pack STMicroelectronics.X-CUBE-EEPRMA1.5.1.0: no header file found
2024-12-11 19:20:15,270 [WARN] ApiManager:304 - Cannot register API 'Board Part:M95P32' from pack STMicroelectronics.X-CUBE-EEPRMA1.5.1.0: no header file found
2024-12-11 19:20:15,270 [WARN] ApiManager:304 - Cannot register API 'Board Part:M24256E-F' from pack STMicroelectronics.X-CUBE-EEPRMA1.5.1.0: no header file found
2024-12-11 19:20:15,271 [WARN] ApiManager:304 - Cannot register API 'Board Part:M24M01E-F' from pack STMicroelectronics.X-CUBE-EEPRMA1.5.1.0: no header file found
2024-12-11 19:20:15,271 [WARN] ApiManager:304 - Cannot register API 'PGEEZ1:SPI' from pack STMicroelectronics.X-CUBE-EEPRMA1.5.1.0: no header file found
2024-12-11 19:20:15,271 [WARN] ApiManager:304 - Cannot register API 'PGEEZ1:QDSPI' from pack STMicroelectronics.X-CUBE-EEPRMA1.5.1.0: no header file found
2024-12-11 19:20:15,276 [WARN] ModelIntegratedComponent:60 - No mode defined for component null
2024-12-11 19:20:15,277 [WARN] ModelIntegratedComponent:60 - No mode defined for component null
2024-12-11 19:20:15,277 [WARN] ModelIntegratedComponent:60 - No mode defined for component null
2024-12-11 19:20:15,278 [WARN] ModelIntegratedComponent:60 - No mode defined for component null
2024-12-11 19:20:15,278 [WARN] ModelIntegratedComponent:60 - No mode defined for component null
2024-12-11 19:20:15,278 [WARN] ModelIntegratedComponent:60 - No mode defined for component null
2024-12-11 19:20:15,281 [WARN] ModelIntegratedComponent:60 - No mode defined for component null
2024-12-11 19:20:15,282 [WARN] ModelIntegratedComponent:60 - No mode defined for component null
2024-12-11 19:20:15,282 [WARN] ModelIntegratedComponent:60 - No mode defined for component null
2024-12-11 19:20:15,283 [WARN] ModelIntegratedComponent:60 - No mode defined for component null
2024-12-11 19:20:15,283 [WARN] ModelIntegratedComponent:60 - No mode defined for component null
2024-12-11 19:20:15,283 [WARN] ModelIntegratedComponent:60 - No mode defined for component null
2024-12-11 19:20:15,284 [WARN] ModelIntegratedComponent:60 - No mode defined for component null
2024-12-11 19:20:15,284 [WARN] ModelIntegratedComponent:60 - No mode defined for component null
2024-12-11 19:20:15,284 [WARN] ModelIntegratedComponent:60 - No mode defined for component null
2024-12-11 19:20:15,285 [WARN] ModelIntegratedComponent:60 - No mode defined for component null
2024-12-11 19:20:15,285 [WARN] ModelIntegratedComponent:60 - No mode defined for component null
2024-12-11 19:20:15,285 [WARN] ModelIntegratedComponent:60 - No mode defined for component null
2024-12-11 19:20:15,285 [WARN] ModelIntegratedComponent:60 - No mode defined for component null
2024-12-11 19:20:15,285 [WARN] ModelIntegratedComponent:60 - No mode defined for component null
2024-12-11 19:20:15,285 [WARN] ModelIntegratedComponent:60 - No mode defined for component null
2024-12-11 19:20:15,285 [WARN] ModelIntegratedComponent:60 - No mode defined for component null
2024-12-11 19:20:15,286 [WARN] ModelIntegratedComponent:60 - No mode defined for component null
2024-12-11 19:20:15,286 [WARN] ModelIntegratedComponent:60 - No mode defined for component null
2024-12-11 19:20:15,286 [WARN] ModelIntegratedComponent:60 - No mode defined for component null
2024-12-11 19:20:15,286 [WARN] ModelIntegratedComponent:60 - No mode defined for component null
2024-12-11 19:20:15,286 [WARN] ModelIntegratedComponent:60 - No mode defined for component null
2024-12-11 19:20:15,287 [WARN] ModelIntegratedComponent:60 - No mode defined for component null
2024-12-11 19:20:15,287 [WARN] ModelIntegratedComponent:60 - No mode defined for component null
2024-12-11 19:20:15,287 [WARN] ModelIntegratedComponent:60 - No mode defined for component null
2024-12-11 19:20:15,287 [WARN] ModelIntegratedComponent:60 - No mode defined for component null
2024-12-11 19:20:16,166 [WARN] ApiManager:304 - Cannot register API 'Board Extension:IKS01A3' from pack STMicroelectronics.X-CUBE-MEMS1.10.0.0: no header file found
2024-12-11 19:20:16,167 [WARN] ApiManager:304 - Cannot register API 'Board Extension:IKS02A1' from pack STMicroelectronics.X-CUBE-MEMS1.10.0.0: no header file found
2024-12-11 19:20:16,168 [WARN] ApiManager:304 - Cannot register API 'Board Extension:IKS4A1' from pack STMicroelectronics.X-CUBE-MEMS1.10.0.0: no header file found
2024-12-11 19:20:16,190 [WARN] ApiManager:304 - Cannot register API 'Board Extension:NFC07A1' from pack STMicroelectronics.X-CUBE-NFC7.1.0.1: no header file found
2024-12-11 19:20:16,192 [WARN] ApiManager:304 - Cannot register API 'Board Extension:NFC07A1' from pack STMicroelectronics.X-CUBE-NFC7.1.0.0: no header file found
2024-12-11 19:20:16,196 [WARN] ApiManager:304 - Cannot register API 'Board Extension:NFC06A1' from pack STMicroelectronics.X-CUBE-NFC6.3.0.0: no header file found
2024-12-11 19:20:16,197 [WARN] ApiManager:304 - Cannot register API 'Board Extension:NFC08A1' from pack STMicroelectronics.X-CUBE-NFC6.3.0.0: no header file found
2024-12-11 19:20:17,419 [WARN] ApiManager:304 - Cannot register API 'Board Extension:IKS01A3' from pack STMicroelectronics.X-CUBE-MEMS1.9.3.0: no header file found
2024-12-11 19:20:17,420 [WARN] ApiManager:304 - Cannot register API 'Board Extension:IKS01A2' from pack STMicroelectronics.X-CUBE-MEMS1.9.3.0: no header file found
2024-12-11 19:20:17,420 [WARN] ApiManager:304 - Cannot register API 'Board Extension:IKS02A1' from pack STMicroelectronics.X-CUBE-MEMS1.9.3.0: no header file found
2024-12-11 19:20:17,432 [WARN] ApiManager:304 - Cannot register API 'Board Extension:EEPRMA1' from pack STMicroelectronics.X-CUBE-EEPRMA1.4.1.0: no header file found
2024-12-11 19:20:17,432 [WARN] ApiManager:304 - Cannot register API 'Board Extension:EEPRMA2' from pack STMicroelectronics.X-CUBE-EEPRMA1.4.1.0: no header file found
2024-12-11 19:20:17,433 [WARN] ApiManager:304 - Cannot register API 'Board Extension:PGEEZ1' from pack STMicroelectronics.X-CUBE-EEPRMA1.4.1.0: no header file found
2024-12-11 19:20:17,433 [WARN] ApiManager:304 - Cannot register API 'Board Part:M24' from pack STMicroelectronics.X-CUBE-EEPRMA1.4.1.0: no header file found
2024-12-11 19:20:17,433 [WARN] ApiManager:304 - Cannot register API 'Board Part:M95' from pack STMicroelectronics.X-CUBE-EEPRMA1.4.1.0: no header file found
2024-12-11 19:20:17,434 [WARN] ApiManager:304 - Cannot register API 'Board Part:M95P32' from pack STMicroelectronics.X-CUBE-EEPRMA1.4.1.0: no header file found
2024-12-11 19:20:17,434 [WARN] ApiManager:304 - Cannot register API 'PGEEZ1:SPI' from pack STMicroelectronics.X-CUBE-EEPRMA1.4.1.0: no header file found
2024-12-11 19:20:17,434 [WARN] ApiManager:304 - Cannot register API 'PGEEZ1:QDSPI' from pack STMicroelectronics.X-CUBE-EEPRMA1.4.1.0: no header file found
2024-12-11 19:20:17,448 [WARN] ApiManager:304 - Cannot register API 'Board Extension:EEPRMA1' from pack STMicroelectronics.X-CUBE-EEPRMA1.3.1.1: no header file found
2024-12-11 19:20:17,449 [WARN] ApiManager:304 - Cannot register API 'Board Extension:EEPRMA2' from pack STMicroelectronics.X-CUBE-EEPRMA1.3.1.1: no header file found
2024-12-11 19:20:17,457 [WARN] ApiManager:304 - Cannot register API 'Board Extension:S2868A1' from pack STMicroelectronics.X-CUBE-SFXS2LP1.4.0.0: no header file found
2024-12-11 19:20:17,458 [WARN] ApiManager:304 - Cannot register API 'Board Extension:S2868A2' from pack STMicroelectronics.X-CUBE-SFXS2LP1.4.0.0: no header file found
2024-12-11 19:20:17,459 [WARN] ApiManager:304 - Cannot register API 'Board Extension:S2915A1' from pack STMicroelectronics.X-CUBE-SFXS2LP1.4.0.0: no header file found
2024-12-11 19:21:30,027 [INFO] UtilMem:74 - End LoadConfig() Used Memory: 726193496 Bytes (823132160)
2024-12-11 19:21:30,030 [WARN] ThirdParty:779 - waiting for thirdparty lock release [change project]
2024-12-11 19:21:30,031 [INFO] ThirdParty:781 - entering critical section [change project]
2024-12-11 19:21:30,031 [INFO] ThirdParty:967 - CMSIS Pack Vendor :STMicroelectronics X-CUBE-ISPU 1.1.0
2024-12-11 19:21:30,031 [INFO] ThirdParty:967 - CMSIS Pack Vendor :STMicroelectronics X-CUBE-AZRTOS-H7 3.3.0
2024-12-11 19:21:30,032 [INFO] ThirdParty:967 - CMSIS Pack Vendor :RoweBots I-CUBE-UNISONRTOS 5.5.0-4
2024-12-11 19:21:30,032 [INFO] ThirdParty:967 - CMSIS Pack Vendor :STMicroelectronics X-CUBE-NFC9 1.0.0
2024-12-11 19:21:30,032 [INFO] ThirdParty:967 - CMSIS Pack Vendor :STMicroelectronics X-CUBE-GNSS1 6.0.0
2024-12-11 19:21:30,032 [INFO] ThirdParty:967 - CMSIS Pack Vendor :STMicroelectronics X-CUBE-AZRTOS-H7 2.1.0
2024-12-11 19:21:30,032 [INFO] ThirdParty:967 - CMSIS Pack Vendor :STMicroelectronics USB_HOST 2.0.0
2024-12-11 19:21:30,033 [INFO] ThirdParty:967 - CMSIS Pack Vendor :STMicroelectronics X-CUBE-AZRTOS-F4 1.1.0
2024-12-11 19:21:30,033 [INFO] ThirdParty:967 - CMSIS Pack Vendor :STMicroelectronics FP-ATR-ASTRA1 2.0.1
2024-12-11 19:21:30,033 [INFO] ThirdParty:967 - CMSIS Pack Vendor :STMicroelectronics X-CUBE-WB05N 1.1.0
2024-12-11 19:21:30,033 [INFO] ThirdParty:967 - CMSIS Pack Vendor :STMicroelectronics USB_DEVICE 3.0.0
2024-12-11 19:21:30,033 [INFO] ThirdParty:967 - CMSIS Pack Vendor :STMicroelectronics X-CUBE-ISPU 2.1.0
2024-12-11 19:21:30,033 [INFO] ThirdParty:967 - CMSIS Pack Vendor :STMicroelectronics X-CUBE-AZRTOS-WB 2.0.0
2024-12-11 19:21:30,033 [INFO] ThirdParty:967 - CMSIS Pack Vendor :STMicroelectronics X-CUBE-GNSS1 7.0.0
2024-12-11 19:21:30,033 [INFO] ThirdParty:967 - CMSIS Pack Vendor :STMicroelectronics X-CUBE-TOUCHGFX 4.21.0
2024-12-11 19:21:30,034 [INFO] ThirdParty:967 - CMSIS Pack Vendor :STMicroelectronics X-CUBE-BLEMGR 1.0.0
2024-12-11 19:21:30,034 [INFO] ThirdParty:967 - CMSIS Pack Vendor :STMicroelectronics X-CUBE-BLEMGR 1.2.0
2024-12-11 19:21:30,034 [INFO] ThirdParty:967 - CMSIS Pack Vendor :STMicroelectronics X-CUBE-AZRTOS-F7 1.1.0
2024-12-11 19:21:30,034 [INFO] ThirdParty:967 - CMSIS Pack Vendor :STMicroelectronics X-CUBE-AZRTOS-L5 2.0.0
2024-12-11 19:21:30,034 [INFO] ThirdParty:967 - CMSIS Pack Vendor :STMicroelectronics X-CUBE-MEMS1 9.4.0
2024-12-11 19:21:30,034 [INFO] ThirdParty:967 - CMSIS Pack Vendor :STMicroelectronics USB_DEVICE 2.0.0
2024-12-11 19:21:30,034 [INFO] ThirdParty:967 - CMSIS Pack Vendor :STMicroelectronics X-CUBE-AI 7.3.0
2024-12-11 19:21:30,035 [INFO] ThirdParty:967 - CMSIS Pack Vendor :STMicroelectronics X-CUBE-MEMS1 9.6.0
2024-12-11 19:21:30,035 [INFO] ThirdParty:967 - CMSIS Pack Vendor :STMicroelectronics X-CUBE-EEPRMA1 4.2.0
2024-12-11 19:21:30,035 [INFO] ThirdParty:967 - CMSIS Pack Vendor :STMicroelectronics X-CUBE-NFC6 3.1.0
2024-12-11 19:21:30,035 [INFO] ThirdParty:967 - CMSIS Pack Vendor :STMicroelectronics X-CUBE-BLE1 6.2.3
2024-12-11 19:21:30,035 [INFO] ThirdParty:967 - CMSIS Pack Vendor :STMicroelectronics X-CUBE-ALGOBUILD 1.3.0
2024-12-11 19:21:30,035 [INFO] ThirdParty:967 - CMSIS Pack Vendor :STMicroelectronics X-CUBE-MEMS1 11.0.0
2024-12-11 19:21:30,035 [INFO] ThirdParty:967 - CMSIS Pack Vendor :STMicroelectronics X-CUBE-BLE1 6.2.4
2024-12-11 19:21:30,035 [INFO] ThirdParty:967 - CMSIS Pack Vendor :STMicroelectronics X-CUBE-AZRTOS-L5 1.1.0
2024-12-11 19:21:30,036 [INFO] ThirdParty:967 - CMSIS Pack Vendor :STMicroelectronics FreeRTOS 0.0.1
2024-12-11 19:21:30,036 [INFO] ThirdParty:967 - CMSIS Pack Vendor :STMicroelectronics X-CUBE-AZRTOS-G0 1.1.0
2024-12-11 19:21:30,036 [INFO] ThirdParty:967 - CMSIS Pack Vendor :STMicroelectronics X-CUBE-BLEMGR 2.0.0
2024-12-11 19:21:30,036 [INFO] ThirdParty:967 - CMSIS Pack Vendor :STMicroelectronics X-CUBE-SAFEA1 1.2.2
2024-12-11 19:21:30,036 [INFO] ThirdParty:967 - CMSIS Pack Vendor :STMicroelectronics X-CUBE-NFC4 3.0.0
2024-12-11 19:21:30,036 [INFO] ThirdParty:967 - CMSIS Pack Vendor :SEGGER I-CUBE-embOS 1.2.0
2024-12-11 19:21:30,036 [INFO] ThirdParty:967 - CMSIS Pack Vendor :STMicroelectronics X-CUBE-SUBG2 5.0.0
2024-12-11 19:21:30,036 [INFO] ThirdParty:967 - CMSIS Pack Vendor :STMicroelectronics lwIP 2.0.3
2024-12-11 19:21:30,037 [INFO] ThirdParty:967 - CMSIS Pack Vendor :STMicroelectronics X-CUBE-NFC4 2.0.5
2024-12-11 19:21:30,037 [INFO] ThirdParty:967 - CMSIS Pack Vendor :STMicroelectronics X-CUBE-NFC4 2.0.4
2024-12-11 19:21:30,037 [INFO] ThirdParty:967 - CMSIS Pack Vendor :STMicroelectronics USB_HOST 1.0.0
2024-12-11 19:21:30,037 [INFO] ThirdParty:967 - CMSIS Pack Vendor :STMicroelectronics X-CUBE-AI 9.0.0
2024-12-11 19:21:30,037 [INFO] ThirdParty:967 - CMSIS Pack Vendor :STMicroelectronics X-CUBE-AZRTOS-G4 2.0.0
2024-12-11 19:21:30,037 [INFO] ThirdParty:967 - CMSIS Pack Vendor :STMicroelectronics PDM2PCM 3.1.0
2024-12-11 19:21:30,037 [INFO] ThirdParty:967 - CMSIS Pack Vendor :STMicroelectronics X-CUBE-AZRTOS-H7 3.1.0
2024-12-11 19:21:30,037 [INFO] ThirdParty:967 - CMSIS Pack Vendor :STMicroelectronics FP-ATR-ASTRA1 1.1.1
2024-12-11 19:21:30,037 [INFO] ThirdParty:967 - CMSIS Pack Vendor :STMicroelectronics PDM2PCM 3.3.0
2024-12-11 19:21:30,037 [INFO] ThirdParty:967 - CMSIS Pack Vendor :STMicroelectronics X-CUBE-TOF1 3.1.0
2024-12-11 19:21:30,037 [INFO] ThirdParty:967 - CMSIS Pack Vendor :STMicroelectronics X-CUBE-BLEMGR 1.3.0
2024-12-11 19:21:30,038 [INFO] ThirdParty:967 - CMSIS Pack Vendor :STMicroelectronics FP-ATR-SIGFOX1 3.2.0
2024-12-11 19:21:30,038 [INFO] ThirdParty:967 - CMSIS Pack Vendor :STMicroelectronics X-CUBE-AZRTOS-G4 1.0.0
2024-12-11 19:21:30,038 [INFO] ThirdParty:967 - CMSIS Pack Vendor :STMicroelectronics X-CUBE-NFC10 1.0.0
2024-12-11 19:21:30,038 [INFO] ThirdParty:967 - CMSIS Pack Vendor :STMicroelectronics X-CUBE-AZRTOS-L4 1.0.0
2024-12-11 19:21:30,038 [INFO] ThirdParty:967 - CMSIS Pack Vendor :wolfSSL I-CUBE-wolfSSL 5.5.0
2024-12-11 19:21:30,038 [INFO] ThirdParty:967 - CMSIS Pack Vendor :STMicroelectronics X-CUBE-EEPRMA1 5.1.0
2024-12-11 19:21:30,038 [INFO] ThirdParty:967 - CMSIS Pack Vendor :STMicroelectronics HAL Drivers 0.0.0
2024-12-11 19:21:30,039 [INFO] ThirdParty:967 - CMSIS Pack Vendor :STMicroelectronics MBEDTLS 2.16.2
2024-12-11 19:21:30,039 [INFO] ThirdParty:967 - CMSIS Pack Vendor :emotas I-CUBE-CANOPEN 1.1.2
2024-12-11 19:21:30,039 [INFO] ThirdParty:967 - CMSIS Pack Vendor :STMicroelectronics X-CUBE-TOUCHGFX 4.20.0
2024-12-11 19:21:30,039 [INFO] ThirdParty:967 - CMSIS Pack Vendor :STMicroelectronics X-CUBE-MEMS1 10.0.0
2024-12-11 19:21:30,039 [INFO] ThirdParty:967 - CMSIS Pack Vendor :STMicroelectronics X-CUBE-NFC7 1.0.1
2024-12-11 19:21:30,039 [INFO] ThirdParty:967 - CMSIS Pack Vendor :STMicroelectronics MBEDTLS 2.14.1
2024-12-11 19:21:30,039 [INFO] ThirdParty:967 - CMSIS Pack Vendor :STMicroelectronics X-CUBE-NFC7 1.0.0
2024-12-11 19:21:30,039 [INFO] ThirdParty:967 - CMSIS Pack Vendor :STMicroelectronics X-CUBE-TOUCHGFX 4.24.0
2024-12-11 19:21:30,040 [INFO] ThirdParty:967 - CMSIS Pack Vendor :STMicroelectronics X-CUBE-TOUCHGFX 4.22.1
2024-12-11 19:21:30,040 [INFO] ThirdParty:967 - CMSIS Pack Vendor :STMicroelectronics X-CUBE-AZRTOS-WL 1.0.0
2024-12-11 19:21:30,040 [INFO] ThirdParty:967 - CMSIS Pack Vendor :STMicroelectronics X-CUBE-TOUCHGFX 4.24.1
2024-12-11 19:21:30,040 [INFO] ThirdParty:967 - CMSIS Pack Vendor :STMicroelectronics X-CUBE-NFC6 3.0.0
2024-12-11 19:21:30,040 [INFO] ThirdParty:967 - CMSIS Pack Vendor :wolfSSL I-CUBE-wolfTPM 3.4.0
2024-12-11 19:21:30,040 [INFO] ThirdParty:967 - CMSIS Pack Vendor :STMicroelectronics X-CUBE-MEMS1 9.3.0
2024-12-11 19:21:30,041 [INFO] ThirdParty:967 - CMSIS Pack Vendor :STMicroelectronics X-CUBE-EEPRMA1 4.1.0
2024-12-11 19:21:30,041 [INFO] ThirdParty:967 - CMSIS Pack Vendor :portGmbH I-Cube-SoM-uGOAL 1.1.0
2024-12-11 19:21:30,041 [INFO] ThirdParty:967 - CMSIS Pack Vendor :STMicroelectronics X-CUBE-ALS 1.0.1
2024-12-11 19:21:30,041 [INFO] ThirdParty:967 - CMSIS Pack Vendor :STMicroelectronics X-CUBE-AI 7.2.0
2024-12-11 19:21:30,041 [INFO] ThirdParty:967 - CMSIS Pack Vendor :STMicroelectronics X-CUBE-AZRTOS-WB 1.1.0
2024-12-11 19:21:30,041 [INFO] ThirdParty:967 - CMSIS Pack Vendor :STMicroelectronics X-CUBE-AZRTOS-WL 2.0.0
2024-12-11 19:21:30,041 [INFO] ThirdParty:967 - CMSIS Pack Vendor :SEGGER I-CUBE-embOS 1.3.1
2024-12-11 19:21:30,041 [INFO] ThirdParty:967 - CMSIS Pack Vendor :STMicroelectronics X-CUBE-ALGOBUILD 1.4.0
2024-12-11 19:21:30,042 [INFO] ThirdParty:967 - CMSIS Pack Vendor :STMicroelectronics X-CUBE-AZRTOS-L5 1.0.0
2024-12-11 19:21:30,042 [INFO] ThirdParty:967 - CMSIS Pack Vendor :STMicroelectronics USB_DEVICE 1.0.0
2024-12-11 19:21:30,042 [INFO] ThirdParty:967 - CMSIS Pack Vendor :STMicroelectronics X-CUBE-AI 8.1.0
2024-12-11 19:21:30,042 [INFO] ThirdParty:967 - CMSIS Pack Vendor :STMicroelectronics X-CUBE-EEPRMA1 3.1.1
2024-12-11 19:21:30,042 [INFO] ThirdParty:967 - CMSIS Pack Vendor :STMicroelectronics X-CUBE-AZRTOS-H7RS 1.0.0
2024-12-11 19:21:30,042 [INFO] ThirdParty:967 - CMSIS Pack Vendor :wolfSSL I-CUBE-wolfMQTT 1.19.0
2024-12-11 19:21:30,042 [INFO] ThirdParty:967 - CMSIS Pack Vendor :STMicroelectronics X-CUBE-AZRTOS-L4 2.0.0
2024-12-11 19:21:30,043 [INFO] ThirdParty:967 - CMSIS Pack Vendor :STMicroelectronics ThreadX 0.0.2
2024-12-11 19:21:30,044 [INFO] ThirdParty:967 - CMSIS Pack Vendor :WES I-CUBE-Cesium 1.3.0
2024-12-11 19:21:30,044 [INFO] ThirdParty:967 - CMSIS Pack Vendor :STMicroelectronics FP-ATR-ASTRA1 2.0.0
2024-12-11 19:21:30,044 [INFO] ThirdParty:967 - CMSIS Pack Vendor :STMicroelectronics lwIP 2.1.2
2024-12-11 19:21:30,044 [INFO] ThirdParty:967 - CMSIS Pack Vendor :STMicroelectronics X-CUBE-SFXS2LP1 4.0.0
2024-12-11 19:21:30,044 [INFO] ThirdParty:967 - CMSIS Pack Vendor :STMicroelectronics X-CUBE-AI 9.1.0
2024-12-11 19:21:30,044 [INFO] ThirdParty:967 - CMSIS Pack Vendor :STMicroelectronics X-CUBE-TOF1 3.2.0
2024-12-11 19:21:30,044 [INFO] ThirdParty:967 - CMSIS Pack Vendor :STMicroelectronics PDM2PCM 3.2.0
2024-12-11 19:21:30,045 [INFO] ThirdParty:967 - CMSIS Pack Vendor :STMicroelectronics X-CUBE-AZRTOS-H7 3.0.0
2024-12-11 19:21:30,045 [INFO] ThirdParty:967 - CMSIS Pack Vendor :wolfSSL I-CUBE-wolfSSH 1.4.17
2024-12-11 19:21:30,045 [INFO] ThirdParty:967 - CMSIS Pack Vendor :STMicroelectronics X-CUBE-ISPU 1.0.0
2024-12-11 19:21:30,045 [INFO] ThirdParty:787 - exiting critical section [change project]
2024-12-11 19:21:30,577 [INFO] PinOutPanel:1463 - setPackage(No Configuration,No Configuration)
2024-12-11 19:21:30,580 [INFO] PinOutPanel:1463 - setPackage(STM32F103C6Tx,LQFP48)
2024-12-11 19:21:31,725 [INFO] UtilMem:74 - Before build in PCC Used Memory: 827848536 Bytes (860880896)
2024-12-11 19:21:33,218 [INFO] UtilMem:74 - After build in PCC Used Memory: 882608456 Bytes (891289600)
2024-12-11 19:21:33,326 [INFO] IPUIPlugin:74 - create IPUIPlugin
2024-12-11 19:21:33,326 [INFO] IPUIPlugin:74 - create IPUIPlugin
2024-12-11 19:21:33,328 [INFO] IPUIPlugin:74 - create IPUIPlugin
2024-12-11 19:21:33,329 [INFO] IPUIPlugin:74 - create IPUIPlugin
2024-12-11 19:21:33,329 [INFO] IPUIPlugin:74 - create IPUIPlugin
2024-12-11 19:21:33,329 [INFO] IPUIPlugin:74 - create IPUIPlugin
2024-12-11 19:21:33,331 [INFO] IPUIPlugin:74 - create IPUIPlugin
2024-12-11 19:21:33,331 [INFO] IPUIPlugin:74 - create IPUIPlugin
2024-12-11 19:21:33,331 [INFO] IPUIPlugin:74 - create IPUIPlugin
2024-12-11 19:21:33,333 [INFO] IPUIPlugin:74 - create IPUIPlugin
2024-12-11 19:21:33,333 [INFO] IPUIPlugin:74 - create IPUIPlugin
2024-12-11 19:21:33,336 [INFO] IPUIPlugin:74 - create IPUIPlugin
2024-12-11 19:21:33,336 [INFO] IPUIPlugin:74 - create IPUIPlugin
2024-12-11 19:21:33,338 [INFO] IPUIPlugin:74 - create IPUIPlugin
2024-12-11 19:21:33,339 [INFO] IPUIPlugin:74 - create IPUIPlugin
2024-12-11 19:21:33,341 [INFO] IPUIPlugin:74 - create IPUIPlugin
2024-12-11 19:21:33,341 [INFO] IPUIPlugin:74 - create IPUIPlugin
2024-12-11 19:21:33,343 [INFO] IPUIPlugin:74 - create IPUIPlugin
2024-12-11 19:21:33,343 [INFO] IPUIPlugin:74 - create IPUIPlugin
2024-12-11 19:21:33,346 [INFO] IPUIPlugin:74 - create IPUIPlugin
2024-12-11 19:21:33,349 [INFO] IPUIPlugin:74 - create IPUIPlugin
2024-12-11 19:21:33,351 [INFO] IPUIPlugin:74 - create IPUIPlugin
2024-12-11 19:21:33,351 [INFO] IPUIPlugin:74 - create IPUIPlugin
2024-12-11 19:21:33,955 [INFO] OpenFileManager:333 - Restore cursor
2024-12-11 19:21:34,892 [INFO] UtilMem:74 - End SaveConfig() Used Memory: 933600056 Bytes (946864128)
2024-12-11 19:21:35,125 [INFO] UtilMem:74 - End SaveConfig() Used Memory: 906807120 Bytes (946864128)
2024-12-11 19:21:35,994 [INFO] BlockDiagram:2740 - set Specific Code input for plugin: NVIC
2024-12-11 19:21:35,994 [INFO] BlockDiagram:2740 - set Specific Code input for plugin: SYS
2024-12-11 19:21:35,994 [INFO] BlockDiagram:2740 - set Specific Code input for plugin: RCC
2024-12-11 19:21:35,997 [INFO] CodeGenerator:663 - code generatio: config db path: C:\ST\STM32CubeIDE_1.7.0\STM32CubeIDE\plugins\com.st.stm32cube.common.mx_6.3.0.202107141111\\db\
2024-12-11 19:21:36,839 [INFO] CodeEngine:239 - oldGeneratedFile, C:\Users\Admin\Desktop\LAB VXL\LAB 1\BAI4\source\EX4\MXTmpFiles\license.tmp_save
2024-12-11 19:21:37,650 [INFO] CodeEngine:257 - Generated code: C:\Users\Admin\Desktop\LAB VXL\LAB 1\BAI4\source\EX4\MXTmpFiles\license.tmp
2024-12-11 19:21:37,877 [INFO] CodeEngine:239 - oldGeneratedFile, C:\Users\Admin\Desktop\LAB VXL\LAB 1\BAI4\source\EX4\Core\Src\stm32f1xx_it.c_save
2024-12-11 19:21:38,335 [INFO] CodeEngine:257 - Generated code: C:\Users\Admin\Desktop\LAB VXL\LAB 1\BAI4\source\EX4\Core\Src\stm32f1xx_it.c
2024-12-11 19:21:38,342 [INFO] CodeEngine:239 - oldGeneratedFile, C:\Users\Admin\Desktop\LAB VXL\LAB 1\BAI4\source\EX4\Core\Inc\stm32f1xx_it.h_save
2024-12-11 19:21:38,516 [INFO] CodeEngine:257 - Generated code: C:\Users\Admin\Desktop\LAB VXL\LAB 1\BAI4\source\EX4\Core\Inc\stm32f1xx_it.h
2024-12-11 19:21:38,541 [INFO] CodeEngine:239 - oldGeneratedFile, C:\Users\Admin\Desktop\LAB VXL\LAB 1\BAI4\source\EX4\Core\Src\stm32f1xx_hal_msp.c_save
2024-12-11 19:21:38,835 [INFO] CodeEngine:257 - Generated code: C:\Users\Admin\Desktop\LAB VXL\LAB 1\BAI4\source\EX4\Core\Src\stm32f1xx_hal_msp.c
2024-12-11 19:21:38,843 [INFO] CodeEngine:239 - oldGeneratedFile, C:\Users\Admin\Desktop\LAB VXL\LAB 1\BAI4\source\EX4\MXTmpFiles\system.tmp_save
2024-12-11 19:21:39,008 [INFO] CodeEngine:257 - Generated code: C:\Users\Admin\Desktop\LAB VXL\LAB 1\BAI4\source\EX4\MXTmpFiles\system.tmp
2024-12-11 19:21:39,031 [INFO] CodeEngine:239 - oldGeneratedFile, C:\Users\Admin\Desktop\LAB VXL\LAB 1\BAI4\source\EX4\Core\Inc\stm32f1xx_hal_conf.h_save
2024-12-11 19:21:39,333 [INFO] CodeEngine:257 - Generated code: C:\Users\Admin\Desktop\LAB VXL\LAB 1\BAI4\source\EX4\Core\Inc\stm32f1xx_hal_conf.h
2024-12-11 19:21:39,447 [INFO] CodeEngine:239 - oldGeneratedFile, C:\Users\Admin\Desktop\LAB VXL\LAB 1\BAI4\source\EX4\Core\Inc\main.h_save
2024-12-11 19:21:39,772 [INFO] CodeEngine:257 - Generated code: C:\Users\Admin\Desktop\LAB VXL\LAB 1\BAI4\source\EX4\Core\Inc\main.h
2024-12-11 19:21:39,777 [INFO] CodeEngine:239 - oldGeneratedFile, C:\Users\Admin\Desktop\LAB VXL\LAB 1\BAI4\source\EX4\Core\Src\main.c_save
2024-12-11 19:21:40,054 [INFO] CodeEngine:257 - Generated code: C:\Users\Admin\Desktop\LAB VXL\LAB 1\BAI4\source\EX4\Core\Src\main.c
2024-12-11 19:21:43,431 [INFO] ProjectBuilder:2578 - Time for Copy HAL[1] : 200mS.
2024-12-11 19:21:43,449 [INFO] ProjectBuilder:3622 - Project Generator version: 3.14.1
2024-12-11 19:21:44,913 [INFO] ConfigFileManager:1271 - The Die is : DIE412
2024-12-11 19:21:44,957 [INFO] ApiDbMcu:468 - Load IP Config File for FATFS
2024-12-11 19:21:45,153 [INFO] ApiDbMcu:468 - Load IP Config File for FREERTOS
2024-12-11 19:21:45,236 [INFO] ApiDbMcu:468 - Load IP Config File for USB_DEVICE
2024-12-11 19:21:55,336 [INFO] ProjectBuilder:3789 - Time for Generating toolchain IDE Files: 11887mS.
2024-12-11 19:21:55,338 [INFO] ProjectBuilder:2457 - Time for Copy CMSIS : 2mS.
2024-12-11 19:21:55,344 [INFO] ProjectBuilder:2457 - Time for Copy CMSIS : 0mS.
2024-12-11 19:21:56,744 [INFO] McuFinderGlobals:52 - Set McuFinderConnectedMode to true
2024-12-11 19:21:56,752 [INFO] ApiDb:276 - Save user favorites file C:\Users\Admin/.stm32cubeide/favorites.mcus.txt: 0 item(s)
2024-12-11 19:21:56,753 [INFO] ApiDb:280 - User favorites MCUs=[]
2024-12-11 19:22:43,174 [INFO] UtilMem:74 - End SaveConfig() Used Memory: 934202616 Bytes (1073741824)
2024-12-11 19:22:46,587 [INFO] UtilMem:74 - End SaveConfig() Used Memory: 955438208 Bytes (1073741824)
2024-12-11 19:22:48,556 [INFO] UtilMem:74 - End SaveConfig() Used Memory: 895887776 Bytes (1073741824)
2024-12-11 19:22:48,951 [INFO] BlockDiagram:2740 - set Specific Code input for plugin: NVIC
2024-12-11 19:22:48,951 [INFO] BlockDiagram:2740 - set Specific Code input for plugin: SYS
2024-12-11 19:22:48,951 [INFO] BlockDiagram:2740 - set Specific Code input for plugin: GPIO
2024-12-11 19:22:48,952 [INFO] BlockDiagram:2740 - set Specific Code input for plugin: RCC
2024-12-11 19:22:48,952 [INFO] CodeGenerator:663 - code generatio: config db path: C:\ST\STM32CubeIDE_1.7.0\STM32CubeIDE\plugins\com.st.stm32cube.common.mx_6.3.0.202107141111\\db\
2024-12-11 19:22:49,437 [INFO] CodeEngine:239 - oldGeneratedFile, C:\Users\Admin\Desktop\LAB VXL\LAB 1\BAI4\source\EX4\MXTmpFiles\license.tmp_save
2024-12-11 19:22:49,592 [INFO] CodeEngine:257 - Generated code: C:\Users\Admin\Desktop\LAB VXL\LAB 1\BAI4\source\EX4\MXTmpFiles\license.tmp
2024-12-11 19:22:49,723 [INFO] CodeEngine:239 - oldGeneratedFile, C:\Users\Admin\Desktop\LAB VXL\LAB 1\BAI4\source\EX4\MXTmpFiles\gpio.tmp_save
2024-12-11 19:22:49,986 [INFO] CodeEngine:257 - Generated code: C:\Users\Admin\Desktop\LAB VXL\LAB 1\BAI4\source\EX4\MXTmpFiles\gpio.tmp
2024-12-11 19:22:50,095 [INFO] CodeEngine:239 - oldGeneratedFile, C:\Users\Admin\Desktop\LAB VXL\LAB 1\BAI4\source\EX4\Core\Src\stm32f1xx_it.c_save
2024-12-11 19:22:50,297 [INFO] CodeEngine:257 - Generated code: C:\Users\Admin\Desktop\LAB VXL\LAB 1\BAI4\source\EX4\Core\Src\stm32f1xx_it.c
2024-12-11 19:22:50,308 [INFO] CodeEngine:239 - oldGeneratedFile, C:\Users\Admin\Desktop\LAB VXL\LAB 1\BAI4\source\EX4\Core\Inc\stm32f1xx_it.h_save
2024-12-11 19:22:50,475 [INFO] CodeEngine:257 - Generated code: C:\Users\Admin\Desktop\LAB VXL\LAB 1\BAI4\source\EX4\Core\Inc\stm32f1xx_it.h
2024-12-11 19:22:50,520 [INFO] CodeEngine:239 - oldGeneratedFile, C:\Users\Admin\Desktop\LAB VXL\LAB 1\BAI4\source\EX4\Core\Src\stm32f1xx_hal_msp.c_save
2024-12-11 19:22:50,713 [INFO] CodeEngine:257 - Generated code: C:\Users\Admin\Desktop\LAB VXL\LAB 1\BAI4\source\EX4\Core\Src\stm32f1xx_hal_msp.c
2024-12-11 19:22:50,718 [INFO] CodeEngine:239 - oldGeneratedFile, C:\Users\Admin\Desktop\LAB VXL\LAB 1\BAI4\source\EX4\MXTmpFiles\system.tmp_save
2024-12-11 19:22:50,820 [INFO] CodeEngine:257 - Generated code: C:\Users\Admin\Desktop\LAB VXL\LAB 1\BAI4\source\EX4\MXTmpFiles\system.tmp
2024-12-11 19:22:50,867 [INFO] CodeEngine:239 - oldGeneratedFile, C:\Users\Admin\Desktop\LAB VXL\LAB 1\BAI4\source\EX4\Core\Inc\stm32f1xx_hal_conf.h_save
2024-12-11 19:22:51,062 [INFO] CodeEngine:257 - Generated code: C:\Users\Admin\Desktop\LAB VXL\LAB 1\BAI4\source\EX4\Core\Inc\stm32f1xx_hal_conf.h
2024-12-11 19:22:51,161 [INFO] CodeEngine:239 - oldGeneratedFile, C:\Users\Admin\Desktop\LAB VXL\LAB 1\BAI4\source\EX4\Core\Inc\main.h_save
2024-12-11 19:22:51,295 [INFO] CodeEngine:257 - Generated code: C:\Users\Admin\Desktop\LAB VXL\LAB 1\BAI4\source\EX4\Core\Inc\main.h
2024-12-11 19:22:51,320 [INFO] CodeEngine:239 - oldGeneratedFile, C:\Users\Admin\Desktop\LAB VXL\LAB 1\BAI4\source\EX4\Core\Src\main.c_save
2024-12-11 19:22:51,587 [INFO] CodeEngine:257 - Generated code: C:\Users\Admin\Desktop\LAB VXL\LAB 1\BAI4\source\EX4\Core\Src\main.c
2024-12-11 19:22:54,557 [INFO] ProjectBuilder:2578 - Time for Copy HAL[1] : 200mS.
2024-12-11 19:22:54,570 [INFO] ProjectBuilder:3622 - Project Generator version: 3.14.1
2024-12-11 19:22:55,774 [INFO] ConfigFileManager:1271 - The Die is : DIE412
2024-12-11 19:23:02,079 [INFO] ProjectBuilder:3789 - Time for Generating toolchain IDE Files: 7509mS.
2024-12-11 19:23:02,081 [INFO] ProjectBuilder:2457 - Time for Copy CMSIS : 2mS.
2024-12-11 19:23:02,086 [INFO] ProjectBuilder:2457 - Time for Copy CMSIS : 0mS.
