2024-12-12 06:33:06,911 [INFO] Activator:177 - 


2024-12-12 06:33:06,911 [INFO] Activator:178 - !SESSION log4j initialized
2024-12-12 06:33:11,953 [INFO] McuFinderGlobals:39 - Set McuFinder mode to 2 (CubeIDE integrated)
2024-12-12 06:33:13,039 [INFO] ApplicationProperties:181 - Using Application install path: C:\ST\STM32CubeIDE_1.7.0\STM32CubeIDE\plugins\com.st.stm32cube.common.mx_6.3.0.202107141111
2024-12-12 06:33:13,065 [INFO] DbMcusXml:74 - Set database path to: C:\ST\STM32CubeIDE_1.7.0\STM32CubeIDE\plugins\com.st.stm32cube.common.mx_6.3.0.202107141111\\db\/mcu/
2024-12-12 06:33:13,070 [INFO] DbBoardsPdsc:56 - Set plugin database path to: C:\ST\STM32CubeIDE_1.7.0\STM32CubeIDE\plugins\com.st.stm32cube.common.mx_6.3.0.202107141111\\db\/plugins/boardmanager/
2024-12-12 06:33:13,070 [INFO] DbMcus:258 - Set plugin images path to: C:\ST\STM32CubeIDE_1.7.0\STM32CubeIDE\plugins\com.st.stm32cube.common.mx_6.3.0.202107141111\\db\/plugins/mcufinder/images/
2024-12-12 06:33:13,070 [INFO] DbBoards:264 - Set plugin images path to: C:\ST\STM32CubeIDE_1.7.0\STM32CubeIDE\plugins\com.st.stm32cube.common.mx_6.3.0.202107141111\\db\/plugins/mcufinder/images/
2024-12-12 06:33:13,077 [INFO] DbExamples:333 - Set plugin images path to: C:\ST\STM32CubeIDE_1.7.0\STM32CubeIDE\plugins\com.st.stm32cube.common.mx_6.3.0.202107141111\\db\/plugins/mcufinder/images/
2024-12-12 06:33:13,093 [INFO] DbMcusAds:119 - Set database path to: C:\Users\Admin\.stmcufinder\plugins\mcufinder//mcu/
2024-12-12 06:33:13,093 [INFO] DbMcusDocs:110 - Set database path to: C:\Users\Admin\.stmcufinder\plugins\mcufinder//mcu/
2024-12-12 06:33:13,100 [INFO] DbMcusJson:64 - Set database path to: C:\Users\Admin\.stmcufinder\plugins\mcufinder//mcu/
2024-12-12 06:33:13,100 [INFO] DbBoardsDocs:110 - Set database path to: C:\Users\Admin\.stmcufinder\plugins\mcufinder//mcu/
2024-12-12 06:33:13,100 [INFO] DbBoardsJson:57 - Set database path to: C:\Users\Admin\.stmcufinder\plugins\mcufinder//mcu/
2024-12-12 06:33:13,939 [INFO] CrossReferenceDbSqlite:196 - Set database path to: C:\Users\Admin\.stmcufinder\plugins\mcufinder//mcu/cs/
2024-12-12 06:33:13,939 [INFO] DbExamplesSqlite:767 - Set database path to: C:\Users\Admin\.stmcufinder\plugins\mcufinder//mcu/
2024-12-12 06:33:14,086 [INFO] RulesReader:57 - Compatibility file has been processed (242 Rules)
2024-12-12 06:33:14,169 [INFO] DbMcusXml:74 - Set database path to: C:\ST\STM32CubeIDE_1.7.0\STM32CubeIDE\plugins\com.st.stm32cube.common.mx_6.3.0.202107141111\\db\/mcu/
2024-12-12 06:33:14,172 [INFO] DbBoardsPdsc:56 - Set plugin database path to: C:\ST\STM32CubeIDE_1.7.0\STM32CubeIDE\plugins\com.st.stm32cube.common.mx_6.3.0.202107141111\\db\/plugins/boardmanager/
2024-12-12 06:33:14,172 [INFO] DbMcus:258 - Set plugin images path to: C:\ST\STM32CubeIDE_1.7.0\STM32CubeIDE\plugins\com.st.stm32cube.common.mx_6.3.0.202107141111\\db\/plugins/mcufinder/images/
2024-12-12 06:33:14,172 [INFO] DbBoards:264 - Set plugin images path to: C:\ST\STM32CubeIDE_1.7.0\STM32CubeIDE\plugins\com.st.stm32cube.common.mx_6.3.0.202107141111\\db\/plugins/mcufinder/images/
2024-12-12 06:33:14,172 [INFO] DbExamples:333 - Set plugin images path to: C:\ST\STM32CubeIDE_1.7.0\STM32CubeIDE\plugins\com.st.stm32cube.common.mx_6.3.0.202107141111\\db\/plugins/mcufinder/images/
2024-12-12 06:33:14,172 [WARN] DbFile:35 - Overriding database path with different value: C:\Users\Admin\.stmcufinder\plugins\mcufinder/ => C:\Users\Admin\.stmcufinder\plugins\mcufinder
2024-12-12 06:33:14,172 [INFO] DbMcusAds:119 - Set database path to: C:\Users\Admin\.stmcufinder\plugins\mcufinder//mcu/
2024-12-12 06:33:14,172 [WARN] DbFile:35 - Overriding database path with different value: C:\Users\Admin\.stmcufinder\plugins\mcufinder/ => C:\Users\Admin\.stmcufinder\plugins\mcufinder
2024-12-12 06:33:14,172 [INFO] DbMcusDocs:110 - Set database path to: C:\Users\Admin\.stmcufinder\plugins\mcufinder//mcu/
2024-12-12 06:33:14,172 [WARN] DbFile:35 - Overriding database path with different value: C:\Users\Admin\.stmcufinder\plugins\mcufinder/ => C:\Users\Admin\.stmcufinder\plugins\mcufinder
2024-12-12 06:33:14,172 [INFO] DbMcusJson:64 - Set database path to: C:\Users\Admin\.stmcufinder\plugins\mcufinder//mcu/
2024-12-12 06:33:14,172 [WARN] DbFile:35 - Overriding database path with different value: C:\Users\Admin\.stmcufinder\plugins\mcufinder/ => C:\Users\Admin\.stmcufinder\plugins\mcufinder
2024-12-12 06:33:14,172 [INFO] DbBoardsDocs:110 - Set database path to: C:\Users\Admin\.stmcufinder\plugins\mcufinder//mcu/
2024-12-12 06:33:14,173 [WARN] DbFile:35 - Overriding database path with different value: C:\Users\Admin\.stmcufinder\plugins\mcufinder/ => C:\Users\Admin\.stmcufinder\plugins\mcufinder
2024-12-12 06:33:14,173 [INFO] DbBoardsJson:57 - Set database path to: C:\Users\Admin\.stmcufinder\plugins\mcufinder//mcu/
2024-12-12 06:33:14,173 [WARN] DbFile:35 - Overriding database path with different value: C:\Users\Admin\.stmcufinder\plugins\mcufinder/ => C:\Users\Admin\.stmcufinder\plugins\mcufinder
2024-12-12 06:33:14,173 [WARN] DbFile:35 - Overriding database path with different value: C:\Users\Admin\.stmcufinder\plugins\mcufinder/ => C:\Users\Admin\.stmcufinder\plugins\mcufinder
2024-12-12 06:33:14,931 [INFO] CrossReferenceDbSqlite:196 - Set database path to: C:\Users\Admin\.stmcufinder\plugins\mcufinder//mcu/cs/
2024-12-12 06:33:14,933 [WARN] DbFile:35 - Overriding database path with different value: C:\Users\Admin\.stmcufinder\plugins\mcufinder/ => C:\Users\Admin\.stmcufinder\plugins\mcufinder
2024-12-12 06:33:14,934 [INFO] DbExamplesSqlite:767 - Set database path to: C:\Users\Admin\.stmcufinder\plugins\mcufinder//mcu/
2024-12-12 06:33:15,166 [INFO] MainPanel:214 - HeapMemory: 268435456
2024-12-12 06:33:15,480 [INFO] DbMcusXml:74 - Set database path to: C:\ST\STM32CubeIDE_1.7.0\STM32CubeIDE\plugins\com.st.stm32cube.common.mx_6.3.0.202107141111\\db\/mcu/
2024-12-12 06:33:15,480 [INFO] DbBoardsPdsc:56 - Set plugin database path to: C:\ST\STM32CubeIDE_1.7.0\STM32CubeIDE\plugins\com.st.stm32cube.common.mx_6.3.0.202107141111\\db\/plugins/boardmanager/
2024-12-12 06:33:15,480 [INFO] DbMcus:258 - Set plugin images path to: C:\ST\STM32CubeIDE_1.7.0\STM32CubeIDE\plugins\com.st.stm32cube.common.mx_6.3.0.202107141111\\db\/plugins/mcufinder/images/
2024-12-12 06:33:15,480 [INFO] DbBoards:264 - Set plugin images path to: C:\ST\STM32CubeIDE_1.7.0\STM32CubeIDE\plugins\com.st.stm32cube.common.mx_6.3.0.202107141111\\db\/plugins/mcufinder/images/
2024-12-12 06:33:15,480 [INFO] DbExamples:333 - Set plugin images path to: C:\ST\STM32CubeIDE_1.7.0\STM32CubeIDE\plugins\com.st.stm32cube.common.mx_6.3.0.202107141111\\db\/plugins/mcufinder/images/
2024-12-12 06:33:15,494 [WARN] DbFile:35 - Overriding database path with different value: C:\Users\Admin\.stmcufinder\plugins\mcufinder/ => C:\Users\Admin\.stmcufinder\plugins\mcufinder
2024-12-12 06:33:15,494 [INFO] DbMcusAds:119 - Set database path to: C:\Users\Admin\.stmcufinder\plugins\mcufinder//mcu/
2024-12-12 06:33:15,494 [WARN] DbFile:35 - Overriding database path with different value: C:\Users\Admin\.stmcufinder\plugins\mcufinder/ => C:\Users\Admin\.stmcufinder\plugins\mcufinder
2024-12-12 06:33:15,494 [INFO] DbMcusDocs:110 - Set database path to: C:\Users\Admin\.stmcufinder\plugins\mcufinder//mcu/
2024-12-12 06:33:15,494 [WARN] DbFile:35 - Overriding database path with different value: C:\Users\Admin\.stmcufinder\plugins\mcufinder/ => C:\Users\Admin\.stmcufinder\plugins\mcufinder
2024-12-12 06:33:15,497 [INFO] DbMcusJson:64 - Set database path to: C:\Users\Admin\.stmcufinder\plugins\mcufinder//mcu/
2024-12-12 06:33:15,498 [WARN] DbFile:35 - Overriding database path with different value: C:\Users\Admin\.stmcufinder\plugins\mcufinder/ => C:\Users\Admin\.stmcufinder\plugins\mcufinder
2024-12-12 06:33:15,498 [INFO] DbBoardsDocs:110 - Set database path to: C:\Users\Admin\.stmcufinder\plugins\mcufinder//mcu/
2024-12-12 06:33:15,498 [WARN] DbFile:35 - Overriding database path with different value: C:\Users\Admin\.stmcufinder\plugins\mcufinder/ => C:\Users\Admin\.stmcufinder\plugins\mcufinder
2024-12-12 06:33:15,498 [INFO] DbBoardsJson:57 - Set database path to: C:\Users\Admin\.stmcufinder\plugins\mcufinder//mcu/
2024-12-12 06:33:15,498 [WARN] DbFile:35 - Overriding database path with different value: C:\Users\Admin\.stmcufinder\plugins\mcufinder/ => C:\Users\Admin\.stmcufinder\plugins\mcufinder
2024-12-12 06:33:15,498 [WARN] DbFile:35 - Overriding database path with different value: C:\Users\Admin\.stmcufinder\plugins\mcufinder/ => C:\Users\Admin\.stmcufinder\plugins\mcufinder
2024-12-12 06:33:16,438 [INFO] CrossReferenceDbSqlite:196 - Set database path to: C:\Users\Admin\.stmcufinder\plugins\mcufinder//mcu/cs/
2024-12-12 06:33:16,438 [WARN] DbFile:35 - Overriding database path with different value: C:\Users\Admin\.stmcufinder\plugins\mcufinder/ => C:\Users\Admin\.stmcufinder\plugins\mcufinder
2024-12-12 06:33:16,438 [INFO] DbExamplesSqlite:767 - Set database path to: C:\Users\Admin\.stmcufinder\plugins\mcufinder//mcu/
2024-12-12 06:33:16,502 [INFO] ApplicationProperties:181 - Using Application install path: C:\ST\STM32CubeIDE_1.7.0\STM32CubeIDE\plugins\com.st.stm32cube.common.mx_6.3.0.202107141111
2024-12-12 06:33:16,502 [INFO] PluginManage:188 - Search for loadable plugins [exclusion list=, ]
2024-12-12 06:33:16,518 [INFO] PluginManage:302 - Check plugin analytics
2024-12-12 06:33:17,571 [INFO] AnalyticsPlugin:257 - Accepted Software Licenses: 
2024-12-12 06:33:17,571 [INFO] AnalyticsPlugin:259 - Accepted CMSIS Pack Licenses: 
2024-12-12 06:33:17,571 [INFO] AnalyticsPlugin:261 - Accepted Firmware Licenses: 
2024-12-12 06:33:17,575 [INFO] PluginManage:352 - Loaded plugin analytics (category:tool,tabindex:-1)
2024-12-12 06:33:17,575 [INFO] PluginManage:302 - Check plugin clock
2024-12-12 06:33:17,590 [INFO] PluginManage:352 - Loaded plugin clock (category:base,tabindex:2)
2024-12-12 06:33:17,590 [INFO] PluginManage:302 - Check plugin ddr
2024-12-12 06:33:17,596 [INFO] PluginManage:352 - Loaded plugin ddr (category:tool,tabindex:6)
2024-12-12 06:33:17,596 [INFO] PluginManage:302 - Check plugin filemanager
2024-12-12 06:33:17,779 [INFO] PluginManage:352 - Loaded plugin filemanager (category:base,tabindex:10)
2024-12-12 06:33:17,779 [INFO] PluginManage:302 - Check plugin ipmanager
2024-12-12 06:33:17,801 [INFO] PluginManage:352 - Loaded plugin ipmanager (category:base,tabindex:5)
2024-12-12 06:33:17,801 [INFO] PluginManage:302 - Check plugin pinoutandconfiguration
2024-12-12 06:33:17,809 [INFO] PluginManage:352 - Loaded plugin pinoutandconfiguration (category:base,tabindex:1)
2024-12-12 06:33:17,809 [INFO] PluginManage:302 - Check plugin pinoutconfig
2024-12-12 06:33:17,856 [INFO] PluginManage:352 - Loaded plugin pinoutconfig (category:base,tabindex:0)
2024-12-12 06:33:17,856 [INFO] PluginManage:302 - Check plugin power
2024-12-12 06:33:17,871 [INFO] PluginManage:352 - Loaded plugin power (category:power,tabindex:4)
2024-12-12 06:33:17,871 [INFO] PluginManage:302 - Check plugin projectmanager
2024-12-12 06:33:17,892 [INFO] PluginManage:352 - Loaded plugin projectmanager (category:projectmanager,tabindex:3)
2024-12-12 06:33:17,892 [INFO] PluginManage:302 - Check plugin thirdparty
2024-12-12 06:33:18,056 [WARN] IntegrityCheckThread:78 - waiting for thirdparty lock release [integrity check]
2024-12-12 06:33:18,056 [INFO] PluginManage:352 - Loaded plugin thirdparty (category:base,tabindex:-1)
2024-12-12 06:33:18,056 [INFO] IntegrityCheckThread:80 - entering critical section [integrity check]
2024-12-12 06:33:18,056 [INFO] PluginManage:302 - Check plugin tools
2024-12-12 06:33:18,056 [INFO] ThirdPartyUpdaterWithRetryManager:66 - Updater plugin not ready yet. [1/15]
2024-12-12 06:33:18,058 [INFO] PluginManage:352 - Loaded plugin tools (category:base,tabindex:7)
2024-12-12 06:33:18,058 [INFO] PluginManage:302 - Check plugin tutovideos
2024-12-12 06:33:18,313 [INFO] PluginManage:352 - Loaded plugin tutovideos (category:base,tabindex:-1)
2024-12-12 06:33:18,313 [INFO] PluginManage:302 - Check plugin updater
2024-12-12 06:33:18,327 [INFO] PluginManage:352 - Loaded plugin updater (category:base,tabindex:12)
2024-12-12 06:33:18,327 [INFO] PluginManage:275 - PluginManage : Loaded plugins [13]
2024-12-12 06:33:18,520 [INFO] PinOutPanel:1463 - setPackage(No Configuration,No Configuration)
2024-12-12 06:33:18,613 [INFO] IPUIPlugin:74 - create IPUIPlugin
2024-12-12 06:33:18,613 [INFO] PluginManager:213 - loadIPPluginJar : add adc
2024-12-12 06:33:18,629 [INFO] IPUIPlugin:74 - create IPUIPlugin
2024-12-12 06:33:18,629 [INFO] PluginManager:213 - loadIPPluginJar : add aes
2024-12-12 06:33:18,629 [INFO] IPUIPlugin:74 - create IPUIPlugin
2024-12-12 06:33:18,629 [INFO] PluginManager:213 - loadIPPluginJar : add can
2024-12-12 06:33:18,629 [INFO] IPUIPlugin:74 - create IPUIPlugin
2024-12-12 06:33:18,629 [INFO] PluginManager:213 - loadIPPluginJar : add comp
2024-12-12 06:33:18,629 [INFO] IPUIPlugin:74 - create IPUIPlugin
2024-12-12 06:33:18,629 [INFO] PluginManager:213 - loadIPPluginJar : add cryp
2024-12-12 06:33:18,646 [INFO] IPUIPlugin:74 - create IPUIPlugin
2024-12-12 06:33:18,646 [INFO] PluginManager:213 - loadIPPluginJar : add dfsdm
2024-12-12 06:33:18,648 [INFO] IPUIPlugin:74 - create IPUIPlugin
2024-12-12 06:33:18,648 [INFO] PluginManager:213 - loadIPPluginJar : add dma
2024-12-12 06:33:18,648 [INFO] IPUIPlugin:74 - create IPUIPlugin
2024-12-12 06:33:18,648 [INFO] PluginManager:213 - loadIPPluginJar : add dma3
2024-12-12 06:33:18,661 [INFO] IPUIPlugin:74 - create IPUIPlugin
2024-12-12 06:33:18,661 [INFO] PluginManager:213 - loadIPPluginJar : add fatfs
2024-12-12 06:33:18,662 [INFO] IPUIPlugin:74 - create IPUIPlugin
2024-12-12 06:33:18,662 [INFO] PluginManager:213 - loadIPPluginJar : add fmc
2024-12-12 06:33:18,662 [INFO] IPUIPlugin:74 - create IPUIPlugin
2024-12-12 06:33:18,662 [INFO] PluginManager:213 - loadIPPluginJar : add freertos
2024-12-12 06:33:18,678 [INFO] IPUIPlugin:74 - create IPUIPlugin
2024-12-12 06:33:18,678 [INFO] PluginManager:213 - loadIPPluginJar : add genericplugin
2024-12-12 06:33:18,678 [INFO] IPUIPlugin:74 - create IPUIPlugin
2024-12-12 06:33:18,678 [INFO] PluginManager:213 - loadIPPluginJar : add gfxmmu
2024-12-12 06:33:18,678 [INFO] IPUIPlugin:74 - create IPUIPlugin
2024-12-12 06:33:18,678 [INFO] PluginManager:213 - loadIPPluginJar : add gic
2024-12-12 06:33:18,697 [INFO] IPUIPlugin:74 - create IPUIPlugin
2024-12-12 06:33:18,697 [INFO] PluginManager:213 - loadIPPluginJar : add gpio
2024-12-12 06:33:18,697 [INFO] IPUIPlugin:74 - create IPUIPlugin
2024-12-12 06:33:18,697 [INFO] PluginManager:213 - loadIPPluginJar : add gtzc
2024-12-12 06:33:18,697 [INFO] IPUIPlugin:74 - create IPUIPlugin
2024-12-12 06:33:18,697 [INFO] PluginManager:213 - loadIPPluginJar : add hash
2024-12-12 06:33:18,697 [INFO] IPUIPlugin:74 - create IPUIPlugin
2024-12-12 06:33:18,697 [INFO] PluginManager:213 - loadIPPluginJar : add i2c
2024-12-12 06:33:18,711 [INFO] IPUIPlugin:74 - create IPUIPlugin
2024-12-12 06:33:18,711 [INFO] PluginManager:213 - loadIPPluginJar : add i2s
2024-12-12 06:33:18,712 [INFO] IPUIPlugin:74 - create IPUIPlugin
2024-12-12 06:33:18,712 [INFO] PluginManager:213 - loadIPPluginJar : add ipddr
2024-12-12 06:33:18,725 [INFO] IPUIPlugin:74 - create IPUIPlugin
2024-12-12 06:33:18,725 [INFO] PluginManager:213 - loadIPPluginJar : add linkedlist
2024-12-12 06:33:18,731 [INFO] IPUIPlugin:74 - create IPUIPlugin
2024-12-12 06:33:18,731 [INFO] PluginManager:213 - loadIPPluginJar : add lorawan
2024-12-12 06:33:18,733 [INFO] IPUIPlugin:74 - create IPUIPlugin
2024-12-12 06:33:18,733 [INFO] PluginManager:213 - loadIPPluginJar : add ltdc
2024-12-12 06:33:18,745 [INFO] IPUIPlugin:74 - create IPUIPlugin
2024-12-12 06:33:18,745 [INFO] PluginManager:213 - loadIPPluginJar : add mdma
2024-12-12 06:33:18,756 [INFO] IPUIPlugin:74 - create IPUIPlugin
2024-12-12 06:33:18,756 [INFO] PluginManager:213 - loadIPPluginJar : add nvic
2024-12-12 06:33:18,776 [INFO] IPUIPlugin:74 - create IPUIPlugin
2024-12-12 06:33:18,776 [INFO] PluginManager:213 - loadIPPluginJar : add opamp
2024-12-12 06:33:18,831 [INFO] IPUIPlugin:74 - create IPUIPlugin
2024-12-12 06:33:18,831 [INFO] PluginManager:213 - loadIPPluginJar : add openamp
2024-12-12 06:33:18,839 [INFO] IPUIPlugin:74 - create IPUIPlugin
2024-12-12 06:33:18,839 [INFO] PluginManager:213 - loadIPPluginJar : add pdm2pcm
2024-12-12 06:33:18,851 [INFO] IPUIPlugin:74 - create IPUIPlugin
2024-12-12 06:33:18,851 [INFO] PluginManager:213 - loadIPPluginJar : add plateformsettings
2024-12-12 06:33:18,851 [INFO] IPUIPlugin:74 - create IPUIPlugin
2024-12-12 06:33:18,851 [INFO] PluginManager:213 - loadIPPluginJar : add quadspi
2024-12-12 06:33:18,867 [INFO] IPUIPlugin:74 - create IPUIPlugin
2024-12-12 06:33:18,867 [INFO] PluginManager:213 - loadIPPluginJar : add resmgrutility
2024-12-12 06:33:18,872 [INFO] IPUIPlugin:74 - create IPUIPlugin
2024-12-12 06:33:18,872 [INFO] PluginManager:213 - loadIPPluginJar : add sai
2024-12-12 06:33:18,883 [INFO] IPUIPlugin:74 - create IPUIPlugin
2024-12-12 06:33:18,883 [INFO] PluginManager:213 - loadIPPluginJar : add spi
2024-12-12 06:33:18,898 [INFO] IPUIPlugin:74 - create IPUIPlugin
2024-12-12 06:33:18,898 [INFO] PluginManager:213 - loadIPPluginJar : add stm32_wpan
2024-12-12 06:33:18,901 [INFO] IPUIPlugin:74 - create IPUIPlugin
2024-12-12 06:33:18,902 [INFO] PluginManager:213 - loadIPPluginJar : add tim
2024-12-12 06:33:18,907 [INFO] IPUIPlugin:74 - create IPUIPlugin
2024-12-12 06:33:18,907 [INFO] PluginManager:213 - loadIPPluginJar : add touchsensing
2024-12-12 06:33:18,909 [INFO] IPUIPlugin:74 - create IPUIPlugin
2024-12-12 06:33:18,909 [INFO] PluginManager:213 - loadIPPluginJar : add tracer_emb
2024-12-12 06:33:18,916 [INFO] IPUIPlugin:74 - create IPUIPlugin
2024-12-12 06:33:18,916 [INFO] PluginManager:213 - loadIPPluginJar : add ts
2024-12-12 06:33:18,918 [INFO] IPUIPlugin:74 - create IPUIPlugin
2024-12-12 06:33:18,920 [INFO] PluginManager:213 - loadIPPluginJar : add tsc
2024-12-12 06:33:18,921 [INFO] IPUIPlugin:74 - create IPUIPlugin
2024-12-12 06:33:18,921 [INFO] PluginManager:213 - loadIPPluginJar : add ucpd
2024-12-12 06:33:18,921 [INFO] IPUIPlugin:74 - create IPUIPlugin
2024-12-12 06:33:18,929 [INFO] PluginManager:213 - loadIPPluginJar : add usart
2024-12-12 06:33:18,933 [INFO] IPUIPlugin:74 - create IPUIPlugin
2024-12-12 06:33:18,933 [INFO] PluginManager:213 - loadIPPluginJar : add usbx
2024-12-12 06:33:19,380 [FATAL] Updater:294 - Updater called before beeing initialized
2024-12-12 06:33:19,562 [FATAL] Updater:294 - Updater called before beeing initialized
2024-12-12 06:33:19,566 [INFO] DbMcusAds:47 - JSON generation date=Fri Sep 20 20:04:23 ICT 2024 (1726837463113)
2024-12-12 06:33:19,566 [FATAL] Updater:294 - Updater called before beeing initialized
2024-12-12 06:33:19,633 [WARN] DetailPanel:314 - Failed to get advertising image, set to default
2024-12-12 06:33:19,760 [FATAL] Updater:294 - Updater called before beeing initialized
2024-12-12 06:33:19,770 [FATAL] Updater:294 - Updater called before beeing initialized
2024-12-12 06:33:19,770 [FATAL] Updater:294 - Updater called before beeing initialized
2024-12-12 06:33:19,770 [WARN] DetailPanel:314 - Failed to get advertising image, set to default
2024-12-12 06:33:19,774 [FATAL] Updater:294 - Updater called before beeing initialized
2024-12-12 06:33:19,854 [ERROR] Updater:1075 - MainUpdater not yet initialized. External WinMGr cannot be set.
2024-12-12 06:33:19,861 [INFO] Updater:1012 - Updater Version found : 6.3.0
2024-12-12 06:33:19,897 [INFO] ApplicationProperties:181 - Using Application install path: C:\ST\STM32CubeIDE_1.7.0\STM32CubeIDE\plugins\com.st.stm32cube.common.mx_6.3.0.202107141111
2024-12-12 06:33:20,906 [INFO] MainUpdater:2671 - connection check result : 10
2024-12-12 06:33:20,906 [INFO] MainUpdater:265 - Updater Check For Update Now.
2024-12-12 06:33:20,909 [INFO] MicroXplorer:478 - Change Database Version : DB.6.0.30
2024-12-12 06:33:21,070 [WARN] MainUpdater:1122 - Updater busy. Cannot search thirdparties
2024-12-12 06:33:21,070 [INFO] ThirdPartyUpdaterWithRetryManager:92 - Updater plugin is busy. [1/15]
2024-12-12 06:33:21,128 [INFO] CheckServerUpdateThread:112 - End of CheckServer Thread
2024-12-12 06:33:21,144 [INFO] MainUpdater:2671 - connection check result : 10
2024-12-12 06:33:21,470 [INFO] McuFinderGlobals:52 - Set McuFinderConnectedMode to false
2024-12-12 06:33:21,614 [INFO] CrossSelectorPresenter:1330 - Cross Selector saved comparison directory: C:\Users\Admin\.stmcufinder\plugins\mcufinder\mcu\cs_comparisons_mx
2024-12-12 06:33:21,618 [INFO] MultiScanPanel:197 - Auto-refresh data requested => check proxy status ongoing
2024-12-12 06:33:21,618 [INFO] MultiScanPanel:201 - Proxy status is invalid
2024-12-12 06:33:21,624 [INFO] FinderPluginLoader:87 - Searching for filters in installed packs
2024-12-12 06:33:21,626 [INFO] DbMcusXml:100 - Load MCU database from C:\ST\STM32CubeIDE_1.7.0\STM32CubeIDE\plugins\com.st.stm32cube.common.mx_6.3.0.202107141111\\db\/mcu/families.xml
2024-12-12 06:33:22,989 [INFO] DbMcusJson:93 - JSON generation date=Tue Nov 16 23:17:54 ICT 2021 (1637079474)
2024-12-12 06:33:24,121 [INFO] DbMcus:175 - Found 1951 MCUs (1903 are supported by CubeMX, 1914 are visible in CubeMX)
2024-12-12 06:33:24,121 [INFO] ApiDb:251 - Load user favorites file C:\Users\Admin/.stm32cubeide/favorites.mcus.txt: 0 item(s)
2024-12-12 06:33:24,121 [INFO] ApiDb:255 - User favorites MCUs=[]
2024-12-12 06:33:24,124 [INFO] DbMcus:187 - Set 0 / 0 favorites MCUs
2024-12-12 06:33:24,378 [ERROR] Engine:463 - C:\Users\Admin\.stm32cubemx\thirdparties\pdsc\STMicroelectronics.FP-SNS-MOTENVWB1.1.4.0.pdsc: PDSC version is not supported
2024-12-12 06:33:24,409 [WARN] PackLoader:238 - Cannot read IP mode file for STMicroelectronics.FP-ATR-ASTRA1.2.0.1
2024-12-12 06:33:24,418 [ERROR] Engine:463 - C:\Users\Admin\.stm32cubemx\thirdparties\pdsc\STMicroelectronics.X-CUBE-SMBUS.2.1.0.pdsc: PDSC version is not supported
2024-12-12 06:33:24,442 [WARN] PackLoader:238 - Cannot read IP mode file for STMicroelectronics.X-CUBE-WB05N.1.1.0
2024-12-12 06:33:24,487 [WARN] PackLoader:238 - Cannot read IP mode file for STMicroelectronics.X-CUBE-AZRTOS-F7.1.1.0
2024-12-12 06:33:24,499 [ERROR] Engine:463 - C:\Users\Admin\.stm32cubemx\thirdparties\pdsc\STMicroelectronics.FP-SNS-MOTENV1.4.3.2.pdsc: PDSC version is not supported
2024-12-12 06:33:24,506 [WARN] PackLoader:238 - Cannot read IP mode file for STMicroelectronics.X-CUBE-BLE1.6.2.3
2024-12-12 06:33:24,628 [WARN] PackLoader:238 - Cannot read IP mode file for STMicroelectronics.X-CUBE-MEMS1.11.0.0
2024-12-12 06:33:25,137 [INFO] DetailPanel:309 - Set advertising image to C:/Users/Admin/STM32Cube/Repository/\en.prom-stm32c071-usb-memories-mcu-finder.png
2024-12-12 06:33:25,145 [WARN] PackLoader:238 - Cannot read IP mode file for STMicroelectronics.X-CUBE-BLE1.6.2.4
2024-12-12 06:33:25,182 [WARN] PackLoader:238 - Cannot read IP mode file for STMicroelectronics.X-CUBE-TOF1.3.1.0
2024-12-12 06:33:25,221 [WARN] PackLoader:238 - Cannot read IP mode file for STMicroelectronics.X-CUBE-NFC10.1.0.0
2024-12-12 06:33:25,239 [ERROR] Engine:463 - C:\Users\Admin\.stm32cubemx\thirdparties\pdsc\STMicroelectronics.X-CUBE-BLEMGR.4.0.0.pdsc: PDSC version is not supported
2024-12-12 06:33:25,248 [WARN] PackLoader:238 - Cannot read IP mode file for STMicroelectronics.X-CUBE-TOUCHGFX.4.22.1
2024-12-12 06:33:25,381 [WARN] PackLoader:238 - Cannot read IP mode file for STMicroelectronics.X-CUBE-MEMS1.9.3.0
2024-12-12 06:33:25,889 [WARN] PackLoader:238 - Cannot read IP mode file for STMicroelectronics.X-CUBE-AI.7.2.0
2024-12-12 06:33:25,896 [ERROR] Engine:463 - C:\Users\Admin\.stm32cubemx\thirdparties\pdsc\STMicroelectronics.X-CUBE-BLEMGR.3.1.0.pdsc: PDSC version is not supported
2024-12-12 06:33:25,931 [INFO] LogOutputStream:76 - [STDOUT_REDIRECT] 1 : Invalid condition id : UX_CORESTACK_Condition cause : null
2024-12-12 06:33:25,934 [INFO] LogOutputStream:76 - [STDOUT_REDIRECT] 1 : Invalid condition id : UX_CORESTACK_Condition cause : null
2024-12-12 06:33:25,937 [INFO] LogOutputStream:76 - [STDOUT_REDIRECT] 1 : Invalid condition id : UX_CORESTACK_Condition cause : null
2024-12-12 06:33:25,938 [INFO] LogOutputStream:76 - [STDOUT_REDIRECT] 1 : Invalid condition id : UX_CORESTACK_Condition cause : null
2024-12-12 06:33:25,939 [INFO] LogOutputStream:76 - [STDOUT_REDIRECT] 1 : Invalid condition id : UX_CORESTACK_Condition cause : null
2024-12-12 06:33:25,949 [WARN] PackLoader:238 - Cannot read IP mode file for STMicroelectronics.X-CUBE-AZRTOS-WL.2.0.0
2024-12-12 06:33:25,958 [ERROR] Engine:463 - C:\Users\Admin\.stm32cubemx\thirdparties\pdsc\STMicroelectronics.FP-SNS-MOTENV1.5.0.0.pdsc: PDSC version is not supported
2024-12-12 06:33:25,966 [WARN] PackLoader:238 - Cannot read IP mode file for wolfSSL.I-CUBE-wolfMQTT.1.19.0
2024-12-12 06:33:25,999 [WARN] PackLoader:238 - Cannot read IP mode file for WES.I-CUBE-Cesium.1.3.0
2024-12-12 06:33:26,030 [WARN] PackLoader:238 - Cannot read IP mode file for STMicroelectronics.X-CUBE-TOF1.3.2.0
2024-12-12 06:33:26,050 [WARN] PackLoader:238 - Cannot read IP mode file for STMicroelectronics.X-CUBE-ISPU.1.0.0
2024-12-12 06:33:26,062 [WARN] PackLoader:238 - Cannot read IP mode file for STMicroelectronics.X-CUBE-NFC9.1.0.0
2024-12-12 06:33:26,106 [WARN] PackLoader:238 - Cannot read IP mode file for STMicroelectronics.X-CUBE-AZRTOS-H7.2.1.0
2024-12-12 06:33:26,119 [ERROR] Engine:463 - C:\Users\Admin\.stm32cubemx\thirdparties\pdsc\STMicroelectronics.X-CUBE-TCPP.4.1.0.pdsc: PDSC version is not supported
2024-12-12 06:33:26,125 [WARN] PackLoader:238 - Cannot read IP mode file for STMicroelectronics.X-CUBE-TOUCHGFX.4.21.0
2024-12-12 06:33:26,213 [WARN] PackLoader:238 - Cannot read IP mode file for STMicroelectronics.X-CUBE-MEMS1.9.4.0
2024-12-12 06:33:26,213 [INFO] DbBoardsPdsc:90 - Found 25 items
2024-12-12 06:33:26,215 [INFO] DbBoardsPdsc:90 - Found 9 items
2024-12-12 06:33:26,220 [INFO] DbBoardsPdsc:90 - Found 33 items
2024-12-12 06:33:26,220 [INFO] DbBoardsPdsc:90 - Found 1 items
2024-12-12 06:33:26,228 [INFO] DbBoardsPdsc:90 - Found 48 items
2024-12-12 06:33:26,235 [INFO] DbBoardsPdsc:90 - Found 43 items
2024-12-12 06:33:26,238 [INFO] DbBoardsPdsc:90 - Found 2 items
2024-12-12 06:33:26,239 [INFO] DbBoardsPdsc:90 - Found 5 items
2024-12-12 06:33:26,262 [WARN] DbBoardsPdsc:254 - Board STM32H7B3I-DK: unknown feature type=Audio, name=, username=Audio stereo codec with Headphone Amp (CS42L51-CNZ), n=1
2024-12-12 06:33:26,263 [WARN] DbBoardsPdsc:254 - Board STM32H735G-DK: unknown feature type=Audio, name=, username=Audio stereo codec with Headphone Amp (WM8994ECS/R), n=1
2024-12-12 06:33:26,266 [WARN] DbBoardsPdsc:254 - Board STM32H7B3I-EVAL: unknown feature type=Audio, name=, username=Multi-Channel Audio Codec (CS42L51-CNZ), n=1
2024-12-12 06:33:26,266 [WARN] DbBoardsPdsc:254 - Board STM32H7B3I-EVAL: unknown feature type=Meter, name=, username=Power-metering and Temperature-monitoring with sigma-delta modulators, n=1
2024-12-12 06:33:26,266 [WARN] DbBoardsPdsc:254 - Board STM32H7B3I-EVAL: unknown feature type=Motor, name=, username=Motor Control, n=1
2024-12-12 06:33:26,266 [WARN] DbBoardsPdsc:254 - Board STM32U575I-EV: unknown feature type=joystick, name=, username=4-direction joystick with selection button, n=1
2024-12-12 06:33:26,312 [INFO] DbBoardsJson:86 - JSON generation date=Tue Nov 16 23:17:54 ICT 2021 (1637079474)
2024-12-12 06:33:26,323 [INFO] DbBoards:117 - Found 167 boards (163 are supported by CubeMX)
2024-12-12 06:33:26,328 [INFO] DbBoardsDocs:143 - JSON generation date=Tue Nov 16 23:17:54 ICT 2021 (1637079474)
2024-12-12 06:33:26,335 [INFO] DbBoardsDocs:79 - Found 209 boards documents
2024-12-12 06:33:26,335 [WARN] DbBoards:127 - board B-L475E-IOT01A2 has no document id list !
2024-12-12 06:33:26,335 [WARN] DbBoards:127 - board NUCLEO-H743ZI has no document id list !
2024-12-12 06:33:26,338 [WARN] DbBoards:127 - board NUCLEO-WL55JC2 has no document id list !
2024-12-12 06:33:26,338 [WARN] DbBoards:127 - board P-NUCLEO-WB55-Nucleo has no document id list !
2024-12-12 06:33:26,340 [WARN] DbBoards:127 - board P-NUCLEO-WB55-USBDongle has no document id list !
2024-12-12 06:33:26,340 [WARN] DbBoards:127 - board STEVAL-BFA001V1B has no document id list !
2024-12-12 06:33:26,340 [WARN] DbBoards:127 - board STEVAL-BFA001V2B has no document id list !
2024-12-12 06:33:26,340 [WARN] DbBoards:127 - board STEVAL-IDP005V1 has no document id list !
2024-12-12 06:33:26,340 [WARN] DbBoards:127 - board STEVAL-IDP005V2 has no document id list !
2024-12-12 06:33:26,340 [WARN] DbBoards:127 - board STEVAL-MKSBOX1V1 has no document id list !
2024-12-12 06:33:26,340 [WARN] DbBoards:127 - board STEVAL-STWINKT1 has no document id list !
2024-12-12 06:33:26,340 [WARN] DbBoards:127 - board STEVAL-STWINKT1B has no document id list !
2024-12-12 06:33:26,340 [WARN] DbBoards:127 - board STM32439I-EVAL2 has no document id list !
2024-12-12 06:33:26,341 [WARN] DbBoards:127 - board STM32F401C-DISCO has no document id list !
2024-12-12 06:33:26,341 [WARN] DbBoards:127 - board STM32F769I-DISC1 has no document id list !
2024-12-12 06:33:26,341 [WARN] DbBoards:127 - board STM32G474E-EVAL1 has no document id list !
2024-12-12 06:33:26,341 [WARN] DbBoards:127 - board STM32H743I-EVAL2 has no document id list !
2024-12-12 06:33:26,344 [WARN] DbBoards:127 - board STM32H747I-DISC1 has no document id list !
2024-12-12 06:33:26,344 [WARN] DbBoards:127 - board STM32H753I-EVAL2 has no document id list !
2024-12-12 06:33:26,344 [WARN] DbBoards:127 - board STM32L-DISCOVERY has no document id list !
2024-12-12 06:33:26,496 [WARN] PackLoader:238 - Cannot read IP mode file for STMicroelectronics.X-CUBE-AI.7.3.0
2024-12-12 06:33:26,501 [WARN] PackLoader:238 - Cannot read IP mode file for STMicroelectronics.X-CUBE-ALGOBUILD.1.3.0
2024-12-12 06:33:26,539 [WARN] PackLoader:238 - Cannot read IP mode file for STMicroelectronics.X-CUBE-AZRTOS-G0.1.1.0
2024-12-12 06:33:26,549 [WARN] PackLoader:238 - Cannot read IP mode file for STMicroelectronics.X-CUBE-SAFEA1.1.2.2
2024-12-12 06:33:26,554 [WARN] PackLoader:238 - Cannot read IP mode file for STMicroelectronics.X-CUBE-NFC4.3.0.0
2024-12-12 06:33:26,565 [ERROR] DbBoards:189 - Image file not found for board B-U585I-IOT02A: C:\ST\STM32CubeIDE_1.7.0\STM32CubeIDE\plugins\com.st.stm32cube.common.mx_6.3.0.202107141111\\db\/plugins/mcufinder/images/boards/B-U585I-IOT02A_small.jpg
2024-12-12 06:33:26,605 [WARN] PackLoader:238 - Cannot read IP mode file for SEGGER.I-CUBE-embOS.1.2.0
2024-12-12 06:33:26,670 [ERROR] Engine:463 - C:\Users\Admin\.stm32cubemx\thirdparties\pdsc\EmbeddedOffice.I-CUBE-FS-RTOS.1.0.1.pdsc: PDSC version is not supported
2024-12-12 06:33:26,683 [WARN] PackLoader:238 - Cannot read IP mode file for STMicroelectronics.X-CUBE-BLEMGR.1.3.0
2024-12-12 06:33:26,691 [ERROR] Engine:463 - C:\Users\Admin\.stm32cubemx\thirdparties\pdsc\RealThread.X-CUBE-RT-Thread_Nano.4.1.1.pdsc: PDSC version is not supported
2024-12-12 06:33:26,698 [WARN] PackLoader:238 - Cannot read IP mode file for STMicroelectronics.FP-ATR-SIGFOX1.3.2.0
2024-12-12 06:33:26,700 [ERROR] Engine:463 - C:\Users\Admin\.stm32cubemx\thirdparties\pdsc\quantropi.X-CUBE-qispace-sdk-base.1.9.3.pdsc: PDSC version is not supported
2024-12-12 06:33:26,707 [WARN] PackLoader:238 - Cannot read IP mode file for STMicroelectronics.X-CUBE-EEPRMA1.5.1.0
2024-12-12 06:33:26,722 [WARN] PackLoader:238 - Cannot read IP mode file for emotas.I-CUBE-CANOPEN.1.1.2
2024-12-12 06:33:26,726 [WARN] PackLoader:238 - Cannot read IP mode file for STMicroelectronics.X-CUBE-TOUCHGFX.4.20.0
2024-12-12 06:33:26,747 [ERROR] DbBoards:189 - Image file not found for board NUCLEO-F413ZH: C:\ST\STM32CubeIDE_1.7.0\STM32CubeIDE\plugins\com.st.stm32cube.common.mx_6.3.0.202107141111\\db\/plugins/mcufinder/images/boards/nucleo-f413zh_small.jpg
2024-12-12 06:33:26,768 [WARN] PackLoader:238 - Cannot read IP mode file for SEGGER.I-CUBE-embOS.1.3.1
2024-12-12 06:33:26,841 [WARN] PackLoader:238 - Cannot read IP mode file for STMicroelectronics.X-CUBE-ALGOBUILD.1.4.0
2024-12-12 06:33:26,848 [WARN] PackLoader:238 - Cannot read IP mode file for STMicroelectronics.X-CUBE-AI.9.1.0
2024-12-12 06:33:26,855 [WARN] PackLoader:238 - Cannot read IP mode file for STMicroelectronics.X-CUBE-GNSS1.6.0.0
2024-12-12 06:33:26,884 [WARN] PackLoader:238 - Cannot read IP mode file for STMicroelectronics.X-CUBE-AZRTOS-F4.1.1.0
2024-12-12 06:33:26,892 [WARN] PackLoader:238 - Cannot read IP mode file for STMicroelectronics.X-CUBE-ISPU.2.1.0
2024-12-12 06:33:26,898 [ERROR] Engine:463 - C:\Users\Admin\.stm32cubemx\thirdparties\pdsc\STMicroelectronics.X-CUBE-FREERTOS.1.2.0.pdsc: PDSC version is not supported
2024-12-12 06:33:26,905 [WARN] PackLoader:238 - Cannot read IP mode file for STMicroelectronics.X-CUBE-BLEMGR.1.2.0
2024-12-12 06:33:26,949 [WARN] PackLoader:238 - Cannot read IP mode file for STMicroelectronics.X-CUBE-AZRTOS-L5.2.0.0
2024-12-12 06:33:27,051 [WARN] PackLoader:238 - Cannot read IP mode file for STMicroelectronics.X-CUBE-MEMS1.9.6.0
2024-12-12 06:33:27,188 [ERROR] DbBoards:189 - Image file not found for board NUCLEO-L552ZE-Q: C:\ST\STM32CubeIDE_1.7.0\STM32CubeIDE\plugins\com.st.stm32cube.common.mx_6.3.0.202107141111\\db\/plugins/mcufinder/images/boards/nucleo_l552ze_q_small.jpg
2024-12-12 06:33:27,189 [ERROR] DbBoards:189 - Image file not found for board NUCLEO-U575ZI-Q: C:\ST\STM32CubeIDE_1.7.0\STM32CubeIDE\plugins\com.st.stm32cube.common.mx_6.3.0.202107141111\\db\/plugins/mcufinder/images/boards/nucleo-u575zi-q_small.jpg
2024-12-12 06:33:27,189 [ERROR] DbBoards:189 - Image file not found for board NUCLEO-WB15CC: C:\ST\STM32CubeIDE_1.7.0\STM32CubeIDE\plugins\com.st.stm32cube.common.mx_6.3.0.202107141111\\db\/plugins/mcufinder/images/boards/nucleo-wb15cc_small.jpg
2024-12-12 06:33:27,189 [ERROR] DbBoards:189 - Image file not found for board NUCLEO-WB55RG: C:\ST\STM32CubeIDE_1.7.0\STM32CubeIDE\plugins\com.st.stm32cube.common.mx_6.3.0.202107141111\\db\/plugins/mcufinder/images/boards/nucleo-wb55rg_small.jpg
2024-12-12 06:33:27,508 [WARN] PackLoader:238 - Cannot read IP mode file for STMicroelectronics.X-CUBE-EEPRMA1.4.2.0
2024-12-12 06:33:27,526 [WARN] PackLoader:238 - Cannot read IP mode file for STMicroelectronics.X-CUBE-NFC6.3.1.0
2024-12-12 06:33:27,536 [ERROR] Engine:463 - C:\Users\Admin\.stm32cubemx\thirdparties\pdsc\ITTIA_DB.I-CUBE-ITTIADB.8.8.0.pdsc: PDSC version is not supported
2024-12-12 06:33:27,554 [WARN] PackLoader:238 - Cannot read IP mode file for STMicroelectronics.X-CUBE-BLEMGR.2.0.0
2024-12-12 06:33:27,564 [ERROR] Engine:463 - C:\Users\Admin\.stm32cubemx\thirdparties\pdsc\STMicroelectronics.X-CUBE-DPower.1.2.0.pdsc: PDSC version is not supported
2024-12-12 06:33:27,571 [WARN] PackLoader:238 - Cannot read IP mode file for STMicroelectronics.X-CUBE-NFC4.2.0.5
2024-12-12 06:33:27,582 [WARN] PackLoader:238 - Cannot read IP mode file for STMicroelectronics.X-CUBE-NFC4.2.0.4
2024-12-12 06:33:27,591 [WARN] PackLoader:238 - Cannot read IP mode file for STMicroelectronics.X-CUBE-AI.9.0.0
2024-12-12 06:33:27,639 [WARN] ConditionMgr:437 - getConditionDescription Invalid condition id : UX DEVICE CLASS RTOS Condition cause : null
2024-12-12 06:33:27,641 [WARN] ConditionMgr:437 - getConditionDescription Invalid condition id : UX DEVICE CLASS RTOS Condition cause : null
2024-12-12 06:33:27,654 [WARN] PackLoader:238 - Cannot read IP mode file for STMicroelectronics.X-CUBE-AZRTOS-H7.3.1.0
2024-12-12 06:33:27,656 [WARN] ConditionMgr:1038 - genDependencies : Invalid condition id : UX DEVICE CLASS RTOS Condition cause : null
2024-12-12 06:33:27,656 [WARN] ConditionMgr:1038 - genDependencies : Invalid condition id : UX DEVICE CLASS RTOS Condition cause : null
2024-12-12 06:33:27,661 [WARN] ConditionMgr:1038 - genDependencies : Invalid condition id : UX DEVICE CLASS RTOS Condition cause : null
2024-12-12 06:33:27,661 [WARN] ConditionMgr:1038 - genDependencies : Invalid condition id : UX DEVICE CLASS RTOS Condition cause : null
2024-12-12 06:33:27,661 [WARN] ConditionMgr:1038 - genDependencies : Invalid condition id : UX DEVICE CLASS RTOS Condition cause : null
2024-12-12 06:33:27,676 [WARN] PackLoader:238 - Cannot read IP mode file for wolfSSL.I-CUBE-wolfSSL.5.5.0
2024-12-12 06:33:27,683 [ERROR] Engine:463 - C:\Users\Admin\.stm32cubemx\thirdparties\pdsc\STMicroelectronics.X-CUBE-FREERTOS.1.3.0.pdsc: PDSC version is not supported
2024-12-12 06:33:27,698 [WARN] PackLoader:238 - Cannot read IP mode file for STMicroelectronics.X-CUBE-NFC7.1.0.1
2024-12-12 06:33:27,718 [WARN] PackLoader:238 - Cannot read IP mode file for STMicroelectronics.X-CUBE-NFC7.1.0.0
2024-12-12 06:33:27,739 [WARN] PackLoader:238 - Cannot read IP mode file for STMicroelectronics.X-CUBE-NFC6.3.0.0
2024-12-12 06:33:27,758 [WARN] PackLoader:238 - Cannot read IP mode file for STMicroelectronics.X-CUBE-EEPRMA1.4.1.0
2024-12-12 06:33:27,766 [WARN] PackLoader:238 - Cannot read IP mode file for STMicroelectronics.X-CUBE-AI.8.1.0
2024-12-12 06:33:27,836 [WARN] ConditionMgr:437 - getConditionDescription Invalid condition id : LAN8742 Phy interface Condition cause : null
2024-12-12 06:33:27,839 [WARN] PackLoader:238 - Cannot read IP mode file for STMicroelectronics.X-CUBE-AZRTOS-L4.2.0.0
2024-12-12 06:33:27,841 [WARN] ConditionMgr:1038 - genDependencies : Invalid condition id : LAN8742 Phy interface Condition cause : null
2024-12-12 06:33:27,841 [WARN] ConditionMgr:1038 - genDependencies : Invalid condition id : LAN8742 Phy interface Condition cause : null
2024-12-12 06:33:27,844 [WARN] ConditionMgr:1038 - genDependencies : Invalid condition id : LAN8742 Phy interface Condition cause : null
2024-12-12 06:33:27,861 [WARN] PackLoader:238 - Cannot read IP mode file for STMicroelectronics.X-CUBE-SFXS2LP1.4.0.0
2024-12-12 06:33:27,943 [WARN] PackLoader:238 - Cannot read IP mode file for STMicroelectronics.X-CUBE-AZRTOS-H7.3.0.0
2024-12-12 06:33:27,966 [WARN] PackLoader:238 - Cannot read IP mode file for STMicroelectronics.X-CUBE-ISPU.1.1.0
2024-12-12 06:33:28,042 [WARN] PackLoader:238 - Cannot read IP mode file for STMicroelectronics.X-CUBE-AZRTOS-H7.3.3.0
2024-12-12 06:33:28,093 [WARN] PackLoader:238 - Cannot read IP mode file for RoweBots.I-CUBE-UNISONRTOS.5.5.0-4
2024-12-12 06:33:28,112 [ERROR] Engine:463 - C:\Users\Admin\.stm32cubemx\thirdparties\pdsc\STMicroelectronics.X-CUBE-IPS.3.0.0.pdsc: PDSC version is not supported
2024-12-12 06:33:28,167 [WARN] ConditionMgr:437 - getConditionDescription Invalid condition id : UX DEVICE CLASS RTOS Condition cause : null
2024-12-12 06:33:28,167 [WARN] ConditionMgr:437 - getConditionDescription Invalid condition id : UX DEVICE CLASS RTOS Condition cause : null
2024-12-12 06:33:28,175 [WARN] PackLoader:238 - Cannot read IP mode file for STMicroelectronics.X-CUBE-AZRTOS-WB.2.0.0
2024-12-12 06:33:28,177 [WARN] ConditionMgr:1038 - genDependencies : Invalid condition id : UX DEVICE CLASS RTOS Condition cause : null
2024-12-12 06:33:28,178 [WARN] ConditionMgr:1038 - genDependencies : Invalid condition id : UX DEVICE CLASS RTOS Condition cause : null
2024-12-12 06:33:28,179 [WARN] ConditionMgr:1038 - genDependencies : Invalid condition id : UX DEVICE CLASS RTOS Condition cause : null
2024-12-12 06:33:28,179 [WARN] ConditionMgr:1038 - genDependencies : Invalid condition id : UX DEVICE CLASS RTOS Condition cause : null
2024-12-12 06:33:28,181 [WARN] ConditionMgr:1038 - genDependencies : Invalid condition id : UX DEVICE CLASS RTOS Condition cause : null
2024-12-12 06:33:28,193 [WARN] PackLoader:238 - Cannot read IP mode file for STMicroelectronics.X-CUBE-GNSS1.7.0.0
2024-12-12 06:33:28,224 [WARN] PackLoader:238 - Cannot read IP mode file for STMicroelectronics.X-CUBE-BLEMGR.1.0.0
2024-12-12 06:33:28,238 [ERROR] Engine:463 - C:\Users\Admin\.stm32cubemx\thirdparties\pdsc\STMicroelectronics.FP-SNS-STBOX1.2.0.0.pdsc: PDSC version is not supported
2024-12-12 06:33:28,284 [WARN] PackLoader:238 - Cannot read IP mode file for STMicroelectronics.X-CUBE-AZRTOS-L5.1.1.0
2024-12-12 06:33:28,317 [WARN] PackLoader:238 - Cannot read IP mode file for STMicroelectronics.X-CUBE-SUBG2.5.0.0
2024-12-12 06:33:28,337 [ERROR] Engine:463 - C:\Users\Admin\.stm32cubemx\thirdparties\pdsc\Cesanta.I-CUBE-Mongoose.7.13.0.pdsc: PDSC version is not supported
2024-12-12 06:33:28,355 [ERROR] Engine:463 - C:\Users\Admin\.stm32cubemx\thirdparties\pdsc\STMicroelectronics.X-CUBE-TOF1.3.3.1.pdsc: PDSC version is not supported
2024-12-12 06:33:28,406 [WARN] PackLoader:238 - Cannot read IP mode file for STMicroelectronics.X-CUBE-AZRTOS-G4.2.0.0
2024-12-12 06:33:28,421 [WARN] PackLoader:238 - Cannot read IP mode file for STMicroelectronics.FP-ATR-ASTRA1.1.1.1
2024-12-12 06:33:28,439 [ERROR] Engine:463 - C:\Users\Admin\.stm32cubemx\thirdparties\pdsc\Infineon.AIROC-Wi-Fi-Bluetooth-STM32.1.5.1.pdsc: PDSC version is not supported
2024-12-12 06:33:28,473 [WARN] PackLoader:238 - Cannot read IP mode file for STMicroelectronics.X-CUBE-AZRTOS-G4.1.0.0
2024-12-12 06:33:28,523 [WARN] PackLoader:238 - Cannot read IP mode file for STMicroelectronics.X-CUBE-AZRTOS-L4.1.0.0
2024-12-12 06:33:28,537 [ERROR] Engine:463 - C:\Users\Admin\.stm32cubemx\thirdparties\pdsc\STMicroelectronics.X-CUBE-ALS.1.0.2.pdsc: PDSC version is not supported
2024-12-12 06:33:28,648 [WARN] PackLoader:238 - Cannot read IP mode file for STMicroelectronics.X-CUBE-MEMS1.10.0.0
2024-12-12 06:33:29,336 [ERROR] Engine:463 - C:\Users\Admin\.stm32cubemx\thirdparties\pdsc\STMicroelectronics.X-CUBE-FREERTOS.1.1.0.pdsc: PDSC version is not supported
2024-12-12 06:33:29,341 [WARN] PackLoader:238 - Cannot read IP mode file for STMicroelectronics.X-CUBE-TOUCHGFX.4.24.0
2024-12-12 06:33:29,395 [WARN] PackLoader:238 - Cannot read IP mode file for STMicroelectronics.X-CUBE-AZRTOS-WL.1.0.0
2024-12-12 06:33:29,408 [WARN] PackLoader:238 - Cannot read IP mode file for STMicroelectronics.X-CUBE-TOUCHGFX.4.24.1
2024-12-12 06:33:29,421 [WARN] PackLoader:238 - Cannot read IP mode file for wolfSSL.I-CUBE-wolfTPM.3.4.0
2024-12-12 06:33:29,444 [WARN] PackLoader:238 - Cannot read IP mode file for portGmbH.I-Cube-SoM-uGOAL.1.1.0
2024-12-12 06:33:29,459 [WARN] PackLoader:238 - Cannot read IP mode file for STMicroelectronics.X-CUBE-ALS.1.0.1
2024-12-12 06:33:29,531 [WARN] PackLoader:238 - Cannot read IP mode file for STMicroelectronics.X-CUBE-AZRTOS-WB.1.1.0
2024-12-12 06:33:29,622 [WARN] PackLoader:238 - Cannot read IP mode file for STMicroelectronics.X-CUBE-AZRTOS-L5.1.0.0
2024-12-12 06:33:29,641 [WARN] PackLoader:238 - Cannot read IP mode file for STMicroelectronics.X-CUBE-EEPRMA1.3.1.1
2024-12-12 06:33:29,740 [WARN] PackLoader:238 - Cannot read IP mode file for STMicroelectronics.X-CUBE-AZRTOS-H7RS.1.0.0
2024-12-12 06:33:29,762 [WARN] PackLoader:238 - Cannot read IP mode file for STMicroelectronics.FP-ATR-ASTRA1.2.0.0
2024-12-12 06:33:29,795 [ERROR] Engine:463 - C:\Users\Admin\.stm32cubemx\thirdparties\pdsc\STMicroelectronics.X-CUBE-TOF1.3.4.2.pdsc: PDSC version is not supported
2024-12-12 06:33:29,806 [WARN] PackLoader:238 - Cannot read IP mode file for wolfSSL.I-CUBE-wolfSSH.1.4.17
2024-12-12 06:33:29,806 [INFO] ThirdParty:915 - Integrity check success = true
2024-12-12 06:33:29,808 [INFO] IntegrityCheckThread:94 - exiting critical section [integrity check]
2024-12-12 06:33:29,808 [INFO] IntegrityCheckThread:97 - End integrity checks thread
2024-12-12 06:33:31,339 [INFO] ApiDb:251 - Load user favorites file C:\Users\Admin/.stm32cubeide/favorites.boards.txt: 0 item(s)
2024-12-12 06:33:31,339 [INFO] ApiDb:255 - User favorites Boards=[]
2024-12-12 06:33:31,339 [INFO] DbBoards:206 - Set 0 / 0 favorites Boards
2024-12-12 06:35:34,925 [INFO] DbMcusDocs:143 - JSON generation date=Tue Nov 16 23:17:54 ICT 2021 (1637079474)
2024-12-12 06:35:35,238 [INFO] DbMcusDocs:79 - Found 682 MCUs documents
2024-12-12 06:35:49,186 [INFO] MainUpdater:2671 - connection check result : 10
2024-12-12 06:35:49,186 [INFO] MainUpdater:2671 - connection check result : 10
2024-12-12 06:35:49,312 [INFO] MicroXplorer:448 - Change Database Path : 
2024-12-12 06:35:49,320 [INFO] MicroXplorer:478 - Change Database Version : DB.6.0.30
2024-12-12 06:35:49,320 [WARN] ThirdParty:813 - waiting for thirdparty lock release [close project]
2024-12-12 06:35:49,322 [INFO] ThirdParty:815 - entering critical section [close project]
2024-12-12 06:35:49,322 [INFO] ThirdParty:825 - exiting critical section [close project]
2024-12-12 06:35:49,332 [INFO] PinOutPanel:1463 - setPackage(No Configuration,No Configuration)
2024-12-12 06:35:49,332 [INFO] UtilMem:74 - Begin LoadConfig() Used Memory: 700815304 Bytes (773849088)
2024-12-12 06:35:49,332 [INFO] MicroXplorer:448 - Change Database Path : 
2024-12-12 06:35:49,332 [INFO] MicroXplorer:478 - Change Database Version : DB.6.0.30
2024-12-12 06:35:49,332 [INFO] OpenFileManager:313 - Change cursor
2024-12-12 06:35:50,434 [INFO] Context:592 - Trying to add GPIOservice into a context  which must be forbidden
2024-12-12 06:35:50,718 [INFO] ImportTextPane:167 - (OptionalMessage_ERROR) Unable to find key (Mcu.ThirdPartyNb) in loaded IOC file
2024-12-12 06:35:50,718 [INFO] ImportTextPane:167 - (OptionalMessage_ERROR) Unable to find key (Mcu.PinsNb) in loaded IOC file
2024-12-12 06:35:50,718 [INFO] ImportTextPane:167 - (OptionalMessage_ERROR) Unable to find key (Mcu.IPNb) in loaded IOC file
2024-12-12 06:35:50,813 [WARN] ApiManager:304 - Cannot register API 'Board Extension:NFC09A1' from pack STMicroelectronics.X-CUBE-NFC9.1.0.0: no header file found
2024-12-12 06:35:50,813 [WARN] ApiManager:304 - Cannot register API 'Board Extension:GNSS1A1' from pack STMicroelectronics.X-CUBE-GNSS1.6.0.0: no header file found
2024-12-12 06:35:50,813 [WARN] ApiManager:304 - Cannot register API 'Board Support:Custom' from pack STMicroelectronics.X-CUBE-GNSS1.6.0.0: no header file found
2024-12-12 06:35:50,813 [WARN] ApiManager:304 - Cannot register API 'Data Exchange:lib_gnss' from pack STMicroelectronics.X-CUBE-GNSS1.6.0.0: no header file found
2024-12-12 06:35:50,828 [WARN] ApiManager:304 - Cannot register API 'Wireless:STM32WB05N' from pack STMicroelectronics.X-CUBE-WB05N.1.1.0: no header file found
2024-12-12 06:35:50,828 [WARN] ApiManager:304 - Cannot register API 'Board Extension:GNSS1A1' from pack STMicroelectronics.X-CUBE-GNSS1.7.0.0: no header file found
2024-12-12 06:35:50,828 [WARN] ApiManager:304 - Cannot register API 'Board Support:Custom' from pack STMicroelectronics.X-CUBE-GNSS1.7.0.0: no header file found
2024-12-12 06:35:50,828 [WARN] ApiManager:304 - Cannot register API 'Data Exchange:lib_gnss' from pack STMicroelectronics.X-CUBE-GNSS1.7.0.0: no header file found
2024-12-12 06:35:51,286 [WARN] ApiManager:304 - Cannot register API 'Board Extension:IKS01A3' from pack STMicroelectronics.X-CUBE-MEMS1.9.4.0: no header file found
2024-12-12 06:35:51,286 [WARN] ApiManager:304 - Cannot register API 'Board Extension:IKS01A2' from pack STMicroelectronics.X-CUBE-MEMS1.9.4.0: no header file found
2024-12-12 06:35:51,286 [WARN] ApiManager:304 - Cannot register API 'Board Extension:IKS02A1' from pack STMicroelectronics.X-CUBE-MEMS1.9.4.0: no header file found
2024-12-12 06:35:51,932 [WARN] ApiManager:304 - Cannot register API 'Board Extension:IKS01A3' from pack STMicroelectronics.X-CUBE-MEMS1.9.6.0: no header file found
2024-12-12 06:35:51,932 [WARN] ApiManager:304 - Cannot register API 'Board Extension:IKS01A2' from pack STMicroelectronics.X-CUBE-MEMS1.9.6.0: no header file found
2024-12-12 06:35:51,932 [WARN] ApiManager:304 - Cannot register API 'Board Extension:IKS02A1' from pack STMicroelectronics.X-CUBE-MEMS1.9.6.0: no header file found
2024-12-12 06:35:51,949 [WARN] ApiManager:304 - Cannot register API 'Board Extension:EEPRMA2' from pack STMicroelectronics.X-CUBE-EEPRMA1.4.2.0: no header file found
2024-12-12 06:35:51,949 [WARN] ApiManager:304 - Cannot register API 'Board Extension:PGEEZ1' from pack STMicroelectronics.X-CUBE-EEPRMA1.4.2.0: no header file found
2024-12-12 06:35:51,949 [WARN] ApiManager:304 - Cannot register API 'Board Part:M24' from pack STMicroelectronics.X-CUBE-EEPRMA1.4.2.0: no header file found
2024-12-12 06:35:51,957 [WARN] ApiManager:304 - Cannot register API 'Board Part:M95' from pack STMicroelectronics.X-CUBE-EEPRMA1.4.2.0: no header file found
2024-12-12 06:35:51,957 [WARN] ApiManager:304 - Cannot register API 'Board Part:M95P32' from pack STMicroelectronics.X-CUBE-EEPRMA1.4.2.0: no header file found
2024-12-12 06:35:51,961 [WARN] ApiManager:304 - Cannot register API 'PGEEZ1:SPI' from pack STMicroelectronics.X-CUBE-EEPRMA1.4.2.0: no header file found
2024-12-12 06:35:51,961 [WARN] ApiManager:304 - Cannot register API 'PGEEZ1:QDSPI' from pack STMicroelectronics.X-CUBE-EEPRMA1.4.2.0: no header file found
2024-12-12 06:35:51,961 [WARN] ApiManager:304 - Cannot register API 'Board Extension:NFC06A1' from pack STMicroelectronics.X-CUBE-NFC6.3.1.0: no header file found
2024-12-12 06:35:51,961 [WARN] ApiManager:304 - Cannot register API 'Board Extension:NFC08A1' from pack STMicroelectronics.X-CUBE-NFC6.3.1.0: no header file found
2024-12-12 06:35:51,964 [WARN] ApiManager:304 - Cannot register API 'Wireless:BlueNRG-MS' from pack STMicroelectronics.X-CUBE-BLE1.6.2.3: no header file found
2024-12-12 06:35:52,452 [WARN] ApiManager:304 - Cannot register API 'Board Extension:IKS01A3' from pack STMicroelectronics.X-CUBE-MEMS1.11.0.0: no header file found
2024-12-12 06:35:52,452 [WARN] ApiManager:304 - Cannot register API 'Board Extension:IKS02A1' from pack STMicroelectronics.X-CUBE-MEMS1.11.0.0: no header file found
2024-12-12 06:35:52,452 [WARN] ApiManager:304 - Cannot register API 'Board Extension:IKS4A1' from pack STMicroelectronics.X-CUBE-MEMS1.11.0.0: no header file found
2024-12-12 06:35:52,468 [WARN] ApiManager:304 - Cannot register API 'Wireless:BlueNRG-MS' from pack STMicroelectronics.X-CUBE-BLE1.6.2.4: no header file found
2024-12-12 06:35:52,476 [INFO] RtosManager:484 - Registered RTOS mode: class=CMSIS, group=RTOS, mode=CMSIS_V1, owner=FREERTOS
2024-12-12 06:35:52,478 [INFO] RtosManager:484 - Registered RTOS mode: class=CMSIS, group=RTOS2, mode=CMSIS_V2, owner=FREERTOS
2024-12-12 06:35:52,478 [INFO] RtosManager:484 - Registered RTOS mode: class=RTOS, group=Core, mode=CMSIS_V1, owner=FREERTOS
2024-12-12 06:35:52,478 [INFO] RtosManager:484 - Registered RTOS mode: class=RTOS, group=Core, mode=CMSIS_V2, owner=FREERTOS
2024-12-12 06:35:52,478 [WARN] ModelIntegratedComponent:181 - Missing modes for component STMicroelectronics:FreeRTOS:0.0.1:STMicroelectronics:RTOS:FreeRTOS:Core:::10.2.0:
2024-12-12 06:35:52,484 [WARN] ApiManager:304 - Cannot register API 'Board Extension:STSAFEA1' from pack STMicroelectronics.X-CUBE-SAFEA1.1.2.2: no header file found
2024-12-12 06:35:52,484 [WARN] ApiManager:304 - Cannot register API 'Board Part:STSAFEA110' from pack STMicroelectronics.X-CUBE-SAFEA1.1.2.2: no header file found
2024-12-12 06:35:52,484 [WARN] ApiManager:304 - Cannot register API 'Security:ST_Cryptolib' from pack STMicroelectronics.X-CUBE-SAFEA1.1.2.2: no header file found
2024-12-12 06:35:52,484 [WARN] ApiManager:304 - Cannot register API 'Security:MbedTLS' from pack STMicroelectronics.X-CUBE-SAFEA1.1.2.2: no header file found
2024-12-12 06:35:52,484 [WARN] ApiManager:304 - Cannot register API 'Board Extension:NFC04A1' from pack STMicroelectronics.X-CUBE-NFC4.3.0.0: no header file found
2024-12-12 06:35:52,499 [WARN] ApiManager:304 - Cannot register API 'Board Extension:S2868A1' from pack STMicroelectronics.X-CUBE-SUBG2.5.0.0: no header file found
2024-12-12 06:35:52,499 [WARN] ApiManager:304 - Cannot register API 'Board Extension:S2868A2' from pack STMicroelectronics.X-CUBE-SUBG2.5.0.0: no header file found
2024-12-12 06:35:52,499 [WARN] ApiManager:304 - Cannot register API 'Board Extension:S2915A1' from pack STMicroelectronics.X-CUBE-SUBG2.5.0.0: no header file found
2024-12-12 06:35:52,499 [WARN] ApiManager:304 - Cannot register API 'Board Extension:NFC04A1' from pack STMicroelectronics.X-CUBE-NFC4.2.0.5: no header file found
2024-12-12 06:35:52,499 [WARN] ApiManager:304 - Cannot register API 'Board Extension:NFC04A1' from pack STMicroelectronics.X-CUBE-NFC4.2.0.4: no header file found
2024-12-12 06:35:52,515 [WARN] ApiManager:304 - Cannot register API 'Board Extension:NFC10A1' from pack STMicroelectronics.X-CUBE-NFC10.1.0.0: no header file found
2024-12-12 06:35:52,515 [WARN] ApiManager:304 - Cannot register API 'Board Extension:EEPRMA2' from pack STMicroelectronics.X-CUBE-EEPRMA1.5.1.0: no header file found
2024-12-12 06:35:52,515 [WARN] ApiManager:304 - Cannot register API 'Board Extension:PGEEZ1' from pack STMicroelectronics.X-CUBE-EEPRMA1.5.1.0: no header file found
2024-12-12 06:35:52,515 [WARN] ApiManager:304 - Cannot register API 'Board Extension:EEICA1' from pack STMicroelectronics.X-CUBE-EEPRMA1.5.1.0: no header file found
2024-12-12 06:35:52,515 [WARN] ApiManager:304 - Cannot register API 'Board Part:M24' from pack STMicroelectronics.X-CUBE-EEPRMA1.5.1.0: no header file found
2024-12-12 06:35:52,515 [WARN] ApiManager:304 - Cannot register API 'Board Part:M95' from pack STMicroelectronics.X-CUBE-EEPRMA1.5.1.0: no header file found
2024-12-12 06:35:52,515 [WARN] ApiManager:304 - Cannot register API 'Board Part:M95P32' from pack STMicroelectronics.X-CUBE-EEPRMA1.5.1.0: no header file found
2024-12-12 06:35:52,515 [WARN] ApiManager:304 - Cannot register API 'Board Part:M24256E-F' from pack STMicroelectronics.X-CUBE-EEPRMA1.5.1.0: no header file found
2024-12-12 06:35:52,515 [WARN] ApiManager:304 - Cannot register API 'Board Part:M24M01E-F' from pack STMicroelectronics.X-CUBE-EEPRMA1.5.1.0: no header file found
2024-12-12 06:35:52,515 [WARN] ApiManager:304 - Cannot register API 'PGEEZ1:SPI' from pack STMicroelectronics.X-CUBE-EEPRMA1.5.1.0: no header file found
2024-12-12 06:35:52,515 [WARN] ApiManager:304 - Cannot register API 'PGEEZ1:QDSPI' from pack STMicroelectronics.X-CUBE-EEPRMA1.5.1.0: no header file found
2024-12-12 06:35:52,515 [WARN] ModelIntegratedComponent:60 - No mode defined for component null
2024-12-12 06:35:52,515 [WARN] ModelIntegratedComponent:60 - No mode defined for component null
2024-12-12 06:35:52,515 [WARN] ModelIntegratedComponent:60 - No mode defined for component null
2024-12-12 06:35:52,515 [WARN] ModelIntegratedComponent:60 - No mode defined for component null
2024-12-12 06:35:52,515 [WARN] ModelIntegratedComponent:60 - No mode defined for component null
2024-12-12 06:35:52,515 [WARN] ModelIntegratedComponent:60 - No mode defined for component null
2024-12-12 06:35:52,515 [WARN] ModelIntegratedComponent:60 - No mode defined for component null
2024-12-12 06:35:52,515 [WARN] ModelIntegratedComponent:60 - No mode defined for component null
2024-12-12 06:35:52,515 [WARN] ModelIntegratedComponent:60 - No mode defined for component null
2024-12-12 06:35:52,515 [WARN] ModelIntegratedComponent:60 - No mode defined for component null
2024-12-12 06:35:52,515 [WARN] ModelIntegratedComponent:60 - No mode defined for component null
2024-12-12 06:35:52,515 [WARN] ModelIntegratedComponent:60 - No mode defined for component null
2024-12-12 06:35:52,515 [WARN] ModelIntegratedComponent:60 - No mode defined for component null
2024-12-12 06:35:52,515 [WARN] ModelIntegratedComponent:60 - No mode defined for component null
2024-12-12 06:35:52,515 [WARN] ModelIntegratedComponent:60 - No mode defined for component null
2024-12-12 06:35:52,515 [WARN] ModelIntegratedComponent:60 - No mode defined for component null
2024-12-12 06:35:52,515 [WARN] ModelIntegratedComponent:60 - No mode defined for component null
2024-12-12 06:35:52,515 [WARN] ModelIntegratedComponent:60 - No mode defined for component null
2024-12-12 06:35:52,515 [WARN] ModelIntegratedComponent:60 - No mode defined for component null
2024-12-12 06:35:52,515 [WARN] ModelIntegratedComponent:60 - No mode defined for component null
2024-12-12 06:35:52,515 [WARN] ModelIntegratedComponent:60 - No mode defined for component null
2024-12-12 06:35:52,515 [WARN] ModelIntegratedComponent:60 - No mode defined for component null
2024-12-12 06:35:52,515 [WARN] ModelIntegratedComponent:60 - No mode defined for component null
2024-12-12 06:35:52,515 [WARN] ModelIntegratedComponent:60 - No mode defined for component null
2024-12-12 06:35:52,515 [WARN] ModelIntegratedComponent:60 - No mode defined for component null
2024-12-12 06:35:52,515 [WARN] ModelIntegratedComponent:60 - No mode defined for component null
2024-12-12 06:35:52,530 [WARN] ModelIntegratedComponent:60 - No mode defined for component null
2024-12-12 06:35:52,530 [WARN] ModelIntegratedComponent:60 - No mode defined for component null
2024-12-12 06:35:52,530 [WARN] ModelIntegratedComponent:60 - No mode defined for component null
2024-12-12 06:35:52,530 [WARN] ModelIntegratedComponent:60 - No mode defined for component null
2024-12-12 06:35:52,530 [WARN] ModelIntegratedComponent:60 - No mode defined for component null
2024-12-12 06:35:53,017 [WARN] ApiManager:304 - Cannot register API 'Board Extension:IKS01A3' from pack STMicroelectronics.X-CUBE-MEMS1.10.0.0: no header file found
2024-12-12 06:35:53,018 [WARN] ApiManager:304 - Cannot register API 'Board Extension:IKS02A1' from pack STMicroelectronics.X-CUBE-MEMS1.10.0.0: no header file found
2024-12-12 06:35:53,018 [WARN] ApiManager:304 - Cannot register API 'Board Extension:IKS4A1' from pack STMicroelectronics.X-CUBE-MEMS1.10.0.0: no header file found
2024-12-12 06:35:53,019 [WARN] ApiManager:304 - Cannot register API 'Board Extension:NFC07A1' from pack STMicroelectronics.X-CUBE-NFC7.1.0.1: no header file found
2024-12-12 06:35:53,019 [WARN] ApiManager:304 - Cannot register API 'Board Extension:NFC07A1' from pack STMicroelectronics.X-CUBE-NFC7.1.0.0: no header file found
2024-12-12 06:35:53,019 [WARN] ApiManager:304 - Cannot register API 'Board Extension:NFC06A1' from pack STMicroelectronics.X-CUBE-NFC6.3.0.0: no header file found
2024-12-12 06:35:53,019 [WARN] ApiManager:304 - Cannot register API 'Board Extension:NFC08A1' from pack STMicroelectronics.X-CUBE-NFC6.3.0.0: no header file found
2024-12-12 06:35:53,506 [WARN] ApiManager:304 - Cannot register API 'Board Extension:IKS01A3' from pack STMicroelectronics.X-CUBE-MEMS1.9.3.0: no header file found
2024-12-12 06:35:53,506 [WARN] ApiManager:304 - Cannot register API 'Board Extension:IKS01A2' from pack STMicroelectronics.X-CUBE-MEMS1.9.3.0: no header file found
2024-12-12 06:35:53,506 [WARN] ApiManager:304 - Cannot register API 'Board Extension:IKS02A1' from pack STMicroelectronics.X-CUBE-MEMS1.9.3.0: no header file found
2024-12-12 06:35:53,506 [WARN] ApiManager:304 - Cannot register API 'Board Extension:EEPRMA1' from pack STMicroelectronics.X-CUBE-EEPRMA1.4.1.0: no header file found
2024-12-12 06:35:53,506 [WARN] ApiManager:304 - Cannot register API 'Board Extension:EEPRMA2' from pack STMicroelectronics.X-CUBE-EEPRMA1.4.1.0: no header file found
2024-12-12 06:35:53,506 [WARN] ApiManager:304 - Cannot register API 'Board Extension:PGEEZ1' from pack STMicroelectronics.X-CUBE-EEPRMA1.4.1.0: no header file found
2024-12-12 06:35:53,506 [WARN] ApiManager:304 - Cannot register API 'Board Part:M24' from pack STMicroelectronics.X-CUBE-EEPRMA1.4.1.0: no header file found
2024-12-12 06:35:53,506 [WARN] ApiManager:304 - Cannot register API 'Board Part:M95' from pack STMicroelectronics.X-CUBE-EEPRMA1.4.1.0: no header file found
2024-12-12 06:35:53,506 [WARN] ApiManager:304 - Cannot register API 'Board Part:M95P32' from pack STMicroelectronics.X-CUBE-EEPRMA1.4.1.0: no header file found
2024-12-12 06:35:53,506 [WARN] ApiManager:304 - Cannot register API 'PGEEZ1:SPI' from pack STMicroelectronics.X-CUBE-EEPRMA1.4.1.0: no header file found
2024-12-12 06:35:53,506 [WARN] ApiManager:304 - Cannot register API 'PGEEZ1:QDSPI' from pack STMicroelectronics.X-CUBE-EEPRMA1.4.1.0: no header file found
2024-12-12 06:35:53,522 [WARN] ApiManager:304 - Cannot register API 'Board Extension:EEPRMA1' from pack STMicroelectronics.X-CUBE-EEPRMA1.3.1.1: no header file found
2024-12-12 06:35:53,522 [WARN] ApiManager:304 - Cannot register API 'Board Extension:EEPRMA2' from pack STMicroelectronics.X-CUBE-EEPRMA1.3.1.1: no header file found
2024-12-12 06:35:53,522 [WARN] ApiManager:304 - Cannot register API 'Board Extension:S2868A1' from pack STMicroelectronics.X-CUBE-SFXS2LP1.4.0.0: no header file found
2024-12-12 06:35:53,522 [WARN] ApiManager:304 - Cannot register API 'Board Extension:S2868A2' from pack STMicroelectronics.X-CUBE-SFXS2LP1.4.0.0: no header file found
2024-12-12 06:35:53,522 [WARN] ApiManager:304 - Cannot register API 'Board Extension:S2915A1' from pack STMicroelectronics.X-CUBE-SFXS2LP1.4.0.0: no header file found
2024-12-12 06:36:32,413 [INFO] UtilMem:74 - End LoadConfig() Used Memory: 774905856 Bytes (809500672)
2024-12-12 06:36:32,413 [WARN] ThirdParty:779 - waiting for thirdparty lock release [change project]
2024-12-12 06:36:32,413 [INFO] ThirdParty:781 - entering critical section [change project]
2024-12-12 06:36:32,413 [INFO] ThirdParty:967 - CMSIS Pack Vendor :STMicroelectronics X-CUBE-ISPU 1.1.0
2024-12-12 06:36:32,413 [INFO] ThirdParty:967 - CMSIS Pack Vendor :STMicroelectronics X-CUBE-AZRTOS-H7 3.3.0
2024-12-12 06:36:32,413 [INFO] ThirdParty:967 - CMSIS Pack Vendor :RoweBots I-CUBE-UNISONRTOS 5.5.0-4
2024-12-12 06:36:32,413 [INFO] ThirdParty:967 - CMSIS Pack Vendor :STMicroelectronics X-CUBE-NFC9 1.0.0
2024-12-12 06:36:32,413 [INFO] ThirdParty:967 - CMSIS Pack Vendor :STMicroelectronics X-CUBE-GNSS1 6.0.0
2024-12-12 06:36:32,413 [INFO] ThirdParty:967 - CMSIS Pack Vendor :STMicroelectronics X-CUBE-AZRTOS-H7 2.1.0
2024-12-12 06:36:32,413 [INFO] ThirdParty:967 - CMSIS Pack Vendor :STMicroelectronics USB_HOST 2.0.0
2024-12-12 06:36:32,413 [INFO] ThirdParty:967 - CMSIS Pack Vendor :STMicroelectronics X-CUBE-AZRTOS-F4 1.1.0
2024-12-12 06:36:32,413 [INFO] ThirdParty:967 - CMSIS Pack Vendor :STMicroelectronics FP-ATR-ASTRA1 2.0.1
2024-12-12 06:36:32,413 [INFO] ThirdParty:967 - CMSIS Pack Vendor :STMicroelectronics X-CUBE-WB05N 1.1.0
2024-12-12 06:36:32,413 [INFO] ThirdParty:967 - CMSIS Pack Vendor :STMicroelectronics USB_DEVICE 3.0.0
2024-12-12 06:36:32,413 [INFO] ThirdParty:967 - CMSIS Pack Vendor :STMicroelectronics X-CUBE-ISPU 2.1.0
2024-12-12 06:36:32,413 [INFO] ThirdParty:967 - CMSIS Pack Vendor :STMicroelectronics X-CUBE-AZRTOS-WB 2.0.0
2024-12-12 06:36:32,413 [INFO] ThirdParty:967 - CMSIS Pack Vendor :STMicroelectronics X-CUBE-GNSS1 7.0.0
2024-12-12 06:36:32,413 [INFO] ThirdParty:967 - CMSIS Pack Vendor :STMicroelectronics X-CUBE-TOUCHGFX 4.21.0
2024-12-12 06:36:32,413 [INFO] ThirdParty:967 - CMSIS Pack Vendor :STMicroelectronics X-CUBE-BLEMGR 1.0.0
2024-12-12 06:36:32,413 [INFO] ThirdParty:967 - CMSIS Pack Vendor :STMicroelectronics X-CUBE-BLEMGR 1.2.0
2024-12-12 06:36:32,413 [INFO] ThirdParty:967 - CMSIS Pack Vendor :STMicroelectronics X-CUBE-AZRTOS-F7 1.1.0
2024-12-12 06:36:32,413 [INFO] ThirdParty:967 - CMSIS Pack Vendor :STMicroelectronics X-CUBE-AZRTOS-L5 2.0.0
2024-12-12 06:36:32,413 [INFO] ThirdParty:967 - CMSIS Pack Vendor :STMicroelectronics X-CUBE-MEMS1 9.4.0
2024-12-12 06:36:32,413 [INFO] ThirdParty:967 - CMSIS Pack Vendor :STMicroelectronics USB_DEVICE 2.0.0
2024-12-12 06:36:32,413 [INFO] ThirdParty:967 - CMSIS Pack Vendor :STMicroelectronics X-CUBE-AI 7.3.0
2024-12-12 06:36:32,413 [INFO] ThirdParty:967 - CMSIS Pack Vendor :STMicroelectronics X-CUBE-MEMS1 9.6.0
2024-12-12 06:36:32,413 [INFO] ThirdParty:967 - CMSIS Pack Vendor :STMicroelectronics X-CUBE-EEPRMA1 4.2.0
2024-12-12 06:36:32,413 [INFO] ThirdParty:967 - CMSIS Pack Vendor :STMicroelectronics X-CUBE-NFC6 3.1.0
2024-12-12 06:36:32,413 [INFO] ThirdParty:967 - CMSIS Pack Vendor :STMicroelectronics X-CUBE-BLE1 6.2.3
2024-12-12 06:36:32,413 [INFO] ThirdParty:967 - CMSIS Pack Vendor :STMicroelectronics X-CUBE-ALGOBUILD 1.3.0
2024-12-12 06:36:32,413 [INFO] ThirdParty:967 - CMSIS Pack Vendor :STMicroelectronics X-CUBE-MEMS1 11.0.0
2024-12-12 06:36:32,413 [INFO] ThirdParty:967 - CMSIS Pack Vendor :STMicroelectronics X-CUBE-BLE1 6.2.4
2024-12-12 06:36:32,413 [INFO] ThirdParty:967 - CMSIS Pack Vendor :STMicroelectronics X-CUBE-AZRTOS-L5 1.1.0
2024-12-12 06:36:32,413 [INFO] ThirdParty:967 - CMSIS Pack Vendor :STMicroelectronics FreeRTOS 0.0.1
2024-12-12 06:36:32,413 [INFO] ThirdParty:967 - CMSIS Pack Vendor :STMicroelectronics X-CUBE-AZRTOS-G0 1.1.0
2024-12-12 06:36:32,413 [INFO] ThirdParty:967 - CMSIS Pack Vendor :STMicroelectronics X-CUBE-BLEMGR 2.0.0
2024-12-12 06:36:32,413 [INFO] ThirdParty:967 - CMSIS Pack Vendor :STMicroelectronics X-CUBE-SAFEA1 1.2.2
2024-12-12 06:36:32,413 [INFO] ThirdParty:967 - CMSIS Pack Vendor :STMicroelectronics X-CUBE-NFC4 3.0.0
2024-12-12 06:36:32,413 [INFO] ThirdParty:967 - CMSIS Pack Vendor :SEGGER I-CUBE-embOS 1.2.0
2024-12-12 06:36:32,413 [INFO] ThirdParty:967 - CMSIS Pack Vendor :STMicroelectronics X-CUBE-SUBG2 5.0.0
2024-12-12 06:36:32,413 [INFO] ThirdParty:967 - CMSIS Pack Vendor :STMicroelectronics lwIP 2.0.3
2024-12-12 06:36:32,413 [INFO] ThirdParty:967 - CMSIS Pack Vendor :STMicroelectronics X-CUBE-NFC4 2.0.5
2024-12-12 06:36:32,413 [INFO] ThirdParty:967 - CMSIS Pack Vendor :STMicroelectronics X-CUBE-NFC4 2.0.4
2024-12-12 06:36:32,413 [INFO] ThirdParty:967 - CMSIS Pack Vendor :STMicroelectronics USB_HOST 1.0.0
2024-12-12 06:36:32,413 [INFO] ThirdParty:967 - CMSIS Pack Vendor :STMicroelectronics X-CUBE-AI 9.0.0
2024-12-12 06:36:32,413 [INFO] ThirdParty:967 - CMSIS Pack Vendor :STMicroelectronics X-CUBE-AZRTOS-G4 2.0.0
2024-12-12 06:36:32,413 [INFO] ThirdParty:967 - CMSIS Pack Vendor :STMicroelectronics PDM2PCM 3.1.0
2024-12-12 06:36:32,413 [INFO] ThirdParty:967 - CMSIS Pack Vendor :STMicroelectronics X-CUBE-AZRTOS-H7 3.1.0
2024-12-12 06:36:32,413 [INFO] ThirdParty:967 - CMSIS Pack Vendor :STMicroelectronics FP-ATR-ASTRA1 1.1.1
2024-12-12 06:36:32,413 [INFO] ThirdParty:967 - CMSIS Pack Vendor :STMicroelectronics PDM2PCM 3.3.0
2024-12-12 06:36:32,413 [INFO] ThirdParty:967 - CMSIS Pack Vendor :STMicroelectronics X-CUBE-TOF1 3.1.0
2024-12-12 06:36:32,413 [INFO] ThirdParty:967 - CMSIS Pack Vendor :STMicroelectronics X-CUBE-BLEMGR 1.3.0
2024-12-12 06:36:32,413 [INFO] ThirdParty:967 - CMSIS Pack Vendor :STMicroelectronics FP-ATR-SIGFOX1 3.2.0
2024-12-12 06:36:32,413 [INFO] ThirdParty:967 - CMSIS Pack Vendor :STMicroelectronics X-CUBE-AZRTOS-G4 1.0.0
2024-12-12 06:36:32,413 [INFO] ThirdParty:967 - CMSIS Pack Vendor :STMicroelectronics X-CUBE-NFC10 1.0.0
2024-12-12 06:36:32,413 [INFO] ThirdParty:967 - CMSIS Pack Vendor :STMicroelectronics X-CUBE-AZRTOS-L4 1.0.0
2024-12-12 06:36:32,413 [INFO] ThirdParty:967 - CMSIS Pack Vendor :wolfSSL I-CUBE-wolfSSL 5.5.0
2024-12-12 06:36:32,413 [INFO] ThirdParty:967 - CMSIS Pack Vendor :STMicroelectronics X-CUBE-EEPRMA1 5.1.0
2024-12-12 06:36:32,413 [INFO] ThirdParty:967 - CMSIS Pack Vendor :STMicroelectronics HAL Drivers 0.0.0
2024-12-12 06:36:32,413 [INFO] ThirdParty:967 - CMSIS Pack Vendor :STMicroelectronics MBEDTLS 2.16.2
2024-12-12 06:36:32,413 [INFO] ThirdParty:967 - CMSIS Pack Vendor :emotas I-CUBE-CANOPEN 1.1.2
2024-12-12 06:36:32,413 [INFO] ThirdParty:967 - CMSIS Pack Vendor :STMicroelectronics X-CUBE-TOUCHGFX 4.20.0
2024-12-12 06:36:32,413 [INFO] ThirdParty:967 - CMSIS Pack Vendor :STMicroelectronics X-CUBE-MEMS1 10.0.0
2024-12-12 06:36:32,413 [INFO] ThirdParty:967 - CMSIS Pack Vendor :STMicroelectronics X-CUBE-NFC7 1.0.1
2024-12-12 06:36:32,413 [INFO] ThirdParty:967 - CMSIS Pack Vendor :STMicroelectronics MBEDTLS 2.14.1
2024-12-12 06:36:32,413 [INFO] ThirdParty:967 - CMSIS Pack Vendor :STMicroelectronics X-CUBE-NFC7 1.0.0
2024-12-12 06:36:32,413 [INFO] ThirdParty:967 - CMSIS Pack Vendor :STMicroelectronics X-CUBE-TOUCHGFX 4.24.0
2024-12-12 06:36:32,413 [INFO] ThirdParty:967 - CMSIS Pack Vendor :STMicroelectronics X-CUBE-TOUCHGFX 4.22.1
2024-12-12 06:36:32,413 [INFO] ThirdParty:967 - CMSIS Pack Vendor :STMicroelectronics X-CUBE-AZRTOS-WL 1.0.0
2024-12-12 06:36:32,413 [INFO] ThirdParty:967 - CMSIS Pack Vendor :STMicroelectronics X-CUBE-TOUCHGFX 4.24.1
2024-12-12 06:36:32,413 [INFO] ThirdParty:967 - CMSIS Pack Vendor :STMicroelectronics X-CUBE-NFC6 3.0.0
2024-12-12 06:36:32,413 [INFO] ThirdParty:967 - CMSIS Pack Vendor :wolfSSL I-CUBE-wolfTPM 3.4.0
2024-12-12 06:36:32,413 [INFO] ThirdParty:967 - CMSIS Pack Vendor :STMicroelectronics X-CUBE-MEMS1 9.3.0
2024-12-12 06:36:32,413 [INFO] ThirdParty:967 - CMSIS Pack Vendor :STMicroelectronics X-CUBE-EEPRMA1 4.1.0
2024-12-12 06:36:32,413 [INFO] ThirdParty:967 - CMSIS Pack Vendor :portGmbH I-Cube-SoM-uGOAL 1.1.0
2024-12-12 06:36:32,413 [INFO] ThirdParty:967 - CMSIS Pack Vendor :STMicroelectronics X-CUBE-ALS 1.0.1
2024-12-12 06:36:32,413 [INFO] ThirdParty:967 - CMSIS Pack Vendor :STMicroelectronics X-CUBE-AI 7.2.0
2024-12-12 06:36:32,413 [INFO] ThirdParty:967 - CMSIS Pack Vendor :STMicroelectronics X-CUBE-AZRTOS-WB 1.1.0
2024-12-12 06:36:32,413 [INFO] ThirdParty:967 - CMSIS Pack Vendor :STMicroelectronics X-CUBE-AZRTOS-WL 2.0.0
2024-12-12 06:36:32,413 [INFO] ThirdParty:967 - CMSIS Pack Vendor :SEGGER I-CUBE-embOS 1.3.1
2024-12-12 06:36:32,413 [INFO] ThirdParty:967 - CMSIS Pack Vendor :STMicroelectronics X-CUBE-ALGOBUILD 1.4.0
2024-12-12 06:36:32,413 [INFO] ThirdParty:967 - CMSIS Pack Vendor :STMicroelectronics X-CUBE-AZRTOS-L5 1.0.0
2024-12-12 06:36:32,413 [INFO] ThirdParty:967 - CMSIS Pack Vendor :STMicroelectronics USB_DEVICE 1.0.0
2024-12-12 06:36:32,413 [INFO] ThirdParty:967 - CMSIS Pack Vendor :STMicroelectronics X-CUBE-AI 8.1.0
2024-12-12 06:36:32,413 [INFO] ThirdParty:967 - CMSIS Pack Vendor :STMicroelectronics X-CUBE-EEPRMA1 3.1.1
2024-12-12 06:36:32,413 [INFO] ThirdParty:967 - CMSIS Pack Vendor :STMicroelectronics X-CUBE-AZRTOS-H7RS 1.0.0
2024-12-12 06:36:32,413 [INFO] ThirdParty:967 - CMSIS Pack Vendor :wolfSSL I-CUBE-wolfMQTT 1.19.0
2024-12-12 06:36:32,413 [INFO] ThirdParty:967 - CMSIS Pack Vendor :STMicroelectronics X-CUBE-AZRTOS-L4 2.0.0
2024-12-12 06:36:32,413 [INFO] ThirdParty:967 - CMSIS Pack Vendor :STMicroelectronics ThreadX 0.0.2
2024-12-12 06:36:32,413 [INFO] ThirdParty:967 - CMSIS Pack Vendor :WES I-CUBE-Cesium 1.3.0
2024-12-12 06:36:32,413 [INFO] ThirdParty:967 - CMSIS Pack Vendor :STMicroelectronics FP-ATR-ASTRA1 2.0.0
2024-12-12 06:36:32,413 [INFO] ThirdParty:967 - CMSIS Pack Vendor :STMicroelectronics lwIP 2.1.2
2024-12-12 06:36:32,429 [INFO] ThirdParty:967 - CMSIS Pack Vendor :STMicroelectronics X-CUBE-SFXS2LP1 4.0.0
2024-12-12 06:36:32,429 [INFO] ThirdParty:967 - CMSIS Pack Vendor :STMicroelectronics X-CUBE-AI 9.1.0
2024-12-12 06:36:32,429 [INFO] ThirdParty:967 - CMSIS Pack Vendor :STMicroelectronics X-CUBE-TOF1 3.2.0
2024-12-12 06:36:32,429 [INFO] ThirdParty:967 - CMSIS Pack Vendor :STMicroelectronics PDM2PCM 3.2.0
2024-12-12 06:36:32,429 [INFO] ThirdParty:967 - CMSIS Pack Vendor :STMicroelectronics X-CUBE-AZRTOS-H7 3.0.0
2024-12-12 06:36:32,429 [INFO] ThirdParty:967 - CMSIS Pack Vendor :wolfSSL I-CUBE-wolfSSH 1.4.17
2024-12-12 06:36:32,429 [INFO] ThirdParty:967 - CMSIS Pack Vendor :STMicroelectronics X-CUBE-ISPU 1.0.0
2024-12-12 06:36:32,429 [INFO] ThirdParty:787 - exiting critical section [change project]
2024-12-12 06:36:33,002 [INFO] PinOutPanel:1463 - setPackage(No Configuration,No Configuration)
2024-12-12 06:36:33,004 [INFO] PinOutPanel:1463 - setPackage(STM32F103C6Tx,LQFP48)
2024-12-12 06:36:33,908 [INFO] UtilMem:74 - Before build in PCC Used Memory: 838345856 Bytes (892338176)
2024-12-12 06:36:35,288 [INFO] UtilMem:74 - After build in PCC Used Memory: 908490064 Bytes (919601152)
2024-12-12 06:36:35,386 [INFO] IPUIPlugin:74 - create IPUIPlugin
2024-12-12 06:36:35,386 [INFO] IPUIPlugin:74 - create IPUIPlugin
2024-12-12 06:36:35,386 [INFO] IPUIPlugin:74 - create IPUIPlugin
2024-12-12 06:36:35,386 [INFO] IPUIPlugin:74 - create IPUIPlugin
2024-12-12 06:36:35,386 [INFO] IPUIPlugin:74 - create IPUIPlugin
2024-12-12 06:36:35,386 [INFO] IPUIPlugin:74 - create IPUIPlugin
2024-12-12 06:36:35,402 [INFO] IPUIPlugin:74 - create IPUIPlugin
2024-12-12 06:36:35,402 [INFO] IPUIPlugin:74 - create IPUIPlugin
2024-12-12 06:36:35,402 [INFO] IPUIPlugin:74 - create IPUIPlugin
2024-12-12 06:36:35,402 [INFO] IPUIPlugin:74 - create IPUIPlugin
2024-12-12 06:36:35,402 [INFO] IPUIPlugin:74 - create IPUIPlugin
2024-12-12 06:36:35,402 [INFO] IPUIPlugin:74 - create IPUIPlugin
2024-12-12 06:36:35,402 [INFO] IPUIPlugin:74 - create IPUIPlugin
2024-12-12 06:36:35,402 [INFO] IPUIPlugin:74 - create IPUIPlugin
2024-12-12 06:36:35,402 [INFO] IPUIPlugin:74 - create IPUIPlugin
2024-12-12 06:36:35,402 [INFO] IPUIPlugin:74 - create IPUIPlugin
2024-12-12 06:36:35,402 [INFO] IPUIPlugin:74 - create IPUIPlugin
2024-12-12 06:36:35,402 [INFO] IPUIPlugin:74 - create IPUIPlugin
2024-12-12 06:36:35,402 [INFO] IPUIPlugin:74 - create IPUIPlugin
2024-12-12 06:36:35,402 [INFO] IPUIPlugin:74 - create IPUIPlugin
2024-12-12 06:36:35,402 [INFO] IPUIPlugin:74 - create IPUIPlugin
2024-12-12 06:36:35,402 [INFO] IPUIPlugin:74 - create IPUIPlugin
2024-12-12 06:36:35,402 [INFO] IPUIPlugin:74 - create IPUIPlugin
2024-12-12 06:36:35,668 [INFO] OpenFileManager:333 - Restore cursor
2024-12-12 06:36:36,423 [INFO] UtilMem:74 - End SaveConfig() Used Memory: 904308744 Bytes (945815552)
2024-12-12 06:36:36,568 [INFO] UtilMem:74 - End SaveConfig() Used Memory: 921938328 Bytes (945815552)
2024-12-12 06:36:37,366 [INFO] BlockDiagram:2740 - set Specific Code input for plugin: NVIC
2024-12-12 06:36:37,382 [INFO] BlockDiagram:2740 - set Specific Code input for plugin: SYS
2024-12-12 06:36:37,382 [INFO] BlockDiagram:2740 - set Specific Code input for plugin: RCC
2024-12-12 06:36:37,383 [INFO] CodeGenerator:663 - code generatio: config db path: C:\ST\STM32CubeIDE_1.7.0\STM32CubeIDE\plugins\com.st.stm32cube.common.mx_6.3.0.202107141111\\db\
2024-12-12 06:36:38,009 [INFO] CodeEngine:239 - oldGeneratedFile, C:\Users\Admin\Desktop\LAB VXL\LAB 2\EXERCISE1\SOURCE CODE\EX1\MXTmpFiles\license.tmp_save
2024-12-12 06:36:38,798 [INFO] CodeEngine:257 - Generated code: C:\Users\Admin\Desktop\LAB VXL\LAB 2\EXERCISE1\SOURCE CODE\EX1\MXTmpFiles\license.tmp
2024-12-12 06:36:39,000 [INFO] CodeEngine:239 - oldGeneratedFile, C:\Users\Admin\Desktop\LAB VXL\LAB 2\EXERCISE1\SOURCE CODE\EX1\Core\Src\stm32f1xx_it.c_save
2024-12-12 06:36:39,362 [INFO] CodeEngine:257 - Generated code: C:\Users\Admin\Desktop\LAB VXL\LAB 2\EXERCISE1\SOURCE CODE\EX1\Core\Src\stm32f1xx_it.c
2024-12-12 06:36:39,362 [INFO] CodeEngine:239 - oldGeneratedFile, C:\Users\Admin\Desktop\LAB VXL\LAB 2\EXERCISE1\SOURCE CODE\EX1\Core\Inc\stm32f1xx_it.h_save
2024-12-12 06:36:39,582 [INFO] CodeEngine:257 - Generated code: C:\Users\Admin\Desktop\LAB VXL\LAB 2\EXERCISE1\SOURCE CODE\EX1\Core\Inc\stm32f1xx_it.h
2024-12-12 06:36:39,607 [INFO] CodeEngine:239 - oldGeneratedFile, C:\Users\Admin\Desktop\LAB VXL\LAB 2\EXERCISE1\SOURCE CODE\EX1\Core\Src\stm32f1xx_hal_msp.c_save
2024-12-12 06:36:40,006 [INFO] CodeEngine:257 - Generated code: C:\Users\Admin\Desktop\LAB VXL\LAB 2\EXERCISE1\SOURCE CODE\EX1\Core\Src\stm32f1xx_hal_msp.c
2024-12-12 06:36:40,012 [INFO] CodeEngine:239 - oldGeneratedFile, C:\Users\Admin\Desktop\LAB VXL\LAB 2\EXERCISE1\SOURCE CODE\EX1\MXTmpFiles\system.tmp_save
2024-12-12 06:36:40,243 [INFO] CodeEngine:257 - Generated code: C:\Users\Admin\Desktop\LAB VXL\LAB 2\EXERCISE1\SOURCE CODE\EX1\MXTmpFiles\system.tmp
2024-12-12 06:36:40,259 [INFO] CodeEngine:239 - oldGeneratedFile, C:\Users\Admin\Desktop\LAB VXL\LAB 2\EXERCISE1\SOURCE CODE\EX1\Core\Inc\stm32f1xx_hal_conf.h_save
2024-12-12 06:36:40,618 [INFO] CodeEngine:257 - Generated code: C:\Users\Admin\Desktop\LAB VXL\LAB 2\EXERCISE1\SOURCE CODE\EX1\Core\Inc\stm32f1xx_hal_conf.h
2024-12-12 06:36:40,703 [INFO] CodeEngine:239 - oldGeneratedFile, C:\Users\Admin\Desktop\LAB VXL\LAB 2\EXERCISE1\SOURCE CODE\EX1\Core\Inc\main.h_save
2024-12-12 06:36:40,971 [INFO] CodeEngine:257 - Generated code: C:\Users\Admin\Desktop\LAB VXL\LAB 2\EXERCISE1\SOURCE CODE\EX1\Core\Inc\main.h
2024-12-12 06:36:40,982 [INFO] CodeEngine:239 - oldGeneratedFile, C:\Users\Admin\Desktop\LAB VXL\LAB 2\EXERCISE1\SOURCE CODE\EX1\Core\Src\main.c_save
2024-12-12 06:36:41,344 [INFO] CodeEngine:257 - Generated code: C:\Users\Admin\Desktop\LAB VXL\LAB 2\EXERCISE1\SOURCE CODE\EX1\Core\Src\main.c
2024-12-12 06:36:44,492 [INFO] ProjectBuilder:2578 - Time for Copy HAL[1] : 195mS.
2024-12-12 06:36:44,510 [INFO] ProjectBuilder:3622 - Project Generator version: 3.14.1
2024-12-12 06:36:45,792 [INFO] ConfigFileManager:1271 - The Die is : DIE412
2024-12-12 06:36:45,836 [INFO] ApiDbMcu:468 - Load IP Config File for FATFS
2024-12-12 06:36:46,044 [INFO] ApiDbMcu:468 - Load IP Config File for FREERTOS
2024-12-12 06:36:46,145 [INFO] ApiDbMcu:468 - Load IP Config File for USB_DEVICE
2024-12-12 06:36:55,744 [INFO] ProjectBuilder:3789 - Time for Generating toolchain IDE Files: 11234mS.
2024-12-12 06:36:55,752 [INFO] ProjectBuilder:2457 - Time for Copy CMSIS : 8mS.
2024-12-12 06:36:55,752 [INFO] ProjectBuilder:2457 - Time for Copy CMSIS : 0mS.
2024-12-12 06:36:56,565 [INFO] McuFinderGlobals:52 - Set McuFinderConnectedMode to true
2024-12-12 06:36:56,565 [INFO] ApiDb:276 - Save user favorites file C:\Users\Admin/.stm32cubeide/favorites.mcus.txt: 0 item(s)
2024-12-12 06:36:56,572 [INFO] ApiDb:280 - User favorites MCUs=[]
2024-12-12 06:42:59,269 [INFO] NvicIntPanel:96 - NVIC parent = com.st.microxplorer.plugins.ip.nvic.MultiNvicIntPanel[,0,0,450x118,layout=javax.swing.BoxLayout,alignmentX=0.0,alignmentY=0.0,border=,flags=9,maximumSize=,minimumSize=,preferredSize=]
2024-12-12 06:43:11,427 [INFO] UtilMem:74 - End SaveConfig() Used Memory: 946954544 Bytes (1073741824)
2024-12-12 06:43:12,974 [INFO] UtilMem:74 - End SaveConfig() Used Memory: 883553720 Bytes (1073741824)
2024-12-12 06:43:14,910 [INFO] UtilMem:74 - End SaveConfig() Used Memory: 935422512 Bytes (1073741824)
2024-12-12 06:43:15,327 [INFO] BlockDiagram:2740 - set Specific Code input for plugin: NVIC
2024-12-12 06:43:15,327 [INFO] BlockDiagram:2740 - set Specific Code input for plugin: SYS
2024-12-12 06:43:15,327 [INFO] BlockDiagram:2740 - set Specific Code input for plugin: GPIO
2024-12-12 06:43:15,327 [INFO] BlockDiagram:2740 - set Specific Code input for plugin: RCC
2024-12-12 06:43:15,327 [INFO] BlockDiagram:2740 - set Specific Code input for plugin: TIM1_8F1
2024-12-12 06:43:15,334 [INFO] CodeGenerator:663 - code generatio: config db path: C:\ST\STM32CubeIDE_1.7.0\STM32CubeIDE\plugins\com.st.stm32cube.common.mx_6.3.0.202107141111\\db\
2024-12-12 06:43:15,663 [INFO] CodeEngine:239 - oldGeneratedFile, C:\Users\Admin\Desktop\LAB VXL\LAB 2\EXERCISE1\SOURCE CODE\EX1\MXTmpFiles\license.tmp_save
2024-12-12 06:43:15,726 [INFO] CodeEngine:257 - Generated code: C:\Users\Admin\Desktop\LAB VXL\LAB 2\EXERCISE1\SOURCE CODE\EX1\MXTmpFiles\license.tmp
2024-12-12 06:43:15,824 [INFO] CodeEngine:239 - oldGeneratedFile, C:\Users\Admin\Desktop\LAB VXL\LAB 2\EXERCISE1\SOURCE CODE\EX1\MXTmpFiles\gpio.tmp_save
2024-12-12 06:43:15,917 [INFO] CodeEngine:257 - Generated code: C:\Users\Admin\Desktop\LAB VXL\LAB 2\EXERCISE1\SOURCE CODE\EX1\MXTmpFiles\gpio.tmp
2024-12-12 06:43:16,263 [INFO] CodeEngine:239 - oldGeneratedFile, C:\Users\Admin\Desktop\LAB VXL\LAB 2\EXERCISE1\SOURCE CODE\EX1\Core\Src\stm32f1xx_it.c_save
2024-12-12 06:43:16,469 [INFO] CodeEngine:257 - Generated code: C:\Users\Admin\Desktop\LAB VXL\LAB 2\EXERCISE1\SOURCE CODE\EX1\Core\Src\stm32f1xx_it.c
2024-12-12 06:43:16,470 [INFO] CodeEngine:239 - oldGeneratedFile, C:\Users\Admin\Desktop\LAB VXL\LAB 2\EXERCISE1\SOURCE CODE\EX1\Core\Inc\stm32f1xx_it.h_save
2024-12-12 06:43:16,653 [INFO] CodeEngine:257 - Generated code: C:\Users\Admin\Desktop\LAB VXL\LAB 2\EXERCISE1\SOURCE CODE\EX1\Core\Inc\stm32f1xx_it.h
2024-12-12 06:43:16,679 [INFO] CodeEngine:239 - oldGeneratedFile, C:\Users\Admin\Desktop\LAB VXL\LAB 2\EXERCISE1\SOURCE CODE\EX1\Core\Src\stm32f1xx_hal_msp.c_save
2024-12-12 06:43:16,866 [INFO] CodeEngine:257 - Generated code: C:\Users\Admin\Desktop\LAB VXL\LAB 2\EXERCISE1\SOURCE CODE\EX1\Core\Src\stm32f1xx_hal_msp.c
2024-12-12 06:43:16,866 [INFO] CodeEngine:239 - oldGeneratedFile, C:\Users\Admin\Desktop\LAB VXL\LAB 2\EXERCISE1\SOURCE CODE\EX1\MXTmpFiles\system.tmp_save
2024-12-12 06:43:17,088 [INFO] CodeEngine:257 - Generated code: C:\Users\Admin\Desktop\LAB VXL\LAB 2\EXERCISE1\SOURCE CODE\EX1\MXTmpFiles\system.tmp
2024-12-12 06:43:17,137 [INFO] CodeEngine:239 - oldGeneratedFile, C:\Users\Admin\Desktop\LAB VXL\LAB 2\EXERCISE1\SOURCE CODE\EX1\Core\Inc\stm32f1xx_hal_conf.h_save
2024-12-12 06:43:17,276 [INFO] CodeEngine:257 - Generated code: C:\Users\Admin\Desktop\LAB VXL\LAB 2\EXERCISE1\SOURCE CODE\EX1\Core\Inc\stm32f1xx_hal_conf.h
2024-12-12 06:43:17,356 [WARN] IPConfigManager:3148 - IP not found : TIM
2024-12-12 06:43:17,356 [WARN] CodeGenerator:3268 - IP not found : null
2024-12-12 06:43:17,403 [INFO] CodeEngine:239 - oldGeneratedFile, C:\Users\Admin\Desktop\LAB VXL\LAB 2\EXERCISE1\SOURCE CODE\EX1\Core\Inc\main.h_save
2024-12-12 06:43:17,514 [INFO] CodeEngine:257 - Generated code: C:\Users\Admin\Desktop\LAB VXL\LAB 2\EXERCISE1\SOURCE CODE\EX1\Core\Inc\main.h
2024-12-12 06:43:17,531 [INFO] CodeEngine:239 - oldGeneratedFile, C:\Users\Admin\Desktop\LAB VXL\LAB 2\EXERCISE1\SOURCE CODE\EX1\Core\Src\main.c_save
2024-12-12 06:43:17,690 [INFO] CodeEngine:257 - Generated code: C:\Users\Admin\Desktop\LAB VXL\LAB 2\EXERCISE1\SOURCE CODE\EX1\Core\Src\main.c
2024-12-12 06:43:20,037 [INFO] ProjectBuilder:2578 - Time for Copy HAL[1] : 223mS.
2024-12-12 06:43:20,045 [INFO] ProjectBuilder:3622 - Project Generator version: 3.14.1
2024-12-12 06:43:20,840 [INFO] ConfigFileManager:1271 - The Die is : DIE412
2024-12-12 06:43:29,213 [INFO] ProjectBuilder:3789 - Time for Generating toolchain IDE Files: 9168mS.
2024-12-12 06:43:29,215 [INFO] ProjectBuilder:2457 - Time for Copy CMSIS : 0mS.
2024-12-12 06:43:29,222 [INFO] ProjectBuilder:2457 - Time for Copy CMSIS : 0mS.
