2024-12-11 19:32:02,777 [INFO] Activator:177 - 


2024-12-11 19:32:02,777 [INFO] Activator:178 - !SESSION log4j initialized
2024-12-11 19:32:04,817 [INFO] McuFinderGlobals:39 - Set McuFinder mode to 2 (CubeIDE integrated)
2024-12-11 19:32:06,619 [INFO] ApplicationProperties:181 - Using Application install path: C:\ST\STM32CubeIDE_1.7.0\STM32CubeIDE\plugins\com.st.stm32cube.common.mx_6.3.0.202107141111
2024-12-11 19:32:06,619 [INFO] DbMcusXml:74 - Set database path to: C:\ST\STM32CubeIDE_1.7.0\STM32CubeIDE\plugins\com.st.stm32cube.common.mx_6.3.0.202107141111\\db\/mcu/
2024-12-11 19:32:06,635 [INFO] DbBoardsPdsc:56 - Set plugin database path to: C:\ST\STM32CubeIDE_1.7.0\STM32CubeIDE\plugins\com.st.stm32cube.common.mx_6.3.0.202107141111\\db\/plugins/boardmanager/
2024-12-11 19:32:06,635 [INFO] DbMcus:258 - Set plugin images path to: C:\ST\STM32CubeIDE_1.7.0\STM32CubeIDE\plugins\com.st.stm32cube.common.mx_6.3.0.202107141111\\db\/plugins/mcufinder/images/
2024-12-11 19:32:06,635 [INFO] DbBoards:264 - Set plugin images path to: C:\ST\STM32CubeIDE_1.7.0\STM32CubeIDE\plugins\com.st.stm32cube.common.mx_6.3.0.202107141111\\db\/plugins/mcufinder/images/
2024-12-11 19:32:06,635 [INFO] DbExamples:333 - Set plugin images path to: C:\ST\STM32CubeIDE_1.7.0\STM32CubeIDE\plugins\com.st.stm32cube.common.mx_6.3.0.202107141111\\db\/plugins/mcufinder/images/
2024-12-11 19:32:06,635 [INFO] DbMcusAds:119 - Set database path to: C:\Users\Admin\.stmcufinder\plugins\mcufinder//mcu/
2024-12-11 19:32:06,635 [INFO] DbMcusDocs:110 - Set database path to: C:\Users\Admin\.stmcufinder\plugins\mcufinder//mcu/
2024-12-11 19:32:06,635 [INFO] DbMcusJson:64 - Set database path to: C:\Users\Admin\.stmcufinder\plugins\mcufinder//mcu/
2024-12-11 19:32:06,635 [INFO] DbBoardsDocs:110 - Set database path to: C:\Users\Admin\.stmcufinder\plugins\mcufinder//mcu/
2024-12-11 19:32:06,635 [INFO] DbBoardsJson:57 - Set database path to: C:\Users\Admin\.stmcufinder\plugins\mcufinder//mcu/
2024-12-11 19:32:07,432 [INFO] CrossReferenceDbSqlite:196 - Set database path to: C:\Users\Admin\.stmcufinder\plugins\mcufinder//mcu/cs/
2024-12-11 19:32:07,448 [INFO] DbExamplesSqlite:767 - Set database path to: C:\Users\Admin\.stmcufinder\plugins\mcufinder//mcu/
2024-12-11 19:32:07,526 [INFO] RulesReader:57 - Compatibility file has been processed (242 Rules)
2024-12-11 19:32:07,604 [INFO] DbMcusXml:74 - Set database path to: C:\ST\STM32CubeIDE_1.7.0\STM32CubeIDE\plugins\com.st.stm32cube.common.mx_6.3.0.202107141111\\db\/mcu/
2024-12-11 19:32:07,604 [INFO] DbBoardsPdsc:56 - Set plugin database path to: C:\ST\STM32CubeIDE_1.7.0\STM32CubeIDE\plugins\com.st.stm32cube.common.mx_6.3.0.202107141111\\db\/plugins/boardmanager/
2024-12-11 19:32:07,604 [INFO] DbMcus:258 - Set plugin images path to: C:\ST\STM32CubeIDE_1.7.0\STM32CubeIDE\plugins\com.st.stm32cube.common.mx_6.3.0.202107141111\\db\/plugins/mcufinder/images/
2024-12-11 19:32:07,604 [INFO] DbBoards:264 - Set plugin images path to: C:\ST\STM32CubeIDE_1.7.0\STM32CubeIDE\plugins\com.st.stm32cube.common.mx_6.3.0.202107141111\\db\/plugins/mcufinder/images/
2024-12-11 19:32:07,604 [INFO] DbExamples:333 - Set plugin images path to: C:\ST\STM32CubeIDE_1.7.0\STM32CubeIDE\plugins\com.st.stm32cube.common.mx_6.3.0.202107141111\\db\/plugins/mcufinder/images/
2024-12-11 19:32:07,604 [WARN] DbFile:35 - Overriding database path with different value: C:\Users\Admin\.stmcufinder\plugins\mcufinder/ => C:\Users\Admin\.stmcufinder\plugins\mcufinder
2024-12-11 19:32:07,604 [INFO] DbMcusAds:119 - Set database path to: C:\Users\Admin\.stmcufinder\plugins\mcufinder//mcu/
2024-12-11 19:32:07,604 [WARN] DbFile:35 - Overriding database path with different value: C:\Users\Admin\.stmcufinder\plugins\mcufinder/ => C:\Users\Admin\.stmcufinder\plugins\mcufinder
2024-12-11 19:32:07,604 [INFO] DbMcusDocs:110 - Set database path to: C:\Users\Admin\.stmcufinder\plugins\mcufinder//mcu/
2024-12-11 19:32:07,604 [WARN] DbFile:35 - Overriding database path with different value: C:\Users\Admin\.stmcufinder\plugins\mcufinder/ => C:\Users\Admin\.stmcufinder\plugins\mcufinder
2024-12-11 19:32:07,604 [INFO] DbMcusJson:64 - Set database path to: C:\Users\Admin\.stmcufinder\plugins\mcufinder//mcu/
2024-12-11 19:32:07,604 [WARN] DbFile:35 - Overriding database path with different value: C:\Users\Admin\.stmcufinder\plugins\mcufinder/ => C:\Users\Admin\.stmcufinder\plugins\mcufinder
2024-12-11 19:32:07,604 [INFO] DbBoardsDocs:110 - Set database path to: C:\Users\Admin\.stmcufinder\plugins\mcufinder//mcu/
2024-12-11 19:32:07,604 [WARN] DbFile:35 - Overriding database path with different value: C:\Users\Admin\.stmcufinder\plugins\mcufinder/ => C:\Users\Admin\.stmcufinder\plugins\mcufinder
2024-12-11 19:32:07,604 [INFO] DbBoardsJson:57 - Set database path to: C:\Users\Admin\.stmcufinder\plugins\mcufinder//mcu/
2024-12-11 19:32:07,604 [WARN] DbFile:35 - Overriding database path with different value: C:\Users\Admin\.stmcufinder\plugins\mcufinder/ => C:\Users\Admin\.stmcufinder\plugins\mcufinder
2024-12-11 19:32:07,604 [WARN] DbFile:35 - Overriding database path with different value: C:\Users\Admin\.stmcufinder\plugins\mcufinder/ => C:\Users\Admin\.stmcufinder\plugins\mcufinder
2024-12-11 19:32:08,432 [INFO] CrossReferenceDbSqlite:196 - Set database path to: C:\Users\Admin\.stmcufinder\plugins\mcufinder//mcu/cs/
2024-12-11 19:32:08,432 [WARN] DbFile:35 - Overriding database path with different value: C:\Users\Admin\.stmcufinder\plugins\mcufinder/ => C:\Users\Admin\.stmcufinder\plugins\mcufinder
2024-12-11 19:32:08,432 [INFO] DbExamplesSqlite:767 - Set database path to: C:\Users\Admin\.stmcufinder\plugins\mcufinder//mcu/
2024-12-11 19:32:08,526 [INFO] MainPanel:214 - HeapMemory: 268435456
2024-12-11 19:32:08,620 [INFO] DbMcusXml:74 - Set database path to: C:\ST\STM32CubeIDE_1.7.0\STM32CubeIDE\plugins\com.st.stm32cube.common.mx_6.3.0.202107141111\\db\/mcu/
2024-12-11 19:32:08,620 [INFO] DbBoardsPdsc:56 - Set plugin database path to: C:\ST\STM32CubeIDE_1.7.0\STM32CubeIDE\plugins\com.st.stm32cube.common.mx_6.3.0.202107141111\\db\/plugins/boardmanager/
2024-12-11 19:32:08,620 [INFO] DbMcus:258 - Set plugin images path to: C:\ST\STM32CubeIDE_1.7.0\STM32CubeIDE\plugins\com.st.stm32cube.common.mx_6.3.0.202107141111\\db\/plugins/mcufinder/images/
2024-12-11 19:32:08,620 [INFO] DbBoards:264 - Set plugin images path to: C:\ST\STM32CubeIDE_1.7.0\STM32CubeIDE\plugins\com.st.stm32cube.common.mx_6.3.0.202107141111\\db\/plugins/mcufinder/images/
2024-12-11 19:32:08,620 [INFO] DbExamples:333 - Set plugin images path to: C:\ST\STM32CubeIDE_1.7.0\STM32CubeIDE\plugins\com.st.stm32cube.common.mx_6.3.0.202107141111\\db\/plugins/mcufinder/images/
2024-12-11 19:32:08,620 [WARN] DbFile:35 - Overriding database path with different value: C:\Users\Admin\.stmcufinder\plugins\mcufinder/ => C:\Users\Admin\.stmcufinder\plugins\mcufinder
2024-12-11 19:32:08,620 [INFO] DbMcusAds:119 - Set database path to: C:\Users\Admin\.stmcufinder\plugins\mcufinder//mcu/
2024-12-11 19:32:08,620 [WARN] DbFile:35 - Overriding database path with different value: C:\Users\Admin\.stmcufinder\plugins\mcufinder/ => C:\Users\Admin\.stmcufinder\plugins\mcufinder
2024-12-11 19:32:08,620 [INFO] DbMcusDocs:110 - Set database path to: C:\Users\Admin\.stmcufinder\plugins\mcufinder//mcu/
2024-12-11 19:32:08,620 [WARN] DbFile:35 - Overriding database path with different value: C:\Users\Admin\.stmcufinder\plugins\mcufinder/ => C:\Users\Admin\.stmcufinder\plugins\mcufinder
2024-12-11 19:32:08,620 [INFO] DbMcusJson:64 - Set database path to: C:\Users\Admin\.stmcufinder\plugins\mcufinder//mcu/
2024-12-11 19:32:08,620 [WARN] DbFile:35 - Overriding database path with different value: C:\Users\Admin\.stmcufinder\plugins\mcufinder/ => C:\Users\Admin\.stmcufinder\plugins\mcufinder
2024-12-11 19:32:08,620 [INFO] DbBoardsDocs:110 - Set database path to: C:\Users\Admin\.stmcufinder\plugins\mcufinder//mcu/
2024-12-11 19:32:08,620 [WARN] DbFile:35 - Overriding database path with different value: C:\Users\Admin\.stmcufinder\plugins\mcufinder/ => C:\Users\Admin\.stmcufinder\plugins\mcufinder
2024-12-11 19:32:08,620 [INFO] DbBoardsJson:57 - Set database path to: C:\Users\Admin\.stmcufinder\plugins\mcufinder//mcu/
2024-12-11 19:32:08,620 [WARN] DbFile:35 - Overriding database path with different value: C:\Users\Admin\.stmcufinder\plugins\mcufinder/ => C:\Users\Admin\.stmcufinder\plugins\mcufinder
2024-12-11 19:32:08,620 [WARN] DbFile:35 - Overriding database path with different value: C:\Users\Admin\.stmcufinder\plugins\mcufinder/ => C:\Users\Admin\.stmcufinder\plugins\mcufinder
2024-12-11 19:32:09,433 [INFO] CrossReferenceDbSqlite:196 - Set database path to: C:\Users\Admin\.stmcufinder\plugins\mcufinder//mcu/cs/
2024-12-11 19:32:09,433 [WARN] DbFile:35 - Overriding database path with different value: C:\Users\Admin\.stmcufinder\plugins\mcufinder/ => C:\Users\Admin\.stmcufinder\plugins\mcufinder
2024-12-11 19:32:09,433 [INFO] DbExamplesSqlite:767 - Set database path to: C:\Users\Admin\.stmcufinder\plugins\mcufinder//mcu/
2024-12-11 19:32:09,464 [INFO] ApplicationProperties:181 - Using Application install path: C:\ST\STM32CubeIDE_1.7.0\STM32CubeIDE\plugins\com.st.stm32cube.common.mx_6.3.0.202107141111
2024-12-11 19:32:09,464 [INFO] PluginManage:188 - Search for loadable plugins [exclusion list=, ]
2024-12-11 19:32:09,464 [INFO] PluginManage:302 - Check plugin analytics
2024-12-11 19:32:10,497 [INFO] AnalyticsPlugin:257 - Accepted Software Licenses: 
2024-12-11 19:32:10,497 [INFO] AnalyticsPlugin:259 - Accepted CMSIS Pack Licenses: 
2024-12-11 19:32:10,497 [INFO] AnalyticsPlugin:261 - Accepted Firmware Licenses: 
2024-12-11 19:32:10,497 [INFO] PluginManage:352 - Loaded plugin analytics (category:tool,tabindex:-1)
2024-12-11 19:32:10,497 [INFO] PluginManage:302 - Check plugin clock
2024-12-11 19:32:10,512 [INFO] PluginManage:352 - Loaded plugin clock (category:base,tabindex:2)
2024-12-11 19:32:10,512 [INFO] PluginManage:302 - Check plugin ddr
2024-12-11 19:32:10,512 [INFO] PluginManage:352 - Loaded plugin ddr (category:tool,tabindex:6)
2024-12-11 19:32:10,512 [INFO] PluginManage:302 - Check plugin filemanager
2024-12-11 19:32:10,637 [INFO] PluginManage:352 - Loaded plugin filemanager (category:base,tabindex:10)
2024-12-11 19:32:10,637 [INFO] PluginManage:302 - Check plugin ipmanager
2024-12-11 19:32:10,653 [INFO] PluginManage:352 - Loaded plugin ipmanager (category:base,tabindex:5)
2024-12-11 19:32:10,653 [INFO] PluginManage:302 - Check plugin pinoutandconfiguration
2024-12-11 19:32:10,653 [INFO] PluginManage:352 - Loaded plugin pinoutandconfiguration (category:base,tabindex:1)
2024-12-11 19:32:10,653 [INFO] PluginManage:302 - Check plugin pinoutconfig
2024-12-11 19:32:10,668 [INFO] PluginManage:352 - Loaded plugin pinoutconfig (category:base,tabindex:0)
2024-12-11 19:32:10,668 [INFO] PluginManage:302 - Check plugin power
2024-12-11 19:32:10,684 [INFO] PluginManage:352 - Loaded plugin power (category:power,tabindex:4)
2024-12-11 19:32:10,684 [INFO] PluginManage:302 - Check plugin projectmanager
2024-12-11 19:32:10,700 [INFO] PluginManage:352 - Loaded plugin projectmanager (category:projectmanager,tabindex:3)
2024-12-11 19:32:10,700 [INFO] PluginManage:302 - Check plugin thirdparty
2024-12-11 19:32:10,793 [INFO] PluginManage:352 - Loaded plugin thirdparty (category:base,tabindex:-1)
2024-12-11 19:32:10,793 [INFO] PluginManage:302 - Check plugin tools
2024-12-11 19:32:10,793 [WARN] IntegrityCheckThread:78 - waiting for thirdparty lock release [integrity check]
2024-12-11 19:32:10,793 [INFO] IntegrityCheckThread:80 - entering critical section [integrity check]
2024-12-11 19:32:10,793 [INFO] ThirdPartyUpdaterWithRetryManager:66 - Updater plugin not ready yet. [1/15]
2024-12-11 19:32:10,793 [INFO] PluginManage:352 - Loaded plugin tools (category:base,tabindex:7)
2024-12-11 19:32:10,793 [INFO] PluginManage:302 - Check plugin tutovideos
2024-12-11 19:32:11,012 [INFO] PluginManage:352 - Loaded plugin tutovideos (category:base,tabindex:-1)
2024-12-11 19:32:11,012 [INFO] PluginManage:302 - Check plugin updater
2024-12-11 19:32:11,028 [INFO] PluginManage:352 - Loaded plugin updater (category:base,tabindex:12)
2024-12-11 19:32:11,028 [INFO] PluginManage:275 - PluginManage : Loaded plugins [13]
2024-12-11 19:32:11,153 [INFO] PinOutPanel:1463 - setPackage(No Configuration,No Configuration)
2024-12-11 19:32:11,231 [INFO] IPUIPlugin:74 - create IPUIPlugin
2024-12-11 19:32:11,231 [INFO] PluginManager:213 - loadIPPluginJar : add adc
2024-12-11 19:32:11,231 [INFO] IPUIPlugin:74 - create IPUIPlugin
2024-12-11 19:32:11,231 [INFO] PluginManager:213 - loadIPPluginJar : add aes
2024-12-11 19:32:11,231 [INFO] IPUIPlugin:74 - create IPUIPlugin
2024-12-11 19:32:11,231 [INFO] PluginManager:213 - loadIPPluginJar : add can
2024-12-11 19:32:11,231 [INFO] IPUIPlugin:74 - create IPUIPlugin
2024-12-11 19:32:11,231 [INFO] PluginManager:213 - loadIPPluginJar : add comp
2024-12-11 19:32:11,231 [INFO] IPUIPlugin:74 - create IPUIPlugin
2024-12-11 19:32:11,231 [INFO] PluginManager:213 - loadIPPluginJar : add cryp
2024-12-11 19:32:11,231 [INFO] IPUIPlugin:74 - create IPUIPlugin
2024-12-11 19:32:11,231 [INFO] PluginManager:213 - loadIPPluginJar : add dfsdm
2024-12-11 19:32:11,246 [INFO] IPUIPlugin:74 - create IPUIPlugin
2024-12-11 19:32:11,246 [INFO] PluginManager:213 - loadIPPluginJar : add dma
2024-12-11 19:32:11,246 [INFO] IPUIPlugin:74 - create IPUIPlugin
2024-12-11 19:32:11,246 [INFO] PluginManager:213 - loadIPPluginJar : add dma3
2024-12-11 19:32:11,246 [INFO] IPUIPlugin:74 - create IPUIPlugin
2024-12-11 19:32:11,246 [INFO] PluginManager:213 - loadIPPluginJar : add fatfs
2024-12-11 19:32:11,246 [INFO] IPUIPlugin:74 - create IPUIPlugin
2024-12-11 19:32:11,246 [INFO] PluginManager:213 - loadIPPluginJar : add fmc
2024-12-11 19:32:11,262 [INFO] IPUIPlugin:74 - create IPUIPlugin
2024-12-11 19:32:11,262 [INFO] PluginManager:213 - loadIPPluginJar : add freertos
2024-12-11 19:32:11,262 [INFO] IPUIPlugin:74 - create IPUIPlugin
2024-12-11 19:32:11,262 [INFO] PluginManager:213 - loadIPPluginJar : add genericplugin
2024-12-11 19:32:11,262 [INFO] IPUIPlugin:74 - create IPUIPlugin
2024-12-11 19:32:11,262 [INFO] PluginManager:213 - loadIPPluginJar : add gfxmmu
2024-12-11 19:32:11,262 [INFO] IPUIPlugin:74 - create IPUIPlugin
2024-12-11 19:32:11,262 [INFO] PluginManager:213 - loadIPPluginJar : add gic
2024-12-11 19:32:11,262 [INFO] IPUIPlugin:74 - create IPUIPlugin
2024-12-11 19:32:11,262 [INFO] PluginManager:213 - loadIPPluginJar : add gpio
2024-12-11 19:32:11,262 [INFO] IPUIPlugin:74 - create IPUIPlugin
2024-12-11 19:32:11,262 [INFO] PluginManager:213 - loadIPPluginJar : add gtzc
2024-12-11 19:32:11,278 [INFO] IPUIPlugin:74 - create IPUIPlugin
2024-12-11 19:32:11,278 [INFO] PluginManager:213 - loadIPPluginJar : add hash
2024-12-11 19:32:11,278 [INFO] IPUIPlugin:74 - create IPUIPlugin
2024-12-11 19:32:11,278 [INFO] PluginManager:213 - loadIPPluginJar : add i2c
2024-12-11 19:32:11,278 [INFO] IPUIPlugin:74 - create IPUIPlugin
2024-12-11 19:32:11,278 [INFO] PluginManager:213 - loadIPPluginJar : add i2s
2024-12-11 19:32:11,278 [INFO] IPUIPlugin:74 - create IPUIPlugin
2024-12-11 19:32:11,278 [INFO] PluginManager:213 - loadIPPluginJar : add ipddr
2024-12-11 19:32:11,293 [INFO] IPUIPlugin:74 - create IPUIPlugin
2024-12-11 19:32:11,293 [INFO] PluginManager:213 - loadIPPluginJar : add linkedlist
2024-12-11 19:32:11,293 [INFO] IPUIPlugin:74 - create IPUIPlugin
2024-12-11 19:32:11,293 [INFO] PluginManager:213 - loadIPPluginJar : add lorawan
2024-12-11 19:32:11,293 [INFO] IPUIPlugin:74 - create IPUIPlugin
2024-12-11 19:32:11,293 [INFO] PluginManager:213 - loadIPPluginJar : add ltdc
2024-12-11 19:32:11,293 [INFO] IPUIPlugin:74 - create IPUIPlugin
2024-12-11 19:32:11,293 [INFO] PluginManager:213 - loadIPPluginJar : add mdma
2024-12-11 19:32:11,309 [INFO] IPUIPlugin:74 - create IPUIPlugin
2024-12-11 19:32:11,309 [INFO] PluginManager:213 - loadIPPluginJar : add nvic
2024-12-11 19:32:11,309 [INFO] IPUIPlugin:74 - create IPUIPlugin
2024-12-11 19:32:11,309 [INFO] PluginManager:213 - loadIPPluginJar : add opamp
2024-12-11 19:32:11,309 [INFO] IPUIPlugin:74 - create IPUIPlugin
2024-12-11 19:32:11,309 [INFO] PluginManager:213 - loadIPPluginJar : add openamp
2024-12-11 19:32:11,309 [INFO] IPUIPlugin:74 - create IPUIPlugin
2024-12-11 19:32:11,309 [INFO] PluginManager:213 - loadIPPluginJar : add pdm2pcm
2024-12-11 19:32:11,309 [INFO] IPUIPlugin:74 - create IPUIPlugin
2024-12-11 19:32:11,309 [INFO] PluginManager:213 - loadIPPluginJar : add plateformsettings
2024-12-11 19:32:11,324 [INFO] IPUIPlugin:74 - create IPUIPlugin
2024-12-11 19:32:11,324 [INFO] PluginManager:213 - loadIPPluginJar : add quadspi
2024-12-11 19:32:11,324 [INFO] IPUIPlugin:74 - create IPUIPlugin
2024-12-11 19:32:11,324 [INFO] PluginManager:213 - loadIPPluginJar : add resmgrutility
2024-12-11 19:32:11,324 [INFO] IPUIPlugin:74 - create IPUIPlugin
2024-12-11 19:32:11,324 [INFO] PluginManager:213 - loadIPPluginJar : add sai
2024-12-11 19:32:11,324 [INFO] IPUIPlugin:74 - create IPUIPlugin
2024-12-11 19:32:11,324 [INFO] PluginManager:213 - loadIPPluginJar : add spi
2024-12-11 19:32:11,324 [INFO] IPUIPlugin:74 - create IPUIPlugin
2024-12-11 19:32:11,324 [INFO] PluginManager:213 - loadIPPluginJar : add stm32_wpan
2024-12-11 19:32:11,324 [INFO] IPUIPlugin:74 - create IPUIPlugin
2024-12-11 19:32:11,324 [INFO] PluginManager:213 - loadIPPluginJar : add tim
2024-12-11 19:32:11,324 [INFO] IPUIPlugin:74 - create IPUIPlugin
2024-12-11 19:32:11,324 [INFO] PluginManager:213 - loadIPPluginJar : add touchsensing
2024-12-11 19:32:11,324 [INFO] IPUIPlugin:74 - create IPUIPlugin
2024-12-11 19:32:11,340 [INFO] PluginManager:213 - loadIPPluginJar : add tracer_emb
2024-12-11 19:32:11,340 [INFO] IPUIPlugin:74 - create IPUIPlugin
2024-12-11 19:32:11,340 [INFO] PluginManager:213 - loadIPPluginJar : add ts
2024-12-11 19:32:11,340 [INFO] IPUIPlugin:74 - create IPUIPlugin
2024-12-11 19:32:11,340 [INFO] PluginManager:213 - loadIPPluginJar : add tsc
2024-12-11 19:32:11,340 [INFO] IPUIPlugin:74 - create IPUIPlugin
2024-12-11 19:32:11,340 [INFO] PluginManager:213 - loadIPPluginJar : add ucpd
2024-12-11 19:32:11,340 [INFO] IPUIPlugin:74 - create IPUIPlugin
2024-12-11 19:32:11,340 [INFO] PluginManager:213 - loadIPPluginJar : add usart
2024-12-11 19:32:11,340 [INFO] IPUIPlugin:74 - create IPUIPlugin
2024-12-11 19:32:11,340 [INFO] PluginManager:213 - loadIPPluginJar : add usbx
2024-12-11 19:32:11,683 [FATAL] Updater:294 - Updater called before beeing initialized
2024-12-11 19:32:11,777 [FATAL] Updater:294 - Updater called before beeing initialized
2024-12-11 19:32:11,777 [INFO] DbMcusAds:47 - JSON generation date=Fri Sep 20 20:04:23 ICT 2024 (1726837463113)
2024-12-11 19:32:11,777 [FATAL] Updater:294 - Updater called before beeing initialized
2024-12-11 19:32:11,808 [WARN] DetailPanel:314 - Failed to get advertising image, set to default
2024-12-11 19:32:11,933 [FATAL] Updater:294 - Updater called before beeing initialized
2024-12-11 19:32:11,933 [FATAL] Updater:294 - Updater called before beeing initialized
2024-12-11 19:32:11,933 [FATAL] Updater:294 - Updater called before beeing initialized
2024-12-11 19:32:11,933 [WARN] DetailPanel:314 - Failed to get advertising image, set to default
2024-12-11 19:32:11,948 [FATAL] Updater:294 - Updater called before beeing initialized
2024-12-11 19:32:12,011 [ERROR] Updater:1075 - MainUpdater not yet initialized. External WinMGr cannot be set.
2024-12-11 19:32:12,011 [INFO] Updater:1012 - Updater Version found : 6.3.0
2024-12-11 19:32:12,027 [INFO] ApplicationProperties:181 - Using Application install path: C:\ST\STM32CubeIDE_1.7.0\STM32CubeIDE\plugins\com.st.stm32cube.common.mx_6.3.0.202107141111
2024-12-11 19:32:13,786 [INFO] MainUpdater:2671 - connection check result : 10
2024-12-11 19:32:13,788 [INFO] MainUpdater:265 - Updater Check For Update Now.
2024-12-11 19:32:13,789 [INFO] MicroXplorer:478 - Change Database Version : DB.6.0.30
2024-12-11 19:32:13,800 [INFO] ThirdPartyUpdaterWithRetryManager:66 - Updater plugin not ready yet. [2/15]
2024-12-11 19:32:13,972 [INFO] CheckServerUpdateThread:112 - End of CheckServer Thread
2024-12-11 19:32:14,034 [INFO] MainUpdater:2671 - connection check result : 10
2024-12-11 19:32:14,284 [INFO] McuFinderGlobals:52 - Set McuFinderConnectedMode to false
2024-12-11 19:32:14,378 [INFO] CrossSelectorPresenter:1330 - Cross Selector saved comparison directory: C:\Users\Admin\.stmcufinder\plugins\mcufinder\mcu\cs_comparisons_mx
2024-12-11 19:32:14,378 [INFO] MultiScanPanel:197 - Auto-refresh data requested => check proxy status ongoing
2024-12-11 19:32:14,378 [INFO] MultiScanPanel:201 - Proxy status is invalid
2024-12-11 19:32:14,378 [INFO] FinderPluginLoader:87 - Searching for filters in installed packs
2024-12-11 19:32:14,378 [INFO] DbMcusXml:100 - Load MCU database from C:\ST\STM32CubeIDE_1.7.0\STM32CubeIDE\plugins\com.st.stm32cube.common.mx_6.3.0.202107141111\\db\/mcu/families.xml
2024-12-11 19:32:15,425 [INFO] DbMcusJson:93 - JSON generation date=Tue Nov 16 23:17:54 ICT 2021 (1637079474)
2024-12-11 19:32:16,394 [INFO] DbMcus:175 - Found 1951 MCUs (1903 are supported by CubeMX, 1914 are visible in CubeMX)
2024-12-11 19:32:16,394 [INFO] ApiDb:251 - Load user favorites file C:\Users\Admin/.stm32cubeide/favorites.mcus.txt: 0 item(s)
2024-12-11 19:32:16,394 [INFO] ApiDb:255 - User favorites MCUs=[]
2024-12-11 19:32:16,394 [INFO] DbMcus:187 - Set 0 / 0 favorites MCUs
2024-12-11 19:32:17,019 [ERROR] Engine:463 - C:\Users\Admin\.stm32cubemx\thirdparties\pdsc\STMicroelectronics.FP-SNS-MOTENVWB1.1.4.0.pdsc: PDSC version is not supported
2024-12-11 19:32:17,050 [WARN] PackLoader:238 - Cannot read IP mode file for STMicroelectronics.FP-ATR-ASTRA1.2.0.1
2024-12-11 19:32:17,066 [ERROR] Engine:463 - C:\Users\Admin\.stm32cubemx\thirdparties\pdsc\STMicroelectronics.X-CUBE-SMBUS.2.1.0.pdsc: PDSC version is not supported
2024-12-11 19:32:17,097 [WARN] PackLoader:238 - Cannot read IP mode file for STMicroelectronics.X-CUBE-WB05N.1.1.0
2024-12-11 19:32:17,159 [INFO] DetailPanel:309 - Set advertising image to C:/Users/Admin/STM32Cube/Repository/\en.prom-stm32c071-usb-memories-mcu-finder.png
2024-12-11 19:32:17,175 [WARN] PackLoader:238 - Cannot read IP mode file for STMicroelectronics.X-CUBE-AZRTOS-F7.1.1.0
2024-12-11 19:32:17,191 [ERROR] Engine:463 - C:\Users\Admin\.stm32cubemx\thirdparties\pdsc\STMicroelectronics.FP-SNS-MOTENV1.4.3.2.pdsc: PDSC version is not supported
2024-12-11 19:32:17,206 [WARN] PackLoader:238 - Cannot read IP mode file for STMicroelectronics.X-CUBE-BLE1.6.2.3
2024-12-11 19:32:17,347 [WARN] PackLoader:238 - Cannot read IP mode file for STMicroelectronics.X-CUBE-MEMS1.11.0.0
2024-12-11 19:32:17,727 [WARN] PackLoader:238 - Cannot read IP mode file for STMicroelectronics.X-CUBE-BLE1.6.2.4
2024-12-11 19:32:17,738 [WARN] PackLoader:238 - Cannot read IP mode file for STMicroelectronics.X-CUBE-TOF1.3.1.0
2024-12-11 19:32:17,753 [WARN] PackLoader:238 - Cannot read IP mode file for STMicroelectronics.X-CUBE-NFC10.1.0.0
2024-12-11 19:32:17,769 [ERROR] Engine:463 - C:\Users\Admin\.stm32cubemx\thirdparties\pdsc\STMicroelectronics.X-CUBE-BLEMGR.4.0.0.pdsc: PDSC version is not supported
2024-12-11 19:32:17,769 [WARN] PackLoader:238 - Cannot read IP mode file for STMicroelectronics.X-CUBE-TOUCHGFX.4.22.1
2024-12-11 19:32:17,847 [WARN] PackLoader:238 - Cannot read IP mode file for STMicroelectronics.X-CUBE-MEMS1.9.3.0
2024-12-11 19:32:17,972 [INFO] DbBoardsPdsc:90 - Found 25 items
2024-12-11 19:32:17,972 [INFO] DbBoardsPdsc:90 - Found 9 items
2024-12-11 19:32:17,972 [INFO] DbBoardsPdsc:90 - Found 33 items
2024-12-11 19:32:17,972 [INFO] DbBoardsPdsc:90 - Found 1 items
2024-12-11 19:32:17,988 [INFO] DbBoardsPdsc:90 - Found 48 items
2024-12-11 19:32:18,003 [INFO] DbBoardsPdsc:90 - Found 43 items
2024-12-11 19:32:18,003 [INFO] DbBoardsPdsc:90 - Found 2 items
2024-12-11 19:32:18,003 [INFO] DbBoardsPdsc:90 - Found 5 items
2024-12-11 19:32:18,019 [WARN] DbBoardsPdsc:254 - Board STM32H7B3I-DK: unknown feature type=Audio, name=, username=Audio stereo codec with Headphone Amp (CS42L51-CNZ), n=1
2024-12-11 19:32:18,019 [WARN] DbBoardsPdsc:254 - Board STM32H735G-DK: unknown feature type=Audio, name=, username=Audio stereo codec with Headphone Amp (WM8994ECS/R), n=1
2024-12-11 19:32:18,019 [WARN] DbBoardsPdsc:254 - Board STM32H7B3I-EVAL: unknown feature type=Audio, name=, username=Multi-Channel Audio Codec (CS42L51-CNZ), n=1
2024-12-11 19:32:18,019 [WARN] DbBoardsPdsc:254 - Board STM32H7B3I-EVAL: unknown feature type=Meter, name=, username=Power-metering and Temperature-monitoring with sigma-delta modulators, n=1
2024-12-11 19:32:18,019 [WARN] DbBoardsPdsc:254 - Board STM32H7B3I-EVAL: unknown feature type=Motor, name=, username=Motor Control, n=1
2024-12-11 19:32:18,019 [WARN] DbBoardsPdsc:254 - Board STM32U575I-EV: unknown feature type=joystick, name=, username=4-direction joystick with selection button, n=1
2024-12-11 19:32:18,081 [INFO] DbBoardsJson:86 - JSON generation date=Tue Nov 16 23:17:54 ICT 2021 (1637079474)
2024-12-11 19:32:18,097 [INFO] DbBoards:117 - Found 167 boards (163 are supported by CubeMX)
2024-12-11 19:32:18,097 [INFO] DbBoardsDocs:143 - JSON generation date=Tue Nov 16 23:17:54 ICT 2021 (1637079474)
2024-12-11 19:32:18,113 [INFO] DbBoardsDocs:79 - Found 209 boards documents
2024-12-11 19:32:18,113 [WARN] DbBoards:127 - board B-L475E-IOT01A2 has no document id list !
2024-12-11 19:32:18,113 [WARN] DbBoards:127 - board NUCLEO-H743ZI has no document id list !
2024-12-11 19:32:18,113 [WARN] DbBoards:127 - board NUCLEO-WL55JC2 has no document id list !
2024-12-11 19:32:18,113 [WARN] DbBoards:127 - board P-NUCLEO-WB55-Nucleo has no document id list !
2024-12-11 19:32:18,113 [WARN] DbBoards:127 - board P-NUCLEO-WB55-USBDongle has no document id list !
2024-12-11 19:32:18,113 [WARN] DbBoards:127 - board STEVAL-BFA001V1B has no document id list !
2024-12-11 19:32:18,113 [WARN] DbBoards:127 - board STEVAL-BFA001V2B has no document id list !
2024-12-11 19:32:18,113 [WARN] DbBoards:127 - board STEVAL-IDP005V1 has no document id list !
2024-12-11 19:32:18,113 [WARN] DbBoards:127 - board STEVAL-IDP005V2 has no document id list !
2024-12-11 19:32:18,113 [WARN] DbBoards:127 - board STEVAL-MKSBOX1V1 has no document id list !
2024-12-11 19:32:18,113 [WARN] DbBoards:127 - board STEVAL-STWINKT1 has no document id list !
2024-12-11 19:32:18,113 [WARN] DbBoards:127 - board STEVAL-STWINKT1B has no document id list !
2024-12-11 19:32:18,113 [WARN] DbBoards:127 - board STM32439I-EVAL2 has no document id list !
2024-12-11 19:32:18,113 [WARN] DbBoards:127 - board STM32F401C-DISCO has no document id list !
2024-12-11 19:32:18,128 [WARN] DbBoards:127 - board STM32F769I-DISC1 has no document id list !
2024-12-11 19:32:18,128 [WARN] DbBoards:127 - board STM32G474E-EVAL1 has no document id list !
2024-12-11 19:32:18,128 [WARN] DbBoards:127 - board STM32H743I-EVAL2 has no document id list !
2024-12-11 19:32:18,128 [WARN] DbBoards:127 - board STM32H747I-DISC1 has no document id list !
2024-12-11 19:32:18,128 [WARN] DbBoards:127 - board STM32H753I-EVAL2 has no document id list !
2024-12-11 19:32:18,128 [WARN] DbBoards:127 - board STM32L-DISCOVERY has no document id list !
2024-12-11 19:32:18,284 [WARN] PackLoader:238 - Cannot read IP mode file for STMicroelectronics.X-CUBE-AI.7.2.0
2024-12-11 19:32:18,284 [ERROR] Engine:463 - C:\Users\Admin\.stm32cubemx\thirdparties\pdsc\STMicroelectronics.X-CUBE-BLEMGR.3.1.0.pdsc: PDSC version is not supported
2024-12-11 19:32:18,300 [INFO] LogOutputStream:76 - [STDOUT_REDIRECT] 1 : Invalid condition id : UX_CORESTACK_Condition cause : null
2024-12-11 19:32:18,316 [INFO] LogOutputStream:76 - [STDOUT_REDIRECT] 1 : Invalid condition id : UX_CORESTACK_Condition cause : null
2024-12-11 19:32:18,316 [INFO] LogOutputStream:76 - [STDOUT_REDIRECT] 1 : Invalid condition id : UX_CORESTACK_Condition cause : null
2024-12-11 19:32:18,316 [INFO] LogOutputStream:76 - [STDOUT_REDIRECT] 1 : Invalid condition id : UX_CORESTACK_Condition cause : null
2024-12-11 19:32:18,316 [INFO] LogOutputStream:76 - [STDOUT_REDIRECT] 1 : Invalid condition id : UX_CORESTACK_Condition cause : null
2024-12-11 19:32:18,316 [WARN] PackLoader:238 - Cannot read IP mode file for STMicroelectronics.X-CUBE-AZRTOS-WL.2.0.0
2024-12-11 19:32:18,331 [ERROR] Engine:463 - C:\Users\Admin\.stm32cubemx\thirdparties\pdsc\STMicroelectronics.FP-SNS-MOTENV1.5.0.0.pdsc: PDSC version is not supported
2024-12-11 19:32:18,331 [WARN] PackLoader:238 - Cannot read IP mode file for wolfSSL.I-CUBE-wolfMQTT.1.19.0
2024-12-11 19:32:18,347 [WARN] PackLoader:238 - Cannot read IP mode file for WES.I-CUBE-Cesium.1.3.0
2024-12-11 19:32:18,363 [WARN] PackLoader:238 - Cannot read IP mode file for STMicroelectronics.X-CUBE-TOF1.3.2.0
2024-12-11 19:32:18,378 [WARN] PackLoader:238 - Cannot read IP mode file for STMicroelectronics.X-CUBE-ISPU.1.0.0
2024-12-11 19:32:18,394 [WARN] PackLoader:238 - Cannot read IP mode file for STMicroelectronics.X-CUBE-NFC9.1.0.0
2024-12-11 19:32:18,441 [WARN] PackLoader:238 - Cannot read IP mode file for STMicroelectronics.X-CUBE-AZRTOS-H7.2.1.0
2024-12-11 19:32:18,441 [ERROR] Engine:463 - C:\Users\Admin\.stm32cubemx\thirdparties\pdsc\STMicroelectronics.X-CUBE-TCPP.4.1.0.pdsc: PDSC version is not supported
2024-12-11 19:32:18,456 [WARN] PackLoader:238 - Cannot read IP mode file for STMicroelectronics.X-CUBE-TOUCHGFX.4.21.0
2024-12-11 19:32:18,456 [ERROR] DbBoards:189 - Image file not found for board B-U585I-IOT02A: C:\ST\STM32CubeIDE_1.7.0\STM32CubeIDE\plugins\com.st.stm32cube.common.mx_6.3.0.202107141111\\db\/plugins/mcufinder/images/boards/B-U585I-IOT02A_small.jpg
2024-12-11 19:32:18,534 [WARN] PackLoader:238 - Cannot read IP mode file for STMicroelectronics.X-CUBE-MEMS1.9.4.0
2024-12-11 19:32:18,722 [ERROR] DbBoards:189 - Image file not found for board NUCLEO-F413ZH: C:\ST\STM32CubeIDE_1.7.0\STM32CubeIDE\plugins\com.st.stm32cube.common.mx_6.3.0.202107141111\\db\/plugins/mcufinder/images/boards/nucleo-f413zh_small.jpg
2024-12-11 19:32:18,945 [WARN] PackLoader:238 - Cannot read IP mode file for STMicroelectronics.X-CUBE-AI.7.3.0
2024-12-11 19:32:18,956 [WARN] PackLoader:238 - Cannot read IP mode file for STMicroelectronics.X-CUBE-ALGOBUILD.1.3.0
2024-12-11 19:32:18,988 [WARN] PackLoader:238 - Cannot read IP mode file for STMicroelectronics.X-CUBE-AZRTOS-G0.1.1.0
2024-12-11 19:32:18,988 [WARN] PackLoader:238 - Cannot read IP mode file for STMicroelectronics.X-CUBE-SAFEA1.1.2.2
2024-12-11 19:32:19,003 [WARN] PackLoader:238 - Cannot read IP mode file for STMicroelectronics.X-CUBE-NFC4.3.0.0
2024-12-11 19:32:19,066 [WARN] PackLoader:238 - Cannot read IP mode file for SEGGER.I-CUBE-embOS.1.2.0
2024-12-11 19:32:19,128 [ERROR] Engine:463 - C:\Users\Admin\.stm32cubemx\thirdparties\pdsc\EmbeddedOffice.I-CUBE-FS-RTOS.1.0.1.pdsc: PDSC version is not supported
2024-12-11 19:32:19,144 [WARN] PackLoader:238 - Cannot read IP mode file for STMicroelectronics.X-CUBE-BLEMGR.1.3.0
2024-12-11 19:32:19,144 [ERROR] DbBoards:189 - Image file not found for board NUCLEO-L552ZE-Q: C:\ST\STM32CubeIDE_1.7.0\STM32CubeIDE\plugins\com.st.stm32cube.common.mx_6.3.0.202107141111\\db\/plugins/mcufinder/images/boards/nucleo_l552ze_q_small.jpg
2024-12-11 19:32:19,144 [ERROR] DbBoards:189 - Image file not found for board NUCLEO-U575ZI-Q: C:\ST\STM32CubeIDE_1.7.0\STM32CubeIDE\plugins\com.st.stm32cube.common.mx_6.3.0.202107141111\\db\/plugins/mcufinder/images/boards/nucleo-u575zi-q_small.jpg
2024-12-11 19:32:19,160 [ERROR] DbBoards:189 - Image file not found for board NUCLEO-WB15CC: C:\ST\STM32CubeIDE_1.7.0\STM32CubeIDE\plugins\com.st.stm32cube.common.mx_6.3.0.202107141111\\db\/plugins/mcufinder/images/boards/nucleo-wb15cc_small.jpg
2024-12-11 19:32:19,160 [ERROR] DbBoards:189 - Image file not found for board NUCLEO-WB55RG: C:\ST\STM32CubeIDE_1.7.0\STM32CubeIDE\plugins\com.st.stm32cube.common.mx_6.3.0.202107141111\\db\/plugins/mcufinder/images/boards/nucleo-wb55rg_small.jpg
2024-12-11 19:32:19,160 [ERROR] Engine:463 - C:\Users\Admin\.stm32cubemx\thirdparties\pdsc\RealThread.X-CUBE-RT-Thread_Nano.4.1.1.pdsc: PDSC version is not supported
2024-12-11 19:32:19,175 [WARN] PackLoader:238 - Cannot read IP mode file for STMicroelectronics.FP-ATR-SIGFOX1.3.2.0
2024-12-11 19:32:19,175 [ERROR] Engine:463 - C:\Users\Admin\.stm32cubemx\thirdparties\pdsc\quantropi.X-CUBE-qispace-sdk-base.1.9.3.pdsc: PDSC version is not supported
2024-12-11 19:32:19,175 [WARN] PackLoader:238 - Cannot read IP mode file for STMicroelectronics.X-CUBE-EEPRMA1.5.1.0
2024-12-11 19:32:19,191 [WARN] PackLoader:238 - Cannot read IP mode file for emotas.I-CUBE-CANOPEN.1.1.2
2024-12-11 19:32:19,206 [WARN] PackLoader:238 - Cannot read IP mode file for STMicroelectronics.X-CUBE-TOUCHGFX.4.20.0
2024-12-11 19:32:19,269 [WARN] PackLoader:238 - Cannot read IP mode file for SEGGER.I-CUBE-embOS.1.3.1
2024-12-11 19:32:19,394 [WARN] PackLoader:238 - Cannot read IP mode file for STMicroelectronics.X-CUBE-ALGOBUILD.1.4.0
2024-12-11 19:32:19,394 [WARN] PackLoader:238 - Cannot read IP mode file for STMicroelectronics.X-CUBE-AI.9.1.0
2024-12-11 19:32:19,409 [WARN] PackLoader:238 - Cannot read IP mode file for STMicroelectronics.X-CUBE-GNSS1.6.0.0
2024-12-11 19:32:19,456 [WARN] PackLoader:238 - Cannot read IP mode file for STMicroelectronics.X-CUBE-AZRTOS-F4.1.1.0
2024-12-11 19:32:19,456 [WARN] PackLoader:238 - Cannot read IP mode file for STMicroelectronics.X-CUBE-ISPU.2.1.0
2024-12-11 19:32:19,472 [ERROR] Engine:463 - C:\Users\Admin\.stm32cubemx\thirdparties\pdsc\STMicroelectronics.X-CUBE-FREERTOS.1.2.0.pdsc: PDSC version is not supported
2024-12-11 19:32:19,488 [WARN] PackLoader:238 - Cannot read IP mode file for STMicroelectronics.X-CUBE-BLEMGR.1.2.0
2024-12-11 19:32:19,519 [WARN] PackLoader:238 - Cannot read IP mode file for STMicroelectronics.X-CUBE-AZRTOS-L5.2.0.0
2024-12-11 19:32:19,613 [WARN] PackLoader:238 - Cannot read IP mode file for STMicroelectronics.X-CUBE-MEMS1.9.6.0
2024-12-11 19:32:20,128 [WARN] PackLoader:238 - Cannot read IP mode file for STMicroelectronics.X-CUBE-EEPRMA1.4.2.0
2024-12-11 19:32:20,144 [WARN] PackLoader:238 - Cannot read IP mode file for STMicroelectronics.X-CUBE-NFC6.3.1.0
2024-12-11 19:32:20,144 [ERROR] Engine:463 - C:\Users\Admin\.stm32cubemx\thirdparties\pdsc\ITTIA_DB.I-CUBE-ITTIADB.8.8.0.pdsc: PDSC version is not supported
2024-12-11 19:32:20,159 [WARN] PackLoader:238 - Cannot read IP mode file for STMicroelectronics.X-CUBE-BLEMGR.2.0.0
2024-12-11 19:32:20,175 [ERROR] Engine:463 - C:\Users\Admin\.stm32cubemx\thirdparties\pdsc\STMicroelectronics.X-CUBE-DPower.1.2.0.pdsc: PDSC version is not supported
2024-12-11 19:32:20,175 [WARN] PackLoader:238 - Cannot read IP mode file for STMicroelectronics.X-CUBE-NFC4.2.0.5
2024-12-11 19:32:20,190 [WARN] PackLoader:238 - Cannot read IP mode file for STMicroelectronics.X-CUBE-NFC4.2.0.4
2024-12-11 19:32:20,206 [WARN] PackLoader:238 - Cannot read IP mode file for STMicroelectronics.X-CUBE-AI.9.0.0
2024-12-11 19:32:20,237 [WARN] ConditionMgr:437 - getConditionDescription Invalid condition id : UX DEVICE CLASS RTOS Condition cause : null
2024-12-11 19:32:20,237 [WARN] ConditionMgr:437 - getConditionDescription Invalid condition id : UX DEVICE CLASS RTOS Condition cause : null
2024-12-11 19:32:20,237 [WARN] PackLoader:238 - Cannot read IP mode file for STMicroelectronics.X-CUBE-AZRTOS-H7.3.1.0
2024-12-11 19:32:20,237 [WARN] ConditionMgr:1038 - genDependencies : Invalid condition id : UX DEVICE CLASS RTOS Condition cause : null
2024-12-11 19:32:20,253 [WARN] ConditionMgr:1038 - genDependencies : Invalid condition id : UX DEVICE CLASS RTOS Condition cause : null
2024-12-11 19:32:20,253 [WARN] ConditionMgr:1038 - genDependencies : Invalid condition id : UX DEVICE CLASS RTOS Condition cause : null
2024-12-11 19:32:20,253 [WARN] ConditionMgr:1038 - genDependencies : Invalid condition id : UX DEVICE CLASS RTOS Condition cause : null
2024-12-11 19:32:20,253 [WARN] ConditionMgr:1038 - genDependencies : Invalid condition id : UX DEVICE CLASS RTOS Condition cause : null
2024-12-11 19:32:20,253 [WARN] PackLoader:238 - Cannot read IP mode file for wolfSSL.I-CUBE-wolfSSL.5.5.0
2024-12-11 19:32:20,269 [ERROR] Engine:463 - C:\Users\Admin\.stm32cubemx\thirdparties\pdsc\STMicroelectronics.X-CUBE-FREERTOS.1.3.0.pdsc: PDSC version is not supported
2024-12-11 19:32:20,269 [WARN] PackLoader:238 - Cannot read IP mode file for STMicroelectronics.X-CUBE-NFC7.1.0.1
2024-12-11 19:32:20,284 [WARN] PackLoader:238 - Cannot read IP mode file for STMicroelectronics.X-CUBE-NFC7.1.0.0
2024-12-11 19:32:20,300 [WARN] PackLoader:238 - Cannot read IP mode file for STMicroelectronics.X-CUBE-NFC6.3.0.0
2024-12-11 19:32:20,300 [WARN] PackLoader:238 - Cannot read IP mode file for STMicroelectronics.X-CUBE-EEPRMA1.4.1.0
2024-12-11 19:32:20,315 [WARN] PackLoader:238 - Cannot read IP mode file for STMicroelectronics.X-CUBE-AI.8.1.0
2024-12-11 19:32:20,362 [WARN] ConditionMgr:437 - getConditionDescription Invalid condition id : LAN8742 Phy interface Condition cause : null
2024-12-11 19:32:20,362 [WARN] PackLoader:238 - Cannot read IP mode file for STMicroelectronics.X-CUBE-AZRTOS-L4.2.0.0
2024-12-11 19:32:20,362 [WARN] ConditionMgr:1038 - genDependencies : Invalid condition id : LAN8742 Phy interface Condition cause : null
2024-12-11 19:32:20,362 [WARN] ConditionMgr:1038 - genDependencies : Invalid condition id : LAN8742 Phy interface Condition cause : null
2024-12-11 19:32:20,362 [WARN] ConditionMgr:1038 - genDependencies : Invalid condition id : LAN8742 Phy interface Condition cause : null
2024-12-11 19:32:20,378 [WARN] PackLoader:238 - Cannot read IP mode file for STMicroelectronics.X-CUBE-SFXS2LP1.4.0.0
2024-12-11 19:32:20,440 [WARN] PackLoader:238 - Cannot read IP mode file for STMicroelectronics.X-CUBE-AZRTOS-H7.3.0.0
2024-12-11 19:32:20,456 [WARN] PackLoader:238 - Cannot read IP mode file for STMicroelectronics.X-CUBE-ISPU.1.1.0
2024-12-11 19:32:20,503 [WARN] PackLoader:238 - Cannot read IP mode file for STMicroelectronics.X-CUBE-AZRTOS-H7.3.3.0
2024-12-11 19:32:20,519 [WARN] PackLoader:238 - Cannot read IP mode file for RoweBots.I-CUBE-UNISONRTOS.5.5.0-4
2024-12-11 19:32:20,534 [ERROR] Engine:463 - C:\Users\Admin\.stm32cubemx\thirdparties\pdsc\STMicroelectronics.X-CUBE-IPS.3.0.0.pdsc: PDSC version is not supported
2024-12-11 19:32:20,565 [WARN] ConditionMgr:437 - getConditionDescription Invalid condition id : UX DEVICE CLASS RTOS Condition cause : null
2024-12-11 19:32:20,565 [WARN] ConditionMgr:437 - getConditionDescription Invalid condition id : UX DEVICE CLASS RTOS Condition cause : null
2024-12-11 19:32:20,565 [WARN] PackLoader:238 - Cannot read IP mode file for STMicroelectronics.X-CUBE-AZRTOS-WB.2.0.0
2024-12-11 19:32:20,565 [WARN] ConditionMgr:1038 - genDependencies : Invalid condition id : UX DEVICE CLASS RTOS Condition cause : null
2024-12-11 19:32:20,565 [WARN] ConditionMgr:1038 - genDependencies : Invalid condition id : UX DEVICE CLASS RTOS Condition cause : null
2024-12-11 19:32:20,565 [WARN] ConditionMgr:1038 - genDependencies : Invalid condition id : UX DEVICE CLASS RTOS Condition cause : null
2024-12-11 19:32:20,565 [WARN] ConditionMgr:1038 - genDependencies : Invalid condition id : UX DEVICE CLASS RTOS Condition cause : null
2024-12-11 19:32:20,565 [WARN] ConditionMgr:1038 - genDependencies : Invalid condition id : UX DEVICE CLASS RTOS Condition cause : null
2024-12-11 19:32:20,581 [WARN] PackLoader:238 - Cannot read IP mode file for STMicroelectronics.X-CUBE-GNSS1.7.0.0
2024-12-11 19:32:20,597 [WARN] PackLoader:238 - Cannot read IP mode file for STMicroelectronics.X-CUBE-BLEMGR.1.0.0
2024-12-11 19:32:20,597 [ERROR] Engine:463 - C:\Users\Admin\.stm32cubemx\thirdparties\pdsc\STMicroelectronics.FP-SNS-STBOX1.2.0.0.pdsc: PDSC version is not supported
2024-12-11 19:32:20,628 [WARN] PackLoader:238 - Cannot read IP mode file for STMicroelectronics.X-CUBE-AZRTOS-L5.1.1.0
2024-12-11 19:32:20,675 [WARN] PackLoader:238 - Cannot read IP mode file for STMicroelectronics.X-CUBE-SUBG2.5.0.0
2024-12-11 19:32:20,706 [ERROR] Engine:463 - C:\Users\Admin\.stm32cubemx\thirdparties\pdsc\Cesanta.I-CUBE-Mongoose.7.13.0.pdsc: PDSC version is not supported
2024-12-11 19:32:20,722 [ERROR] Engine:463 - C:\Users\Admin\.stm32cubemx\thirdparties\pdsc\STMicroelectronics.X-CUBE-TOF1.3.3.1.pdsc: PDSC version is not supported
2024-12-11 19:32:20,784 [WARN] PackLoader:238 - Cannot read IP mode file for STMicroelectronics.X-CUBE-AZRTOS-G4.2.0.0
2024-12-11 19:32:20,784 [WARN] PackLoader:238 - Cannot read IP mode file for STMicroelectronics.FP-ATR-ASTRA1.1.1.1
2024-12-11 19:32:20,800 [ERROR] Engine:463 - C:\Users\Admin\.stm32cubemx\thirdparties\pdsc\Infineon.AIROC-Wi-Fi-Bluetooth-STM32.1.5.1.pdsc: PDSC version is not supported
2024-12-11 19:32:20,831 [WARN] PackLoader:238 - Cannot read IP mode file for STMicroelectronics.X-CUBE-AZRTOS-G4.1.0.0
2024-12-11 19:32:20,878 [WARN] PackLoader:238 - Cannot read IP mode file for STMicroelectronics.X-CUBE-AZRTOS-L4.1.0.0
2024-12-11 19:32:20,893 [ERROR] Engine:463 - C:\Users\Admin\.stm32cubemx\thirdparties\pdsc\STMicroelectronics.X-CUBE-ALS.1.0.2.pdsc: PDSC version is not supported
2024-12-11 19:32:21,003 [WARN] PackLoader:238 - Cannot read IP mode file for STMicroelectronics.X-CUBE-MEMS1.10.0.0
2024-12-11 19:32:21,378 [ERROR] Engine:463 - C:\Users\Admin\.stm32cubemx\thirdparties\pdsc\STMicroelectronics.X-CUBE-FREERTOS.1.1.0.pdsc: PDSC version is not supported
2024-12-11 19:32:21,378 [WARN] PackLoader:238 - Cannot read IP mode file for STMicroelectronics.X-CUBE-TOUCHGFX.4.24.0
2024-12-11 19:32:21,409 [WARN] PackLoader:238 - Cannot read IP mode file for STMicroelectronics.X-CUBE-AZRTOS-WL.1.0.0
2024-12-11 19:32:21,409 [WARN] PackLoader:238 - Cannot read IP mode file for STMicroelectronics.X-CUBE-TOUCHGFX.4.24.1
2024-12-11 19:32:21,409 [WARN] PackLoader:238 - Cannot read IP mode file for wolfSSL.I-CUBE-wolfTPM.3.4.0
2024-12-11 19:32:21,425 [WARN] PackLoader:238 - Cannot read IP mode file for portGmbH.I-Cube-SoM-uGOAL.1.1.0
2024-12-11 19:32:21,425 [WARN] PackLoader:238 - Cannot read IP mode file for STMicroelectronics.X-CUBE-ALS.1.0.1
2024-12-11 19:32:21,456 [WARN] PackLoader:238 - Cannot read IP mode file for STMicroelectronics.X-CUBE-AZRTOS-WB.1.1.0
2024-12-11 19:32:21,487 [WARN] PackLoader:238 - Cannot read IP mode file for STMicroelectronics.X-CUBE-AZRTOS-L5.1.0.0
2024-12-11 19:32:21,503 [WARN] PackLoader:238 - Cannot read IP mode file for STMicroelectronics.X-CUBE-EEPRMA1.3.1.1
2024-12-11 19:32:21,550 [WARN] PackLoader:238 - Cannot read IP mode file for STMicroelectronics.X-CUBE-AZRTOS-H7RS.1.0.0
2024-12-11 19:32:21,550 [WARN] PackLoader:238 - Cannot read IP mode file for STMicroelectronics.FP-ATR-ASTRA1.2.0.0
2024-12-11 19:32:21,565 [ERROR] Engine:463 - C:\Users\Admin\.stm32cubemx\thirdparties\pdsc\STMicroelectronics.X-CUBE-TOF1.3.4.2.pdsc: PDSC version is not supported
2024-12-11 19:32:21,565 [WARN] PackLoader:238 - Cannot read IP mode file for wolfSSL.I-CUBE-wolfSSH.1.4.17
2024-12-11 19:32:21,565 [INFO] ThirdParty:915 - Integrity check success = true
2024-12-11 19:32:21,565 [INFO] IntegrityCheckThread:94 - exiting critical section [integrity check]
2024-12-11 19:32:21,565 [INFO] IntegrityCheckThread:97 - End integrity checks thread
2024-12-11 19:32:22,049 [INFO] ApiDb:251 - Load user favorites file C:\Users\Admin/.stm32cubeide/favorites.boards.txt: 0 item(s)
2024-12-11 19:32:22,049 [INFO] ApiDb:255 - User favorites Boards=[]
2024-12-11 19:32:22,049 [INFO] DbBoards:206 - Set 0 / 0 favorites Boards
2024-12-11 19:32:33,319 [INFO] DbMcusDocs:143 - JSON generation date=Tue Nov 16 23:17:54 ICT 2021 (1637079474)
2024-12-11 19:32:33,632 [INFO] DbMcusDocs:79 - Found 682 MCUs documents
2024-12-11 19:32:55,755 [INFO] MainUpdater:2671 - connection check result : 10
2024-12-11 19:32:55,755 [INFO] MainUpdater:2671 - connection check result : 10
2024-12-11 19:32:55,786 [INFO] MicroXplorer:448 - Change Database Path : 
2024-12-11 19:32:55,786 [INFO] MicroXplorer:478 - Change Database Version : DB.6.0.30
2024-12-11 19:32:55,786 [WARN] ThirdParty:813 - waiting for thirdparty lock release [close project]
2024-12-11 19:32:55,786 [INFO] ThirdParty:815 - entering critical section [close project]
2024-12-11 19:32:55,786 [INFO] ThirdParty:825 - exiting critical section [close project]
2024-12-11 19:32:55,802 [INFO] PinOutPanel:1463 - setPackage(No Configuration,No Configuration)
2024-12-11 19:32:55,802 [INFO] UtilMem:74 - Begin LoadConfig() Used Memory: 557864960 Bytes (588251136)
2024-12-11 19:32:55,802 [INFO] MicroXplorer:448 - Change Database Path : 
2024-12-11 19:32:55,802 [INFO] MicroXplorer:478 - Change Database Version : DB.6.0.30
2024-12-11 19:32:55,802 [INFO] OpenFileManager:313 - Change cursor
2024-12-11 19:32:56,583 [INFO] Context:592 - Trying to add GPIOservice into a context  which must be forbidden
2024-12-11 19:32:56,770 [INFO] ImportTextPane:167 - (OptionalMessage_ERROR) Unable to find key (Mcu.ThirdPartyNb) in loaded IOC file
2024-12-11 19:32:56,770 [INFO] ImportTextPane:167 - (OptionalMessage_ERROR) Unable to find key (Mcu.PinsNb) in loaded IOC file
2024-12-11 19:32:56,770 [INFO] ImportTextPane:167 - (OptionalMessage_ERROR) Unable to find key (Mcu.IPNb) in loaded IOC file
2024-12-11 19:32:56,817 [WARN] ApiManager:304 - Cannot register API 'Board Extension:NFC09A1' from pack STMicroelectronics.X-CUBE-NFC9.1.0.0: no header file found
2024-12-11 19:32:56,817 [WARN] ApiManager:304 - Cannot register API 'Board Extension:GNSS1A1' from pack STMicroelectronics.X-CUBE-GNSS1.6.0.0: no header file found
2024-12-11 19:32:56,817 [WARN] ApiManager:304 - Cannot register API 'Board Support:Custom' from pack STMicroelectronics.X-CUBE-GNSS1.6.0.0: no header file found
2024-12-11 19:32:56,817 [WARN] ApiManager:304 - Cannot register API 'Data Exchange:lib_gnss' from pack STMicroelectronics.X-CUBE-GNSS1.6.0.0: no header file found
2024-12-11 19:32:56,833 [WARN] ApiManager:304 - Cannot register API 'Wireless:STM32WB05N' from pack STMicroelectronics.X-CUBE-WB05N.1.1.0: no header file found
2024-12-11 19:32:56,833 [WARN] ApiManager:304 - Cannot register API 'Board Extension:GNSS1A1' from pack STMicroelectronics.X-CUBE-GNSS1.7.0.0: no header file found
2024-12-11 19:32:56,833 [WARN] ApiManager:304 - Cannot register API 'Board Support:Custom' from pack STMicroelectronics.X-CUBE-GNSS1.7.0.0: no header file found
2024-12-11 19:32:56,833 [WARN] ApiManager:304 - Cannot register API 'Data Exchange:lib_gnss' from pack STMicroelectronics.X-CUBE-GNSS1.7.0.0: no header file found
2024-12-11 19:32:57,067 [WARN] ApiManager:304 - Cannot register API 'Board Extension:IKS01A3' from pack STMicroelectronics.X-CUBE-MEMS1.9.4.0: no header file found
2024-12-11 19:32:57,067 [WARN] ApiManager:304 - Cannot register API 'Board Extension:IKS01A2' from pack STMicroelectronics.X-CUBE-MEMS1.9.4.0: no header file found
2024-12-11 19:32:57,067 [WARN] ApiManager:304 - Cannot register API 'Board Extension:IKS02A1' from pack STMicroelectronics.X-CUBE-MEMS1.9.4.0: no header file found
2024-12-11 19:32:57,317 [WARN] ApiManager:304 - Cannot register API 'Board Extension:IKS01A3' from pack STMicroelectronics.X-CUBE-MEMS1.9.6.0: no header file found
2024-12-11 19:32:57,317 [WARN] ApiManager:304 - Cannot register API 'Board Extension:IKS01A2' from pack STMicroelectronics.X-CUBE-MEMS1.9.6.0: no header file found
2024-12-11 19:32:57,317 [WARN] ApiManager:304 - Cannot register API 'Board Extension:IKS02A1' from pack STMicroelectronics.X-CUBE-MEMS1.9.6.0: no header file found
2024-12-11 19:32:57,333 [WARN] ApiManager:304 - Cannot register API 'Board Extension:EEPRMA2' from pack STMicroelectronics.X-CUBE-EEPRMA1.4.2.0: no header file found
2024-12-11 19:32:57,333 [WARN] ApiManager:304 - Cannot register API 'Board Extension:PGEEZ1' from pack STMicroelectronics.X-CUBE-EEPRMA1.4.2.0: no header file found
2024-12-11 19:32:57,333 [WARN] ApiManager:304 - Cannot register API 'Board Part:M24' from pack STMicroelectronics.X-CUBE-EEPRMA1.4.2.0: no header file found
2024-12-11 19:32:57,333 [WARN] ApiManager:304 - Cannot register API 'Board Part:M95' from pack STMicroelectronics.X-CUBE-EEPRMA1.4.2.0: no header file found
2024-12-11 19:32:57,333 [WARN] ApiManager:304 - Cannot register API 'Board Part:M95P32' from pack STMicroelectronics.X-CUBE-EEPRMA1.4.2.0: no header file found
2024-12-11 19:32:57,333 [WARN] ApiManager:304 - Cannot register API 'PGEEZ1:SPI' from pack STMicroelectronics.X-CUBE-EEPRMA1.4.2.0: no header file found
2024-12-11 19:32:57,333 [WARN] ApiManager:304 - Cannot register API 'PGEEZ1:QDSPI' from pack STMicroelectronics.X-CUBE-EEPRMA1.4.2.0: no header file found
2024-12-11 19:32:57,333 [WARN] ApiManager:304 - Cannot register API 'Board Extension:NFC06A1' from pack STMicroelectronics.X-CUBE-NFC6.3.1.0: no header file found
2024-12-11 19:32:57,333 [WARN] ApiManager:304 - Cannot register API 'Board Extension:NFC08A1' from pack STMicroelectronics.X-CUBE-NFC6.3.1.0: no header file found
2024-12-11 19:32:57,333 [WARN] ApiManager:304 - Cannot register API 'Wireless:BlueNRG-MS' from pack STMicroelectronics.X-CUBE-BLE1.6.2.3: no header file found
2024-12-11 19:32:57,567 [WARN] ApiManager:304 - Cannot register API 'Board Extension:IKS01A3' from pack STMicroelectronics.X-CUBE-MEMS1.11.0.0: no header file found
2024-12-11 19:32:57,567 [WARN] ApiManager:304 - Cannot register API 'Board Extension:IKS02A1' from pack STMicroelectronics.X-CUBE-MEMS1.11.0.0: no header file found
2024-12-11 19:32:57,567 [WARN] ApiManager:304 - Cannot register API 'Board Extension:IKS4A1' from pack STMicroelectronics.X-CUBE-MEMS1.11.0.0: no header file found
2024-12-11 19:32:57,583 [WARN] ApiManager:304 - Cannot register API 'Wireless:BlueNRG-MS' from pack STMicroelectronics.X-CUBE-BLE1.6.2.4: no header file found
2024-12-11 19:32:57,583 [INFO] RtosManager:484 - Registered RTOS mode: class=CMSIS, group=RTOS, mode=CMSIS_V1, owner=FREERTOS
2024-12-11 19:32:57,583 [INFO] RtosManager:484 - Registered RTOS mode: class=CMSIS, group=RTOS2, mode=CMSIS_V2, owner=FREERTOS
2024-12-11 19:32:57,583 [INFO] RtosManager:484 - Registered RTOS mode: class=RTOS, group=Core, mode=CMSIS_V1, owner=FREERTOS
2024-12-11 19:32:57,583 [INFO] RtosManager:484 - Registered RTOS mode: class=RTOS, group=Core, mode=CMSIS_V2, owner=FREERTOS
2024-12-11 19:32:57,583 [WARN] ModelIntegratedComponent:181 - Missing modes for component STMicroelectronics:FreeRTOS:0.0.1:STMicroelectronics:RTOS:FreeRTOS:Core:::10.2.0:
2024-12-11 19:32:57,583 [WARN] ApiManager:304 - Cannot register API 'Board Extension:STSAFEA1' from pack STMicroelectronics.X-CUBE-SAFEA1.1.2.2: no header file found
2024-12-11 19:32:57,583 [WARN] ApiManager:304 - Cannot register API 'Board Part:STSAFEA110' from pack STMicroelectronics.X-CUBE-SAFEA1.1.2.2: no header file found
2024-12-11 19:32:57,583 [WARN] ApiManager:304 - Cannot register API 'Security:ST_Cryptolib' from pack STMicroelectronics.X-CUBE-SAFEA1.1.2.2: no header file found
2024-12-11 19:32:57,583 [WARN] ApiManager:304 - Cannot register API 'Security:MbedTLS' from pack STMicroelectronics.X-CUBE-SAFEA1.1.2.2: no header file found
2024-12-11 19:32:57,583 [WARN] ApiManager:304 - Cannot register API 'Board Extension:NFC04A1' from pack STMicroelectronics.X-CUBE-NFC4.3.0.0: no header file found
2024-12-11 19:32:57,614 [WARN] ApiManager:304 - Cannot register API 'Board Extension:S2868A1' from pack STMicroelectronics.X-CUBE-SUBG2.5.0.0: no header file found
2024-12-11 19:32:57,614 [WARN] ApiManager:304 - Cannot register API 'Board Extension:S2868A2' from pack STMicroelectronics.X-CUBE-SUBG2.5.0.0: no header file found
2024-12-11 19:32:57,614 [WARN] ApiManager:304 - Cannot register API 'Board Extension:S2915A1' from pack STMicroelectronics.X-CUBE-SUBG2.5.0.0: no header file found
2024-12-11 19:32:57,614 [WARN] ApiManager:304 - Cannot register API 'Board Extension:NFC04A1' from pack STMicroelectronics.X-CUBE-NFC4.2.0.5: no header file found
2024-12-11 19:32:57,614 [WARN] ApiManager:304 - Cannot register API 'Board Extension:NFC04A1' from pack STMicroelectronics.X-CUBE-NFC4.2.0.4: no header file found
2024-12-11 19:32:57,629 [WARN] ApiManager:304 - Cannot register API 'Board Extension:NFC10A1' from pack STMicroelectronics.X-CUBE-NFC10.1.0.0: no header file found
2024-12-11 19:32:57,629 [WARN] ApiManager:304 - Cannot register API 'Board Extension:EEPRMA2' from pack STMicroelectronics.X-CUBE-EEPRMA1.5.1.0: no header file found
2024-12-11 19:32:57,629 [WARN] ApiManager:304 - Cannot register API 'Board Extension:PGEEZ1' from pack STMicroelectronics.X-CUBE-EEPRMA1.5.1.0: no header file found
2024-12-11 19:32:57,629 [WARN] ApiManager:304 - Cannot register API 'Board Extension:EEICA1' from pack STMicroelectronics.X-CUBE-EEPRMA1.5.1.0: no header file found
2024-12-11 19:32:57,629 [WARN] ApiManager:304 - Cannot register API 'Board Part:M24' from pack STMicroelectronics.X-CUBE-EEPRMA1.5.1.0: no header file found
2024-12-11 19:32:57,629 [WARN] ApiManager:304 - Cannot register API 'Board Part:M95' from pack STMicroelectronics.X-CUBE-EEPRMA1.5.1.0: no header file found
2024-12-11 19:32:57,629 [WARN] ApiManager:304 - Cannot register API 'Board Part:M95P32' from pack STMicroelectronics.X-CUBE-EEPRMA1.5.1.0: no header file found
2024-12-11 19:32:57,629 [WARN] ApiManager:304 - Cannot register API 'Board Part:M24256E-F' from pack STMicroelectronics.X-CUBE-EEPRMA1.5.1.0: no header file found
2024-12-11 19:32:57,629 [WARN] ApiManager:304 - Cannot register API 'Board Part:M24M01E-F' from pack STMicroelectronics.X-CUBE-EEPRMA1.5.1.0: no header file found
2024-12-11 19:32:57,629 [WARN] ApiManager:304 - Cannot register API 'PGEEZ1:SPI' from pack STMicroelectronics.X-CUBE-EEPRMA1.5.1.0: no header file found
2024-12-11 19:32:57,629 [WARN] ApiManager:304 - Cannot register API 'PGEEZ1:QDSPI' from pack STMicroelectronics.X-CUBE-EEPRMA1.5.1.0: no header file found
2024-12-11 19:32:57,629 [WARN] ModelIntegratedComponent:60 - No mode defined for component null
2024-12-11 19:32:57,629 [WARN] ModelIntegratedComponent:60 - No mode defined for component null
2024-12-11 19:32:57,629 [WARN] ModelIntegratedComponent:60 - No mode defined for component null
2024-12-11 19:32:57,629 [WARN] ModelIntegratedComponent:60 - No mode defined for component null
2024-12-11 19:32:57,629 [WARN] ModelIntegratedComponent:60 - No mode defined for component null
2024-12-11 19:32:57,629 [WARN] ModelIntegratedComponent:60 - No mode defined for component null
2024-12-11 19:32:57,629 [WARN] ModelIntegratedComponent:60 - No mode defined for component null
2024-12-11 19:32:57,629 [WARN] ModelIntegratedComponent:60 - No mode defined for component null
2024-12-11 19:32:57,629 [WARN] ModelIntegratedComponent:60 - No mode defined for component null
2024-12-11 19:32:57,629 [WARN] ModelIntegratedComponent:60 - No mode defined for component null
2024-12-11 19:32:57,629 [WARN] ModelIntegratedComponent:60 - No mode defined for component null
2024-12-11 19:32:57,629 [WARN] ModelIntegratedComponent:60 - No mode defined for component null
2024-12-11 19:32:57,629 [WARN] ModelIntegratedComponent:60 - No mode defined for component null
2024-12-11 19:32:57,629 [WARN] ModelIntegratedComponent:60 - No mode defined for component null
2024-12-11 19:32:57,629 [WARN] ModelIntegratedComponent:60 - No mode defined for component null
2024-12-11 19:32:57,629 [WARN] ModelIntegratedComponent:60 - No mode defined for component null
2024-12-11 19:32:57,629 [WARN] ModelIntegratedComponent:60 - No mode defined for component null
2024-12-11 19:32:57,629 [WARN] ModelIntegratedComponent:60 - No mode defined for component null
2024-12-11 19:32:57,629 [WARN] ModelIntegratedComponent:60 - No mode defined for component null
2024-12-11 19:32:57,629 [WARN] ModelIntegratedComponent:60 - No mode defined for component null
2024-12-11 19:32:57,629 [WARN] ModelIntegratedComponent:60 - No mode defined for component null
2024-12-11 19:32:57,629 [WARN] ModelIntegratedComponent:60 - No mode defined for component null
2024-12-11 19:32:57,629 [WARN] ModelIntegratedComponent:60 - No mode defined for component null
2024-12-11 19:32:57,629 [WARN] ModelIntegratedComponent:60 - No mode defined for component null
2024-12-11 19:32:57,629 [WARN] ModelIntegratedComponent:60 - No mode defined for component null
2024-12-11 19:32:57,629 [WARN] ModelIntegratedComponent:60 - No mode defined for component null
2024-12-11 19:32:57,629 [WARN] ModelIntegratedComponent:60 - No mode defined for component null
2024-12-11 19:32:57,645 [WARN] ModelIntegratedComponent:60 - No mode defined for component null
2024-12-11 19:32:57,645 [WARN] ModelIntegratedComponent:60 - No mode defined for component null
2024-12-11 19:32:57,645 [WARN] ModelIntegratedComponent:60 - No mode defined for component null
2024-12-11 19:32:57,645 [WARN] ModelIntegratedComponent:60 - No mode defined for component null
2024-12-11 19:32:57,905 [WARN] ApiManager:304 - Cannot register API 'Board Extension:IKS01A3' from pack STMicroelectronics.X-CUBE-MEMS1.10.0.0: no header file found
2024-12-11 19:32:57,905 [WARN] ApiManager:304 - Cannot register API 'Board Extension:IKS02A1' from pack STMicroelectronics.X-CUBE-MEMS1.10.0.0: no header file found
2024-12-11 19:32:57,905 [WARN] ApiManager:304 - Cannot register API 'Board Extension:IKS4A1' from pack STMicroelectronics.X-CUBE-MEMS1.10.0.0: no header file found
2024-12-11 19:32:57,911 [WARN] ApiManager:304 - Cannot register API 'Board Extension:NFC07A1' from pack STMicroelectronics.X-CUBE-NFC7.1.0.1: no header file found
2024-12-11 19:32:57,911 [WARN] ApiManager:304 - Cannot register API 'Board Extension:NFC07A1' from pack STMicroelectronics.X-CUBE-NFC7.1.0.0: no header file found
2024-12-11 19:32:57,913 [WARN] ApiManager:304 - Cannot register API 'Board Extension:NFC06A1' from pack STMicroelectronics.X-CUBE-NFC6.3.0.0: no header file found
2024-12-11 19:32:57,913 [WARN] ApiManager:304 - Cannot register API 'Board Extension:NFC08A1' from pack STMicroelectronics.X-CUBE-NFC6.3.0.0: no header file found
2024-12-11 19:32:58,123 [WARN] ApiManager:304 - Cannot register API 'Board Extension:IKS01A3' from pack STMicroelectronics.X-CUBE-MEMS1.9.3.0: no header file found
2024-12-11 19:32:58,123 [WARN] ApiManager:304 - Cannot register API 'Board Extension:IKS01A2' from pack STMicroelectronics.X-CUBE-MEMS1.9.3.0: no header file found
2024-12-11 19:32:58,123 [WARN] ApiManager:304 - Cannot register API 'Board Extension:IKS02A1' from pack STMicroelectronics.X-CUBE-MEMS1.9.3.0: no header file found
2024-12-11 19:32:58,128 [WARN] ApiManager:304 - Cannot register API 'Board Extension:EEPRMA1' from pack STMicroelectronics.X-CUBE-EEPRMA1.4.1.0: no header file found
2024-12-11 19:32:58,128 [WARN] ApiManager:304 - Cannot register API 'Board Extension:EEPRMA2' from pack STMicroelectronics.X-CUBE-EEPRMA1.4.1.0: no header file found
2024-12-11 19:32:58,130 [WARN] ApiManager:304 - Cannot register API 'Board Extension:PGEEZ1' from pack STMicroelectronics.X-CUBE-EEPRMA1.4.1.0: no header file found
2024-12-11 19:32:58,130 [WARN] ApiManager:304 - Cannot register API 'Board Part:M24' from pack STMicroelectronics.X-CUBE-EEPRMA1.4.1.0: no header file found
2024-12-11 19:32:58,130 [WARN] ApiManager:304 - Cannot register API 'Board Part:M95' from pack STMicroelectronics.X-CUBE-EEPRMA1.4.1.0: no header file found
2024-12-11 19:32:58,130 [WARN] ApiManager:304 - Cannot register API 'Board Part:M95P32' from pack STMicroelectronics.X-CUBE-EEPRMA1.4.1.0: no header file found
2024-12-11 19:32:58,130 [WARN] ApiManager:304 - Cannot register API 'PGEEZ1:SPI' from pack STMicroelectronics.X-CUBE-EEPRMA1.4.1.0: no header file found
2024-12-11 19:32:58,130 [WARN] ApiManager:304 - Cannot register API 'PGEEZ1:QDSPI' from pack STMicroelectronics.X-CUBE-EEPRMA1.4.1.0: no header file found
2024-12-11 19:32:58,133 [WARN] ApiManager:304 - Cannot register API 'Board Extension:EEPRMA1' from pack STMicroelectronics.X-CUBE-EEPRMA1.3.1.1: no header file found
2024-12-11 19:32:58,133 [WARN] ApiManager:304 - Cannot register API 'Board Extension:EEPRMA2' from pack STMicroelectronics.X-CUBE-EEPRMA1.3.1.1: no header file found
2024-12-11 19:32:58,138 [WARN] ApiManager:304 - Cannot register API 'Board Extension:S2868A1' from pack STMicroelectronics.X-CUBE-SFXS2LP1.4.0.0: no header file found
2024-12-11 19:32:58,138 [WARN] ApiManager:304 - Cannot register API 'Board Extension:S2868A2' from pack STMicroelectronics.X-CUBE-SFXS2LP1.4.0.0: no header file found
2024-12-11 19:32:58,138 [WARN] ApiManager:304 - Cannot register API 'Board Extension:S2915A1' from pack STMicroelectronics.X-CUBE-SFXS2LP1.4.0.0: no header file found
2024-12-11 19:33:28,881 [INFO] UtilMem:74 - End LoadConfig() Used Memory: 339673600 Bytes (588251136)
2024-12-11 19:33:28,881 [WARN] ThirdParty:779 - waiting for thirdparty lock release [change project]
2024-12-11 19:33:28,881 [INFO] ThirdParty:781 - entering critical section [change project]
2024-12-11 19:33:28,881 [INFO] ThirdParty:967 - CMSIS Pack Vendor :STMicroelectronics X-CUBE-ISPU 1.1.0
2024-12-11 19:33:28,881 [INFO] ThirdParty:967 - CMSIS Pack Vendor :STMicroelectronics X-CUBE-AZRTOS-H7 3.3.0
2024-12-11 19:33:28,881 [INFO] ThirdParty:967 - CMSIS Pack Vendor :RoweBots I-CUBE-UNISONRTOS 5.5.0-4
2024-12-11 19:33:28,881 [INFO] ThirdParty:967 - CMSIS Pack Vendor :STMicroelectronics X-CUBE-NFC9 1.0.0
2024-12-11 19:33:28,881 [INFO] ThirdParty:967 - CMSIS Pack Vendor :STMicroelectronics X-CUBE-GNSS1 6.0.0
2024-12-11 19:33:28,897 [INFO] ThirdParty:967 - CMSIS Pack Vendor :STMicroelectronics X-CUBE-AZRTOS-H7 2.1.0
2024-12-11 19:33:28,897 [INFO] ThirdParty:967 - CMSIS Pack Vendor :STMicroelectronics USB_HOST 2.0.0
2024-12-11 19:33:28,897 [INFO] ThirdParty:967 - CMSIS Pack Vendor :STMicroelectronics X-CUBE-AZRTOS-F4 1.1.0
2024-12-11 19:33:28,897 [INFO] ThirdParty:967 - CMSIS Pack Vendor :STMicroelectronics FP-ATR-ASTRA1 2.0.1
2024-12-11 19:33:28,897 [INFO] ThirdParty:967 - CMSIS Pack Vendor :STMicroelectronics X-CUBE-WB05N 1.1.0
2024-12-11 19:33:28,897 [INFO] ThirdParty:967 - CMSIS Pack Vendor :STMicroelectronics USB_DEVICE 3.0.0
2024-12-11 19:33:28,897 [INFO] ThirdParty:967 - CMSIS Pack Vendor :STMicroelectronics X-CUBE-ISPU 2.1.0
2024-12-11 19:33:28,897 [INFO] ThirdParty:967 - CMSIS Pack Vendor :STMicroelectronics X-CUBE-AZRTOS-WB 2.0.0
2024-12-11 19:33:28,897 [INFO] ThirdParty:967 - CMSIS Pack Vendor :STMicroelectronics X-CUBE-GNSS1 7.0.0
2024-12-11 19:33:28,897 [INFO] ThirdParty:967 - CMSIS Pack Vendor :STMicroelectronics X-CUBE-TOUCHGFX 4.21.0
2024-12-11 19:33:28,897 [INFO] ThirdParty:967 - CMSIS Pack Vendor :STMicroelectronics X-CUBE-BLEMGR 1.0.0
2024-12-11 19:33:28,897 [INFO] ThirdParty:967 - CMSIS Pack Vendor :STMicroelectronics X-CUBE-BLEMGR 1.2.0
2024-12-11 19:33:28,897 [INFO] ThirdParty:967 - CMSIS Pack Vendor :STMicroelectronics X-CUBE-AZRTOS-F7 1.1.0
2024-12-11 19:33:28,897 [INFO] ThirdParty:967 - CMSIS Pack Vendor :STMicroelectronics X-CUBE-AZRTOS-L5 2.0.0
2024-12-11 19:33:28,897 [INFO] ThirdParty:967 - CMSIS Pack Vendor :STMicroelectronics X-CUBE-MEMS1 9.4.0
2024-12-11 19:33:28,897 [INFO] ThirdParty:967 - CMSIS Pack Vendor :STMicroelectronics USB_DEVICE 2.0.0
2024-12-11 19:33:28,897 [INFO] ThirdParty:967 - CMSIS Pack Vendor :STMicroelectronics X-CUBE-AI 7.3.0
2024-12-11 19:33:28,897 [INFO] ThirdParty:967 - CMSIS Pack Vendor :STMicroelectronics X-CUBE-MEMS1 9.6.0
2024-12-11 19:33:28,897 [INFO] ThirdParty:967 - CMSIS Pack Vendor :STMicroelectronics X-CUBE-EEPRMA1 4.2.0
2024-12-11 19:33:28,897 [INFO] ThirdParty:967 - CMSIS Pack Vendor :STMicroelectronics X-CUBE-NFC6 3.1.0
2024-12-11 19:33:28,897 [INFO] ThirdParty:967 - CMSIS Pack Vendor :STMicroelectronics X-CUBE-BLE1 6.2.3
2024-12-11 19:33:28,897 [INFO] ThirdParty:967 - CMSIS Pack Vendor :STMicroelectronics X-CUBE-ALGOBUILD 1.3.0
2024-12-11 19:33:28,897 [INFO] ThirdParty:967 - CMSIS Pack Vendor :STMicroelectronics X-CUBE-MEMS1 11.0.0
2024-12-11 19:33:28,897 [INFO] ThirdParty:967 - CMSIS Pack Vendor :STMicroelectronics X-CUBE-BLE1 6.2.4
2024-12-11 19:33:28,897 [INFO] ThirdParty:967 - CMSIS Pack Vendor :STMicroelectronics X-CUBE-AZRTOS-L5 1.1.0
2024-12-11 19:33:28,897 [INFO] ThirdParty:967 - CMSIS Pack Vendor :STMicroelectronics FreeRTOS 0.0.1
2024-12-11 19:33:28,897 [INFO] ThirdParty:967 - CMSIS Pack Vendor :STMicroelectronics X-CUBE-AZRTOS-G0 1.1.0
2024-12-11 19:33:28,897 [INFO] ThirdParty:967 - CMSIS Pack Vendor :STMicroelectronics X-CUBE-BLEMGR 2.0.0
2024-12-11 19:33:28,897 [INFO] ThirdParty:967 - CMSIS Pack Vendor :STMicroelectronics X-CUBE-SAFEA1 1.2.2
2024-12-11 19:33:28,897 [INFO] ThirdParty:967 - CMSIS Pack Vendor :STMicroelectronics X-CUBE-NFC4 3.0.0
2024-12-11 19:33:28,897 [INFO] ThirdParty:967 - CMSIS Pack Vendor :SEGGER I-CUBE-embOS 1.2.0
2024-12-11 19:33:28,897 [INFO] ThirdParty:967 - CMSIS Pack Vendor :STMicroelectronics X-CUBE-SUBG2 5.0.0
2024-12-11 19:33:28,897 [INFO] ThirdParty:967 - CMSIS Pack Vendor :STMicroelectronics lwIP 2.0.3
2024-12-11 19:33:28,897 [INFO] ThirdParty:967 - CMSIS Pack Vendor :STMicroelectronics X-CUBE-NFC4 2.0.5
2024-12-11 19:33:28,897 [INFO] ThirdParty:967 - CMSIS Pack Vendor :STMicroelectronics X-CUBE-NFC4 2.0.4
2024-12-11 19:33:28,897 [INFO] ThirdParty:967 - CMSIS Pack Vendor :STMicroelectronics USB_HOST 1.0.0
2024-12-11 19:33:28,897 [INFO] ThirdParty:967 - CMSIS Pack Vendor :STMicroelectronics X-CUBE-AI 9.0.0
2024-12-11 19:33:28,897 [INFO] ThirdParty:967 - CMSIS Pack Vendor :STMicroelectronics X-CUBE-AZRTOS-G4 2.0.0
2024-12-11 19:33:28,897 [INFO] ThirdParty:967 - CMSIS Pack Vendor :STMicroelectronics PDM2PCM 3.1.0
2024-12-11 19:33:28,897 [INFO] ThirdParty:967 - CMSIS Pack Vendor :STMicroelectronics X-CUBE-AZRTOS-H7 3.1.0
2024-12-11 19:33:28,897 [INFO] ThirdParty:967 - CMSIS Pack Vendor :STMicroelectronics FP-ATR-ASTRA1 1.1.1
2024-12-11 19:33:28,897 [INFO] ThirdParty:967 - CMSIS Pack Vendor :STMicroelectronics PDM2PCM 3.3.0
2024-12-11 19:33:28,897 [INFO] ThirdParty:967 - CMSIS Pack Vendor :STMicroelectronics X-CUBE-TOF1 3.1.0
2024-12-11 19:33:28,897 [INFO] ThirdParty:967 - CMSIS Pack Vendor :STMicroelectronics X-CUBE-BLEMGR 1.3.0
2024-12-11 19:33:28,897 [INFO] ThirdParty:967 - CMSIS Pack Vendor :STMicroelectronics FP-ATR-SIGFOX1 3.2.0
2024-12-11 19:33:28,897 [INFO] ThirdParty:967 - CMSIS Pack Vendor :STMicroelectronics X-CUBE-AZRTOS-G4 1.0.0
2024-12-11 19:33:28,897 [INFO] ThirdParty:967 - CMSIS Pack Vendor :STMicroelectronics X-CUBE-NFC10 1.0.0
2024-12-11 19:33:28,897 [INFO] ThirdParty:967 - CMSIS Pack Vendor :STMicroelectronics X-CUBE-AZRTOS-L4 1.0.0
2024-12-11 19:33:28,897 [INFO] ThirdParty:967 - CMSIS Pack Vendor :wolfSSL I-CUBE-wolfSSL 5.5.0
2024-12-11 19:33:28,897 [INFO] ThirdParty:967 - CMSIS Pack Vendor :STMicroelectronics X-CUBE-EEPRMA1 5.1.0
2024-12-11 19:33:28,897 [INFO] ThirdParty:967 - CMSIS Pack Vendor :STMicroelectronics HAL Drivers 0.0.0
2024-12-11 19:33:28,897 [INFO] ThirdParty:967 - CMSIS Pack Vendor :STMicroelectronics MBEDTLS 2.16.2
2024-12-11 19:33:28,897 [INFO] ThirdParty:967 - CMSIS Pack Vendor :emotas I-CUBE-CANOPEN 1.1.2
2024-12-11 19:33:28,897 [INFO] ThirdParty:967 - CMSIS Pack Vendor :STMicroelectronics X-CUBE-TOUCHGFX 4.20.0
2024-12-11 19:33:28,897 [INFO] ThirdParty:967 - CMSIS Pack Vendor :STMicroelectronics X-CUBE-MEMS1 10.0.0
2024-12-11 19:33:28,897 [INFO] ThirdParty:967 - CMSIS Pack Vendor :STMicroelectronics X-CUBE-NFC7 1.0.1
2024-12-11 19:33:28,897 [INFO] ThirdParty:967 - CMSIS Pack Vendor :STMicroelectronics MBEDTLS 2.14.1
2024-12-11 19:33:28,897 [INFO] ThirdParty:967 - CMSIS Pack Vendor :STMicroelectronics X-CUBE-NFC7 1.0.0
2024-12-11 19:33:28,897 [INFO] ThirdParty:967 - CMSIS Pack Vendor :STMicroelectronics X-CUBE-TOUCHGFX 4.24.0
2024-12-11 19:33:28,897 [INFO] ThirdParty:967 - CMSIS Pack Vendor :STMicroelectronics X-CUBE-TOUCHGFX 4.22.1
2024-12-11 19:33:28,897 [INFO] ThirdParty:967 - CMSIS Pack Vendor :STMicroelectronics X-CUBE-AZRTOS-WL 1.0.0
2024-12-11 19:33:28,897 [INFO] ThirdParty:967 - CMSIS Pack Vendor :STMicroelectronics X-CUBE-TOUCHGFX 4.24.1
2024-12-11 19:33:28,897 [INFO] ThirdParty:967 - CMSIS Pack Vendor :STMicroelectronics X-CUBE-NFC6 3.0.0
2024-12-11 19:33:28,897 [INFO] ThirdParty:967 - CMSIS Pack Vendor :wolfSSL I-CUBE-wolfTPM 3.4.0
2024-12-11 19:33:28,897 [INFO] ThirdParty:967 - CMSIS Pack Vendor :STMicroelectronics X-CUBE-MEMS1 9.3.0
2024-12-11 19:33:28,897 [INFO] ThirdParty:967 - CMSIS Pack Vendor :STMicroelectronics X-CUBE-EEPRMA1 4.1.0
2024-12-11 19:33:28,897 [INFO] ThirdParty:967 - CMSIS Pack Vendor :portGmbH I-Cube-SoM-uGOAL 1.1.0
2024-12-11 19:33:28,897 [INFO] ThirdParty:967 - CMSIS Pack Vendor :STMicroelectronics X-CUBE-ALS 1.0.1
2024-12-11 19:33:28,897 [INFO] ThirdParty:967 - CMSIS Pack Vendor :STMicroelectronics X-CUBE-AI 7.2.0
2024-12-11 19:33:28,897 [INFO] ThirdParty:967 - CMSIS Pack Vendor :STMicroelectronics X-CUBE-AZRTOS-WB 1.1.0
2024-12-11 19:33:28,897 [INFO] ThirdParty:967 - CMSIS Pack Vendor :STMicroelectronics X-CUBE-AZRTOS-WL 2.0.0
2024-12-11 19:33:28,897 [INFO] ThirdParty:967 - CMSIS Pack Vendor :SEGGER I-CUBE-embOS 1.3.1
2024-12-11 19:33:28,897 [INFO] ThirdParty:967 - CMSIS Pack Vendor :STMicroelectronics X-CUBE-ALGOBUILD 1.4.0
2024-12-11 19:33:28,897 [INFO] ThirdParty:967 - CMSIS Pack Vendor :STMicroelectronics X-CUBE-AZRTOS-L5 1.0.0
2024-12-11 19:33:28,897 [INFO] ThirdParty:967 - CMSIS Pack Vendor :STMicroelectronics USB_DEVICE 1.0.0
2024-12-11 19:33:28,897 [INFO] ThirdParty:967 - CMSIS Pack Vendor :STMicroelectronics X-CUBE-AI 8.1.0
2024-12-11 19:33:28,897 [INFO] ThirdParty:967 - CMSIS Pack Vendor :STMicroelectronics X-CUBE-EEPRMA1 3.1.1
2024-12-11 19:33:28,897 [INFO] ThirdParty:967 - CMSIS Pack Vendor :STMicroelectronics X-CUBE-AZRTOS-H7RS 1.0.0
2024-12-11 19:33:28,897 [INFO] ThirdParty:967 - CMSIS Pack Vendor :wolfSSL I-CUBE-wolfMQTT 1.19.0
2024-12-11 19:33:28,897 [INFO] ThirdParty:967 - CMSIS Pack Vendor :STMicroelectronics X-CUBE-AZRTOS-L4 2.0.0
2024-12-11 19:33:28,897 [INFO] ThirdParty:967 - CMSIS Pack Vendor :STMicroelectronics ThreadX 0.0.2
2024-12-11 19:33:28,897 [INFO] ThirdParty:967 - CMSIS Pack Vendor :WES I-CUBE-Cesium 1.3.0
2024-12-11 19:33:28,897 [INFO] ThirdParty:967 - CMSIS Pack Vendor :STMicroelectronics FP-ATR-ASTRA1 2.0.0
2024-12-11 19:33:28,897 [INFO] ThirdParty:967 - CMSIS Pack Vendor :STMicroelectronics lwIP 2.1.2
2024-12-11 19:33:28,897 [INFO] ThirdParty:967 - CMSIS Pack Vendor :STMicroelectronics X-CUBE-SFXS2LP1 4.0.0
2024-12-11 19:33:28,897 [INFO] ThirdParty:967 - CMSIS Pack Vendor :STMicroelectronics X-CUBE-AI 9.1.0
2024-12-11 19:33:28,897 [INFO] ThirdParty:967 - CMSIS Pack Vendor :STMicroelectronics X-CUBE-TOF1 3.2.0
2024-12-11 19:33:28,897 [INFO] ThirdParty:967 - CMSIS Pack Vendor :STMicroelectronics PDM2PCM 3.2.0
2024-12-11 19:33:28,897 [INFO] ThirdParty:967 - CMSIS Pack Vendor :STMicroelectronics X-CUBE-AZRTOS-H7 3.0.0
2024-12-11 19:33:28,897 [INFO] ThirdParty:967 - CMSIS Pack Vendor :wolfSSL I-CUBE-wolfSSH 1.4.17
2024-12-11 19:33:28,897 [INFO] ThirdParty:967 - CMSIS Pack Vendor :STMicroelectronics X-CUBE-ISPU 1.0.0
2024-12-11 19:33:28,897 [INFO] ThirdParty:787 - exiting critical section [change project]
2024-12-11 19:33:29,178 [INFO] PinOutPanel:1463 - setPackage(No Configuration,No Configuration)
2024-12-11 19:33:29,178 [INFO] PinOutPanel:1463 - setPackage(STM32F103C6Tx,LQFP48)
2024-12-11 19:33:29,709 [INFO] UtilMem:74 - Before build in PCC Used Memory: 372378840 Bytes (588251136)
2024-12-11 19:33:30,397 [INFO] UtilMem:74 - After build in PCC Used Memory: 461862992 Bytes (588251136)
2024-12-11 19:33:30,428 [INFO] IPUIPlugin:74 - create IPUIPlugin
2024-12-11 19:33:30,428 [INFO] IPUIPlugin:74 - create IPUIPlugin
2024-12-11 19:33:30,428 [INFO] IPUIPlugin:74 - create IPUIPlugin
2024-12-11 19:33:30,428 [INFO] IPUIPlugin:74 - create IPUIPlugin
2024-12-11 19:33:30,428 [INFO] IPUIPlugin:74 - create IPUIPlugin
2024-12-11 19:33:30,428 [INFO] IPUIPlugin:74 - create IPUIPlugin
2024-12-11 19:33:30,428 [INFO] IPUIPlugin:74 - create IPUIPlugin
2024-12-11 19:33:30,428 [INFO] IPUIPlugin:74 - create IPUIPlugin
2024-12-11 19:33:30,428 [INFO] IPUIPlugin:74 - create IPUIPlugin
2024-12-11 19:33:30,428 [INFO] IPUIPlugin:74 - create IPUIPlugin
2024-12-11 19:33:30,428 [INFO] IPUIPlugin:74 - create IPUIPlugin
2024-12-11 19:33:30,428 [INFO] IPUIPlugin:74 - create IPUIPlugin
2024-12-11 19:33:30,428 [INFO] IPUIPlugin:74 - create IPUIPlugin
2024-12-11 19:33:30,428 [INFO] IPUIPlugin:74 - create IPUIPlugin
2024-12-11 19:33:30,428 [INFO] IPUIPlugin:74 - create IPUIPlugin
2024-12-11 19:33:30,428 [INFO] IPUIPlugin:74 - create IPUIPlugin
2024-12-11 19:33:30,428 [INFO] IPUIPlugin:74 - create IPUIPlugin
2024-12-11 19:33:30,428 [INFO] IPUIPlugin:74 - create IPUIPlugin
2024-12-11 19:33:30,428 [INFO] IPUIPlugin:74 - create IPUIPlugin
2024-12-11 19:33:30,428 [INFO] IPUIPlugin:74 - create IPUIPlugin
2024-12-11 19:33:30,428 [INFO] IPUIPlugin:74 - create IPUIPlugin
2024-12-11 19:33:30,428 [INFO] IPUIPlugin:74 - create IPUIPlugin
2024-12-11 19:33:30,428 [INFO] IPUIPlugin:74 - create IPUIPlugin
2024-12-11 19:33:30,569 [INFO] OpenFileManager:333 - Restore cursor
2024-12-11 19:33:30,944 [INFO] UtilMem:74 - End SaveConfig() Used Memory: 397738056 Bytes (588251136)
2024-12-11 19:33:31,038 [INFO] UtilMem:74 - End SaveConfig() Used Memory: 414159360 Bytes (588251136)
2024-12-11 19:33:31,491 [INFO] BlockDiagram:2740 - set Specific Code input for plugin: NVIC
2024-12-11 19:33:31,491 [INFO] BlockDiagram:2740 - set Specific Code input for plugin: SYS
2024-12-11 19:33:31,491 [INFO] BlockDiagram:2740 - set Specific Code input for plugin: RCC
2024-12-11 19:33:31,491 [INFO] CodeGenerator:663 - code generatio: config db path: C:\ST\STM32CubeIDE_1.7.0\STM32CubeIDE\plugins\com.st.stm32cube.common.mx_6.3.0.202107141111\\db\
2024-12-11 19:33:32,038 [INFO] CodeEngine:239 - oldGeneratedFile, C:\Users\Admin\Desktop\LAB VXL\LAB 1\BAI5\source\EX5\MXTmpFiles\license.tmp_save
2024-12-11 19:33:32,545 [INFO] CodeEngine:257 - Generated code: C:\Users\Admin\Desktop\LAB VXL\LAB 1\BAI5\source\EX5\MXTmpFiles\license.tmp
2024-12-11 19:33:32,647 [INFO] CodeEngine:239 - oldGeneratedFile, C:\Users\Admin\Desktop\LAB VXL\LAB 1\BAI5\source\EX5\Core\Src\stm32f1xx_it.c_save
2024-12-11 19:33:32,866 [INFO] CodeEngine:257 - Generated code: C:\Users\Admin\Desktop\LAB VXL\LAB 1\BAI5\source\EX5\Core\Src\stm32f1xx_it.c
2024-12-11 19:33:32,866 [INFO] CodeEngine:239 - oldGeneratedFile, C:\Users\Admin\Desktop\LAB VXL\LAB 1\BAI5\source\EX5\Core\Inc\stm32f1xx_it.h_save
2024-12-11 19:33:32,976 [INFO] CodeEngine:257 - Generated code: C:\Users\Admin\Desktop\LAB VXL\LAB 1\BAI5\source\EX5\Core\Inc\stm32f1xx_it.h
2024-12-11 19:33:32,991 [INFO] CodeEngine:239 - oldGeneratedFile, C:\Users\Admin\Desktop\LAB VXL\LAB 1\BAI5\source\EX5\Core\Src\stm32f1xx_hal_msp.c_save
2024-12-11 19:33:33,273 [INFO] CodeEngine:257 - Generated code: C:\Users\Admin\Desktop\LAB VXL\LAB 1\BAI5\source\EX5\Core\Src\stm32f1xx_hal_msp.c
2024-12-11 19:33:33,273 [INFO] CodeEngine:239 - oldGeneratedFile, C:\Users\Admin\Desktop\LAB VXL\LAB 1\BAI5\source\EX5\MXTmpFiles\system.tmp_save
2024-12-11 19:33:33,366 [INFO] CodeEngine:257 - Generated code: C:\Users\Admin\Desktop\LAB VXL\LAB 1\BAI5\source\EX5\MXTmpFiles\system.tmp
2024-12-11 19:33:33,382 [INFO] CodeEngine:239 - oldGeneratedFile, C:\Users\Admin\Desktop\LAB VXL\LAB 1\BAI5\source\EX5\Core\Inc\stm32f1xx_hal_conf.h_save
2024-12-11 19:33:33,538 [INFO] CodeEngine:257 - Generated code: C:\Users\Admin\Desktop\LAB VXL\LAB 1\BAI5\source\EX5\Core\Inc\stm32f1xx_hal_conf.h
2024-12-11 19:33:33,601 [INFO] CodeEngine:239 - oldGeneratedFile, C:\Users\Admin\Desktop\LAB VXL\LAB 1\BAI5\source\EX5\Core\Inc\main.h_save
2024-12-11 19:33:33,741 [INFO] CodeEngine:257 - Generated code: C:\Users\Admin\Desktop\LAB VXL\LAB 1\BAI5\source\EX5\Core\Inc\main.h
2024-12-11 19:33:33,741 [INFO] CodeEngine:239 - oldGeneratedFile, C:\Users\Admin\Desktop\LAB VXL\LAB 1\BAI5\source\EX5\Core\Src\main.c_save
2024-12-11 19:33:33,944 [INFO] CodeEngine:257 - Generated code: C:\Users\Admin\Desktop\LAB VXL\LAB 1\BAI5\source\EX5\Core\Src\main.c
2024-12-11 19:33:35,351 [INFO] ProjectBuilder:2578 - Time for Copy HAL[1] : 157mS.
2024-12-11 19:33:35,366 [INFO] ProjectBuilder:3622 - Project Generator version: 3.14.1
2024-12-11 19:33:36,553 [INFO] ConfigFileManager:1271 - The Die is : DIE412
2024-12-11 19:33:36,585 [INFO] ApiDbMcu:468 - Load IP Config File for FATFS
2024-12-11 19:33:36,632 [INFO] ApiDbMcu:468 - Load IP Config File for FREERTOS
2024-12-11 19:33:36,678 [INFO] ApiDbMcu:468 - Load IP Config File for USB_DEVICE
2024-12-11 19:33:41,179 [INFO] ProjectBuilder:3789 - Time for Generating toolchain IDE Files: 5797mS.
2024-12-11 19:33:41,179 [INFO] ProjectBuilder:2457 - Time for Copy CMSIS : 0mS.
2024-12-11 19:33:41,179 [INFO] ProjectBuilder:2457 - Time for Copy CMSIS : 0mS.
2024-12-11 19:33:41,663 [INFO] McuFinderGlobals:52 - Set McuFinderConnectedMode to true
2024-12-11 19:33:41,679 [INFO] ApiDb:276 - Save user favorites file C:\Users\Admin/.stm32cubeide/favorites.mcus.txt: 0 item(s)
2024-12-11 19:33:41,679 [INFO] ApiDb:280 - User favorites MCUs=[]
2024-12-11 19:54:53,476 [INFO] UtilMem:74 - End SaveConfig() Used Memory: 916999096 Bytes (1034944512)
2024-12-11 19:54:54,151 [INFO] UtilMem:74 - End SaveConfig() Used Memory: 885805920 Bytes (1034944512)
2024-12-11 19:54:55,616 [INFO] UtilMem:74 - End SaveConfig() Used Memory: 896317872 Bytes (1034944512)
2024-12-11 19:54:56,069 [INFO] BlockDiagram:2740 - set Specific Code input for plugin: NVIC
2024-12-11 19:54:56,069 [INFO] BlockDiagram:2740 - set Specific Code input for plugin: SYS
2024-12-11 19:54:56,069 [INFO] BlockDiagram:2740 - set Specific Code input for plugin: GPIO
2024-12-11 19:54:56,069 [INFO] BlockDiagram:2740 - set Specific Code input for plugin: RCC
2024-12-11 19:54:56,069 [INFO] CodeGenerator:663 - code generatio: config db path: C:\ST\STM32CubeIDE_1.7.0\STM32CubeIDE\plugins\com.st.stm32cube.common.mx_6.3.0.202107141111\\db\
2024-12-11 19:54:56,460 [INFO] CodeEngine:239 - oldGeneratedFile, C:\Users\Admin\Desktop\LAB VXL\LAB 1\BAI5\source\EX5\MXTmpFiles\license.tmp_save
2024-12-11 19:54:56,523 [INFO] CodeEngine:257 - Generated code: C:\Users\Admin\Desktop\LAB VXL\LAB 1\BAI5\source\EX5\MXTmpFiles\license.tmp
2024-12-11 19:54:56,632 [INFO] CodeEngine:239 - oldGeneratedFile, C:\Users\Admin\Desktop\LAB VXL\LAB 1\BAI5\source\EX5\MXTmpFiles\gpio.tmp_save
2024-12-11 19:54:56,773 [INFO] CodeEngine:257 - Generated code: C:\Users\Admin\Desktop\LAB VXL\LAB 1\BAI5\source\EX5\MXTmpFiles\gpio.tmp
2024-12-11 19:54:56,866 [INFO] CodeEngine:239 - oldGeneratedFile, C:\Users\Admin\Desktop\LAB VXL\LAB 1\BAI5\source\EX5\Core\Src\stm32f1xx_it.c_save
2024-12-11 19:54:56,960 [INFO] CodeEngine:257 - Generated code: C:\Users\Admin\Desktop\LAB VXL\LAB 1\BAI5\source\EX5\Core\Src\stm32f1xx_it.c
2024-12-11 19:54:56,976 [INFO] CodeEngine:239 - oldGeneratedFile, C:\Users\Admin\Desktop\LAB VXL\LAB 1\BAI5\source\EX5\Core\Inc\stm32f1xx_it.h_save
2024-12-11 19:54:57,038 [INFO] CodeEngine:257 - Generated code: C:\Users\Admin\Desktop\LAB VXL\LAB 1\BAI5\source\EX5\Core\Inc\stm32f1xx_it.h
2024-12-11 19:54:57,054 [INFO] CodeEngine:239 - oldGeneratedFile, C:\Users\Admin\Desktop\LAB VXL\LAB 1\BAI5\source\EX5\Core\Src\stm32f1xx_hal_msp.c_save
2024-12-11 19:54:57,148 [INFO] CodeEngine:257 - Generated code: C:\Users\Admin\Desktop\LAB VXL\LAB 1\BAI5\source\EX5\Core\Src\stm32f1xx_hal_msp.c
2024-12-11 19:54:57,163 [INFO] CodeEngine:239 - oldGeneratedFile, C:\Users\Admin\Desktop\LAB VXL\LAB 1\BAI5\source\EX5\MXTmpFiles\system.tmp_save
2024-12-11 19:54:57,226 [INFO] CodeEngine:257 - Generated code: C:\Users\Admin\Desktop\LAB VXL\LAB 1\BAI5\source\EX5\MXTmpFiles\system.tmp
2024-12-11 19:54:57,257 [INFO] CodeEngine:239 - oldGeneratedFile, C:\Users\Admin\Desktop\LAB VXL\LAB 1\BAI5\source\EX5\Core\Inc\stm32f1xx_hal_conf.h_save
2024-12-11 19:54:57,398 [INFO] CodeEngine:257 - Generated code: C:\Users\Admin\Desktop\LAB VXL\LAB 1\BAI5\source\EX5\Core\Inc\stm32f1xx_hal_conf.h
2024-12-11 19:54:57,460 [INFO] CodeEngine:239 - oldGeneratedFile, C:\Users\Admin\Desktop\LAB VXL\LAB 1\BAI5\source\EX5\Core\Inc\main.h_save
2024-12-11 19:54:57,585 [INFO] CodeEngine:257 - Generated code: C:\Users\Admin\Desktop\LAB VXL\LAB 1\BAI5\source\EX5\Core\Inc\main.h
2024-12-11 19:54:57,601 [INFO] CodeEngine:239 - oldGeneratedFile, C:\Users\Admin\Desktop\LAB VXL\LAB 1\BAI5\source\EX5\Core\Src\main.c_save
2024-12-11 19:54:57,788 [INFO] CodeEngine:257 - Generated code: C:\Users\Admin\Desktop\LAB VXL\LAB 1\BAI5\source\EX5\Core\Src\main.c
2024-12-11 19:54:59,304 [INFO] ProjectBuilder:2578 - Time for Copy HAL[1] : 110mS.
2024-12-11 19:54:59,351 [INFO] ProjectBuilder:3622 - Project Generator version: 3.14.1
2024-12-11 19:54:59,976 [INFO] ConfigFileManager:1271 - The Die is : DIE412
2024-12-11 19:55:04,399 [INFO] ProjectBuilder:3789 - Time for Generating toolchain IDE Files: 5048mS.
2024-12-11 19:55:04,399 [INFO] ProjectBuilder:2457 - Time for Copy CMSIS : 0mS.
2024-12-11 19:55:04,415 [INFO] ProjectBuilder:2457 - Time for Copy CMSIS : 0mS.
2024-12-11 20:01:14,143 [INFO] UtilMem:74 - End SaveConfig() Used Memory: 931511072 Bytes (1073741824)
2024-12-11 20:01:15,566 [INFO] UtilMem:74 - End SaveConfig() Used Memory: 904311256 Bytes (1073741824)
2024-12-11 20:01:15,754 [INFO] UtilMem:74 - End SaveConfig() Used Memory: 907247488 Bytes (1073741824)
2024-12-11 20:01:16,113 [INFO] BlockDiagram:2740 - set Specific Code input for plugin: NVIC
2024-12-11 20:01:16,113 [INFO] BlockDiagram:2740 - set Specific Code input for plugin: SYS
2024-12-11 20:01:16,113 [INFO] BlockDiagram:2740 - set Specific Code input for plugin: GPIO
2024-12-11 20:01:16,113 [INFO] BlockDiagram:2740 - set Specific Code input for plugin: RCC
2024-12-11 20:01:16,113 [INFO] CodeGenerator:663 - code generatio: config db path: C:\ST\STM32CubeIDE_1.7.0\STM32CubeIDE\plugins\com.st.stm32cube.common.mx_6.3.0.202107141111\\db\
2024-12-11 20:01:16,504 [INFO] CodeEngine:239 - oldGeneratedFile, C:\Users\Admin\Desktop\LAB VXL\LAB 1\BAI5\source\EX5\MXTmpFiles\license.tmp_save
2024-12-11 20:01:16,582 [INFO] CodeEngine:257 - Generated code: C:\Users\Admin\Desktop\LAB VXL\LAB 1\BAI5\source\EX5\MXTmpFiles\license.tmp
2024-12-11 20:01:16,660 [INFO] CodeEngine:239 - oldGeneratedFile, C:\Users\Admin\Desktop\LAB VXL\LAB 1\BAI5\source\EX5\MXTmpFiles\gpio.tmp_save
2024-12-11 20:01:16,769 [INFO] CodeEngine:257 - Generated code: C:\Users\Admin\Desktop\LAB VXL\LAB 1\BAI5\source\EX5\MXTmpFiles\gpio.tmp
2024-12-11 20:01:16,863 [INFO] CodeEngine:239 - oldGeneratedFile, C:\Users\Admin\Desktop\LAB VXL\LAB 1\BAI5\source\EX5\Core\Src\stm32f1xx_it.c_save
2024-12-11 20:01:16,988 [INFO] CodeEngine:257 - Generated code: C:\Users\Admin\Desktop\LAB VXL\LAB 1\BAI5\source\EX5\Core\Src\stm32f1xx_it.c
2024-12-11 20:01:17,019 [INFO] CodeEngine:239 - oldGeneratedFile, C:\Users\Admin\Desktop\LAB VXL\LAB 1\BAI5\source\EX5\Core\Inc\stm32f1xx_it.h_save
2024-12-11 20:01:17,082 [INFO] CodeEngine:257 - Generated code: C:\Users\Admin\Desktop\LAB VXL\LAB 1\BAI5\source\EX5\Core\Inc\stm32f1xx_it.h
2024-12-11 20:01:17,113 [INFO] CodeEngine:239 - oldGeneratedFile, C:\Users\Admin\Desktop\LAB VXL\LAB 1\BAI5\source\EX5\Core\Src\stm32f1xx_hal_msp.c_save
2024-12-11 20:01:17,207 [INFO] CodeEngine:257 - Generated code: C:\Users\Admin\Desktop\LAB VXL\LAB 1\BAI5\source\EX5\Core\Src\stm32f1xx_hal_msp.c
2024-12-11 20:01:17,207 [INFO] CodeEngine:239 - oldGeneratedFile, C:\Users\Admin\Desktop\LAB VXL\LAB 1\BAI5\source\EX5\MXTmpFiles\system.tmp_save
2024-12-11 20:01:17,269 [INFO] CodeEngine:257 - Generated code: C:\Users\Admin\Desktop\LAB VXL\LAB 1\BAI5\source\EX5\MXTmpFiles\system.tmp
2024-12-11 20:01:17,301 [INFO] CodeEngine:239 - oldGeneratedFile, C:\Users\Admin\Desktop\LAB VXL\LAB 1\BAI5\source\EX5\Core\Inc\stm32f1xx_hal_conf.h_save
2024-12-11 20:01:17,394 [INFO] CodeEngine:257 - Generated code: C:\Users\Admin\Desktop\LAB VXL\LAB 1\BAI5\source\EX5\Core\Inc\stm32f1xx_hal_conf.h
2024-12-11 20:01:17,441 [INFO] CodeEngine:239 - oldGeneratedFile, C:\Users\Admin\Desktop\LAB VXL\LAB 1\BAI5\source\EX5\Core\Inc\main.h_save
2024-12-11 20:01:17,535 [INFO] CodeEngine:257 - Generated code: C:\Users\Admin\Desktop\LAB VXL\LAB 1\BAI5\source\EX5\Core\Inc\main.h
2024-12-11 20:01:17,551 [INFO] CodeEngine:239 - oldGeneratedFile, C:\Users\Admin\Desktop\LAB VXL\LAB 1\BAI5\source\EX5\Core\Src\main.c_save
2024-12-11 20:01:17,676 [INFO] CodeEngine:257 - Generated code: C:\Users\Admin\Desktop\LAB VXL\LAB 1\BAI5\source\EX5\Core\Src\main.c
2024-12-11 20:01:19,191 [INFO] ProjectBuilder:2578 - Time for Copy HAL[1] : 109mS.
2024-12-11 20:01:19,191 [INFO] ProjectBuilder:3622 - Project Generator version: 3.14.1
2024-12-11 20:01:19,879 [INFO] ConfigFileManager:1271 - The Die is : DIE412
2024-12-11 20:01:24,660 [INFO] ProjectBuilder:3789 - Time for Generating toolchain IDE Files: 5469mS.
2024-12-11 20:01:24,660 [INFO] ProjectBuilder:2457 - Time for Copy CMSIS : 0mS.
2024-12-11 20:01:24,660 [INFO] ProjectBuilder:2457 - Time for Copy CMSIS : 0mS.
