2024-12-12 08:11:07,397 [INFO] Activator:177 - 


2024-12-12 08:11:07,397 [INFO] Activator:178 - !SESSION log4j initialized
2024-12-12 08:11:20,348 [INFO] McuFinderGlobals:39 - Set McuFinder mode to 2 (CubeIDE integrated)
2024-12-12 08:11:20,442 [INFO] ApplicationProperties:181 - Using Application install path: C:\ST\STM32CubeIDE_1.7.0\STM32CubeIDE\plugins\com.st.stm32cube.common.mx_6.3.0.202107141111
2024-12-12 08:11:20,442 [INFO] DbMcusXml:74 - Set database path to: C:\ST\STM32CubeIDE_1.7.0\STM32CubeIDE\plugins\com.st.stm32cube.common.mx_6.3.0.202107141111\\db\/mcu/
2024-12-12 08:11:20,442 [INFO] DbBoardsPdsc:56 - Set plugin database path to: C:\ST\STM32CubeIDE_1.7.0\STM32CubeIDE\plugins\com.st.stm32cube.common.mx_6.3.0.202107141111\\db\/plugins/boardmanager/
2024-12-12 08:11:20,442 [INFO] DbMcus:258 - Set plugin images path to: C:\ST\STM32CubeIDE_1.7.0\STM32CubeIDE\plugins\com.st.stm32cube.common.mx_6.3.0.202107141111\\db\/plugins/mcufinder/images/
2024-12-12 08:11:20,442 [INFO] DbBoards:264 - Set plugin images path to: C:\ST\STM32CubeIDE_1.7.0\STM32CubeIDE\plugins\com.st.stm32cube.common.mx_6.3.0.202107141111\\db\/plugins/mcufinder/images/
2024-12-12 08:11:20,442 [INFO] DbExamples:333 - Set plugin images path to: C:\ST\STM32CubeIDE_1.7.0\STM32CubeIDE\plugins\com.st.stm32cube.common.mx_6.3.0.202107141111\\db\/plugins/mcufinder/images/
2024-12-12 08:11:20,457 [INFO] DbMcusAds:119 - Set database path to: C:\Users\Admin\.stmcufinder\plugins\mcufinder//mcu/
2024-12-12 08:11:20,457 [INFO] DbMcusDocs:110 - Set database path to: C:\Users\Admin\.stmcufinder\plugins\mcufinder//mcu/
2024-12-12 08:11:20,457 [INFO] DbMcusJson:64 - Set database path to: C:\Users\Admin\.stmcufinder\plugins\mcufinder//mcu/
2024-12-12 08:11:20,457 [INFO] DbBoardsDocs:110 - Set database path to: C:\Users\Admin\.stmcufinder\plugins\mcufinder//mcu/
2024-12-12 08:11:20,457 [INFO] DbBoardsJson:57 - Set database path to: C:\Users\Admin\.stmcufinder\plugins\mcufinder//mcu/
2024-12-12 08:11:21,431 [INFO] CrossReferenceDbSqlite:196 - Set database path to: C:\Users\Admin\.stmcufinder\plugins\mcufinder//mcu/cs/
2024-12-12 08:11:21,431 [INFO] DbExamplesSqlite:767 - Set database path to: C:\Users\Admin\.stmcufinder\plugins\mcufinder//mcu/
2024-12-12 08:11:21,557 [INFO] RulesReader:57 - Compatibility file has been processed (242 Rules)
2024-12-12 08:11:21,621 [INFO] DbMcusXml:74 - Set database path to: C:\ST\STM32CubeIDE_1.7.0\STM32CubeIDE\plugins\com.st.stm32cube.common.mx_6.3.0.202107141111\\db\/mcu/
2024-12-12 08:11:21,621 [INFO] DbBoardsPdsc:56 - Set plugin database path to: C:\ST\STM32CubeIDE_1.7.0\STM32CubeIDE\plugins\com.st.stm32cube.common.mx_6.3.0.202107141111\\db\/plugins/boardmanager/
2024-12-12 08:11:21,621 [INFO] DbMcus:258 - Set plugin images path to: C:\ST\STM32CubeIDE_1.7.0\STM32CubeIDE\plugins\com.st.stm32cube.common.mx_6.3.0.202107141111\\db\/plugins/mcufinder/images/
2024-12-12 08:11:21,621 [INFO] DbBoards:264 - Set plugin images path to: C:\ST\STM32CubeIDE_1.7.0\STM32CubeIDE\plugins\com.st.stm32cube.common.mx_6.3.0.202107141111\\db\/plugins/mcufinder/images/
2024-12-12 08:11:21,621 [INFO] DbExamples:333 - Set plugin images path to: C:\ST\STM32CubeIDE_1.7.0\STM32CubeIDE\plugins\com.st.stm32cube.common.mx_6.3.0.202107141111\\db\/plugins/mcufinder/images/
2024-12-12 08:11:21,621 [WARN] DbFile:35 - Overriding database path with different value: C:\Users\Admin\.stmcufinder\plugins\mcufinder/ => C:\Users\Admin\.stmcufinder\plugins\mcufinder
2024-12-12 08:11:21,621 [INFO] DbMcusAds:119 - Set database path to: C:\Users\Admin\.stmcufinder\plugins\mcufinder//mcu/
2024-12-12 08:11:21,621 [WARN] DbFile:35 - Overriding database path with different value: C:\Users\Admin\.stmcufinder\plugins\mcufinder/ => C:\Users\Admin\.stmcufinder\plugins\mcufinder
2024-12-12 08:11:21,621 [INFO] DbMcusDocs:110 - Set database path to: C:\Users\Admin\.stmcufinder\plugins\mcufinder//mcu/
2024-12-12 08:11:21,621 [WARN] DbFile:35 - Overriding database path with different value: C:\Users\Admin\.stmcufinder\plugins\mcufinder/ => C:\Users\Admin\.stmcufinder\plugins\mcufinder
2024-12-12 08:11:21,621 [INFO] DbMcusJson:64 - Set database path to: C:\Users\Admin\.stmcufinder\plugins\mcufinder//mcu/
2024-12-12 08:11:21,621 [WARN] DbFile:35 - Overriding database path with different value: C:\Users\Admin\.stmcufinder\plugins\mcufinder/ => C:\Users\Admin\.stmcufinder\plugins\mcufinder
2024-12-12 08:11:21,621 [INFO] DbBoardsDocs:110 - Set database path to: C:\Users\Admin\.stmcufinder\plugins\mcufinder//mcu/
2024-12-12 08:11:21,621 [WARN] DbFile:35 - Overriding database path with different value: C:\Users\Admin\.stmcufinder\plugins\mcufinder/ => C:\Users\Admin\.stmcufinder\plugins\mcufinder
2024-12-12 08:11:21,621 [INFO] DbBoardsJson:57 - Set database path to: C:\Users\Admin\.stmcufinder\plugins\mcufinder//mcu/
2024-12-12 08:11:21,621 [WARN] DbFile:35 - Overriding database path with different value: C:\Users\Admin\.stmcufinder\plugins\mcufinder/ => C:\Users\Admin\.stmcufinder\plugins\mcufinder
2024-12-12 08:11:21,621 [WARN] DbFile:35 - Overriding database path with different value: C:\Users\Admin\.stmcufinder\plugins\mcufinder/ => C:\Users\Admin\.stmcufinder\plugins\mcufinder
2024-12-12 08:11:22,435 [INFO] CrossReferenceDbSqlite:196 - Set database path to: C:\Users\Admin\.stmcufinder\plugins\mcufinder//mcu/cs/
2024-12-12 08:11:22,435 [WARN] DbFile:35 - Overriding database path with different value: C:\Users\Admin\.stmcufinder\plugins\mcufinder/ => C:\Users\Admin\.stmcufinder\plugins\mcufinder
2024-12-12 08:11:22,435 [INFO] DbExamplesSqlite:767 - Set database path to: C:\Users\Admin\.stmcufinder\plugins\mcufinder//mcu/
2024-12-12 08:11:22,513 [INFO] MainPanel:214 - HeapMemory: 268435456
2024-12-12 08:11:22,560 [INFO] DbMcusXml:74 - Set database path to: C:\ST\STM32CubeIDE_1.7.0\STM32CubeIDE\plugins\com.st.stm32cube.common.mx_6.3.0.202107141111\\db\/mcu/
2024-12-12 08:11:22,560 [INFO] DbBoardsPdsc:56 - Set plugin database path to: C:\ST\STM32CubeIDE_1.7.0\STM32CubeIDE\plugins\com.st.stm32cube.common.mx_6.3.0.202107141111\\db\/plugins/boardmanager/
2024-12-12 08:11:22,560 [INFO] DbMcus:258 - Set plugin images path to: C:\ST\STM32CubeIDE_1.7.0\STM32CubeIDE\plugins\com.st.stm32cube.common.mx_6.3.0.202107141111\\db\/plugins/mcufinder/images/
2024-12-12 08:11:22,560 [INFO] DbBoards:264 - Set plugin images path to: C:\ST\STM32CubeIDE_1.7.0\STM32CubeIDE\plugins\com.st.stm32cube.common.mx_6.3.0.202107141111\\db\/plugins/mcufinder/images/
2024-12-12 08:11:22,560 [INFO] DbExamples:333 - Set plugin images path to: C:\ST\STM32CubeIDE_1.7.0\STM32CubeIDE\plugins\com.st.stm32cube.common.mx_6.3.0.202107141111\\db\/plugins/mcufinder/images/
2024-12-12 08:11:22,560 [WARN] DbFile:35 - Overriding database path with different value: C:\Users\Admin\.stmcufinder\plugins\mcufinder/ => C:\Users\Admin\.stmcufinder\plugins\mcufinder
2024-12-12 08:11:22,560 [INFO] DbMcusAds:119 - Set database path to: C:\Users\Admin\.stmcufinder\plugins\mcufinder//mcu/
2024-12-12 08:11:22,560 [WARN] DbFile:35 - Overriding database path with different value: C:\Users\Admin\.stmcufinder\plugins\mcufinder/ => C:\Users\Admin\.stmcufinder\plugins\mcufinder
2024-12-12 08:11:22,560 [INFO] DbMcusDocs:110 - Set database path to: C:\Users\Admin\.stmcufinder\plugins\mcufinder//mcu/
2024-12-12 08:11:22,560 [WARN] DbFile:35 - Overriding database path with different value: C:\Users\Admin\.stmcufinder\plugins\mcufinder/ => C:\Users\Admin\.stmcufinder\plugins\mcufinder
2024-12-12 08:11:22,560 [INFO] DbMcusJson:64 - Set database path to: C:\Users\Admin\.stmcufinder\plugins\mcufinder//mcu/
2024-12-12 08:11:22,560 [WARN] DbFile:35 - Overriding database path with different value: C:\Users\Admin\.stmcufinder\plugins\mcufinder/ => C:\Users\Admin\.stmcufinder\plugins\mcufinder
2024-12-12 08:11:22,560 [INFO] DbBoardsDocs:110 - Set database path to: C:\Users\Admin\.stmcufinder\plugins\mcufinder//mcu/
2024-12-12 08:11:22,560 [WARN] DbFile:35 - Overriding database path with different value: C:\Users\Admin\.stmcufinder\plugins\mcufinder/ => C:\Users\Admin\.stmcufinder\plugins\mcufinder
2024-12-12 08:11:22,560 [INFO] DbBoardsJson:57 - Set database path to: C:\Users\Admin\.stmcufinder\plugins\mcufinder//mcu/
2024-12-12 08:11:22,560 [WARN] DbFile:35 - Overriding database path with different value: C:\Users\Admin\.stmcufinder\plugins\mcufinder/ => C:\Users\Admin\.stmcufinder\plugins\mcufinder
2024-12-12 08:11:22,560 [WARN] DbFile:35 - Overriding database path with different value: C:\Users\Admin\.stmcufinder\plugins\mcufinder/ => C:\Users\Admin\.stmcufinder\plugins\mcufinder
2024-12-12 08:11:23,435 [INFO] CrossReferenceDbSqlite:196 - Set database path to: C:\Users\Admin\.stmcufinder\plugins\mcufinder//mcu/cs/
2024-12-12 08:11:23,435 [WARN] DbFile:35 - Overriding database path with different value: C:\Users\Admin\.stmcufinder\plugins\mcufinder/ => C:\Users\Admin\.stmcufinder\plugins\mcufinder
2024-12-12 08:11:23,435 [INFO] DbExamplesSqlite:767 - Set database path to: C:\Users\Admin\.stmcufinder\plugins\mcufinder//mcu/
2024-12-12 08:11:23,469 [INFO] ApplicationProperties:181 - Using Application install path: C:\ST\STM32CubeIDE_1.7.0\STM32CubeIDE\plugins\com.st.stm32cube.common.mx_6.3.0.202107141111
2024-12-12 08:11:23,469 [INFO] PluginManage:188 - Search for loadable plugins [exclusion list=, ]
2024-12-12 08:11:23,469 [INFO] PluginManage:302 - Check plugin analytics
2024-12-12 08:11:24,515 [INFO] AnalyticsPlugin:257 - Accepted Software Licenses: 
2024-12-12 08:11:24,515 [INFO] AnalyticsPlugin:259 - Accepted CMSIS Pack Licenses: 
2024-12-12 08:11:24,515 [INFO] AnalyticsPlugin:261 - Accepted Firmware Licenses: 
2024-12-12 08:11:24,515 [INFO] PluginManage:352 - Loaded plugin analytics (category:tool,tabindex:-1)
2024-12-12 08:11:24,515 [INFO] PluginManage:302 - Check plugin clock
2024-12-12 08:11:24,515 [INFO] PluginManage:352 - Loaded plugin clock (category:base,tabindex:2)
2024-12-12 08:11:24,515 [INFO] PluginManage:302 - Check plugin ddr
2024-12-12 08:11:24,515 [INFO] PluginManage:352 - Loaded plugin ddr (category:tool,tabindex:6)
2024-12-12 08:11:24,515 [INFO] PluginManage:302 - Check plugin filemanager
2024-12-12 08:11:24,608 [INFO] PluginManage:352 - Loaded plugin filemanager (category:base,tabindex:10)
2024-12-12 08:11:24,608 [INFO] PluginManage:302 - Check plugin ipmanager
2024-12-12 08:11:24,631 [INFO] PluginManage:352 - Loaded plugin ipmanager (category:base,tabindex:5)
2024-12-12 08:11:24,631 [INFO] PluginManage:302 - Check plugin pinoutandconfiguration
2024-12-12 08:11:24,640 [INFO] PluginManage:352 - Loaded plugin pinoutandconfiguration (category:base,tabindex:1)
2024-12-12 08:11:24,640 [INFO] PluginManage:302 - Check plugin pinoutconfig
2024-12-12 08:11:24,655 [INFO] PluginManage:352 - Loaded plugin pinoutconfig (category:base,tabindex:0)
2024-12-12 08:11:24,655 [INFO] PluginManage:302 - Check plugin power
2024-12-12 08:11:24,671 [INFO] PluginManage:352 - Loaded plugin power (category:power,tabindex:4)
2024-12-12 08:11:24,671 [INFO] PluginManage:302 - Check plugin projectmanager
2024-12-12 08:11:24,687 [INFO] PluginManage:352 - Loaded plugin projectmanager (category:projectmanager,tabindex:3)
2024-12-12 08:11:24,687 [INFO] PluginManage:302 - Check plugin thirdparty
2024-12-12 08:11:24,812 [INFO] PluginManage:352 - Loaded plugin thirdparty (category:base,tabindex:-1)
2024-12-12 08:11:24,812 [INFO] PluginManage:302 - Check plugin tools
2024-12-12 08:11:24,812 [WARN] IntegrityCheckThread:78 - waiting for thirdparty lock release [integrity check]
2024-12-12 08:11:24,812 [INFO] IntegrityCheckThread:80 - entering critical section [integrity check]
2024-12-12 08:11:24,812 [INFO] ThirdPartyUpdaterWithRetryManager:66 - Updater plugin not ready yet. [1/15]
2024-12-12 08:11:24,812 [INFO] PluginManage:352 - Loaded plugin tools (category:base,tabindex:7)
2024-12-12 08:11:24,812 [INFO] PluginManage:302 - Check plugin tutovideos
2024-12-12 08:11:24,968 [INFO] PluginManage:352 - Loaded plugin tutovideos (category:base,tabindex:-1)
2024-12-12 08:11:24,968 [INFO] PluginManage:302 - Check plugin updater
2024-12-12 08:11:24,983 [INFO] PluginManage:352 - Loaded plugin updater (category:base,tabindex:12)
2024-12-12 08:11:24,983 [INFO] PluginManage:275 - PluginManage : Loaded plugins [13]
2024-12-12 08:11:25,109 [INFO] PinOutPanel:1463 - setPackage(No Configuration,No Configuration)
2024-12-12 08:11:25,171 [INFO] IPUIPlugin:74 - create IPUIPlugin
2024-12-12 08:11:25,171 [INFO] PluginManager:213 - loadIPPluginJar : add adc
2024-12-12 08:11:25,171 [INFO] IPUIPlugin:74 - create IPUIPlugin
2024-12-12 08:11:25,171 [INFO] PluginManager:213 - loadIPPluginJar : add aes
2024-12-12 08:11:25,187 [INFO] IPUIPlugin:74 - create IPUIPlugin
2024-12-12 08:11:25,187 [INFO] PluginManager:213 - loadIPPluginJar : add can
2024-12-12 08:11:25,187 [INFO] IPUIPlugin:74 - create IPUIPlugin
2024-12-12 08:11:25,187 [INFO] PluginManager:213 - loadIPPluginJar : add comp
2024-12-12 08:11:25,187 [INFO] IPUIPlugin:74 - create IPUIPlugin
2024-12-12 08:11:25,187 [INFO] PluginManager:213 - loadIPPluginJar : add cryp
2024-12-12 08:11:25,187 [INFO] IPUIPlugin:74 - create IPUIPlugin
2024-12-12 08:11:25,187 [INFO] PluginManager:213 - loadIPPluginJar : add dfsdm
2024-12-12 08:11:25,187 [INFO] IPUIPlugin:74 - create IPUIPlugin
2024-12-12 08:11:25,187 [INFO] PluginManager:213 - loadIPPluginJar : add dma
2024-12-12 08:11:25,187 [INFO] IPUIPlugin:74 - create IPUIPlugin
2024-12-12 08:11:25,187 [INFO] PluginManager:213 - loadIPPluginJar : add dma3
2024-12-12 08:11:25,187 [INFO] IPUIPlugin:74 - create IPUIPlugin
2024-12-12 08:11:25,187 [INFO] PluginManager:213 - loadIPPluginJar : add fatfs
2024-12-12 08:11:25,203 [INFO] IPUIPlugin:74 - create IPUIPlugin
2024-12-12 08:11:25,203 [INFO] PluginManager:213 - loadIPPluginJar : add fmc
2024-12-12 08:11:25,203 [INFO] IPUIPlugin:74 - create IPUIPlugin
2024-12-12 08:11:25,203 [INFO] PluginManager:213 - loadIPPluginJar : add freertos
2024-12-12 08:11:25,203 [INFO] IPUIPlugin:74 - create IPUIPlugin
2024-12-12 08:11:25,203 [INFO] PluginManager:213 - loadIPPluginJar : add genericplugin
2024-12-12 08:11:25,203 [INFO] IPUIPlugin:74 - create IPUIPlugin
2024-12-12 08:11:25,203 [INFO] PluginManager:213 - loadIPPluginJar : add gfxmmu
2024-12-12 08:11:25,203 [INFO] IPUIPlugin:74 - create IPUIPlugin
2024-12-12 08:11:25,203 [INFO] PluginManager:213 - loadIPPluginJar : add gic
2024-12-12 08:11:25,218 [INFO] IPUIPlugin:74 - create IPUIPlugin
2024-12-12 08:11:25,218 [INFO] PluginManager:213 - loadIPPluginJar : add gpio
2024-12-12 08:11:25,218 [INFO] IPUIPlugin:74 - create IPUIPlugin
2024-12-12 08:11:25,218 [INFO] PluginManager:213 - loadIPPluginJar : add gtzc
2024-12-12 08:11:25,218 [INFO] IPUIPlugin:74 - create IPUIPlugin
2024-12-12 08:11:25,218 [INFO] PluginManager:213 - loadIPPluginJar : add hash
2024-12-12 08:11:25,218 [INFO] IPUIPlugin:74 - create IPUIPlugin
2024-12-12 08:11:25,218 [INFO] PluginManager:213 - loadIPPluginJar : add i2c
2024-12-12 08:11:25,218 [INFO] IPUIPlugin:74 - create IPUIPlugin
2024-12-12 08:11:25,218 [INFO] PluginManager:213 - loadIPPluginJar : add i2s
2024-12-12 08:11:25,218 [INFO] IPUIPlugin:74 - create IPUIPlugin
2024-12-12 08:11:25,218 [INFO] PluginManager:213 - loadIPPluginJar : add ipddr
2024-12-12 08:11:25,234 [INFO] IPUIPlugin:74 - create IPUIPlugin
2024-12-12 08:11:25,234 [INFO] PluginManager:213 - loadIPPluginJar : add linkedlist
2024-12-12 08:11:25,234 [INFO] IPUIPlugin:74 - create IPUIPlugin
2024-12-12 08:11:25,234 [INFO] PluginManager:213 - loadIPPluginJar : add lorawan
2024-12-12 08:11:25,234 [INFO] IPUIPlugin:74 - create IPUIPlugin
2024-12-12 08:11:25,234 [INFO] PluginManager:213 - loadIPPluginJar : add ltdc
2024-12-12 08:11:25,234 [INFO] IPUIPlugin:74 - create IPUIPlugin
2024-12-12 08:11:25,234 [INFO] PluginManager:213 - loadIPPluginJar : add mdma
2024-12-12 08:11:25,234 [INFO] IPUIPlugin:74 - create IPUIPlugin
2024-12-12 08:11:25,234 [INFO] PluginManager:213 - loadIPPluginJar : add nvic
2024-12-12 08:11:25,234 [INFO] IPUIPlugin:74 - create IPUIPlugin
2024-12-12 08:11:25,234 [INFO] PluginManager:213 - loadIPPluginJar : add opamp
2024-12-12 08:11:25,249 [INFO] IPUIPlugin:74 - create IPUIPlugin
2024-12-12 08:11:25,249 [INFO] PluginManager:213 - loadIPPluginJar : add openamp
2024-12-12 08:11:25,249 [INFO] IPUIPlugin:74 - create IPUIPlugin
2024-12-12 08:11:25,249 [INFO] PluginManager:213 - loadIPPluginJar : add pdm2pcm
2024-12-12 08:11:25,249 [INFO] IPUIPlugin:74 - create IPUIPlugin
2024-12-12 08:11:25,249 [INFO] PluginManager:213 - loadIPPluginJar : add plateformsettings
2024-12-12 08:11:25,249 [INFO] IPUIPlugin:74 - create IPUIPlugin
2024-12-12 08:11:25,249 [INFO] PluginManager:213 - loadIPPluginJar : add quadspi
2024-12-12 08:11:25,249 [INFO] IPUIPlugin:74 - create IPUIPlugin
2024-12-12 08:11:25,249 [INFO] PluginManager:213 - loadIPPluginJar : add resmgrutility
2024-12-12 08:11:25,265 [INFO] IPUIPlugin:74 - create IPUIPlugin
2024-12-12 08:11:25,265 [INFO] PluginManager:213 - loadIPPluginJar : add sai
2024-12-12 08:11:25,265 [INFO] IPUIPlugin:74 - create IPUIPlugin
2024-12-12 08:11:25,265 [INFO] PluginManager:213 - loadIPPluginJar : add spi
2024-12-12 08:11:25,265 [INFO] IPUIPlugin:74 - create IPUIPlugin
2024-12-12 08:11:25,265 [INFO] PluginManager:213 - loadIPPluginJar : add stm32_wpan
2024-12-12 08:11:25,265 [INFO] IPUIPlugin:74 - create IPUIPlugin
2024-12-12 08:11:25,265 [INFO] PluginManager:213 - loadIPPluginJar : add tim
2024-12-12 08:11:25,265 [INFO] IPUIPlugin:74 - create IPUIPlugin
2024-12-12 08:11:25,265 [INFO] PluginManager:213 - loadIPPluginJar : add touchsensing
2024-12-12 08:11:25,265 [INFO] IPUIPlugin:74 - create IPUIPlugin
2024-12-12 08:11:25,265 [INFO] PluginManager:213 - loadIPPluginJar : add tracer_emb
2024-12-12 08:11:25,265 [INFO] IPUIPlugin:74 - create IPUIPlugin
2024-12-12 08:11:25,265 [INFO] PluginManager:213 - loadIPPluginJar : add ts
2024-12-12 08:11:25,265 [INFO] IPUIPlugin:74 - create IPUIPlugin
2024-12-12 08:11:25,265 [INFO] PluginManager:213 - loadIPPluginJar : add tsc
2024-12-12 08:11:25,281 [INFO] IPUIPlugin:74 - create IPUIPlugin
2024-12-12 08:11:25,281 [INFO] PluginManager:213 - loadIPPluginJar : add ucpd
2024-12-12 08:11:25,281 [INFO] IPUIPlugin:74 - create IPUIPlugin
2024-12-12 08:11:25,281 [INFO] PluginManager:213 - loadIPPluginJar : add usart
2024-12-12 08:11:25,281 [INFO] IPUIPlugin:74 - create IPUIPlugin
2024-12-12 08:11:25,281 [INFO] PluginManager:213 - loadIPPluginJar : add usbx
2024-12-12 08:11:25,559 [FATAL] Updater:294 - Updater called before beeing initialized
2024-12-12 08:11:25,653 [FATAL] Updater:294 - Updater called before beeing initialized
2024-12-12 08:11:25,669 [INFO] DbMcusAds:47 - JSON generation date=Fri Sep 20 20:04:23 ICT 2024 (1726837463113)
2024-12-12 08:11:25,669 [FATAL] Updater:294 - Updater called before beeing initialized
2024-12-12 08:11:25,700 [WARN] DetailPanel:314 - Failed to get advertising image, set to default
2024-12-12 08:11:25,793 [FATAL] Updater:294 - Updater called before beeing initialized
2024-12-12 08:11:25,793 [FATAL] Updater:294 - Updater called before beeing initialized
2024-12-12 08:11:25,793 [FATAL] Updater:294 - Updater called before beeing initialized
2024-12-12 08:11:25,793 [WARN] DetailPanel:314 - Failed to get advertising image, set to default
2024-12-12 08:11:25,793 [FATAL] Updater:294 - Updater called before beeing initialized
2024-12-12 08:11:25,840 [ERROR] Updater:1075 - MainUpdater not yet initialized. External WinMGr cannot be set.
2024-12-12 08:11:25,840 [INFO] Updater:1012 - Updater Version found : 6.3.0
2024-12-12 08:11:25,856 [INFO] ApplicationProperties:181 - Using Application install path: C:\ST\STM32CubeIDE_1.7.0\STM32CubeIDE\plugins\com.st.stm32cube.common.mx_6.3.0.202107141111
2024-12-12 08:11:26,184 [INFO] MainUpdater:2671 - connection check result : 10
2024-12-12 08:11:26,184 [INFO] MainUpdater:265 - Updater Check For Update Now.
2024-12-12 08:11:26,184 [INFO] MicroXplorer:478 - Change Database Version : DB.6.0.30
2024-12-12 08:11:26,341 [INFO] CheckServerUpdateThread:112 - End of CheckServer Thread
2024-12-12 08:11:26,404 [INFO] MainUpdater:2671 - connection check result : 10
2024-12-12 08:11:26,606 [INFO] McuFinderGlobals:52 - Set McuFinderConnectedMode to false
2024-12-12 08:11:26,700 [INFO] CrossSelectorPresenter:1330 - Cross Selector saved comparison directory: C:\Users\Admin\.stmcufinder\plugins\mcufinder\mcu\cs_comparisons_mx
2024-12-12 08:11:26,700 [INFO] MultiScanPanel:197 - Auto-refresh data requested => check proxy status ongoing
2024-12-12 08:11:26,700 [INFO] MultiScanPanel:201 - Proxy status is invalid
2024-12-12 08:11:26,716 [INFO] FinderPluginLoader:87 - Searching for filters in installed packs
2024-12-12 08:11:26,716 [INFO] DbMcusXml:100 - Load MCU database from C:\ST\STM32CubeIDE_1.7.0\STM32CubeIDE\plugins\com.st.stm32cube.common.mx_6.3.0.202107141111\\db\/mcu/families.xml
2024-12-12 08:11:27,811 [INFO] DbMcusJson:93 - JSON generation date=Tue Nov 16 23:17:54 ICT 2021 (1637079474)
2024-12-12 08:11:28,040 [ERROR] Engine:463 - C:\Users\Admin\.stm32cubemx\thirdparties\pdsc\STMicroelectronics.FP-SNS-MOTENVWB1.1.4.0.pdsc: PDSC version is not supported
2024-12-12 08:11:28,067 [WARN] PackLoader:238 - Cannot read IP mode file for STMicroelectronics.FP-ATR-ASTRA1.2.0.1
2024-12-12 08:11:28,073 [ERROR] Engine:463 - C:\Users\Admin\.stm32cubemx\thirdparties\pdsc\STMicroelectronics.X-CUBE-SMBUS.2.1.0.pdsc: PDSC version is not supported
2024-12-12 08:11:28,084 [WARN] PackLoader:238 - Cannot read IP mode file for STMicroelectronics.X-CUBE-WB05N.1.1.0
2024-12-12 08:11:28,179 [WARN] PackLoader:238 - Cannot read IP mode file for STMicroelectronics.X-CUBE-AZRTOS-F7.1.1.0
2024-12-12 08:11:28,189 [ERROR] Engine:463 - C:\Users\Admin\.stm32cubemx\thirdparties\pdsc\STMicroelectronics.FP-SNS-MOTENV1.4.3.2.pdsc: PDSC version is not supported
2024-12-12 08:11:28,194 [WARN] PackLoader:238 - Cannot read IP mode file for STMicroelectronics.X-CUBE-BLE1.6.2.3
2024-12-12 08:11:28,287 [WARN] PackLoader:238 - Cannot read IP mode file for STMicroelectronics.X-CUBE-MEMS1.11.0.0
2024-12-12 08:11:28,651 [WARN] PackLoader:238 - Cannot read IP mode file for STMicroelectronics.X-CUBE-BLE1.6.2.4
2024-12-12 08:11:28,666 [WARN] PackLoader:238 - Cannot read IP mode file for STMicroelectronics.X-CUBE-TOF1.3.1.0
2024-12-12 08:11:28,666 [WARN] PackLoader:238 - Cannot read IP mode file for STMicroelectronics.X-CUBE-NFC10.1.0.0
2024-12-12 08:11:28,682 [ERROR] Engine:463 - C:\Users\Admin\.stm32cubemx\thirdparties\pdsc\STMicroelectronics.X-CUBE-BLEMGR.4.0.0.pdsc: PDSC version is not supported
2024-12-12 08:11:28,682 [WARN] PackLoader:238 - Cannot read IP mode file for STMicroelectronics.X-CUBE-TOUCHGFX.4.22.1
2024-12-12 08:11:28,744 [WARN] PackLoader:238 - Cannot read IP mode file for STMicroelectronics.X-CUBE-MEMS1.9.3.0
2024-12-12 08:11:29,026 [INFO] DbMcus:175 - Found 1951 MCUs (1903 are supported by CubeMX, 1914 are visible in CubeMX)
2024-12-12 08:11:29,026 [INFO] ApiDb:251 - Load user favorites file C:\Users\Admin/.stm32cubeide/favorites.mcus.txt: 0 item(s)
2024-12-12 08:11:29,026 [INFO] ApiDb:255 - User favorites MCUs=[]
2024-12-12 08:11:29,026 [INFO] DbMcus:187 - Set 0 / 0 favorites MCUs
2024-12-12 08:11:29,155 [WARN] PackLoader:238 - Cannot read IP mode file for STMicroelectronics.X-CUBE-AI.7.2.0
2024-12-12 08:11:29,160 [ERROR] Engine:463 - C:\Users\Admin\.stm32cubemx\thirdparties\pdsc\STMicroelectronics.X-CUBE-BLEMGR.3.1.0.pdsc: PDSC version is not supported
2024-12-12 08:11:29,171 [INFO] LogOutputStream:76 - [STDOUT_REDIRECT] 1 : Invalid condition id : UX_CORESTACK_Condition cause : null
2024-12-12 08:11:29,172 [INFO] LogOutputStream:76 - [STDOUT_REDIRECT] 1 : Invalid condition id : UX_CORESTACK_Condition cause : null
2024-12-12 08:11:29,174 [INFO] LogOutputStream:76 - [STDOUT_REDIRECT] 1 : Invalid condition id : UX_CORESTACK_Condition cause : null
2024-12-12 08:11:29,174 [INFO] LogOutputStream:76 - [STDOUT_REDIRECT] 1 : Invalid condition id : UX_CORESTACK_Condition cause : null
2024-12-12 08:11:29,174 [INFO] LogOutputStream:76 - [STDOUT_REDIRECT] 1 : Invalid condition id : UX_CORESTACK_Condition cause : null
2024-12-12 08:11:29,174 [WARN] PackLoader:238 - Cannot read IP mode file for STMicroelectronics.X-CUBE-AZRTOS-WL.2.0.0
2024-12-12 08:11:29,174 [ERROR] Engine:463 - C:\Users\Admin\.stm32cubemx\thirdparties\pdsc\STMicroelectronics.FP-SNS-MOTENV1.5.0.0.pdsc: PDSC version is not supported
2024-12-12 08:11:29,174 [WARN] PackLoader:238 - Cannot read IP mode file for wolfSSL.I-CUBE-wolfMQTT.1.19.0
2024-12-12 08:11:29,190 [WARN] PackLoader:238 - Cannot read IP mode file for WES.I-CUBE-Cesium.1.3.0
2024-12-12 08:11:29,206 [WARN] PackLoader:238 - Cannot read IP mode file for STMicroelectronics.X-CUBE-TOF1.3.2.0
2024-12-12 08:11:29,221 [WARN] PackLoader:238 - Cannot read IP mode file for STMicroelectronics.X-CUBE-ISPU.1.0.0
2024-12-12 08:11:29,237 [WARN] PackLoader:238 - Cannot read IP mode file for STMicroelectronics.X-CUBE-NFC9.1.0.0
2024-12-12 08:11:29,265 [WARN] PackLoader:238 - Cannot read IP mode file for STMicroelectronics.X-CUBE-AZRTOS-H7.2.1.0
2024-12-12 08:11:29,273 [ERROR] Engine:463 - C:\Users\Admin\.stm32cubemx\thirdparties\pdsc\STMicroelectronics.X-CUBE-TCPP.4.1.0.pdsc: PDSC version is not supported
2024-12-12 08:11:29,278 [WARN] PackLoader:238 - Cannot read IP mode file for STMicroelectronics.X-CUBE-TOUCHGFX.4.21.0
2024-12-12 08:11:29,349 [WARN] PackLoader:238 - Cannot read IP mode file for STMicroelectronics.X-CUBE-MEMS1.9.4.0
2024-12-12 08:11:29,654 [WARN] PackLoader:238 - Cannot read IP mode file for STMicroelectronics.X-CUBE-AI.7.3.0
2024-12-12 08:11:29,654 [WARN] PackLoader:238 - Cannot read IP mode file for STMicroelectronics.X-CUBE-ALGOBUILD.1.3.0
2024-12-12 08:11:29,685 [WARN] PackLoader:238 - Cannot read IP mode file for STMicroelectronics.X-CUBE-AZRTOS-G0.1.1.0
2024-12-12 08:11:29,685 [WARN] PackLoader:238 - Cannot read IP mode file for STMicroelectronics.X-CUBE-SAFEA1.1.2.2
2024-12-12 08:11:29,701 [WARN] PackLoader:238 - Cannot read IP mode file for STMicroelectronics.X-CUBE-NFC4.3.0.0
2024-12-12 08:11:29,748 [WARN] PackLoader:238 - Cannot read IP mode file for SEGGER.I-CUBE-embOS.1.2.0
2024-12-12 08:11:29,748 [INFO] DetailPanel:309 - Set advertising image to C:/Users/Admin/STM32Cube/Repository/\en.prom-stm32c071-usb-memories-mcu-finder.png
2024-12-12 08:11:29,795 [ERROR] Engine:463 - C:\Users\Admin\.stm32cubemx\thirdparties\pdsc\EmbeddedOffice.I-CUBE-FS-RTOS.1.0.1.pdsc: PDSC version is not supported
2024-12-12 08:11:29,810 [WARN] PackLoader:238 - Cannot read IP mode file for STMicroelectronics.X-CUBE-BLEMGR.1.3.0
2024-12-12 08:11:29,810 [ERROR] Engine:463 - C:\Users\Admin\.stm32cubemx\thirdparties\pdsc\RealThread.X-CUBE-RT-Thread_Nano.4.1.1.pdsc: PDSC version is not supported
2024-12-12 08:11:29,810 [WARN] PackLoader:238 - Cannot read IP mode file for STMicroelectronics.FP-ATR-SIGFOX1.3.2.0
2024-12-12 08:11:29,810 [ERROR] Engine:463 - C:\Users\Admin\.stm32cubemx\thirdparties\pdsc\quantropi.X-CUBE-qispace-sdk-base.1.9.3.pdsc: PDSC version is not supported
2024-12-12 08:11:29,826 [WARN] PackLoader:238 - Cannot read IP mode file for STMicroelectronics.X-CUBE-EEPRMA1.5.1.0
2024-12-12 08:11:29,826 [WARN] PackLoader:238 - Cannot read IP mode file for emotas.I-CUBE-CANOPEN.1.1.2
2024-12-12 08:11:29,826 [WARN] PackLoader:238 - Cannot read IP mode file for STMicroelectronics.X-CUBE-TOUCHGFX.4.20.0
2024-12-12 08:11:29,857 [WARN] PackLoader:238 - Cannot read IP mode file for SEGGER.I-CUBE-embOS.1.3.1
2024-12-12 08:11:29,966 [WARN] PackLoader:238 - Cannot read IP mode file for STMicroelectronics.X-CUBE-ALGOBUILD.1.4.0
2024-12-12 08:11:29,966 [WARN] PackLoader:238 - Cannot read IP mode file for STMicroelectronics.X-CUBE-AI.9.1.0
2024-12-12 08:11:29,982 [WARN] PackLoader:238 - Cannot read IP mode file for STMicroelectronics.X-CUBE-GNSS1.6.0.0
2024-12-12 08:11:30,013 [WARN] PackLoader:238 - Cannot read IP mode file for STMicroelectronics.X-CUBE-AZRTOS-F4.1.1.0
2024-12-12 08:11:30,013 [WARN] PackLoader:238 - Cannot read IP mode file for STMicroelectronics.X-CUBE-ISPU.2.1.0
2024-12-12 08:11:30,013 [ERROR] Engine:463 - C:\Users\Admin\.stm32cubemx\thirdparties\pdsc\STMicroelectronics.X-CUBE-FREERTOS.1.2.0.pdsc: PDSC version is not supported
2024-12-12 08:11:30,029 [WARN] PackLoader:238 - Cannot read IP mode file for STMicroelectronics.X-CUBE-BLEMGR.1.2.0
2024-12-12 08:11:30,045 [WARN] PackLoader:238 - Cannot read IP mode file for STMicroelectronics.X-CUBE-AZRTOS-L5.2.0.0
2024-12-12 08:11:30,138 [WARN] PackLoader:238 - Cannot read IP mode file for STMicroelectronics.X-CUBE-MEMS1.9.6.0
2024-12-12 08:11:30,348 [INFO] DbBoardsPdsc:90 - Found 25 items
2024-12-12 08:11:30,348 [INFO] DbBoardsPdsc:90 - Found 9 items
2024-12-12 08:11:30,363 [INFO] DbBoardsPdsc:90 - Found 33 items
2024-12-12 08:11:30,363 [INFO] DbBoardsPdsc:90 - Found 1 items
2024-12-12 08:11:30,363 [INFO] DbBoardsPdsc:90 - Found 48 items
2024-12-12 08:11:30,395 [INFO] DbBoardsPdsc:90 - Found 43 items
2024-12-12 08:11:30,410 [INFO] DbBoardsPdsc:90 - Found 2 items
2024-12-12 08:11:30,410 [INFO] DbBoardsPdsc:90 - Found 5 items
2024-12-12 08:11:30,410 [WARN] DbBoardsPdsc:254 - Board STM32H7B3I-DK: unknown feature type=Audio, name=, username=Audio stereo codec with Headphone Amp (CS42L51-CNZ), n=1
2024-12-12 08:11:30,410 [WARN] DbBoardsPdsc:254 - Board STM32H735G-DK: unknown feature type=Audio, name=, username=Audio stereo codec with Headphone Amp (WM8994ECS/R), n=1
2024-12-12 08:11:30,442 [WARN] DbBoardsPdsc:254 - Board STM32H7B3I-EVAL: unknown feature type=Audio, name=, username=Multi-Channel Audio Codec (CS42L51-CNZ), n=1
2024-12-12 08:11:30,442 [WARN] DbBoardsPdsc:254 - Board STM32H7B3I-EVAL: unknown feature type=Meter, name=, username=Power-metering and Temperature-monitoring with sigma-delta modulators, n=1
2024-12-12 08:11:30,442 [WARN] DbBoardsPdsc:254 - Board STM32H7B3I-EVAL: unknown feature type=Motor, name=, username=Motor Control, n=1
2024-12-12 08:11:30,442 [WARN] DbBoardsPdsc:254 - Board STM32U575I-EV: unknown feature type=joystick, name=, username=4-direction joystick with selection button, n=1
2024-12-12 08:11:30,473 [INFO] DbBoardsJson:86 - JSON generation date=Tue Nov 16 23:17:54 ICT 2021 (1637079474)
2024-12-12 08:11:30,473 [WARN] PackLoader:238 - Cannot read IP mode file for STMicroelectronics.X-CUBE-EEPRMA1.4.2.0
2024-12-12 08:11:30,473 [INFO] DbBoards:117 - Found 167 boards (163 are supported by CubeMX)
2024-12-12 08:11:30,473 [INFO] DbBoardsDocs:143 - JSON generation date=Tue Nov 16 23:17:54 ICT 2021 (1637079474)
2024-12-12 08:11:30,473 [WARN] PackLoader:238 - Cannot read IP mode file for STMicroelectronics.X-CUBE-NFC6.3.1.0
2024-12-12 08:11:30,488 [INFO] DbBoardsDocs:79 - Found 209 boards documents
2024-12-12 08:11:30,488 [WARN] DbBoards:127 - board B-L475E-IOT01A2 has no document id list !
2024-12-12 08:11:30,488 [WARN] DbBoards:127 - board NUCLEO-H743ZI has no document id list !
2024-12-12 08:11:30,488 [ERROR] Engine:463 - C:\Users\Admin\.stm32cubemx\thirdparties\pdsc\ITTIA_DB.I-CUBE-ITTIADB.8.8.0.pdsc: PDSC version is not supported
2024-12-12 08:11:30,488 [WARN] DbBoards:127 - board NUCLEO-WL55JC2 has no document id list !
2024-12-12 08:11:30,488 [WARN] DbBoards:127 - board P-NUCLEO-WB55-Nucleo has no document id list !
2024-12-12 08:11:30,488 [WARN] DbBoards:127 - board P-NUCLEO-WB55-USBDongle has no document id list !
2024-12-12 08:11:30,488 [WARN] DbBoards:127 - board STEVAL-BFA001V1B has no document id list !
2024-12-12 08:11:30,488 [WARN] DbBoards:127 - board STEVAL-BFA001V2B has no document id list !
2024-12-12 08:11:30,488 [WARN] DbBoards:127 - board STEVAL-IDP005V1 has no document id list !
2024-12-12 08:11:30,488 [WARN] DbBoards:127 - board STEVAL-IDP005V2 has no document id list !
2024-12-12 08:11:30,488 [WARN] DbBoards:127 - board STEVAL-MKSBOX1V1 has no document id list !
2024-12-12 08:11:30,488 [WARN] DbBoards:127 - board STEVAL-STWINKT1 has no document id list !
2024-12-12 08:11:30,488 [WARN] DbBoards:127 - board STEVAL-STWINKT1B has no document id list !
2024-12-12 08:11:30,488 [WARN] DbBoards:127 - board STM32439I-EVAL2 has no document id list !
2024-12-12 08:11:30,488 [WARN] DbBoards:127 - board STM32F401C-DISCO has no document id list !
2024-12-12 08:11:30,488 [WARN] DbBoards:127 - board STM32F769I-DISC1 has no document id list !
2024-12-12 08:11:30,488 [WARN] DbBoards:127 - board STM32G474E-EVAL1 has no document id list !
2024-12-12 08:11:30,488 [WARN] DbBoards:127 - board STM32H743I-EVAL2 has no document id list !
2024-12-12 08:11:30,488 [WARN] DbBoards:127 - board STM32H747I-DISC1 has no document id list !
2024-12-12 08:11:30,488 [WARN] DbBoards:127 - board STM32H753I-EVAL2 has no document id list !
2024-12-12 08:11:30,488 [WARN] DbBoards:127 - board STM32L-DISCOVERY has no document id list !
2024-12-12 08:11:30,488 [WARN] PackLoader:238 - Cannot read IP mode file for STMicroelectronics.X-CUBE-BLEMGR.2.0.0
2024-12-12 08:11:30,504 [ERROR] Engine:463 - C:\Users\Admin\.stm32cubemx\thirdparties\pdsc\STMicroelectronics.X-CUBE-DPower.1.2.0.pdsc: PDSC version is not supported
2024-12-12 08:11:30,504 [WARN] PackLoader:238 - Cannot read IP mode file for STMicroelectronics.X-CUBE-NFC4.2.0.5
2024-12-12 08:11:30,504 [WARN] PackLoader:238 - Cannot read IP mode file for STMicroelectronics.X-CUBE-NFC4.2.0.4
2024-12-12 08:11:30,520 [WARN] PackLoader:238 - Cannot read IP mode file for STMicroelectronics.X-CUBE-AI.9.0.0
2024-12-12 08:11:30,535 [WARN] ConditionMgr:437 - getConditionDescription Invalid condition id : UX DEVICE CLASS RTOS Condition cause : null
2024-12-12 08:11:30,535 [WARN] ConditionMgr:437 - getConditionDescription Invalid condition id : UX DEVICE CLASS RTOS Condition cause : null
2024-12-12 08:11:30,535 [WARN] PackLoader:238 - Cannot read IP mode file for STMicroelectronics.X-CUBE-AZRTOS-H7.3.1.0
2024-12-12 08:11:30,535 [WARN] ConditionMgr:1038 - genDependencies : Invalid condition id : UX DEVICE CLASS RTOS Condition cause : null
2024-12-12 08:11:30,535 [WARN] ConditionMgr:1038 - genDependencies : Invalid condition id : UX DEVICE CLASS RTOS Condition cause : null
2024-12-12 08:11:30,535 [WARN] ConditionMgr:1038 - genDependencies : Invalid condition id : UX DEVICE CLASS RTOS Condition cause : null
2024-12-12 08:11:30,551 [WARN] ConditionMgr:1038 - genDependencies : Invalid condition id : UX DEVICE CLASS RTOS Condition cause : null
2024-12-12 08:11:30,551 [WARN] ConditionMgr:1038 - genDependencies : Invalid condition id : UX DEVICE CLASS RTOS Condition cause : null
2024-12-12 08:11:30,551 [WARN] PackLoader:238 - Cannot read IP mode file for wolfSSL.I-CUBE-wolfSSL.5.5.0
2024-12-12 08:11:30,551 [ERROR] Engine:463 - C:\Users\Admin\.stm32cubemx\thirdparties\pdsc\STMicroelectronics.X-CUBE-FREERTOS.1.3.0.pdsc: PDSC version is not supported
2024-12-12 08:11:30,551 [WARN] PackLoader:238 - Cannot read IP mode file for STMicroelectronics.X-CUBE-NFC7.1.0.1
2024-12-12 08:11:30,567 [WARN] PackLoader:238 - Cannot read IP mode file for STMicroelectronics.X-CUBE-NFC7.1.0.0
2024-12-12 08:11:30,567 [WARN] PackLoader:238 - Cannot read IP mode file for STMicroelectronics.X-CUBE-NFC6.3.0.0
2024-12-12 08:11:30,582 [WARN] PackLoader:238 - Cannot read IP mode file for STMicroelectronics.X-CUBE-EEPRMA1.4.1.0
2024-12-12 08:11:30,582 [WARN] PackLoader:238 - Cannot read IP mode file for STMicroelectronics.X-CUBE-AI.8.1.0
2024-12-12 08:11:30,598 [WARN] ConditionMgr:437 - getConditionDescription Invalid condition id : LAN8742 Phy interface Condition cause : null
2024-12-12 08:11:30,598 [WARN] PackLoader:238 - Cannot read IP mode file for STMicroelectronics.X-CUBE-AZRTOS-L4.2.0.0
2024-12-12 08:11:30,598 [WARN] ConditionMgr:1038 - genDependencies : Invalid condition id : LAN8742 Phy interface Condition cause : null
2024-12-12 08:11:30,598 [WARN] ConditionMgr:1038 - genDependencies : Invalid condition id : LAN8742 Phy interface Condition cause : null
2024-12-12 08:11:30,598 [WARN] ConditionMgr:1038 - genDependencies : Invalid condition id : LAN8742 Phy interface Condition cause : null
2024-12-12 08:11:30,613 [WARN] PackLoader:238 - Cannot read IP mode file for STMicroelectronics.X-CUBE-SFXS2LP1.4.0.0
2024-12-12 08:11:30,645 [WARN] PackLoader:238 - Cannot read IP mode file for STMicroelectronics.X-CUBE-AZRTOS-H7.3.0.0
2024-12-12 08:11:30,645 [WARN] PackLoader:238 - Cannot read IP mode file for STMicroelectronics.X-CUBE-ISPU.1.1.0
2024-12-12 08:11:30,660 [ERROR] DbBoards:189 - Image file not found for board B-U585I-IOT02A: C:\ST\STM32CubeIDE_1.7.0\STM32CubeIDE\plugins\com.st.stm32cube.common.mx_6.3.0.202107141111\\db\/plugins/mcufinder/images/boards/B-U585I-IOT02A_small.jpg
2024-12-12 08:11:30,676 [WARN] PackLoader:238 - Cannot read IP mode file for STMicroelectronics.X-CUBE-AZRTOS-H7.3.3.0
2024-12-12 08:11:30,691 [WARN] PackLoader:238 - Cannot read IP mode file for RoweBots.I-CUBE-UNISONRTOS.5.5.0-4
2024-12-12 08:11:30,691 [ERROR] Engine:463 - C:\Users\Admin\.stm32cubemx\thirdparties\pdsc\STMicroelectronics.X-CUBE-IPS.3.0.0.pdsc: PDSC version is not supported
2024-12-12 08:11:30,723 [WARN] ConditionMgr:437 - getConditionDescription Invalid condition id : UX DEVICE CLASS RTOS Condition cause : null
2024-12-12 08:11:30,723 [WARN] ConditionMgr:437 - getConditionDescription Invalid condition id : UX DEVICE CLASS RTOS Condition cause : null
2024-12-12 08:11:30,723 [WARN] PackLoader:238 - Cannot read IP mode file for STMicroelectronics.X-CUBE-AZRTOS-WB.2.0.0
2024-12-12 08:11:30,723 [WARN] ConditionMgr:1038 - genDependencies : Invalid condition id : UX DEVICE CLASS RTOS Condition cause : null
2024-12-12 08:11:30,723 [WARN] ConditionMgr:1038 - genDependencies : Invalid condition id : UX DEVICE CLASS RTOS Condition cause : null
2024-12-12 08:11:30,723 [WARN] ConditionMgr:1038 - genDependencies : Invalid condition id : UX DEVICE CLASS RTOS Condition cause : null
2024-12-12 08:11:30,723 [WARN] ConditionMgr:1038 - genDependencies : Invalid condition id : UX DEVICE CLASS RTOS Condition cause : null
2024-12-12 08:11:30,723 [WARN] ConditionMgr:1038 - genDependencies : Invalid condition id : UX DEVICE CLASS RTOS Condition cause : null
2024-12-12 08:11:30,723 [WARN] PackLoader:238 - Cannot read IP mode file for STMicroelectronics.X-CUBE-GNSS1.7.0.0
2024-12-12 08:11:30,738 [WARN] PackLoader:238 - Cannot read IP mode file for STMicroelectronics.X-CUBE-BLEMGR.1.0.0
2024-12-12 08:11:30,754 [ERROR] Engine:463 - C:\Users\Admin\.stm32cubemx\thirdparties\pdsc\STMicroelectronics.FP-SNS-STBOX1.2.0.0.pdsc: PDSC version is not supported
2024-12-12 08:11:30,785 [WARN] PackLoader:238 - Cannot read IP mode file for STMicroelectronics.X-CUBE-AZRTOS-L5.1.1.0
2024-12-12 08:11:30,816 [WARN] PackLoader:238 - Cannot read IP mode file for STMicroelectronics.X-CUBE-SUBG2.5.0.0
2024-12-12 08:11:30,816 [ERROR] Engine:463 - C:\Users\Admin\.stm32cubemx\thirdparties\pdsc\Cesanta.I-CUBE-Mongoose.7.13.0.pdsc: PDSC version is not supported
2024-12-12 08:11:30,832 [ERROR] DbBoards:189 - Image file not found for board NUCLEO-F413ZH: C:\ST\STM32CubeIDE_1.7.0\STM32CubeIDE\plugins\com.st.stm32cube.common.mx_6.3.0.202107141111\\db\/plugins/mcufinder/images/boards/nucleo-f413zh_small.jpg
2024-12-12 08:11:30,832 [ERROR] Engine:463 - C:\Users\Admin\.stm32cubemx\thirdparties\pdsc\STMicroelectronics.X-CUBE-TOF1.3.3.1.pdsc: PDSC version is not supported
2024-12-12 08:11:30,848 [WARN] PackLoader:238 - Cannot read IP mode file for STMicroelectronics.X-CUBE-AZRTOS-G4.2.0.0
2024-12-12 08:11:30,863 [WARN] PackLoader:238 - Cannot read IP mode file for STMicroelectronics.FP-ATR-ASTRA1.1.1.1
2024-12-12 08:11:30,863 [ERROR] Engine:463 - C:\Users\Admin\.stm32cubemx\thirdparties\pdsc\Infineon.AIROC-Wi-Fi-Bluetooth-STM32.1.5.1.pdsc: PDSC version is not supported
2024-12-12 08:11:30,879 [WARN] PackLoader:238 - Cannot read IP mode file for STMicroelectronics.X-CUBE-AZRTOS-G4.1.0.0
2024-12-12 08:11:30,910 [WARN] PackLoader:238 - Cannot read IP mode file for STMicroelectronics.X-CUBE-AZRTOS-L4.1.0.0
2024-12-12 08:11:30,926 [ERROR] Engine:463 - C:\Users\Admin\.stm32cubemx\thirdparties\pdsc\STMicroelectronics.X-CUBE-ALS.1.0.2.pdsc: PDSC version is not supported
2024-12-12 08:11:31,004 [WARN] PackLoader:238 - Cannot read IP mode file for STMicroelectronics.X-CUBE-MEMS1.10.0.0
2024-12-12 08:11:31,269 [ERROR] DbBoards:189 - Image file not found for board NUCLEO-L552ZE-Q: C:\ST\STM32CubeIDE_1.7.0\STM32CubeIDE\plugins\com.st.stm32cube.common.mx_6.3.0.202107141111\\db\/plugins/mcufinder/images/boards/nucleo_l552ze_q_small.jpg
2024-12-12 08:11:31,269 [ERROR] DbBoards:189 - Image file not found for board NUCLEO-U575ZI-Q: C:\ST\STM32CubeIDE_1.7.0\STM32CubeIDE\plugins\com.st.stm32cube.common.mx_6.3.0.202107141111\\db\/plugins/mcufinder/images/boards/nucleo-u575zi-q_small.jpg
2024-12-12 08:11:31,269 [ERROR] DbBoards:189 - Image file not found for board NUCLEO-WB15CC: C:\ST\STM32CubeIDE_1.7.0\STM32CubeIDE\plugins\com.st.stm32cube.common.mx_6.3.0.202107141111\\db\/plugins/mcufinder/images/boards/nucleo-wb15cc_small.jpg
2024-12-12 08:11:31,269 [ERROR] DbBoards:189 - Image file not found for board NUCLEO-WB55RG: C:\ST\STM32CubeIDE_1.7.0\STM32CubeIDE\plugins\com.st.stm32cube.common.mx_6.3.0.202107141111\\db\/plugins/mcufinder/images/boards/nucleo-wb55rg_small.jpg
2024-12-12 08:11:31,379 [ERROR] Engine:463 - C:\Users\Admin\.stm32cubemx\thirdparties\pdsc\STMicroelectronics.X-CUBE-FREERTOS.1.1.0.pdsc: PDSC version is not supported
2024-12-12 08:11:31,394 [WARN] PackLoader:238 - Cannot read IP mode file for STMicroelectronics.X-CUBE-TOUCHGFX.4.24.0
2024-12-12 08:11:31,441 [WARN] PackLoader:238 - Cannot read IP mode file for STMicroelectronics.X-CUBE-AZRTOS-WL.1.0.0
2024-12-12 08:11:31,473 [WARN] PackLoader:238 - Cannot read IP mode file for STMicroelectronics.X-CUBE-TOUCHGFX.4.24.1
2024-12-12 08:11:31,473 [WARN] PackLoader:238 - Cannot read IP mode file for wolfSSL.I-CUBE-wolfTPM.3.4.0
2024-12-12 08:11:31,504 [WARN] PackLoader:238 - Cannot read IP mode file for portGmbH.I-Cube-SoM-uGOAL.1.1.0
2024-12-12 08:11:31,504 [WARN] PackLoader:238 - Cannot read IP mode file for STMicroelectronics.X-CUBE-ALS.1.0.1
2024-12-12 08:11:31,535 [WARN] PackLoader:238 - Cannot read IP mode file for STMicroelectronics.X-CUBE-AZRTOS-WB.1.1.0
2024-12-12 08:11:31,582 [WARN] PackLoader:238 - Cannot read IP mode file for STMicroelectronics.X-CUBE-AZRTOS-L5.1.0.0
2024-12-12 08:11:31,582 [WARN] PackLoader:238 - Cannot read IP mode file for STMicroelectronics.X-CUBE-EEPRMA1.3.1.1
2024-12-12 08:11:31,645 [WARN] PackLoader:238 - Cannot read IP mode file for STMicroelectronics.X-CUBE-AZRTOS-H7RS.1.0.0
2024-12-12 08:11:31,660 [WARN] PackLoader:238 - Cannot read IP mode file for STMicroelectronics.FP-ATR-ASTRA1.2.0.0
2024-12-12 08:11:31,660 [ERROR] Engine:463 - C:\Users\Admin\.stm32cubemx\thirdparties\pdsc\STMicroelectronics.X-CUBE-TOF1.3.4.2.pdsc: PDSC version is not supported
2024-12-12 08:11:31,676 [WARN] PackLoader:238 - Cannot read IP mode file for wolfSSL.I-CUBE-wolfSSH.1.4.17
2024-12-12 08:11:31,676 [INFO] ThirdParty:915 - Integrity check success = true
2024-12-12 08:11:31,676 [INFO] IntegrityCheckThread:94 - exiting critical section [integrity check]
2024-12-12 08:11:31,676 [INFO] IntegrityCheckThread:97 - End integrity checks thread
2024-12-12 08:11:33,863 [INFO] ApiDb:251 - Load user favorites file C:\Users\Admin/.stm32cubeide/favorites.boards.txt: 0 item(s)
2024-12-12 08:11:33,863 [INFO] ApiDb:255 - User favorites Boards=[]
2024-12-12 08:11:33,863 [INFO] DbBoards:206 - Set 0 / 0 favorites Boards
2024-12-12 08:11:55,894 [INFO] DbMcusDocs:143 - JSON generation date=Tue Nov 16 23:17:54 ICT 2021 (1637079474)
2024-12-12 08:11:56,191 [INFO] DbMcusDocs:79 - Found 682 MCUs documents
2024-12-12 08:12:10,824 [INFO] MainUpdater:2671 - connection check result : 10
2024-12-12 08:12:10,840 [INFO] MainUpdater:2671 - connection check result : 10
2024-12-12 08:12:10,902 [INFO] MicroXplorer:448 - Change Database Path : 
2024-12-12 08:12:10,918 [INFO] MicroXplorer:478 - Change Database Version : DB.6.0.30
2024-12-12 08:12:10,918 [WARN] ThirdParty:813 - waiting for thirdparty lock release [close project]
2024-12-12 08:12:10,918 [INFO] ThirdParty:815 - entering critical section [close project]
2024-12-12 08:12:10,918 [INFO] ThirdParty:825 - exiting critical section [close project]
2024-12-12 08:12:10,918 [INFO] PinOutPanel:1463 - setPackage(No Configuration,No Configuration)
2024-12-12 08:12:10,933 [INFO] UtilMem:74 - Begin LoadConfig() Used Memory: 562669760 Bytes (700448768)
2024-12-12 08:12:10,933 [INFO] MicroXplorer:448 - Change Database Path : 
2024-12-12 08:12:10,933 [INFO] MicroXplorer:478 - Change Database Version : DB.6.0.30
2024-12-12 08:12:10,933 [INFO] OpenFileManager:313 - Change cursor
2024-12-12 08:12:12,464 [INFO] Context:592 - Trying to add GPIOservice into a context  which must be forbidden
2024-12-12 08:12:12,855 [INFO] ImportTextPane:167 - (OptionalMessage_ERROR) Unable to find key (Mcu.ThirdPartyNb) in loaded IOC file
2024-12-12 08:12:12,855 [INFO] ImportTextPane:167 - (OptionalMessage_ERROR) Unable to find key (Mcu.PinsNb) in loaded IOC file
2024-12-12 08:12:12,855 [INFO] ImportTextPane:167 - (OptionalMessage_ERROR) Unable to find key (Mcu.IPNb) in loaded IOC file
2024-12-12 08:12:12,933 [WARN] ApiManager:304 - Cannot register API 'Board Extension:NFC09A1' from pack STMicroelectronics.X-CUBE-NFC9.1.0.0: no header file found
2024-12-12 08:12:12,933 [WARN] ApiManager:304 - Cannot register API 'Board Extension:GNSS1A1' from pack STMicroelectronics.X-CUBE-GNSS1.6.0.0: no header file found
2024-12-12 08:12:12,933 [WARN] ApiManager:304 - Cannot register API 'Board Support:Custom' from pack STMicroelectronics.X-CUBE-GNSS1.6.0.0: no header file found
2024-12-12 08:12:12,933 [WARN] ApiManager:304 - Cannot register API 'Data Exchange:lib_gnss' from pack STMicroelectronics.X-CUBE-GNSS1.6.0.0: no header file found
2024-12-12 08:12:12,949 [WARN] ApiManager:304 - Cannot register API 'Wireless:STM32WB05N' from pack STMicroelectronics.X-CUBE-WB05N.1.1.0: no header file found
2024-12-12 08:12:12,949 [WARN] ApiManager:304 - Cannot register API 'Board Extension:GNSS1A1' from pack STMicroelectronics.X-CUBE-GNSS1.7.0.0: no header file found
2024-12-12 08:12:12,949 [WARN] ApiManager:304 - Cannot register API 'Board Support:Custom' from pack STMicroelectronics.X-CUBE-GNSS1.7.0.0: no header file found
2024-12-12 08:12:12,949 [WARN] ApiManager:304 - Cannot register API 'Data Exchange:lib_gnss' from pack STMicroelectronics.X-CUBE-GNSS1.7.0.0: no header file found
2024-12-12 08:12:13,340 [WARN] ApiManager:304 - Cannot register API 'Board Extension:IKS01A3' from pack STMicroelectronics.X-CUBE-MEMS1.9.4.0: no header file found
2024-12-12 08:12:13,340 [WARN] ApiManager:304 - Cannot register API 'Board Extension:IKS01A2' from pack STMicroelectronics.X-CUBE-MEMS1.9.4.0: no header file found
2024-12-12 08:12:13,340 [WARN] ApiManager:304 - Cannot register API 'Board Extension:IKS02A1' from pack STMicroelectronics.X-CUBE-MEMS1.9.4.0: no header file found
2024-12-12 08:12:13,761 [WARN] ApiManager:304 - Cannot register API 'Board Extension:IKS01A3' from pack STMicroelectronics.X-CUBE-MEMS1.9.6.0: no header file found
2024-12-12 08:12:13,761 [WARN] ApiManager:304 - Cannot register API 'Board Extension:IKS01A2' from pack STMicroelectronics.X-CUBE-MEMS1.9.6.0: no header file found
2024-12-12 08:12:13,761 [WARN] ApiManager:304 - Cannot register API 'Board Extension:IKS02A1' from pack STMicroelectronics.X-CUBE-MEMS1.9.6.0: no header file found
2024-12-12 08:12:13,777 [WARN] ApiManager:304 - Cannot register API 'Board Extension:EEPRMA2' from pack STMicroelectronics.X-CUBE-EEPRMA1.4.2.0: no header file found
2024-12-12 08:12:13,777 [WARN] ApiManager:304 - Cannot register API 'Board Extension:PGEEZ1' from pack STMicroelectronics.X-CUBE-EEPRMA1.4.2.0: no header file found
2024-12-12 08:12:13,777 [WARN] ApiManager:304 - Cannot register API 'Board Part:M24' from pack STMicroelectronics.X-CUBE-EEPRMA1.4.2.0: no header file found
2024-12-12 08:12:13,777 [WARN] ApiManager:304 - Cannot register API 'Board Part:M95' from pack STMicroelectronics.X-CUBE-EEPRMA1.4.2.0: no header file found
2024-12-12 08:12:13,777 [WARN] ApiManager:304 - Cannot register API 'Board Part:M95P32' from pack STMicroelectronics.X-CUBE-EEPRMA1.4.2.0: no header file found
2024-12-12 08:12:13,777 [WARN] ApiManager:304 - Cannot register API 'PGEEZ1:SPI' from pack STMicroelectronics.X-CUBE-EEPRMA1.4.2.0: no header file found
2024-12-12 08:12:13,777 [WARN] ApiManager:304 - Cannot register API 'PGEEZ1:QDSPI' from pack STMicroelectronics.X-CUBE-EEPRMA1.4.2.0: no header file found
2024-12-12 08:12:13,777 [WARN] ApiManager:304 - Cannot register API 'Board Extension:NFC06A1' from pack STMicroelectronics.X-CUBE-NFC6.3.1.0: no header file found
2024-12-12 08:12:13,777 [WARN] ApiManager:304 - Cannot register API 'Board Extension:NFC08A1' from pack STMicroelectronics.X-CUBE-NFC6.3.1.0: no header file found
2024-12-12 08:12:13,777 [WARN] ApiManager:304 - Cannot register API 'Wireless:BlueNRG-MS' from pack STMicroelectronics.X-CUBE-BLE1.6.2.3: no header file found
2024-12-12 08:12:14,105 [WARN] ApiManager:304 - Cannot register API 'Board Extension:IKS01A3' from pack STMicroelectronics.X-CUBE-MEMS1.11.0.0: no header file found
2024-12-12 08:12:14,105 [WARN] ApiManager:304 - Cannot register API 'Board Extension:IKS02A1' from pack STMicroelectronics.X-CUBE-MEMS1.11.0.0: no header file found
2024-12-12 08:12:14,105 [WARN] ApiManager:304 - Cannot register API 'Board Extension:IKS4A1' from pack STMicroelectronics.X-CUBE-MEMS1.11.0.0: no header file found
2024-12-12 08:12:14,105 [WARN] ApiManager:304 - Cannot register API 'Wireless:BlueNRG-MS' from pack STMicroelectronics.X-CUBE-BLE1.6.2.4: no header file found
2024-12-12 08:12:14,105 [INFO] RtosManager:484 - Registered RTOS mode: class=CMSIS, group=RTOS, mode=CMSIS_V1, owner=FREERTOS
2024-12-12 08:12:14,105 [INFO] RtosManager:484 - Registered RTOS mode: class=CMSIS, group=RTOS2, mode=CMSIS_V2, owner=FREERTOS
2024-12-12 08:12:14,105 [INFO] RtosManager:484 - Registered RTOS mode: class=RTOS, group=Core, mode=CMSIS_V1, owner=FREERTOS
2024-12-12 08:12:14,105 [INFO] RtosManager:484 - Registered RTOS mode: class=RTOS, group=Core, mode=CMSIS_V2, owner=FREERTOS
2024-12-12 08:12:14,105 [WARN] ModelIntegratedComponent:181 - Missing modes for component STMicroelectronics:FreeRTOS:0.0.1:STMicroelectronics:RTOS:FreeRTOS:Core:::10.2.0:
2024-12-12 08:12:14,121 [WARN] ApiManager:304 - Cannot register API 'Board Extension:STSAFEA1' from pack STMicroelectronics.X-CUBE-SAFEA1.1.2.2: no header file found
2024-12-12 08:12:14,121 [WARN] ApiManager:304 - Cannot register API 'Board Part:STSAFEA110' from pack STMicroelectronics.X-CUBE-SAFEA1.1.2.2: no header file found
2024-12-12 08:12:14,121 [WARN] ApiManager:304 - Cannot register API 'Security:ST_Cryptolib' from pack STMicroelectronics.X-CUBE-SAFEA1.1.2.2: no header file found
2024-12-12 08:12:14,121 [WARN] ApiManager:304 - Cannot register API 'Security:MbedTLS' from pack STMicroelectronics.X-CUBE-SAFEA1.1.2.2: no header file found
2024-12-12 08:12:14,121 [WARN] ApiManager:304 - Cannot register API 'Board Extension:NFC04A1' from pack STMicroelectronics.X-CUBE-NFC4.3.0.0: no header file found
2024-12-12 08:12:14,121 [WARN] ApiManager:304 - Cannot register API 'Board Extension:S2868A1' from pack STMicroelectronics.X-CUBE-SUBG2.5.0.0: no header file found
2024-12-12 08:12:14,121 [WARN] ApiManager:304 - Cannot register API 'Board Extension:S2868A2' from pack STMicroelectronics.X-CUBE-SUBG2.5.0.0: no header file found
2024-12-12 08:12:14,121 [WARN] ApiManager:304 - Cannot register API 'Board Extension:S2915A1' from pack STMicroelectronics.X-CUBE-SUBG2.5.0.0: no header file found
2024-12-12 08:12:14,121 [WARN] ApiManager:304 - Cannot register API 'Board Extension:NFC04A1' from pack STMicroelectronics.X-CUBE-NFC4.2.0.5: no header file found
2024-12-12 08:12:14,121 [WARN] ApiManager:304 - Cannot register API 'Board Extension:NFC04A1' from pack STMicroelectronics.X-CUBE-NFC4.2.0.4: no header file found
2024-12-12 08:12:14,136 [WARN] ApiManager:304 - Cannot register API 'Board Extension:NFC10A1' from pack STMicroelectronics.X-CUBE-NFC10.1.0.0: no header file found
2024-12-12 08:12:14,136 [WARN] ApiManager:304 - Cannot register API 'Board Extension:EEPRMA2' from pack STMicroelectronics.X-CUBE-EEPRMA1.5.1.0: no header file found
2024-12-12 08:12:14,136 [WARN] ApiManager:304 - Cannot register API 'Board Extension:PGEEZ1' from pack STMicroelectronics.X-CUBE-EEPRMA1.5.1.0: no header file found
2024-12-12 08:12:14,136 [WARN] ApiManager:304 - Cannot register API 'Board Extension:EEICA1' from pack STMicroelectronics.X-CUBE-EEPRMA1.5.1.0: no header file found
2024-12-12 08:12:14,136 [WARN] ApiManager:304 - Cannot register API 'Board Part:M24' from pack STMicroelectronics.X-CUBE-EEPRMA1.5.1.0: no header file found
2024-12-12 08:12:14,136 [WARN] ApiManager:304 - Cannot register API 'Board Part:M95' from pack STMicroelectronics.X-CUBE-EEPRMA1.5.1.0: no header file found
2024-12-12 08:12:14,136 [WARN] ApiManager:304 - Cannot register API 'Board Part:M95P32' from pack STMicroelectronics.X-CUBE-EEPRMA1.5.1.0: no header file found
2024-12-12 08:12:14,136 [WARN] ApiManager:304 - Cannot register API 'Board Part:M24256E-F' from pack STMicroelectronics.X-CUBE-EEPRMA1.5.1.0: no header file found
2024-12-12 08:12:14,136 [WARN] ApiManager:304 - Cannot register API 'Board Part:M24M01E-F' from pack STMicroelectronics.X-CUBE-EEPRMA1.5.1.0: no header file found
2024-12-12 08:12:14,136 [WARN] ApiManager:304 - Cannot register API 'PGEEZ1:SPI' from pack STMicroelectronics.X-CUBE-EEPRMA1.5.1.0: no header file found
2024-12-12 08:12:14,136 [WARN] ApiManager:304 - Cannot register API 'PGEEZ1:QDSPI' from pack STMicroelectronics.X-CUBE-EEPRMA1.5.1.0: no header file found
2024-12-12 08:12:14,136 [WARN] ModelIntegratedComponent:60 - No mode defined for component null
2024-12-12 08:12:14,136 [WARN] ModelIntegratedComponent:60 - No mode defined for component null
2024-12-12 08:12:14,136 [WARN] ModelIntegratedComponent:60 - No mode defined for component null
2024-12-12 08:12:14,136 [WARN] ModelIntegratedComponent:60 - No mode defined for component null
2024-12-12 08:12:14,136 [WARN] ModelIntegratedComponent:60 - No mode defined for component null
2024-12-12 08:12:14,136 [WARN] ModelIntegratedComponent:60 - No mode defined for component null
2024-12-12 08:12:14,136 [WARN] ModelIntegratedComponent:60 - No mode defined for component null
2024-12-12 08:12:14,136 [WARN] ModelIntegratedComponent:60 - No mode defined for component null
2024-12-12 08:12:14,136 [WARN] ModelIntegratedComponent:60 - No mode defined for component null
2024-12-12 08:12:14,136 [WARN] ModelIntegratedComponent:60 - No mode defined for component null
2024-12-12 08:12:14,136 [WARN] ModelIntegratedComponent:60 - No mode defined for component null
2024-12-12 08:12:14,136 [WARN] ModelIntegratedComponent:60 - No mode defined for component null
2024-12-12 08:12:14,136 [WARN] ModelIntegratedComponent:60 - No mode defined for component null
2024-12-12 08:12:14,136 [WARN] ModelIntegratedComponent:60 - No mode defined for component null
2024-12-12 08:12:14,136 [WARN] ModelIntegratedComponent:60 - No mode defined for component null
2024-12-12 08:12:14,136 [WARN] ModelIntegratedComponent:60 - No mode defined for component null
2024-12-12 08:12:14,136 [WARN] ModelIntegratedComponent:60 - No mode defined for component null
2024-12-12 08:12:14,136 [WARN] ModelIntegratedComponent:60 - No mode defined for component null
2024-12-12 08:12:14,136 [WARN] ModelIntegratedComponent:60 - No mode defined for component null
2024-12-12 08:12:14,136 [WARN] ModelIntegratedComponent:60 - No mode defined for component null
2024-12-12 08:12:14,136 [WARN] ModelIntegratedComponent:60 - No mode defined for component null
2024-12-12 08:12:14,136 [WARN] ModelIntegratedComponent:60 - No mode defined for component null
2024-12-12 08:12:14,136 [WARN] ModelIntegratedComponent:60 - No mode defined for component null
2024-12-12 08:12:14,136 [WARN] ModelIntegratedComponent:60 - No mode defined for component null
2024-12-12 08:12:14,136 [WARN] ModelIntegratedComponent:60 - No mode defined for component null
2024-12-12 08:12:14,136 [WARN] ModelIntegratedComponent:60 - No mode defined for component null
2024-12-12 08:12:14,136 [WARN] ModelIntegratedComponent:60 - No mode defined for component null
2024-12-12 08:12:14,136 [WARN] ModelIntegratedComponent:60 - No mode defined for component null
2024-12-12 08:12:14,136 [WARN] ModelIntegratedComponent:60 - No mode defined for component null
2024-12-12 08:12:14,136 [WARN] ModelIntegratedComponent:60 - No mode defined for component null
2024-12-12 08:12:14,136 [WARN] ModelIntegratedComponent:60 - No mode defined for component null
2024-12-12 08:12:14,527 [WARN] ApiManager:304 - Cannot register API 'Board Extension:IKS01A3' from pack STMicroelectronics.X-CUBE-MEMS1.10.0.0: no header file found
2024-12-12 08:12:14,527 [WARN] ApiManager:304 - Cannot register API 'Board Extension:IKS02A1' from pack STMicroelectronics.X-CUBE-MEMS1.10.0.0: no header file found
2024-12-12 08:12:14,527 [WARN] ApiManager:304 - Cannot register API 'Board Extension:IKS4A1' from pack STMicroelectronics.X-CUBE-MEMS1.10.0.0: no header file found
2024-12-12 08:12:14,543 [WARN] ApiManager:304 - Cannot register API 'Board Extension:NFC07A1' from pack STMicroelectronics.X-CUBE-NFC7.1.0.1: no header file found
2024-12-12 08:12:14,543 [WARN] ApiManager:304 - Cannot register API 'Board Extension:NFC07A1' from pack STMicroelectronics.X-CUBE-NFC7.1.0.0: no header file found
2024-12-12 08:12:14,543 [WARN] ApiManager:304 - Cannot register API 'Board Extension:NFC06A1' from pack STMicroelectronics.X-CUBE-NFC6.3.0.0: no header file found
2024-12-12 08:12:14,543 [WARN] ApiManager:304 - Cannot register API 'Board Extension:NFC08A1' from pack STMicroelectronics.X-CUBE-NFC6.3.0.0: no header file found
2024-12-12 08:12:14,855 [WARN] ApiManager:304 - Cannot register API 'Board Extension:IKS01A3' from pack STMicroelectronics.X-CUBE-MEMS1.9.3.0: no header file found
2024-12-12 08:12:14,855 [WARN] ApiManager:304 - Cannot register API 'Board Extension:IKS01A2' from pack STMicroelectronics.X-CUBE-MEMS1.9.3.0: no header file found
2024-12-12 08:12:14,871 [WARN] ApiManager:304 - Cannot register API 'Board Extension:IKS02A1' from pack STMicroelectronics.X-CUBE-MEMS1.9.3.0: no header file found
2024-12-12 08:12:14,871 [WARN] ApiManager:304 - Cannot register API 'Board Extension:EEPRMA1' from pack STMicroelectronics.X-CUBE-EEPRMA1.4.1.0: no header file found
2024-12-12 08:12:14,871 [WARN] ApiManager:304 - Cannot register API 'Board Extension:EEPRMA2' from pack STMicroelectronics.X-CUBE-EEPRMA1.4.1.0: no header file found
2024-12-12 08:12:14,871 [WARN] ApiManager:304 - Cannot register API 'Board Extension:PGEEZ1' from pack STMicroelectronics.X-CUBE-EEPRMA1.4.1.0: no header file found
2024-12-12 08:12:14,871 [WARN] ApiManager:304 - Cannot register API 'Board Part:M24' from pack STMicroelectronics.X-CUBE-EEPRMA1.4.1.0: no header file found
2024-12-12 08:12:14,871 [WARN] ApiManager:304 - Cannot register API 'Board Part:M95' from pack STMicroelectronics.X-CUBE-EEPRMA1.4.1.0: no header file found
2024-12-12 08:12:14,871 [WARN] ApiManager:304 - Cannot register API 'Board Part:M95P32' from pack STMicroelectronics.X-CUBE-EEPRMA1.4.1.0: no header file found
2024-12-12 08:12:14,871 [WARN] ApiManager:304 - Cannot register API 'PGEEZ1:SPI' from pack STMicroelectronics.X-CUBE-EEPRMA1.4.1.0: no header file found
2024-12-12 08:12:14,871 [WARN] ApiManager:304 - Cannot register API 'PGEEZ1:QDSPI' from pack STMicroelectronics.X-CUBE-EEPRMA1.4.1.0: no header file found
2024-12-12 08:12:14,871 [WARN] ApiManager:304 - Cannot register API 'Board Extension:EEPRMA1' from pack STMicroelectronics.X-CUBE-EEPRMA1.3.1.1: no header file found
2024-12-12 08:12:14,871 [WARN] ApiManager:304 - Cannot register API 'Board Extension:EEPRMA2' from pack STMicroelectronics.X-CUBE-EEPRMA1.3.1.1: no header file found
2024-12-12 08:12:14,886 [WARN] ApiManager:304 - Cannot register API 'Board Extension:S2868A1' from pack STMicroelectronics.X-CUBE-SFXS2LP1.4.0.0: no header file found
2024-12-12 08:12:14,886 [WARN] ApiManager:304 - Cannot register API 'Board Extension:S2868A2' from pack STMicroelectronics.X-CUBE-SFXS2LP1.4.0.0: no header file found
2024-12-12 08:12:14,886 [WARN] ApiManager:304 - Cannot register API 'Board Extension:S2915A1' from pack STMicroelectronics.X-CUBE-SFXS2LP1.4.0.0: no header file found
2024-12-12 08:12:48,666 [INFO] UtilMem:74 - End LoadConfig() Used Memory: 754604032 Bytes (842006528)
2024-12-12 08:12:48,682 [WARN] ThirdParty:779 - waiting for thirdparty lock release [change project]
2024-12-12 08:12:48,682 [INFO] ThirdParty:781 - entering critical section [change project]
2024-12-12 08:12:48,682 [INFO] ThirdParty:967 - CMSIS Pack Vendor :STMicroelectronics X-CUBE-ISPU 1.1.0
2024-12-12 08:12:48,682 [INFO] ThirdParty:967 - CMSIS Pack Vendor :STMicroelectronics X-CUBE-AZRTOS-H7 3.3.0
2024-12-12 08:12:48,682 [INFO] ThirdParty:967 - CMSIS Pack Vendor :RoweBots I-CUBE-UNISONRTOS 5.5.0-4
2024-12-12 08:12:48,682 [INFO] ThirdParty:967 - CMSIS Pack Vendor :STMicroelectronics X-CUBE-NFC9 1.0.0
2024-12-12 08:12:48,682 [INFO] ThirdParty:967 - CMSIS Pack Vendor :STMicroelectronics X-CUBE-GNSS1 6.0.0
2024-12-12 08:12:48,682 [INFO] ThirdParty:967 - CMSIS Pack Vendor :STMicroelectronics X-CUBE-AZRTOS-H7 2.1.0
2024-12-12 08:12:48,682 [INFO] ThirdParty:967 - CMSIS Pack Vendor :STMicroelectronics USB_HOST 2.0.0
2024-12-12 08:12:48,682 [INFO] ThirdParty:967 - CMSIS Pack Vendor :STMicroelectronics X-CUBE-AZRTOS-F4 1.1.0
2024-12-12 08:12:48,682 [INFO] ThirdParty:967 - CMSIS Pack Vendor :STMicroelectronics FP-ATR-ASTRA1 2.0.1
2024-12-12 08:12:48,682 [INFO] ThirdParty:967 - CMSIS Pack Vendor :STMicroelectronics X-CUBE-WB05N 1.1.0
2024-12-12 08:12:48,682 [INFO] ThirdParty:967 - CMSIS Pack Vendor :STMicroelectronics USB_DEVICE 3.0.0
2024-12-12 08:12:48,682 [INFO] ThirdParty:967 - CMSIS Pack Vendor :STMicroelectronics X-CUBE-ISPU 2.1.0
2024-12-12 08:12:48,682 [INFO] ThirdParty:967 - CMSIS Pack Vendor :STMicroelectronics X-CUBE-AZRTOS-WB 2.0.0
2024-12-12 08:12:48,682 [INFO] ThirdParty:967 - CMSIS Pack Vendor :STMicroelectronics X-CUBE-GNSS1 7.0.0
2024-12-12 08:12:48,682 [INFO] ThirdParty:967 - CMSIS Pack Vendor :STMicroelectronics X-CUBE-TOUCHGFX 4.21.0
2024-12-12 08:12:48,682 [INFO] ThirdParty:967 - CMSIS Pack Vendor :STMicroelectronics X-CUBE-BLEMGR 1.0.0
2024-12-12 08:12:48,682 [INFO] ThirdParty:967 - CMSIS Pack Vendor :STMicroelectronics X-CUBE-BLEMGR 1.2.0
2024-12-12 08:12:48,682 [INFO] ThirdParty:967 - CMSIS Pack Vendor :STMicroelectronics X-CUBE-AZRTOS-F7 1.1.0
2024-12-12 08:12:48,682 [INFO] ThirdParty:967 - CMSIS Pack Vendor :STMicroelectronics X-CUBE-AZRTOS-L5 2.0.0
2024-12-12 08:12:48,682 [INFO] ThirdParty:967 - CMSIS Pack Vendor :STMicroelectronics X-CUBE-MEMS1 9.4.0
2024-12-12 08:12:48,682 [INFO] ThirdParty:967 - CMSIS Pack Vendor :STMicroelectronics USB_DEVICE 2.0.0
2024-12-12 08:12:48,682 [INFO] ThirdParty:967 - CMSIS Pack Vendor :STMicroelectronics X-CUBE-AI 7.3.0
2024-12-12 08:12:48,682 [INFO] ThirdParty:967 - CMSIS Pack Vendor :STMicroelectronics X-CUBE-MEMS1 9.6.0
2024-12-12 08:12:48,682 [INFO] ThirdParty:967 - CMSIS Pack Vendor :STMicroelectronics X-CUBE-EEPRMA1 4.2.0
2024-12-12 08:12:48,682 [INFO] ThirdParty:967 - CMSIS Pack Vendor :STMicroelectronics X-CUBE-NFC6 3.1.0
2024-12-12 08:12:48,682 [INFO] ThirdParty:967 - CMSIS Pack Vendor :STMicroelectronics X-CUBE-BLE1 6.2.3
2024-12-12 08:12:48,682 [INFO] ThirdParty:967 - CMSIS Pack Vendor :STMicroelectronics X-CUBE-ALGOBUILD 1.3.0
2024-12-12 08:12:48,682 [INFO] ThirdParty:967 - CMSIS Pack Vendor :STMicroelectronics X-CUBE-MEMS1 11.0.0
2024-12-12 08:12:48,682 [INFO] ThirdParty:967 - CMSIS Pack Vendor :STMicroelectronics X-CUBE-BLE1 6.2.4
2024-12-12 08:12:48,682 [INFO] ThirdParty:967 - CMSIS Pack Vendor :STMicroelectronics X-CUBE-AZRTOS-L5 1.1.0
2024-12-12 08:12:48,682 [INFO] ThirdParty:967 - CMSIS Pack Vendor :STMicroelectronics FreeRTOS 0.0.1
2024-12-12 08:12:48,682 [INFO] ThirdParty:967 - CMSIS Pack Vendor :STMicroelectronics X-CUBE-AZRTOS-G0 1.1.0
2024-12-12 08:12:48,682 [INFO] ThirdParty:967 - CMSIS Pack Vendor :STMicroelectronics X-CUBE-BLEMGR 2.0.0
2024-12-12 08:12:48,682 [INFO] ThirdParty:967 - CMSIS Pack Vendor :STMicroelectronics X-CUBE-SAFEA1 1.2.2
2024-12-12 08:12:48,682 [INFO] ThirdParty:967 - CMSIS Pack Vendor :STMicroelectronics X-CUBE-NFC4 3.0.0
2024-12-12 08:12:48,682 [INFO] ThirdParty:967 - CMSIS Pack Vendor :SEGGER I-CUBE-embOS 1.2.0
2024-12-12 08:12:48,682 [INFO] ThirdParty:967 - CMSIS Pack Vendor :STMicroelectronics X-CUBE-SUBG2 5.0.0
2024-12-12 08:12:48,682 [INFO] ThirdParty:967 - CMSIS Pack Vendor :STMicroelectronics lwIP 2.0.3
2024-12-12 08:12:48,682 [INFO] ThirdParty:967 - CMSIS Pack Vendor :STMicroelectronics X-CUBE-NFC4 2.0.5
2024-12-12 08:12:48,682 [INFO] ThirdParty:967 - CMSIS Pack Vendor :STMicroelectronics X-CUBE-NFC4 2.0.4
2024-12-12 08:12:48,682 [INFO] ThirdParty:967 - CMSIS Pack Vendor :STMicroelectronics USB_HOST 1.0.0
2024-12-12 08:12:48,682 [INFO] ThirdParty:967 - CMSIS Pack Vendor :STMicroelectronics X-CUBE-AI 9.0.0
2024-12-12 08:12:48,682 [INFO] ThirdParty:967 - CMSIS Pack Vendor :STMicroelectronics X-CUBE-AZRTOS-G4 2.0.0
2024-12-12 08:12:48,682 [INFO] ThirdParty:967 - CMSIS Pack Vendor :STMicroelectronics PDM2PCM 3.1.0
2024-12-12 08:12:48,682 [INFO] ThirdParty:967 - CMSIS Pack Vendor :STMicroelectronics X-CUBE-AZRTOS-H7 3.1.0
2024-12-12 08:12:48,682 [INFO] ThirdParty:967 - CMSIS Pack Vendor :STMicroelectronics FP-ATR-ASTRA1 1.1.1
2024-12-12 08:12:48,682 [INFO] ThirdParty:967 - CMSIS Pack Vendor :STMicroelectronics PDM2PCM 3.3.0
2024-12-12 08:12:48,682 [INFO] ThirdParty:967 - CMSIS Pack Vendor :STMicroelectronics X-CUBE-TOF1 3.1.0
2024-12-12 08:12:48,682 [INFO] ThirdParty:967 - CMSIS Pack Vendor :STMicroelectronics X-CUBE-BLEMGR 1.3.0
2024-12-12 08:12:48,682 [INFO] ThirdParty:967 - CMSIS Pack Vendor :STMicroelectronics FP-ATR-SIGFOX1 3.2.0
2024-12-12 08:12:48,682 [INFO] ThirdParty:967 - CMSIS Pack Vendor :STMicroelectronics X-CUBE-AZRTOS-G4 1.0.0
2024-12-12 08:12:48,682 [INFO] ThirdParty:967 - CMSIS Pack Vendor :STMicroelectronics X-CUBE-NFC10 1.0.0
2024-12-12 08:12:48,682 [INFO] ThirdParty:967 - CMSIS Pack Vendor :STMicroelectronics X-CUBE-AZRTOS-L4 1.0.0
2024-12-12 08:12:48,682 [INFO] ThirdParty:967 - CMSIS Pack Vendor :wolfSSL I-CUBE-wolfSSL 5.5.0
2024-12-12 08:12:48,682 [INFO] ThirdParty:967 - CMSIS Pack Vendor :STMicroelectronics X-CUBE-EEPRMA1 5.1.0
2024-12-12 08:12:48,682 [INFO] ThirdParty:967 - CMSIS Pack Vendor :STMicroelectronics HAL Drivers 0.0.0
2024-12-12 08:12:48,682 [INFO] ThirdParty:967 - CMSIS Pack Vendor :STMicroelectronics MBEDTLS 2.16.2
2024-12-12 08:12:48,682 [INFO] ThirdParty:967 - CMSIS Pack Vendor :emotas I-CUBE-CANOPEN 1.1.2
2024-12-12 08:12:48,682 [INFO] ThirdParty:967 - CMSIS Pack Vendor :STMicroelectronics X-CUBE-TOUCHGFX 4.20.0
2024-12-12 08:12:48,682 [INFO] ThirdParty:967 - CMSIS Pack Vendor :STMicroelectronics X-CUBE-MEMS1 10.0.0
2024-12-12 08:12:48,682 [INFO] ThirdParty:967 - CMSIS Pack Vendor :STMicroelectronics X-CUBE-NFC7 1.0.1
2024-12-12 08:12:48,682 [INFO] ThirdParty:967 - CMSIS Pack Vendor :STMicroelectronics MBEDTLS 2.14.1
2024-12-12 08:12:48,682 [INFO] ThirdParty:967 - CMSIS Pack Vendor :STMicroelectronics X-CUBE-NFC7 1.0.0
2024-12-12 08:12:48,682 [INFO] ThirdParty:967 - CMSIS Pack Vendor :STMicroelectronics X-CUBE-TOUCHGFX 4.24.0
2024-12-12 08:12:48,682 [INFO] ThirdParty:967 - CMSIS Pack Vendor :STMicroelectronics X-CUBE-TOUCHGFX 4.22.1
2024-12-12 08:12:48,682 [INFO] ThirdParty:967 - CMSIS Pack Vendor :STMicroelectronics X-CUBE-AZRTOS-WL 1.0.0
2024-12-12 08:12:48,682 [INFO] ThirdParty:967 - CMSIS Pack Vendor :STMicroelectronics X-CUBE-TOUCHGFX 4.24.1
2024-12-12 08:12:48,682 [INFO] ThirdParty:967 - CMSIS Pack Vendor :STMicroelectronics X-CUBE-NFC6 3.0.0
2024-12-12 08:12:48,682 [INFO] ThirdParty:967 - CMSIS Pack Vendor :wolfSSL I-CUBE-wolfTPM 3.4.0
2024-12-12 08:12:48,682 [INFO] ThirdParty:967 - CMSIS Pack Vendor :STMicroelectronics X-CUBE-MEMS1 9.3.0
2024-12-12 08:12:48,682 [INFO] ThirdParty:967 - CMSIS Pack Vendor :STMicroelectronics X-CUBE-EEPRMA1 4.1.0
2024-12-12 08:12:48,682 [INFO] ThirdParty:967 - CMSIS Pack Vendor :portGmbH I-Cube-SoM-uGOAL 1.1.0
2024-12-12 08:12:48,682 [INFO] ThirdParty:967 - CMSIS Pack Vendor :STMicroelectronics X-CUBE-ALS 1.0.1
2024-12-12 08:12:48,682 [INFO] ThirdParty:967 - CMSIS Pack Vendor :STMicroelectronics X-CUBE-AI 7.2.0
2024-12-12 08:12:48,682 [INFO] ThirdParty:967 - CMSIS Pack Vendor :STMicroelectronics X-CUBE-AZRTOS-WB 1.1.0
2024-12-12 08:12:48,682 [INFO] ThirdParty:967 - CMSIS Pack Vendor :STMicroelectronics X-CUBE-AZRTOS-WL 2.0.0
2024-12-12 08:12:48,682 [INFO] ThirdParty:967 - CMSIS Pack Vendor :SEGGER I-CUBE-embOS 1.3.1
2024-12-12 08:12:48,682 [INFO] ThirdParty:967 - CMSIS Pack Vendor :STMicroelectronics X-CUBE-ALGOBUILD 1.4.0
2024-12-12 08:12:48,682 [INFO] ThirdParty:967 - CMSIS Pack Vendor :STMicroelectronics X-CUBE-AZRTOS-L5 1.0.0
2024-12-12 08:12:48,682 [INFO] ThirdParty:967 - CMSIS Pack Vendor :STMicroelectronics USB_DEVICE 1.0.0
2024-12-12 08:12:48,682 [INFO] ThirdParty:967 - CMSIS Pack Vendor :STMicroelectronics X-CUBE-AI 8.1.0
2024-12-12 08:12:48,682 [INFO] ThirdParty:967 - CMSIS Pack Vendor :STMicroelectronics X-CUBE-EEPRMA1 3.1.1
2024-12-12 08:12:48,682 [INFO] ThirdParty:967 - CMSIS Pack Vendor :STMicroelectronics X-CUBE-AZRTOS-H7RS 1.0.0
2024-12-12 08:12:48,682 [INFO] ThirdParty:967 - CMSIS Pack Vendor :wolfSSL I-CUBE-wolfMQTT 1.19.0
2024-12-12 08:12:48,682 [INFO] ThirdParty:967 - CMSIS Pack Vendor :STMicroelectronics X-CUBE-AZRTOS-L4 2.0.0
2024-12-12 08:12:48,682 [INFO] ThirdParty:967 - CMSIS Pack Vendor :STMicroelectronics ThreadX 0.0.2
2024-12-12 08:12:48,682 [INFO] ThirdParty:967 - CMSIS Pack Vendor :WES I-CUBE-Cesium 1.3.0
2024-12-12 08:12:48,682 [INFO] ThirdParty:967 - CMSIS Pack Vendor :STMicroelectronics FP-ATR-ASTRA1 2.0.0
2024-12-12 08:12:48,682 [INFO] ThirdParty:967 - CMSIS Pack Vendor :STMicroelectronics lwIP 2.1.2
2024-12-12 08:12:48,682 [INFO] ThirdParty:967 - CMSIS Pack Vendor :STMicroelectronics X-CUBE-SFXS2LP1 4.0.0
2024-12-12 08:12:48,682 [INFO] ThirdParty:967 - CMSIS Pack Vendor :STMicroelectronics X-CUBE-AI 9.1.0
2024-12-12 08:12:48,682 [INFO] ThirdParty:967 - CMSIS Pack Vendor :STMicroelectronics X-CUBE-TOF1 3.2.0
2024-12-12 08:12:48,682 [INFO] ThirdParty:967 - CMSIS Pack Vendor :STMicroelectronics PDM2PCM 3.2.0
2024-12-12 08:12:48,682 [INFO] ThirdParty:967 - CMSIS Pack Vendor :STMicroelectronics X-CUBE-AZRTOS-H7 3.0.0
2024-12-12 08:12:48,682 [INFO] ThirdParty:967 - CMSIS Pack Vendor :wolfSSL I-CUBE-wolfSSH 1.4.17
2024-12-12 08:12:48,682 [INFO] ThirdParty:967 - CMSIS Pack Vendor :STMicroelectronics X-CUBE-ISPU 1.0.0
2024-12-12 08:12:48,682 [INFO] ThirdParty:787 - exiting critical section [change project]
2024-12-12 08:12:48,994 [INFO] PinOutPanel:1463 - setPackage(No Configuration,No Configuration)
2024-12-12 08:12:48,994 [INFO] PinOutPanel:1463 - setPackage(STM32F103C6Tx,LQFP48)
2024-12-12 08:12:49,619 [INFO] UtilMem:74 - Before build in PCC Used Memory: 824087960 Bytes (842006528)
2024-12-12 08:12:50,557 [INFO] UtilMem:74 - After build in PCC Used Memory: 793889400 Bytes (858783744)
2024-12-12 08:12:50,588 [INFO] IPUIPlugin:74 - create IPUIPlugin
2024-12-12 08:12:50,588 [INFO] IPUIPlugin:74 - create IPUIPlugin
2024-12-12 08:12:50,588 [INFO] IPUIPlugin:74 - create IPUIPlugin
2024-12-12 08:12:50,604 [INFO] IPUIPlugin:74 - create IPUIPlugin
2024-12-12 08:12:50,604 [INFO] IPUIPlugin:74 - create IPUIPlugin
2024-12-12 08:12:50,604 [INFO] IPUIPlugin:74 - create IPUIPlugin
2024-12-12 08:12:50,604 [INFO] IPUIPlugin:74 - create IPUIPlugin
2024-12-12 08:12:50,604 [INFO] IPUIPlugin:74 - create IPUIPlugin
2024-12-12 08:12:50,604 [INFO] IPUIPlugin:74 - create IPUIPlugin
2024-12-12 08:12:50,604 [INFO] IPUIPlugin:74 - create IPUIPlugin
2024-12-12 08:12:50,604 [INFO] IPUIPlugin:74 - create IPUIPlugin
2024-12-12 08:12:50,604 [INFO] IPUIPlugin:74 - create IPUIPlugin
2024-12-12 08:12:50,604 [INFO] IPUIPlugin:74 - create IPUIPlugin
2024-12-12 08:12:50,604 [INFO] IPUIPlugin:74 - create IPUIPlugin
2024-12-12 08:12:50,604 [INFO] IPUIPlugin:74 - create IPUIPlugin
2024-12-12 08:12:50,604 [INFO] IPUIPlugin:74 - create IPUIPlugin
2024-12-12 08:12:50,604 [INFO] IPUIPlugin:74 - create IPUIPlugin
2024-12-12 08:12:50,604 [INFO] IPUIPlugin:74 - create IPUIPlugin
2024-12-12 08:12:50,604 [INFO] IPUIPlugin:74 - create IPUIPlugin
2024-12-12 08:12:50,604 [INFO] IPUIPlugin:74 - create IPUIPlugin
2024-12-12 08:12:50,604 [INFO] IPUIPlugin:74 - create IPUIPlugin
2024-12-12 08:12:50,604 [INFO] IPUIPlugin:74 - create IPUIPlugin
2024-12-12 08:12:50,604 [INFO] IPUIPlugin:74 - create IPUIPlugin
2024-12-12 08:12:50,792 [INFO] OpenFileManager:333 - Restore cursor
2024-12-12 08:12:51,339 [INFO] UtilMem:74 - End SaveConfig() Used Memory: 794658968 Bytes (858783744)
2024-12-12 08:12:51,464 [INFO] UtilMem:74 - End SaveConfig() Used Memory: 822091696 Bytes (858783744)
2024-12-12 08:12:52,167 [INFO] BlockDiagram:2740 - set Specific Code input for plugin: NVIC
2024-12-12 08:12:52,167 [INFO] BlockDiagram:2740 - set Specific Code input for plugin: SYS
2024-12-12 08:12:52,167 [INFO] BlockDiagram:2740 - set Specific Code input for plugin: RCC
2024-12-12 08:12:52,167 [INFO] CodeGenerator:663 - code generatio: config db path: C:\ST\STM32CubeIDE_1.7.0\STM32CubeIDE\plugins\com.st.stm32cube.common.mx_6.3.0.202107141111\\db\
2024-12-12 08:12:52,784 [INFO] CodeEngine:239 - oldGeneratedFile, C:\Users\Admin\Desktop\LAB VXL\LAB 2\EXERCISE5\SOURCE CODE\EX5\MXTmpFiles\license.tmp_save
2024-12-12 08:12:53,559 [INFO] CodeEngine:257 - Generated code: C:\Users\Admin\Desktop\LAB VXL\LAB 2\EXERCISE5\SOURCE CODE\EX5\MXTmpFiles\license.tmp
2024-12-12 08:12:53,778 [INFO] CodeEngine:239 - oldGeneratedFile, C:\Users\Admin\Desktop\LAB VXL\LAB 2\EXERCISE5\SOURCE CODE\EX5\Core\Src\stm32f1xx_it.c_save
2024-12-12 08:12:54,012 [INFO] CodeEngine:257 - Generated code: C:\Users\Admin\Desktop\LAB VXL\LAB 2\EXERCISE5\SOURCE CODE\EX5\Core\Src\stm32f1xx_it.c
2024-12-12 08:12:54,012 [INFO] CodeEngine:239 - oldGeneratedFile, C:\Users\Admin\Desktop\LAB VXL\LAB 2\EXERCISE5\SOURCE CODE\EX5\Core\Inc\stm32f1xx_it.h_save
2024-12-12 08:12:54,137 [INFO] CodeEngine:257 - Generated code: C:\Users\Admin\Desktop\LAB VXL\LAB 2\EXERCISE5\SOURCE CODE\EX5\Core\Inc\stm32f1xx_it.h
2024-12-12 08:12:54,153 [INFO] CodeEngine:239 - oldGeneratedFile, C:\Users\Admin\Desktop\LAB VXL\LAB 2\EXERCISE5\SOURCE CODE\EX5\Core\Src\stm32f1xx_hal_msp.c_save
2024-12-12 08:12:54,376 [INFO] CodeEngine:257 - Generated code: C:\Users\Admin\Desktop\LAB VXL\LAB 2\EXERCISE5\SOURCE CODE\EX5\Core\Src\stm32f1xx_hal_msp.c
2024-12-12 08:12:54,376 [INFO] CodeEngine:239 - oldGeneratedFile, C:\Users\Admin\Desktop\LAB VXL\LAB 2\EXERCISE5\SOURCE CODE\EX5\MXTmpFiles\system.tmp_save
2024-12-12 08:12:54,481 [INFO] CodeEngine:257 - Generated code: C:\Users\Admin\Desktop\LAB VXL\LAB 2\EXERCISE5\SOURCE CODE\EX5\MXTmpFiles\system.tmp
2024-12-12 08:12:54,496 [INFO] CodeEngine:239 - oldGeneratedFile, C:\Users\Admin\Desktop\LAB VXL\LAB 2\EXERCISE5\SOURCE CODE\EX5\Core\Inc\stm32f1xx_hal_conf.h_save
2024-12-12 08:12:54,699 [INFO] CodeEngine:257 - Generated code: C:\Users\Admin\Desktop\LAB VXL\LAB 2\EXERCISE5\SOURCE CODE\EX5\Core\Inc\stm32f1xx_hal_conf.h
2024-12-12 08:12:54,777 [INFO] CodeEngine:239 - oldGeneratedFile, C:\Users\Admin\Desktop\LAB VXL\LAB 2\EXERCISE5\SOURCE CODE\EX5\Core\Inc\main.h_save
2024-12-12 08:12:55,144 [INFO] CodeEngine:257 - Generated code: C:\Users\Admin\Desktop\LAB VXL\LAB 2\EXERCISE5\SOURCE CODE\EX5\Core\Inc\main.h
2024-12-12 08:12:55,152 [INFO] CodeEngine:239 - oldGeneratedFile, C:\Users\Admin\Desktop\LAB VXL\LAB 2\EXERCISE5\SOURCE CODE\EX5\Core\Src\main.c_save
2024-12-12 08:12:55,496 [INFO] CodeEngine:257 - Generated code: C:\Users\Admin\Desktop\LAB VXL\LAB 2\EXERCISE5\SOURCE CODE\EX5\Core\Src\main.c
2024-12-12 08:12:57,824 [INFO] ProjectBuilder:2578 - Time for Copy HAL[1] : 141mS.
2024-12-12 08:12:57,840 [INFO] ProjectBuilder:3622 - Project Generator version: 3.14.1
2024-12-12 08:12:58,855 [INFO] ConfigFileManager:1271 - The Die is : DIE412
2024-12-12 08:12:58,886 [INFO] ApiDbMcu:468 - Load IP Config File for FATFS
2024-12-12 08:12:58,949 [INFO] ApiDbMcu:468 - Load IP Config File for FREERTOS
2024-12-12 08:12:59,011 [INFO] ApiDbMcu:468 - Load IP Config File for USB_DEVICE
2024-12-12 08:13:06,745 [INFO] ProjectBuilder:3789 - Time for Generating toolchain IDE Files: 8905mS.
2024-12-12 08:13:06,745 [INFO] ProjectBuilder:2457 - Time for Copy CMSIS : 0mS.
2024-12-12 08:13:06,745 [INFO] ProjectBuilder:2457 - Time for Copy CMSIS : 0mS.
2024-12-12 08:13:07,479 [INFO] McuFinderGlobals:52 - Set McuFinderConnectedMode to true
2024-12-12 08:13:07,479 [INFO] ApiDb:276 - Save user favorites file C:\Users\Admin/.stm32cubeide/favorites.mcus.txt: 0 item(s)
2024-12-12 08:13:07,479 [INFO] ApiDb:280 - User favorites MCUs=[]
2024-12-12 08:15:15,420 [INFO] NvicIntPanel:96 - NVIC parent = com.st.microxplorer.plugins.ip.nvic.MultiNvicIntPanel[,0,0,0x0,invalid,layout=javax.swing.BoxLayout,alignmentX=0.0,alignmentY=0.0,border=,flags=9,maximumSize=,minimumSize=,preferredSize=]
2024-12-12 08:15:20,312 [INFO] NvicIntPanel:96 - NVIC parent = com.st.microxplorer.plugins.ip.nvic.MultiNvicIntPanel[,0,0,0x0,invalid,layout=javax.swing.BoxLayout,alignmentX=0.0,alignmentY=0.0,border=,flags=9,maximumSize=,minimumSize=,preferredSize=]
2024-12-12 08:15:30,438 [INFO] UtilMem:74 - End SaveConfig() Used Memory: 922688984 Bytes (1073741824)
2024-12-12 08:15:30,907 [INFO] UtilMem:74 - End SaveConfig() Used Memory: 937968672 Bytes (1073741824)
2024-12-12 08:15:32,235 [INFO] UtilMem:74 - End SaveConfig() Used Memory: 889953896 Bytes (1073741824)
2024-12-12 08:15:32,657 [INFO] BlockDiagram:2740 - set Specific Code input for plugin: NVIC
2024-12-12 08:15:32,657 [INFO] BlockDiagram:2740 - set Specific Code input for plugin: SYS
2024-12-12 08:15:32,657 [INFO] BlockDiagram:2740 - set Specific Code input for plugin: GPIO
2024-12-12 08:15:32,657 [INFO] BlockDiagram:2740 - set Specific Code input for plugin: RCC
2024-12-12 08:15:32,657 [INFO] BlockDiagram:2740 - set Specific Code input for plugin: TIM1_8F1
2024-12-12 08:15:32,657 [INFO] CodeGenerator:663 - code generatio: config db path: C:\ST\STM32CubeIDE_1.7.0\STM32CubeIDE\plugins\com.st.stm32cube.common.mx_6.3.0.202107141111\\db\
2024-12-12 08:15:33,024 [INFO] CodeEngine:239 - oldGeneratedFile, C:\Users\Admin\Desktop\LAB VXL\LAB 2\EXERCISE5\SOURCE CODE\EX5\MXTmpFiles\license.tmp_save
2024-12-12 08:15:33,126 [INFO] CodeEngine:257 - Generated code: C:\Users\Admin\Desktop\LAB VXL\LAB 2\EXERCISE5\SOURCE CODE\EX5\MXTmpFiles\license.tmp
2024-12-12 08:15:33,188 [INFO] CodeEngine:239 - oldGeneratedFile, C:\Users\Admin\Desktop\LAB VXL\LAB 2\EXERCISE5\SOURCE CODE\EX5\MXTmpFiles\gpio.tmp_save
2024-12-12 08:15:33,266 [INFO] CodeEngine:257 - Generated code: C:\Users\Admin\Desktop\LAB VXL\LAB 2\EXERCISE5\SOURCE CODE\EX5\MXTmpFiles\gpio.tmp
2024-12-12 08:15:33,516 [INFO] CodeEngine:239 - oldGeneratedFile, C:\Users\Admin\Desktop\LAB VXL\LAB 2\EXERCISE5\SOURCE CODE\EX5\Core\Src\stm32f1xx_it.c_save
2024-12-12 08:15:33,641 [INFO] CodeEngine:257 - Generated code: C:\Users\Admin\Desktop\LAB VXL\LAB 2\EXERCISE5\SOURCE CODE\EX5\Core\Src\stm32f1xx_it.c
2024-12-12 08:15:33,641 [INFO] CodeEngine:239 - oldGeneratedFile, C:\Users\Admin\Desktop\LAB VXL\LAB 2\EXERCISE5\SOURCE CODE\EX5\Core\Inc\stm32f1xx_it.h_save
2024-12-12 08:15:33,704 [INFO] CodeEngine:257 - Generated code: C:\Users\Admin\Desktop\LAB VXL\LAB 2\EXERCISE5\SOURCE CODE\EX5\Core\Inc\stm32f1xx_it.h
2024-12-12 08:15:33,735 [INFO] CodeEngine:239 - oldGeneratedFile, C:\Users\Admin\Desktop\LAB VXL\LAB 2\EXERCISE5\SOURCE CODE\EX5\Core\Src\stm32f1xx_hal_msp.c_save
2024-12-12 08:15:33,860 [INFO] CodeEngine:257 - Generated code: C:\Users\Admin\Desktop\LAB VXL\LAB 2\EXERCISE5\SOURCE CODE\EX5\Core\Src\stm32f1xx_hal_msp.c
2024-12-12 08:15:33,875 [INFO] CodeEngine:239 - oldGeneratedFile, C:\Users\Admin\Desktop\LAB VXL\LAB 2\EXERCISE5\SOURCE CODE\EX5\MXTmpFiles\system.tmp_save
2024-12-12 08:15:33,922 [INFO] CodeEngine:257 - Generated code: C:\Users\Admin\Desktop\LAB VXL\LAB 2\EXERCISE5\SOURCE CODE\EX5\MXTmpFiles\system.tmp
2024-12-12 08:15:33,954 [INFO] CodeEngine:239 - oldGeneratedFile, C:\Users\Admin\Desktop\LAB VXL\LAB 2\EXERCISE5\SOURCE CODE\EX5\Core\Inc\stm32f1xx_hal_conf.h_save
2024-12-12 08:15:34,048 [INFO] CodeEngine:257 - Generated code: C:\Users\Admin\Desktop\LAB VXL\LAB 2\EXERCISE5\SOURCE CODE\EX5\Core\Inc\stm32f1xx_hal_conf.h
2024-12-12 08:15:34,079 [WARN] IPConfigManager:3148 - IP not found : TIM
2024-12-12 08:15:34,079 [WARN] CodeGenerator:3268 - IP not found : null
2024-12-12 08:15:34,094 [INFO] CodeEngine:239 - oldGeneratedFile, C:\Users\Admin\Desktop\LAB VXL\LAB 2\EXERCISE5\SOURCE CODE\EX5\Core\Inc\main.h_save
2024-12-12 08:15:34,188 [INFO] CodeEngine:257 - Generated code: C:\Users\Admin\Desktop\LAB VXL\LAB 2\EXERCISE5\SOURCE CODE\EX5\Core\Inc\main.h
2024-12-12 08:15:34,204 [INFO] CodeEngine:239 - oldGeneratedFile, C:\Users\Admin\Desktop\LAB VXL\LAB 2\EXERCISE5\SOURCE CODE\EX5\Core\Src\main.c_save
2024-12-12 08:15:34,360 [INFO] CodeEngine:257 - Generated code: C:\Users\Admin\Desktop\LAB VXL\LAB 2\EXERCISE5\SOURCE CODE\EX5\Core\Src\main.c
2024-12-12 08:15:36,001 [INFO] ProjectBuilder:2578 - Time for Copy HAL[1] : 94mS.
2024-12-12 08:15:36,016 [INFO] ProjectBuilder:3622 - Project Generator version: 3.14.1
2024-12-12 08:15:36,751 [INFO] ConfigFileManager:1271 - The Die is : DIE412
2024-12-12 08:15:41,032 [INFO] ProjectBuilder:3789 - Time for Generating toolchain IDE Files: 5016mS.
2024-12-12 08:15:41,032 [INFO] ProjectBuilder:2457 - Time for Copy CMSIS : 0mS.
2024-12-12 08:15:41,047 [INFO] ProjectBuilder:2457 - Time for Copy CMSIS : 0mS.
2024-12-12 08:22:47,634 [INFO] UtilMem:74 - End SaveConfig() Used Memory: 954912472 Bytes (1073741824)
2024-12-12 08:22:48,227 [INFO] UtilMem:74 - End SaveConfig() Used Memory: 912498448 Bytes (1073741824)
2024-12-12 08:22:49,617 [INFO] UtilMem:74 - End SaveConfig() Used Memory: 899257704 Bytes (1073741824)
2024-12-12 08:22:50,070 [INFO] BlockDiagram:2740 - set Specific Code input for plugin: NVIC
2024-12-12 08:22:50,070 [INFO] BlockDiagram:2740 - set Specific Code input for plugin: SYS
2024-12-12 08:22:50,070 [INFO] BlockDiagram:2740 - set Specific Code input for plugin: GPIO
2024-12-12 08:22:50,070 [INFO] BlockDiagram:2740 - set Specific Code input for plugin: RCC
2024-12-12 08:22:50,070 [INFO] BlockDiagram:2740 - set Specific Code input for plugin: TIM1_8F1
2024-12-12 08:22:50,070 [INFO] CodeGenerator:663 - code generatio: config db path: C:\ST\STM32CubeIDE_1.7.0\STM32CubeIDE\plugins\com.st.stm32cube.common.mx_6.3.0.202107141111\\db\
2024-12-12 08:22:50,633 [INFO] CodeEngine:239 - oldGeneratedFile, C:\Users\Admin\Desktop\LAB VXL\LAB 2\EXERCISE5\SOURCE CODE\EX5\MXTmpFiles\license.tmp_save
2024-12-12 08:22:50,789 [INFO] CodeEngine:257 - Generated code: C:\Users\Admin\Desktop\LAB VXL\LAB 2\EXERCISE5\SOURCE CODE\EX5\MXTmpFiles\license.tmp
2024-12-12 08:22:50,976 [INFO] CodeEngine:239 - oldGeneratedFile, C:\Users\Admin\Desktop\LAB VXL\LAB 2\EXERCISE5\SOURCE CODE\EX5\MXTmpFiles\gpio.tmp_save
2024-12-12 08:22:51,133 [INFO] CodeEngine:257 - Generated code: C:\Users\Admin\Desktop\LAB VXL\LAB 2\EXERCISE5\SOURCE CODE\EX5\MXTmpFiles\gpio.tmp
2024-12-12 08:22:51,507 [INFO] CodeEngine:239 - oldGeneratedFile, C:\Users\Admin\Desktop\LAB VXL\LAB 2\EXERCISE5\SOURCE CODE\EX5\Core\Src\stm32f1xx_it.c_save
2024-12-12 08:22:51,773 [INFO] CodeEngine:257 - Generated code: C:\Users\Admin\Desktop\LAB VXL\LAB 2\EXERCISE5\SOURCE CODE\EX5\Core\Src\stm32f1xx_it.c
2024-12-12 08:22:51,773 [INFO] CodeEngine:239 - oldGeneratedFile, C:\Users\Admin\Desktop\LAB VXL\LAB 2\EXERCISE5\SOURCE CODE\EX5\Core\Inc\stm32f1xx_it.h_save
2024-12-12 08:22:51,929 [INFO] CodeEngine:257 - Generated code: C:\Users\Admin\Desktop\LAB VXL\LAB 2\EXERCISE5\SOURCE CODE\EX5\Core\Inc\stm32f1xx_it.h
2024-12-12 08:22:51,992 [INFO] CodeEngine:239 - oldGeneratedFile, C:\Users\Admin\Desktop\LAB VXL\LAB 2\EXERCISE5\SOURCE CODE\EX5\Core\Src\stm32f1xx_hal_msp.c_save
2024-12-12 08:22:52,210 [INFO] CodeEngine:257 - Generated code: C:\Users\Admin\Desktop\LAB VXL\LAB 2\EXERCISE5\SOURCE CODE\EX5\Core\Src\stm32f1xx_hal_msp.c
2024-12-12 08:22:52,226 [INFO] CodeEngine:239 - oldGeneratedFile, C:\Users\Admin\Desktop\LAB VXL\LAB 2\EXERCISE5\SOURCE CODE\EX5\MXTmpFiles\system.tmp_save
2024-12-12 08:22:52,335 [INFO] CodeEngine:257 - Generated code: C:\Users\Admin\Desktop\LAB VXL\LAB 2\EXERCISE5\SOURCE CODE\EX5\MXTmpFiles\system.tmp
2024-12-12 08:22:52,367 [INFO] CodeEngine:239 - oldGeneratedFile, C:\Users\Admin\Desktop\LAB VXL\LAB 2\EXERCISE5\SOURCE CODE\EX5\Core\Inc\stm32f1xx_hal_conf.h_save
2024-12-12 08:22:52,601 [INFO] CodeEngine:257 - Generated code: C:\Users\Admin\Desktop\LAB VXL\LAB 2\EXERCISE5\SOURCE CODE\EX5\Core\Inc\stm32f1xx_hal_conf.h
2024-12-12 08:22:52,648 [WARN] IPConfigManager:3148 - IP not found : TIM
2024-12-12 08:22:52,648 [WARN] CodeGenerator:3268 - IP not found : null
2024-12-12 08:22:52,695 [INFO] CodeEngine:239 - oldGeneratedFile, C:\Users\Admin\Desktop\LAB VXL\LAB 2\EXERCISE5\SOURCE CODE\EX5\Core\Inc\main.h_save
2024-12-12 08:22:52,851 [INFO] CodeEngine:257 - Generated code: C:\Users\Admin\Desktop\LAB VXL\LAB 2\EXERCISE5\SOURCE CODE\EX5\Core\Inc\main.h
2024-12-12 08:22:52,882 [INFO] CodeEngine:239 - oldGeneratedFile, C:\Users\Admin\Desktop\LAB VXL\LAB 2\EXERCISE5\SOURCE CODE\EX5\Core\Src\main.c_save
2024-12-12 08:22:53,148 [INFO] CodeEngine:257 - Generated code: C:\Users\Admin\Desktop\LAB VXL\LAB 2\EXERCISE5\SOURCE CODE\EX5\Core\Src\main.c
2024-12-12 08:22:55,992 [INFO] ProjectBuilder:2578 - Time for Copy HAL[1] : 172mS.
2024-12-12 08:22:55,992 [INFO] ProjectBuilder:3622 - Project Generator version: 3.14.1
2024-12-12 08:22:57,320 [INFO] ConfigFileManager:1271 - The Die is : DIE412
2024-12-12 08:23:03,162 [INFO] ProjectBuilder:3789 - Time for Generating toolchain IDE Files: 7170mS.
2024-12-12 08:23:03,162 [INFO] ProjectBuilder:2457 - Time for Copy CMSIS : 0mS.
2024-12-12 08:23:03,162 [INFO] ProjectBuilder:2457 - Time for Copy CMSIS : 0mS.
