2024-12-11 17:21:11,292 [INFO] Activator:177 - 


2024-12-11 17:21:11,293 [INFO] Activator:178 - !SESSION log4j initialized
2024-12-11 17:22:53,498 [INFO] McuFinderGlobals:39 - Set McuFinder mode to 2 (CubeIDE integrated)
2024-12-11 17:22:53,784 [INFO] ApplicationProperties:181 - Using Application install path: C:\ST\STM32CubeIDE_1.7.0\STM32CubeIDE\plugins\com.st.stm32cube.common.mx_6.3.0.202107141111
2024-12-11 17:22:53,805 [INFO] DbMcusXml:74 - Set database path to: C:\ST\STM32CubeIDE_1.7.0\STM32CubeIDE\plugins\com.st.stm32cube.common.mx_6.3.0.202107141111\\db\/mcu/
2024-12-11 17:22:53,815 [INFO] DbBoardsPdsc:56 - Set plugin database path to: C:\ST\STM32CubeIDE_1.7.0\STM32CubeIDE\plugins\com.st.stm32cube.common.mx_6.3.0.202107141111\\db\/plugins/boardmanager/
2024-12-11 17:22:53,816 [INFO] DbMcus:258 - Set plugin images path to: C:\ST\STM32CubeIDE_1.7.0\STM32CubeIDE\plugins\com.st.stm32cube.common.mx_6.3.0.202107141111\\db\/plugins/mcufinder/images/
2024-12-11 17:22:53,816 [INFO] DbBoards:264 - Set plugin images path to: C:\ST\STM32CubeIDE_1.7.0\STM32CubeIDE\plugins\com.st.stm32cube.common.mx_6.3.0.202107141111\\db\/plugins/mcufinder/images/
2024-12-11 17:22:53,820 [INFO] DbExamples:333 - Set plugin images path to: C:\ST\STM32CubeIDE_1.7.0\STM32CubeIDE\plugins\com.st.stm32cube.common.mx_6.3.0.202107141111\\db\/plugins/mcufinder/images/
2024-12-11 17:22:53,829 [INFO] DbMcusAds:119 - Set database path to: C:\Users\Admin\.stmcufinder\plugins\mcufinder//mcu/
2024-12-11 17:22:53,831 [INFO] DbMcusDocs:110 - Set database path to: C:\Users\Admin\.stmcufinder\plugins\mcufinder//mcu/
2024-12-11 17:22:53,833 [INFO] DbMcusJson:64 - Set database path to: C:\Users\Admin\.stmcufinder\plugins\mcufinder//mcu/
2024-12-11 17:22:53,835 [INFO] DbBoardsDocs:110 - Set database path to: C:\Users\Admin\.stmcufinder\plugins\mcufinder//mcu/
2024-12-11 17:22:53,837 [INFO] DbBoardsJson:57 - Set database path to: C:\Users\Admin\.stmcufinder\plugins\mcufinder//mcu/
2024-12-11 17:22:54,432 [INFO] CrossReferenceDbSqlite:196 - Set database path to: C:\Users\Admin\.stmcufinder\plugins\mcufinder//mcu/cs/
2024-12-11 17:22:54,438 [INFO] DbExamplesSqlite:767 - Set database path to: C:\Users\Admin\.stmcufinder\plugins\mcufinder//mcu/
2024-12-11 17:22:54,605 [INFO] RulesReader:57 - Compatibility file has been processed (242 Rules)
2024-12-11 17:22:54,762 [INFO] DbMcusXml:74 - Set database path to: C:\ST\STM32CubeIDE_1.7.0\STM32CubeIDE\plugins\com.st.stm32cube.common.mx_6.3.0.202107141111\\db\/mcu/
2024-12-11 17:22:54,763 [INFO] DbBoardsPdsc:56 - Set plugin database path to: C:\ST\STM32CubeIDE_1.7.0\STM32CubeIDE\plugins\com.st.stm32cube.common.mx_6.3.0.202107141111\\db\/plugins/boardmanager/
2024-12-11 17:22:54,764 [INFO] DbMcus:258 - Set plugin images path to: C:\ST\STM32CubeIDE_1.7.0\STM32CubeIDE\plugins\com.st.stm32cube.common.mx_6.3.0.202107141111\\db\/plugins/mcufinder/images/
2024-12-11 17:22:54,764 [INFO] DbBoards:264 - Set plugin images path to: C:\ST\STM32CubeIDE_1.7.0\STM32CubeIDE\plugins\com.st.stm32cube.common.mx_6.3.0.202107141111\\db\/plugins/mcufinder/images/
2024-12-11 17:22:54,764 [INFO] DbExamples:333 - Set plugin images path to: C:\ST\STM32CubeIDE_1.7.0\STM32CubeIDE\plugins\com.st.stm32cube.common.mx_6.3.0.202107141111\\db\/plugins/mcufinder/images/
2024-12-11 17:22:54,765 [WARN] DbFile:35 - Overriding database path with different value: C:\Users\Admin\.stmcufinder\plugins\mcufinder/ => C:\Users\Admin\.stmcufinder\plugins\mcufinder
2024-12-11 17:22:54,765 [INFO] DbMcusAds:119 - Set database path to: C:\Users\Admin\.stmcufinder\plugins\mcufinder//mcu/
2024-12-11 17:22:54,765 [WARN] DbFile:35 - Overriding database path with different value: C:\Users\Admin\.stmcufinder\plugins\mcufinder/ => C:\Users\Admin\.stmcufinder\plugins\mcufinder
2024-12-11 17:22:54,765 [INFO] DbMcusDocs:110 - Set database path to: C:\Users\Admin\.stmcufinder\plugins\mcufinder//mcu/
2024-12-11 17:22:54,766 [WARN] DbFile:35 - Overriding database path with different value: C:\Users\Admin\.stmcufinder\plugins\mcufinder/ => C:\Users\Admin\.stmcufinder\plugins\mcufinder
2024-12-11 17:22:54,766 [INFO] DbMcusJson:64 - Set database path to: C:\Users\Admin\.stmcufinder\plugins\mcufinder//mcu/
2024-12-11 17:22:54,766 [WARN] DbFile:35 - Overriding database path with different value: C:\Users\Admin\.stmcufinder\plugins\mcufinder/ => C:\Users\Admin\.stmcufinder\plugins\mcufinder
2024-12-11 17:22:54,766 [INFO] DbBoardsDocs:110 - Set database path to: C:\Users\Admin\.stmcufinder\plugins\mcufinder//mcu/
2024-12-11 17:22:54,766 [WARN] DbFile:35 - Overriding database path with different value: C:\Users\Admin\.stmcufinder\plugins\mcufinder/ => C:\Users\Admin\.stmcufinder\plugins\mcufinder
2024-12-11 17:22:54,766 [INFO] DbBoardsJson:57 - Set database path to: C:\Users\Admin\.stmcufinder\plugins\mcufinder//mcu/
2024-12-11 17:22:54,766 [WARN] DbFile:35 - Overriding database path with different value: C:\Users\Admin\.stmcufinder\plugins\mcufinder/ => C:\Users\Admin\.stmcufinder\plugins\mcufinder
2024-12-11 17:22:54,767 [WARN] DbFile:35 - Overriding database path with different value: C:\Users\Admin\.stmcufinder\plugins\mcufinder/ => C:\Users\Admin\.stmcufinder\plugins\mcufinder
2024-12-11 17:22:55,440 [INFO] CrossReferenceDbSqlite:196 - Set database path to: C:\Users\Admin\.stmcufinder\plugins\mcufinder//mcu/cs/
2024-12-11 17:22:55,441 [WARN] DbFile:35 - Overriding database path with different value: C:\Users\Admin\.stmcufinder\plugins\mcufinder/ => C:\Users\Admin\.stmcufinder\plugins\mcufinder
2024-12-11 17:22:55,442 [INFO] DbExamplesSqlite:767 - Set database path to: C:\Users\Admin\.stmcufinder\plugins\mcufinder//mcu/
2024-12-11 17:22:55,560 [INFO] MainPanel:214 - HeapMemory: 631242752
2024-12-11 17:22:55,706 [INFO] DbMcusXml:74 - Set database path to: C:\ST\STM32CubeIDE_1.7.0\STM32CubeIDE\plugins\com.st.stm32cube.common.mx_6.3.0.202107141111\\db\/mcu/
2024-12-11 17:22:55,706 [INFO] DbBoardsPdsc:56 - Set plugin database path to: C:\ST\STM32CubeIDE_1.7.0\STM32CubeIDE\plugins\com.st.stm32cube.common.mx_6.3.0.202107141111\\db\/plugins/boardmanager/
2024-12-11 17:22:55,706 [INFO] DbMcus:258 - Set plugin images path to: C:\ST\STM32CubeIDE_1.7.0\STM32CubeIDE\plugins\com.st.stm32cube.common.mx_6.3.0.202107141111\\db\/plugins/mcufinder/images/
2024-12-11 17:22:55,707 [INFO] DbBoards:264 - Set plugin images path to: C:\ST\STM32CubeIDE_1.7.0\STM32CubeIDE\plugins\com.st.stm32cube.common.mx_6.3.0.202107141111\\db\/plugins/mcufinder/images/
2024-12-11 17:22:55,707 [INFO] DbExamples:333 - Set plugin images path to: C:\ST\STM32CubeIDE_1.7.0\STM32CubeIDE\plugins\com.st.stm32cube.common.mx_6.3.0.202107141111\\db\/plugins/mcufinder/images/
2024-12-11 17:22:55,708 [WARN] DbFile:35 - Overriding database path with different value: C:\Users\Admin\.stmcufinder\plugins\mcufinder/ => C:\Users\Admin\.stmcufinder\plugins\mcufinder
2024-12-11 17:22:55,708 [INFO] DbMcusAds:119 - Set database path to: C:\Users\Admin\.stmcufinder\plugins\mcufinder//mcu/
2024-12-11 17:22:55,708 [WARN] DbFile:35 - Overriding database path with different value: C:\Users\Admin\.stmcufinder\plugins\mcufinder/ => C:\Users\Admin\.stmcufinder\plugins\mcufinder
2024-12-11 17:22:55,709 [INFO] DbMcusDocs:110 - Set database path to: C:\Users\Admin\.stmcufinder\plugins\mcufinder//mcu/
2024-12-11 17:22:55,709 [WARN] DbFile:35 - Overriding database path with different value: C:\Users\Admin\.stmcufinder\plugins\mcufinder/ => C:\Users\Admin\.stmcufinder\plugins\mcufinder
2024-12-11 17:22:55,709 [INFO] DbMcusJson:64 - Set database path to: C:\Users\Admin\.stmcufinder\plugins\mcufinder//mcu/
2024-12-11 17:22:55,709 [WARN] DbFile:35 - Overriding database path with different value: C:\Users\Admin\.stmcufinder\plugins\mcufinder/ => C:\Users\Admin\.stmcufinder\plugins\mcufinder
2024-12-11 17:22:55,709 [INFO] DbBoardsDocs:110 - Set database path to: C:\Users\Admin\.stmcufinder\plugins\mcufinder//mcu/
2024-12-11 17:22:55,709 [WARN] DbFile:35 - Overriding database path with different value: C:\Users\Admin\.stmcufinder\plugins\mcufinder/ => C:\Users\Admin\.stmcufinder\plugins\mcufinder
2024-12-11 17:22:55,710 [INFO] DbBoardsJson:57 - Set database path to: C:\Users\Admin\.stmcufinder\plugins\mcufinder//mcu/
2024-12-11 17:22:55,710 [WARN] DbFile:35 - Overriding database path with different value: C:\Users\Admin\.stmcufinder\plugins\mcufinder/ => C:\Users\Admin\.stmcufinder\plugins\mcufinder
2024-12-11 17:22:55,710 [WARN] DbFile:35 - Overriding database path with different value: C:\Users\Admin\.stmcufinder\plugins\mcufinder/ => C:\Users\Admin\.stmcufinder\plugins\mcufinder
2024-12-11 17:22:56,431 [INFO] CrossReferenceDbSqlite:196 - Set database path to: C:\Users\Admin\.stmcufinder\plugins\mcufinder//mcu/cs/
2024-12-11 17:22:56,432 [WARN] DbFile:35 - Overriding database path with different value: C:\Users\Admin\.stmcufinder\plugins\mcufinder/ => C:\Users\Admin\.stmcufinder\plugins\mcufinder
2024-12-11 17:22:56,432 [INFO] DbExamplesSqlite:767 - Set database path to: C:\Users\Admin\.stmcufinder\plugins\mcufinder//mcu/
2024-12-11 17:22:56,469 [INFO] ApplicationProperties:181 - Using Application install path: C:\ST\STM32CubeIDE_1.7.0\STM32CubeIDE\plugins\com.st.stm32cube.common.mx_6.3.0.202107141111
2024-12-11 17:22:56,471 [INFO] PluginManage:188 - Search for loadable plugins [exclusion list=, ]
2024-12-11 17:22:56,473 [INFO] PluginManage:302 - Check plugin analytics
2024-12-11 17:22:57,515 [INFO] AnalyticsPlugin:257 - Accepted Software Licenses: 
2024-12-11 17:22:57,516 [INFO] AnalyticsPlugin:259 - Accepted CMSIS Pack Licenses: 
2024-12-11 17:22:57,516 [INFO] AnalyticsPlugin:261 - Accepted Firmware Licenses: 
2024-12-11 17:22:57,517 [INFO] PluginManage:352 - Loaded plugin analytics (category:tool,tabindex:-1)
2024-12-11 17:22:57,517 [INFO] PluginManage:302 - Check plugin clock
2024-12-11 17:22:57,533 [INFO] PluginManage:352 - Loaded plugin clock (category:base,tabindex:2)
2024-12-11 17:22:57,533 [INFO] PluginManage:302 - Check plugin ddr
2024-12-11 17:22:57,536 [INFO] PluginManage:352 - Loaded plugin ddr (category:tool,tabindex:6)
2024-12-11 17:22:57,536 [INFO] PluginManage:302 - Check plugin filemanager
2024-12-11 17:22:57,733 [INFO] PluginManage:352 - Loaded plugin filemanager (category:base,tabindex:10)
2024-12-11 17:22:57,734 [INFO] PluginManage:302 - Check plugin ipmanager
2024-12-11 17:22:57,744 [INFO] PluginManage:352 - Loaded plugin ipmanager (category:base,tabindex:5)
2024-12-11 17:22:57,744 [INFO] PluginManage:302 - Check plugin pinoutandconfiguration
2024-12-11 17:22:57,757 [INFO] PluginManage:352 - Loaded plugin pinoutandconfiguration (category:base,tabindex:1)
2024-12-11 17:22:57,757 [INFO] PluginManage:302 - Check plugin pinoutconfig
2024-12-11 17:22:57,807 [INFO] PluginManage:352 - Loaded plugin pinoutconfig (category:base,tabindex:0)
2024-12-11 17:22:57,807 [INFO] PluginManage:302 - Check plugin power
2024-12-11 17:22:57,823 [INFO] PluginManage:352 - Loaded plugin power (category:power,tabindex:4)
2024-12-11 17:22:57,823 [INFO] PluginManage:302 - Check plugin projectmanager
2024-12-11 17:22:57,856 [INFO] PluginManage:352 - Loaded plugin projectmanager (category:projectmanager,tabindex:3)
2024-12-11 17:22:57,856 [INFO] PluginManage:302 - Check plugin thirdparty
2024-12-11 17:22:58,057 [WARN] IntegrityCheckThread:78 - waiting for thirdparty lock release [integrity check]
2024-12-11 17:22:58,058 [INFO] PluginManage:352 - Loaded plugin thirdparty (category:base,tabindex:-1)
2024-12-11 17:22:58,060 [INFO] IntegrityCheckThread:80 - entering critical section [integrity check]
2024-12-11 17:22:58,060 [INFO] PluginManage:302 - Check plugin tools
2024-12-11 17:22:58,060 [INFO] ThirdPartyUpdaterWithRetryManager:66 - Updater plugin not ready yet. [1/15]
2024-12-11 17:22:58,064 [INFO] PluginManage:352 - Loaded plugin tools (category:base,tabindex:7)
2024-12-11 17:22:58,064 [INFO] PluginManage:302 - Check plugin tutovideos
2024-12-11 17:22:58,532 [INFO] PluginManage:352 - Loaded plugin tutovideos (category:base,tabindex:-1)
2024-12-11 17:22:58,533 [INFO] PluginManage:302 - Check plugin updater
2024-12-11 17:22:58,565 [INFO] PluginManage:352 - Loaded plugin updater (category:base,tabindex:12)
2024-12-11 17:22:58,567 [INFO] PluginManage:275 - PluginManage : Loaded plugins [13]
2024-12-11 17:22:59,044 [INFO] PinOutPanel:1463 - setPackage(No Configuration,No Configuration)
2024-12-11 17:22:59,224 [INFO] IPUIPlugin:74 - create IPUIPlugin
2024-12-11 17:22:59,225 [INFO] PluginManager:213 - loadIPPluginJar : add adc
2024-12-11 17:22:59,230 [INFO] IPUIPlugin:74 - create IPUIPlugin
2024-12-11 17:22:59,231 [INFO] PluginManager:213 - loadIPPluginJar : add aes
2024-12-11 17:22:59,236 [INFO] IPUIPlugin:74 - create IPUIPlugin
2024-12-11 17:22:59,236 [INFO] PluginManager:213 - loadIPPluginJar : add can
2024-12-11 17:22:59,238 [INFO] IPUIPlugin:74 - create IPUIPlugin
2024-12-11 17:22:59,239 [INFO] PluginManager:213 - loadIPPluginJar : add comp
2024-12-11 17:22:59,243 [INFO] IPUIPlugin:74 - create IPUIPlugin
2024-12-11 17:22:59,243 [INFO] PluginManager:213 - loadIPPluginJar : add cryp
2024-12-11 17:22:59,250 [INFO] IPUIPlugin:74 - create IPUIPlugin
2024-12-11 17:22:59,250 [INFO] PluginManager:213 - loadIPPluginJar : add dfsdm
2024-12-11 17:22:59,260 [INFO] IPUIPlugin:74 - create IPUIPlugin
2024-12-11 17:22:59,262 [INFO] PluginManager:213 - loadIPPluginJar : add dma
2024-12-11 17:22:59,267 [INFO] IPUIPlugin:74 - create IPUIPlugin
2024-12-11 17:22:59,268 [INFO] PluginManager:213 - loadIPPluginJar : add dma3
2024-12-11 17:22:59,271 [INFO] IPUIPlugin:74 - create IPUIPlugin
2024-12-11 17:22:59,271 [INFO] PluginManager:213 - loadIPPluginJar : add fatfs
2024-12-11 17:22:59,279 [INFO] IPUIPlugin:74 - create IPUIPlugin
2024-12-11 17:22:59,280 [INFO] PluginManager:213 - loadIPPluginJar : add fmc
2024-12-11 17:22:59,293 [INFO] IPUIPlugin:74 - create IPUIPlugin
2024-12-11 17:22:59,294 [INFO] PluginManager:213 - loadIPPluginJar : add freertos
2024-12-11 17:22:59,298 [INFO] IPUIPlugin:74 - create IPUIPlugin
2024-12-11 17:22:59,298 [INFO] PluginManager:213 - loadIPPluginJar : add genericplugin
2024-12-11 17:22:59,303 [INFO] IPUIPlugin:74 - create IPUIPlugin
2024-12-11 17:22:59,304 [INFO] PluginManager:213 - loadIPPluginJar : add gfxmmu
2024-12-11 17:22:59,317 [INFO] IPUIPlugin:74 - create IPUIPlugin
2024-12-11 17:22:59,317 [INFO] PluginManager:213 - loadIPPluginJar : add gic
2024-12-11 17:22:59,327 [INFO] IPUIPlugin:74 - create IPUIPlugin
2024-12-11 17:22:59,328 [INFO] PluginManager:213 - loadIPPluginJar : add gpio
2024-12-11 17:22:59,334 [INFO] IPUIPlugin:74 - create IPUIPlugin
2024-12-11 17:22:59,335 [INFO] PluginManager:213 - loadIPPluginJar : add gtzc
2024-12-11 17:22:59,341 [INFO] IPUIPlugin:74 - create IPUIPlugin
2024-12-11 17:22:59,341 [INFO] PluginManager:213 - loadIPPluginJar : add hash
2024-12-11 17:22:59,346 [INFO] IPUIPlugin:74 - create IPUIPlugin
2024-12-11 17:22:59,346 [INFO] PluginManager:213 - loadIPPluginJar : add i2c
2024-12-11 17:22:59,352 [INFO] IPUIPlugin:74 - create IPUIPlugin
2024-12-11 17:22:59,352 [INFO] PluginManager:213 - loadIPPluginJar : add i2s
2024-12-11 17:22:59,359 [INFO] IPUIPlugin:74 - create IPUIPlugin
2024-12-11 17:22:59,360 [INFO] PluginManager:213 - loadIPPluginJar : add ipddr
2024-12-11 17:22:59,377 [INFO] IPUIPlugin:74 - create IPUIPlugin
2024-12-11 17:22:59,378 [INFO] PluginManager:213 - loadIPPluginJar : add linkedlist
2024-12-11 17:22:59,384 [INFO] IPUIPlugin:74 - create IPUIPlugin
2024-12-11 17:22:59,384 [INFO] PluginManager:213 - loadIPPluginJar : add lorawan
2024-12-11 17:22:59,387 [INFO] IPUIPlugin:74 - create IPUIPlugin
2024-12-11 17:22:59,387 [INFO] PluginManager:213 - loadIPPluginJar : add ltdc
2024-12-11 17:22:59,395 [INFO] IPUIPlugin:74 - create IPUIPlugin
2024-12-11 17:22:59,396 [INFO] PluginManager:213 - loadIPPluginJar : add mdma
2024-12-11 17:22:59,402 [INFO] IPUIPlugin:74 - create IPUIPlugin
2024-12-11 17:22:59,402 [INFO] PluginManager:213 - loadIPPluginJar : add nvic
2024-12-11 17:22:59,408 [INFO] IPUIPlugin:74 - create IPUIPlugin
2024-12-11 17:22:59,409 [INFO] PluginManager:213 - loadIPPluginJar : add opamp
2024-12-11 17:22:59,414 [INFO] IPUIPlugin:74 - create IPUIPlugin
2024-12-11 17:22:59,414 [INFO] PluginManager:213 - loadIPPluginJar : add openamp
2024-12-11 17:22:59,420 [INFO] IPUIPlugin:74 - create IPUIPlugin
2024-12-11 17:22:59,420 [INFO] PluginManager:213 - loadIPPluginJar : add pdm2pcm
2024-12-11 17:22:59,433 [INFO] IPUIPlugin:74 - create IPUIPlugin
2024-12-11 17:22:59,440 [INFO] PluginManager:213 - loadIPPluginJar : add plateformsettings
2024-12-11 17:22:59,443 [INFO] IPUIPlugin:74 - create IPUIPlugin
2024-12-11 17:22:59,444 [INFO] PluginManager:213 - loadIPPluginJar : add quadspi
2024-12-11 17:22:59,450 [INFO] IPUIPlugin:74 - create IPUIPlugin
2024-12-11 17:22:59,451 [INFO] PluginManager:213 - loadIPPluginJar : add resmgrutility
2024-12-11 17:22:59,456 [INFO] IPUIPlugin:74 - create IPUIPlugin
2024-12-11 17:22:59,456 [INFO] PluginManager:213 - loadIPPluginJar : add sai
2024-12-11 17:22:59,461 [INFO] IPUIPlugin:74 - create IPUIPlugin
2024-12-11 17:22:59,461 [INFO] PluginManager:213 - loadIPPluginJar : add spi
2024-12-11 17:22:59,471 [INFO] IPUIPlugin:74 - create IPUIPlugin
2024-12-11 17:22:59,471 [INFO] PluginManager:213 - loadIPPluginJar : add stm32_wpan
2024-12-11 17:22:59,475 [INFO] IPUIPlugin:74 - create IPUIPlugin
2024-12-11 17:22:59,475 [INFO] PluginManager:213 - loadIPPluginJar : add tim
2024-12-11 17:22:59,481 [INFO] IPUIPlugin:74 - create IPUIPlugin
2024-12-11 17:22:59,482 [INFO] PluginManager:213 - loadIPPluginJar : add touchsensing
2024-12-11 17:22:59,485 [INFO] IPUIPlugin:74 - create IPUIPlugin
2024-12-11 17:22:59,486 [INFO] PluginManager:213 - loadIPPluginJar : add tracer_emb
2024-12-11 17:22:59,489 [INFO] IPUIPlugin:74 - create IPUIPlugin
2024-12-11 17:22:59,489 [INFO] PluginManager:213 - loadIPPluginJar : add ts
2024-12-11 17:22:59,492 [INFO] IPUIPlugin:74 - create IPUIPlugin
2024-12-11 17:22:59,493 [INFO] PluginManager:213 - loadIPPluginJar : add tsc
2024-12-11 17:22:59,495 [INFO] IPUIPlugin:74 - create IPUIPlugin
2024-12-11 17:22:59,495 [INFO] PluginManager:213 - loadIPPluginJar : add ucpd
2024-12-11 17:22:59,501 [INFO] IPUIPlugin:74 - create IPUIPlugin
2024-12-11 17:22:59,502 [INFO] PluginManager:213 - loadIPPluginJar : add usart
2024-12-11 17:22:59,506 [INFO] IPUIPlugin:74 - create IPUIPlugin
2024-12-11 17:22:59,506 [INFO] PluginManager:213 - loadIPPluginJar : add usbx
2024-12-11 17:23:00,106 [FATAL] Updater:294 - Updater called before beeing initialized
2024-12-11 17:23:00,349 [FATAL] Updater:294 - Updater called before beeing initialized
2024-12-11 17:23:00,361 [INFO] DbMcusAds:47 - JSON generation date=Fri Sep 20 20:04:23 ICT 2024 (1726837463113)
2024-12-11 17:23:00,361 [FATAL] Updater:294 - Updater called before beeing initialized
2024-12-11 17:23:00,443 [WARN] DetailPanel:314 - Failed to get advertising image, set to default
2024-12-11 17:23:00,705 [FATAL] Updater:294 - Updater called before beeing initialized
2024-12-11 17:23:00,708 [FATAL] Updater:294 - Updater called before beeing initialized
2024-12-11 17:23:00,709 [FATAL] Updater:294 - Updater called before beeing initialized
2024-12-11 17:23:00,709 [WARN] DetailPanel:314 - Failed to get advertising image, set to default
2024-12-11 17:23:00,712 [FATAL] Updater:294 - Updater called before beeing initialized
2024-12-11 17:23:00,829 [ERROR] Updater:1075 - MainUpdater not yet initialized. External WinMGr cannot be set.
2024-12-11 17:23:00,833 [INFO] Updater:1012 - Updater Version found : 6.3.0
2024-12-11 17:23:00,877 [INFO] ApplicationProperties:181 - Using Application install path: C:\ST\STM32CubeIDE_1.7.0\STM32CubeIDE\plugins\com.st.stm32cube.common.mx_6.3.0.202107141111
2024-12-11 17:23:01,063 [INFO] ThirdPartyUpdaterWithRetryManager:66 - Updater plugin not ready yet. [2/15]
2024-12-11 17:23:01,397 [INFO] MainUpdater:2671 - connection check result : 10
2024-12-11 17:23:01,399 [INFO] MainUpdater:265 - Updater Check For Update Now.
2024-12-11 17:23:01,400 [INFO] MicroXplorer:478 - Change Database Version : DB.6.0.30
2024-12-11 17:23:01,720 [INFO] MainUpdater:2671 - connection check result : 10
2024-12-11 17:23:01,730 [INFO] CheckServerUpdateThread:112 - End of CheckServer Thread
2024-12-11 17:23:02,336 [INFO] McuFinderGlobals:52 - Set McuFinderConnectedMode to false
2024-12-11 17:23:02,614 [INFO] CrossSelectorPresenter:1330 - Cross Selector saved comparison directory: C:\Users\Admin\.stmcufinder\plugins\mcufinder\mcu\cs_comparisons_mx
2024-12-11 17:23:02,628 [INFO] MultiScanPanel:197 - Auto-refresh data requested => check proxy status ongoing
2024-12-11 17:23:02,628 [INFO] MultiScanPanel:201 - Proxy status is invalid
2024-12-11 17:23:02,636 [INFO] FinderPluginLoader:87 - Searching for filters in installed packs
2024-12-11 17:23:02,639 [INFO] DbMcusXml:100 - Load MCU database from C:\ST\STM32CubeIDE_1.7.0\STM32CubeIDE\plugins\com.st.stm32cube.common.mx_6.3.0.202107141111\\db\/mcu/families.xml
2024-12-11 17:23:04,580 [ERROR] Engine:463 - C:\Users\Admin\.stm32cubemx\thirdparties\pdsc\STMicroelectronics.FP-SNS-MOTENVWB1.1.4.0.pdsc: PDSC version is not supported
2024-12-11 17:23:04,643 [WARN] PackLoader:238 - Cannot read IP mode file for STMicroelectronics.FP-ATR-ASTRA1.2.0.1
2024-12-11 17:23:04,658 [ERROR] Engine:463 - C:\Users\Admin\.stm32cubemx\thirdparties\pdsc\STMicroelectronics.X-CUBE-SMBUS.2.1.0.pdsc: PDSC version is not supported
2024-12-11 17:23:04,686 [WARN] PackLoader:238 - Cannot read IP mode file for STMicroelectronics.X-CUBE-WB05N.1.1.0
2024-12-11 17:23:04,823 [WARN] PackLoader:238 - Cannot read IP mode file for STMicroelectronics.X-CUBE-AZRTOS-F7.1.1.0
2024-12-11 17:23:04,851 [ERROR] Engine:463 - C:\Users\Admin\.stm32cubemx\thirdparties\pdsc\STMicroelectronics.FP-SNS-MOTENV1.4.3.2.pdsc: PDSC version is not supported
2024-12-11 17:23:04,863 [WARN] PackLoader:238 - Cannot read IP mode file for STMicroelectronics.X-CUBE-BLE1.6.2.3
2024-12-11 17:23:05,150 [WARN] PackLoader:238 - Cannot read IP mode file for STMicroelectronics.X-CUBE-MEMS1.11.0.0
2024-12-11 17:23:05,762 [INFO] DbMcusJson:93 - JSON generation date=Tue Nov 16 23:17:54 ICT 2021 (1637079474)
2024-12-11 17:23:06,094 [WARN] PackLoader:238 - Cannot read IP mode file for STMicroelectronics.X-CUBE-BLE1.6.2.4
2024-12-11 17:23:06,131 [WARN] PackLoader:238 - Cannot read IP mode file for STMicroelectronics.X-CUBE-TOF1.3.1.0
2024-12-11 17:23:06,168 [WARN] PackLoader:238 - Cannot read IP mode file for STMicroelectronics.X-CUBE-NFC10.1.0.0
2024-12-11 17:23:06,183 [ERROR] Engine:463 - C:\Users\Admin\.stm32cubemx\thirdparties\pdsc\STMicroelectronics.X-CUBE-BLEMGR.4.0.0.pdsc: PDSC version is not supported
2024-12-11 17:23:06,192 [WARN] PackLoader:238 - Cannot read IP mode file for STMicroelectronics.X-CUBE-TOUCHGFX.4.22.1
2024-12-11 17:23:06,365 [WARN] PackLoader:238 - Cannot read IP mode file for STMicroelectronics.X-CUBE-MEMS1.9.3.0
2024-12-11 17:23:06,982 [WARN] PackLoader:238 - Cannot read IP mode file for STMicroelectronics.X-CUBE-AI.7.2.0
2024-12-11 17:23:06,992 [ERROR] Engine:463 - C:\Users\Admin\.stm32cubemx\thirdparties\pdsc\STMicroelectronics.X-CUBE-BLEMGR.3.1.0.pdsc: PDSC version is not supported
2024-12-11 17:23:07,017 [INFO] LogOutputStream:76 - [STDOUT_REDIRECT] 1 : Invalid condition id : UX_CORESTACK_Condition cause : null
2024-12-11 17:23:07,019 [INFO] LogOutputStream:76 - [STDOUT_REDIRECT] 1 : Invalid condition id : UX_CORESTACK_Condition cause : null
2024-12-11 17:23:07,024 [INFO] LogOutputStream:76 - [STDOUT_REDIRECT] 1 : Invalid condition id : UX_CORESTACK_Condition cause : null
2024-12-11 17:23:07,027 [INFO] LogOutputStream:76 - [STDOUT_REDIRECT] 1 : Invalid condition id : UX_CORESTACK_Condition cause : null
2024-12-11 17:23:07,030 [INFO] LogOutputStream:76 - [STDOUT_REDIRECT] 1 : Invalid condition id : UX_CORESTACK_Condition cause : null
2024-12-11 17:23:07,039 [WARN] PackLoader:238 - Cannot read IP mode file for STMicroelectronics.X-CUBE-AZRTOS-WL.2.0.0
2024-12-11 17:23:07,047 [ERROR] Engine:463 - C:\Users\Admin\.stm32cubemx\thirdparties\pdsc\STMicroelectronics.FP-SNS-MOTENV1.5.0.0.pdsc: PDSC version is not supported
2024-12-11 17:23:07,057 [WARN] PackLoader:238 - Cannot read IP mode file for wolfSSL.I-CUBE-wolfMQTT.1.19.0
2024-12-11 17:23:07,086 [WARN] PackLoader:238 - Cannot read IP mode file for WES.I-CUBE-Cesium.1.3.0
2024-12-11 17:23:07,127 [WARN] PackLoader:238 - Cannot read IP mode file for STMicroelectronics.X-CUBE-TOF1.3.2.0
2024-12-11 17:23:07,159 [WARN] PackLoader:238 - Cannot read IP mode file for STMicroelectronics.X-CUBE-ISPU.1.0.0
2024-12-11 17:23:07,181 [WARN] PackLoader:238 - Cannot read IP mode file for STMicroelectronics.X-CUBE-NFC9.1.0.0
2024-12-11 17:23:07,285 [WARN] PackLoader:238 - Cannot read IP mode file for STMicroelectronics.X-CUBE-AZRTOS-H7.2.1.0
2024-12-11 17:23:07,309 [ERROR] Engine:463 - C:\Users\Admin\.stm32cubemx\thirdparties\pdsc\STMicroelectronics.X-CUBE-TCPP.4.1.0.pdsc: PDSC version is not supported
2024-12-11 17:23:07,316 [WARN] PackLoader:238 - Cannot read IP mode file for STMicroelectronics.X-CUBE-TOUCHGFX.4.21.0
2024-12-11 17:23:07,522 [WARN] PackLoader:238 - Cannot read IP mode file for STMicroelectronics.X-CUBE-MEMS1.9.4.0
2024-12-11 17:23:08,245 [WARN] PackLoader:238 - Cannot read IP mode file for STMicroelectronics.X-CUBE-AI.7.3.0
2024-12-11 17:23:08,290 [WARN] PackLoader:238 - Cannot read IP mode file for STMicroelectronics.X-CUBE-ALGOBUILD.1.3.0
2024-12-11 17:23:08,332 [INFO] DbMcus:175 - Found 1951 MCUs (1903 are supported by CubeMX, 1914 are visible in CubeMX)
2024-12-11 17:23:08,332 [INFO] ApiDb:251 - Load user favorites file C:\Users\Admin/.stm32cubeide/favorites.mcus.txt: 0 item(s)
2024-12-11 17:23:08,333 [INFO] ApiDb:255 - User favorites MCUs=[]
2024-12-11 17:23:08,333 [INFO] DbMcus:187 - Set 0 / 0 favorites MCUs
2024-12-11 17:23:08,344 [WARN] PackLoader:238 - Cannot read IP mode file for STMicroelectronics.X-CUBE-AZRTOS-G0.1.1.0
2024-12-11 17:23:08,370 [WARN] PackLoader:238 - Cannot read IP mode file for STMicroelectronics.X-CUBE-SAFEA1.1.2.2
2024-12-11 17:23:08,383 [WARN] PackLoader:238 - Cannot read IP mode file for STMicroelectronics.X-CUBE-NFC4.3.0.0
2024-12-11 17:23:08,519 [WARN] PackLoader:238 - Cannot read IP mode file for SEGGER.I-CUBE-embOS.1.2.0
2024-12-11 17:23:08,682 [ERROR] Engine:463 - C:\Users\Admin\.stm32cubemx\thirdparties\pdsc\EmbeddedOffice.I-CUBE-FS-RTOS.1.0.1.pdsc: PDSC version is not supported
2024-12-11 17:23:08,702 [WARN] PackLoader:238 - Cannot read IP mode file for STMicroelectronics.X-CUBE-BLEMGR.1.3.0
2024-12-11 17:23:08,711 [ERROR] Engine:463 - C:\Users\Admin\.stm32cubemx\thirdparties\pdsc\RealThread.X-CUBE-RT-Thread_Nano.4.1.1.pdsc: PDSC version is not supported
2024-12-11 17:23:08,718 [WARN] PackLoader:238 - Cannot read IP mode file for STMicroelectronics.FP-ATR-SIGFOX1.3.2.0
2024-12-11 17:23:08,722 [ERROR] Engine:463 - C:\Users\Admin\.stm32cubemx\thirdparties\pdsc\quantropi.X-CUBE-qispace-sdk-base.1.9.3.pdsc: PDSC version is not supported
2024-12-11 17:23:08,735 [WARN] PackLoader:238 - Cannot read IP mode file for STMicroelectronics.X-CUBE-EEPRMA1.5.1.0
2024-12-11 17:23:08,752 [WARN] PackLoader:238 - Cannot read IP mode file for emotas.I-CUBE-CANOPEN.1.1.2
2024-12-11 17:23:08,757 [WARN] PackLoader:238 - Cannot read IP mode file for STMicroelectronics.X-CUBE-TOUCHGFX.4.20.0
2024-12-11 17:23:08,857 [WARN] PackLoader:238 - Cannot read IP mode file for SEGGER.I-CUBE-embOS.1.3.1
2024-12-11 17:23:09,023 [WARN] PackLoader:238 - Cannot read IP mode file for STMicroelectronics.X-CUBE-ALGOBUILD.1.4.0
2024-12-11 17:23:09,032 [WARN] PackLoader:238 - Cannot read IP mode file for STMicroelectronics.X-CUBE-AI.9.1.0
2024-12-11 17:23:09,047 [WARN] PackLoader:238 - Cannot read IP mode file for STMicroelectronics.X-CUBE-GNSS1.6.0.0
2024-12-11 17:23:09,135 [WARN] PackLoader:238 - Cannot read IP mode file for STMicroelectronics.X-CUBE-AZRTOS-F4.1.1.0
2024-12-11 17:23:09,151 [WARN] PackLoader:238 - Cannot read IP mode file for STMicroelectronics.X-CUBE-ISPU.2.1.0
2024-12-11 17:23:09,160 [ERROR] Engine:463 - C:\Users\Admin\.stm32cubemx\thirdparties\pdsc\STMicroelectronics.X-CUBE-FREERTOS.1.2.0.pdsc: PDSC version is not supported
2024-12-11 17:23:09,184 [WARN] PackLoader:238 - Cannot read IP mode file for STMicroelectronics.X-CUBE-BLEMGR.1.2.0
2024-12-11 17:23:09,249 [WARN] PackLoader:238 - Cannot read IP mode file for STMicroelectronics.X-CUBE-AZRTOS-L5.2.0.0
2024-12-11 17:23:09,428 [WARN] PackLoader:238 - Cannot read IP mode file for STMicroelectronics.X-CUBE-MEMS1.9.6.0
2024-12-11 17:23:10,004 [INFO] DetailPanel:309 - Set advertising image to C:/Users/Admin/STM32Cube/Repository/\en.prom-stm32c071-usb-memories-mcu-finder.png
2024-12-11 17:23:10,131 [WARN] PackLoader:238 - Cannot read IP mode file for STMicroelectronics.X-CUBE-EEPRMA1.4.2.0
2024-12-11 17:23:10,174 [WARN] PackLoader:238 - Cannot read IP mode file for STMicroelectronics.X-CUBE-NFC6.3.1.0
2024-12-11 17:23:10,185 [ERROR] Engine:463 - C:\Users\Admin\.stm32cubemx\thirdparties\pdsc\ITTIA_DB.I-CUBE-ITTIADB.8.8.0.pdsc: PDSC version is not supported
2024-12-11 17:23:10,207 [WARN] PackLoader:238 - Cannot read IP mode file for STMicroelectronics.X-CUBE-BLEMGR.2.0.0
2024-12-11 17:23:10,218 [ERROR] Engine:463 - C:\Users\Admin\.stm32cubemx\thirdparties\pdsc\STMicroelectronics.X-CUBE-DPower.1.2.0.pdsc: PDSC version is not supported
2024-12-11 17:23:10,233 [WARN] PackLoader:238 - Cannot read IP mode file for STMicroelectronics.X-CUBE-NFC4.2.0.5
2024-12-11 17:23:10,247 [WARN] PackLoader:238 - Cannot read IP mode file for STMicroelectronics.X-CUBE-NFC4.2.0.4
2024-12-11 17:23:10,258 [WARN] PackLoader:238 - Cannot read IP mode file for STMicroelectronics.X-CUBE-AI.9.0.0
2024-12-11 17:23:10,323 [WARN] ConditionMgr:437 - getConditionDescription Invalid condition id : UX DEVICE CLASS RTOS Condition cause : null
2024-12-11 17:23:10,324 [WARN] ConditionMgr:437 - getConditionDescription Invalid condition id : UX DEVICE CLASS RTOS Condition cause : null
2024-12-11 17:23:10,331 [WARN] PackLoader:238 - Cannot read IP mode file for STMicroelectronics.X-CUBE-AZRTOS-H7.3.1.0
2024-12-11 17:23:10,333 [WARN] ConditionMgr:1038 - genDependencies : Invalid condition id : UX DEVICE CLASS RTOS Condition cause : null
2024-12-11 17:23:10,334 [WARN] ConditionMgr:1038 - genDependencies : Invalid condition id : UX DEVICE CLASS RTOS Condition cause : null
2024-12-11 17:23:10,335 [WARN] ConditionMgr:1038 - genDependencies : Invalid condition id : UX DEVICE CLASS RTOS Condition cause : null
2024-12-11 17:23:10,337 [WARN] ConditionMgr:1038 - genDependencies : Invalid condition id : UX DEVICE CLASS RTOS Condition cause : null
2024-12-11 17:23:10,337 [WARN] ConditionMgr:1038 - genDependencies : Invalid condition id : UX DEVICE CLASS RTOS Condition cause : null
2024-12-11 17:23:10,351 [WARN] PackLoader:238 - Cannot read IP mode file for wolfSSL.I-CUBE-wolfSSL.5.5.0
2024-12-11 17:23:10,356 [ERROR] Engine:463 - C:\Users\Admin\.stm32cubemx\thirdparties\pdsc\STMicroelectronics.X-CUBE-FREERTOS.1.3.0.pdsc: PDSC version is not supported
2024-12-11 17:23:10,365 [WARN] PackLoader:238 - Cannot read IP mode file for STMicroelectronics.X-CUBE-NFC7.1.0.1
2024-12-11 17:23:10,375 [WARN] PackLoader:238 - Cannot read IP mode file for STMicroelectronics.X-CUBE-NFC7.1.0.0
2024-12-11 17:23:10,405 [WARN] PackLoader:238 - Cannot read IP mode file for STMicroelectronics.X-CUBE-NFC6.3.0.0
2024-12-11 17:23:10,422 [WARN] PackLoader:238 - Cannot read IP mode file for STMicroelectronics.X-CUBE-EEPRMA1.4.1.0
2024-12-11 17:23:10,432 [WARN] PackLoader:238 - Cannot read IP mode file for STMicroelectronics.X-CUBE-AI.8.1.0
2024-12-11 17:23:10,500 [WARN] ConditionMgr:437 - getConditionDescription Invalid condition id : LAN8742 Phy interface Condition cause : null
2024-12-11 17:23:10,501 [WARN] PackLoader:238 - Cannot read IP mode file for STMicroelectronics.X-CUBE-AZRTOS-L4.2.0.0
2024-12-11 17:23:10,504 [WARN] ConditionMgr:1038 - genDependencies : Invalid condition id : LAN8742 Phy interface Condition cause : null
2024-12-11 17:23:10,505 [WARN] ConditionMgr:1038 - genDependencies : Invalid condition id : LAN8742 Phy interface Condition cause : null
2024-12-11 17:23:10,506 [WARN] ConditionMgr:1038 - genDependencies : Invalid condition id : LAN8742 Phy interface Condition cause : null
2024-12-11 17:23:10,523 [WARN] PackLoader:238 - Cannot read IP mode file for STMicroelectronics.X-CUBE-SFXS2LP1.4.0.0
2024-12-11 17:23:10,615 [WARN] PackLoader:238 - Cannot read IP mode file for STMicroelectronics.X-CUBE-AZRTOS-H7.3.0.0
2024-12-11 17:23:10,640 [WARN] PackLoader:238 - Cannot read IP mode file for STMicroelectronics.X-CUBE-ISPU.1.1.0
2024-12-11 17:23:10,772 [WARN] PackLoader:238 - Cannot read IP mode file for STMicroelectronics.X-CUBE-AZRTOS-H7.3.3.0
2024-12-11 17:23:10,801 [WARN] PackLoader:238 - Cannot read IP mode file for RoweBots.I-CUBE-UNISONRTOS.5.5.0-4
2024-12-11 17:23:10,816 [ERROR] Engine:463 - C:\Users\Admin\.stm32cubemx\thirdparties\pdsc\STMicroelectronics.X-CUBE-IPS.3.0.0.pdsc: PDSC version is not supported
2024-12-11 17:23:10,865 [WARN] ConditionMgr:437 - getConditionDescription Invalid condition id : UX DEVICE CLASS RTOS Condition cause : null
2024-12-11 17:23:10,865 [WARN] ConditionMgr:437 - getConditionDescription Invalid condition id : UX DEVICE CLASS RTOS Condition cause : null
2024-12-11 17:23:10,871 [WARN] PackLoader:238 - Cannot read IP mode file for STMicroelectronics.X-CUBE-AZRTOS-WB.2.0.0
2024-12-11 17:23:10,873 [WARN] ConditionMgr:1038 - genDependencies : Invalid condition id : UX DEVICE CLASS RTOS Condition cause : null
2024-12-11 17:23:10,873 [WARN] ConditionMgr:1038 - genDependencies : Invalid condition id : UX DEVICE CLASS RTOS Condition cause : null
2024-12-11 17:23:10,874 [WARN] ConditionMgr:1038 - genDependencies : Invalid condition id : UX DEVICE CLASS RTOS Condition cause : null
2024-12-11 17:23:10,875 [WARN] ConditionMgr:1038 - genDependencies : Invalid condition id : UX DEVICE CLASS RTOS Condition cause : null
2024-12-11 17:23:10,875 [WARN] ConditionMgr:1038 - genDependencies : Invalid condition id : UX DEVICE CLASS RTOS Condition cause : null
2024-12-11 17:23:10,889 [WARN] PackLoader:238 - Cannot read IP mode file for STMicroelectronics.X-CUBE-GNSS1.7.0.0
2024-12-11 17:23:10,908 [WARN] PackLoader:238 - Cannot read IP mode file for STMicroelectronics.X-CUBE-BLEMGR.1.0.0
2024-12-11 17:23:10,922 [ERROR] Engine:463 - C:\Users\Admin\.stm32cubemx\thirdparties\pdsc\STMicroelectronics.FP-SNS-STBOX1.2.0.0.pdsc: PDSC version is not supported
2024-12-11 17:23:11,007 [WARN] PackLoader:238 - Cannot read IP mode file for STMicroelectronics.X-CUBE-AZRTOS-L5.1.1.0
2024-12-11 17:23:11,048 [WARN] PackLoader:238 - Cannot read IP mode file for STMicroelectronics.X-CUBE-SUBG2.5.0.0
2024-12-11 17:23:11,064 [ERROR] Engine:463 - C:\Users\Admin\.stm32cubemx\thirdparties\pdsc\Cesanta.I-CUBE-Mongoose.7.13.0.pdsc: PDSC version is not supported
2024-12-11 17:23:11,078 [ERROR] Engine:463 - C:\Users\Admin\.stm32cubemx\thirdparties\pdsc\STMicroelectronics.X-CUBE-TOF1.3.3.1.pdsc: PDSC version is not supported
2024-12-11 17:23:11,121 [WARN] PackLoader:238 - Cannot read IP mode file for STMicroelectronics.X-CUBE-AZRTOS-G4.2.0.0
2024-12-11 17:23:11,130 [WARN] PackLoader:238 - Cannot read IP mode file for STMicroelectronics.FP-ATR-ASTRA1.1.1.1
2024-12-11 17:23:11,148 [ERROR] Engine:463 - C:\Users\Admin\.stm32cubemx\thirdparties\pdsc\Infineon.AIROC-Wi-Fi-Bluetooth-STM32.1.5.1.pdsc: PDSC version is not supported
2024-12-11 17:23:11,200 [WARN] PackLoader:238 - Cannot read IP mode file for STMicroelectronics.X-CUBE-AZRTOS-G4.1.0.0
2024-12-11 17:23:11,250 [WARN] PackLoader:238 - Cannot read IP mode file for STMicroelectronics.X-CUBE-AZRTOS-L4.1.0.0
2024-12-11 17:23:11,260 [ERROR] Engine:463 - C:\Users\Admin\.stm32cubemx\thirdparties\pdsc\STMicroelectronics.X-CUBE-ALS.1.0.2.pdsc: PDSC version is not supported
2024-12-11 17:23:11,263 [INFO] DbBoardsPdsc:90 - Found 25 items
2024-12-11 17:23:11,268 [INFO] DbBoardsPdsc:90 - Found 9 items
2024-12-11 17:23:11,279 [INFO] DbBoardsPdsc:90 - Found 33 items
2024-12-11 17:23:11,282 [INFO] DbBoardsPdsc:90 - Found 1 items
2024-12-11 17:23:11,305 [INFO] DbBoardsPdsc:90 - Found 48 items
2024-12-11 17:23:11,332 [INFO] DbBoardsPdsc:90 - Found 43 items
2024-12-11 17:23:11,336 [INFO] DbBoardsPdsc:90 - Found 2 items
2024-12-11 17:23:11,343 [INFO] DbBoardsPdsc:90 - Found 5 items
2024-12-11 17:23:11,368 [WARN] DbBoardsPdsc:254 - Board STM32H7B3I-DK: unknown feature type=Audio, name=, username=Audio stereo codec with Headphone Amp (CS42L51-CNZ), n=1
2024-12-11 17:23:11,370 [WARN] DbBoardsPdsc:254 - Board STM32H735G-DK: unknown feature type=Audio, name=, username=Audio stereo codec with Headphone Amp (WM8994ECS/R), n=1
2024-12-11 17:23:11,376 [WARN] DbBoardsPdsc:254 - Board STM32H7B3I-EVAL: unknown feature type=Audio, name=, username=Multi-Channel Audio Codec (CS42L51-CNZ), n=1
2024-12-11 17:23:11,377 [WARN] DbBoardsPdsc:254 - Board STM32H7B3I-EVAL: unknown feature type=Meter, name=, username=Power-metering and Temperature-monitoring with sigma-delta modulators, n=1
2024-12-11 17:23:11,377 [WARN] DbBoardsPdsc:254 - Board STM32H7B3I-EVAL: unknown feature type=Motor, name=, username=Motor Control, n=1
2024-12-11 17:23:11,379 [WARN] DbBoardsPdsc:254 - Board STM32U575I-EV: unknown feature type=joystick, name=, username=4-direction joystick with selection button, n=1
2024-12-11 17:23:11,425 [WARN] PackLoader:238 - Cannot read IP mode file for STMicroelectronics.X-CUBE-MEMS1.10.0.0
2024-12-11 17:23:11,466 [INFO] DbBoardsJson:86 - JSON generation date=Tue Nov 16 23:17:54 ICT 2021 (1637079474)
2024-12-11 17:23:11,508 [INFO] DbBoards:117 - Found 167 boards (163 are supported by CubeMX)
2024-12-11 17:23:11,515 [INFO] DbBoardsDocs:143 - JSON generation date=Tue Nov 16 23:17:54 ICT 2021 (1637079474)
2024-12-11 17:23:11,528 [INFO] DbBoardsDocs:79 - Found 209 boards documents
2024-12-11 17:23:11,530 [WARN] DbBoards:127 - board B-L475E-IOT01A2 has no document id list !
2024-12-11 17:23:11,534 [WARN] DbBoards:127 - board NUCLEO-H743ZI has no document id list !
2024-12-11 17:23:11,538 [WARN] DbBoards:127 - board NUCLEO-WL55JC2 has no document id list !
2024-12-11 17:23:11,538 [WARN] DbBoards:127 - board P-NUCLEO-WB55-Nucleo has no document id list !
2024-12-11 17:23:11,539 [WARN] DbBoards:127 - board P-NUCLEO-WB55-USBDongle has no document id list !
2024-12-11 17:23:11,539 [WARN] DbBoards:127 - board STEVAL-BFA001V1B has no document id list !
2024-12-11 17:23:11,539 [WARN] DbBoards:127 - board STEVAL-BFA001V2B has no document id list !
2024-12-11 17:23:11,539 [WARN] DbBoards:127 - board STEVAL-IDP005V1 has no document id list !
2024-12-11 17:23:11,540 [WARN] DbBoards:127 - board STEVAL-IDP005V2 has no document id list !
2024-12-11 17:23:11,540 [WARN] DbBoards:127 - board STEVAL-MKSBOX1V1 has no document id list !
2024-12-11 17:23:11,540 [WARN] DbBoards:127 - board STEVAL-STWINKT1 has no document id list !
2024-12-11 17:23:11,540 [WARN] DbBoards:127 - board STEVAL-STWINKT1B has no document id list !
2024-12-11 17:23:11,541 [WARN] DbBoards:127 - board STM32439I-EVAL2 has no document id list !
2024-12-11 17:23:11,542 [WARN] DbBoards:127 - board STM32F401C-DISCO has no document id list !
2024-12-11 17:23:11,544 [WARN] DbBoards:127 - board STM32F769I-DISC1 has no document id list !
2024-12-11 17:23:11,545 [WARN] DbBoards:127 - board STM32G474E-EVAL1 has no document id list !
2024-12-11 17:23:11,545 [WARN] DbBoards:127 - board STM32H743I-EVAL2 has no document id list !
2024-12-11 17:23:11,545 [WARN] DbBoards:127 - board STM32H747I-DISC1 has no document id list !
2024-12-11 17:23:11,547 [WARN] DbBoards:127 - board STM32H753I-EVAL2 has no document id list !
2024-12-11 17:23:11,548 [WARN] DbBoards:127 - board STM32L-DISCOVERY has no document id list !
2024-12-11 17:23:12,025 [ERROR] Engine:463 - C:\Users\Admin\.stm32cubemx\thirdparties\pdsc\STMicroelectronics.X-CUBE-FREERTOS.1.1.0.pdsc: PDSC version is not supported
2024-12-11 17:23:12,029 [WARN] PackLoader:238 - Cannot read IP mode file for STMicroelectronics.X-CUBE-TOUCHGFX.4.24.0
2024-12-11 17:23:12,044 [ERROR] DbBoards:189 - Image file not found for board B-U585I-IOT02A: C:\ST\STM32CubeIDE_1.7.0\STM32CubeIDE\plugins\com.st.stm32cube.common.mx_6.3.0.202107141111\\db\/plugins/mcufinder/images/boards/B-U585I-IOT02A_small.jpg
2024-12-11 17:23:12,057 [WARN] PackLoader:238 - Cannot read IP mode file for STMicroelectronics.X-CUBE-AZRTOS-WL.1.0.0
2024-12-11 17:23:12,066 [WARN] PackLoader:238 - Cannot read IP mode file for STMicroelectronics.X-CUBE-TOUCHGFX.4.24.1
2024-12-11 17:23:12,073 [WARN] PackLoader:238 - Cannot read IP mode file for wolfSSL.I-CUBE-wolfTPM.3.4.0
2024-12-11 17:23:12,089 [WARN] PackLoader:238 - Cannot read IP mode file for portGmbH.I-Cube-SoM-uGOAL.1.1.0
2024-12-11 17:23:12,097 [WARN] PackLoader:238 - Cannot read IP mode file for STMicroelectronics.X-CUBE-ALS.1.0.1
2024-12-11 17:23:12,140 [WARN] PackLoader:238 - Cannot read IP mode file for STMicroelectronics.X-CUBE-AZRTOS-WB.1.1.0
2024-12-11 17:23:12,199 [WARN] PackLoader:238 - Cannot read IP mode file for STMicroelectronics.X-CUBE-AZRTOS-L5.1.0.0
2024-12-11 17:23:12,213 [WARN] PackLoader:238 - Cannot read IP mode file for STMicroelectronics.X-CUBE-EEPRMA1.3.1.1
2024-12-11 17:23:12,271 [WARN] PackLoader:238 - Cannot read IP mode file for STMicroelectronics.X-CUBE-AZRTOS-H7RS.1.0.0
2024-12-11 17:23:12,283 [WARN] PackLoader:238 - Cannot read IP mode file for STMicroelectronics.FP-ATR-ASTRA1.2.0.0
2024-12-11 17:23:12,298 [ERROR] Engine:463 - C:\Users\Admin\.stm32cubemx\thirdparties\pdsc\STMicroelectronics.X-CUBE-TOF1.3.4.2.pdsc: PDSC version is not supported
2024-12-11 17:23:12,306 [WARN] PackLoader:238 - Cannot read IP mode file for wolfSSL.I-CUBE-wolfSSH.1.4.17
2024-12-11 17:23:12,307 [INFO] ThirdParty:915 - Integrity check success = true
2024-12-11 17:23:12,308 [INFO] IntegrityCheckThread:94 - exiting critical section [integrity check]
2024-12-11 17:23:12,308 [INFO] IntegrityCheckThread:97 - End integrity checks thread
2024-12-11 17:23:12,355 [ERROR] DbBoards:189 - Image file not found for board NUCLEO-F413ZH: C:\ST\STM32CubeIDE_1.7.0\STM32CubeIDE\plugins\com.st.stm32cube.common.mx_6.3.0.202107141111\\db\/plugins/mcufinder/images/boards/nucleo-f413zh_small.jpg
2024-12-11 17:23:12,851 [ERROR] DbBoards:189 - Image file not found for board NUCLEO-L552ZE-Q: C:\ST\STM32CubeIDE_1.7.0\STM32CubeIDE\plugins\com.st.stm32cube.common.mx_6.3.0.202107141111\\db\/plugins/mcufinder/images/boards/nucleo_l552ze_q_small.jpg
2024-12-11 17:23:12,852 [ERROR] DbBoards:189 - Image file not found for board NUCLEO-U575ZI-Q: C:\ST\STM32CubeIDE_1.7.0\STM32CubeIDE\plugins\com.st.stm32cube.common.mx_6.3.0.202107141111\\db\/plugins/mcufinder/images/boards/nucleo-u575zi-q_small.jpg
2024-12-11 17:23:12,852 [ERROR] DbBoards:189 - Image file not found for board NUCLEO-WB15CC: C:\ST\STM32CubeIDE_1.7.0\STM32CubeIDE\plugins\com.st.stm32cube.common.mx_6.3.0.202107141111\\db\/plugins/mcufinder/images/boards/nucleo-wb15cc_small.jpg
2024-12-11 17:23:12,852 [ERROR] DbBoards:189 - Image file not found for board NUCLEO-WB55RG: C:\ST\STM32CubeIDE_1.7.0\STM32CubeIDE\plugins\com.st.stm32cube.common.mx_6.3.0.202107141111\\db\/plugins/mcufinder/images/boards/nucleo-wb55rg_small.jpg
2024-12-11 17:23:15,477 [INFO] ApiDb:251 - Load user favorites file C:\Users\Admin/.stm32cubeide/favorites.boards.txt: 0 item(s)
2024-12-11 17:23:15,477 [INFO] ApiDb:255 - User favorites Boards=[]
2024-12-11 17:23:15,477 [INFO] DbBoards:206 - Set 0 / 0 favorites Boards
2024-12-11 17:23:26,390 [INFO] DbMcusDocs:143 - JSON generation date=Tue Nov 16 23:17:54 ICT 2021 (1637079474)
2024-12-11 17:23:26,808 [INFO] DbMcusDocs:79 - Found 682 MCUs documents
2024-12-11 17:23:40,824 [INFO] MainUpdater:2671 - connection check result : 10
2024-12-11 17:23:40,825 [INFO] MainUpdater:2671 - connection check result : 10
2024-12-11 17:23:40,938 [INFO] MicroXplorer:448 - Change Database Path : 
2024-12-11 17:23:40,938 [INFO] MicroXplorer:478 - Change Database Version : DB.6.0.30
2024-12-11 17:23:40,943 [WARN] ThirdParty:813 - waiting for thirdparty lock release [close project]
2024-12-11 17:23:40,943 [INFO] ThirdParty:815 - entering critical section [close project]
2024-12-11 17:23:40,945 [INFO] ThirdParty:825 - exiting critical section [close project]
2024-12-11 17:23:40,967 [INFO] PinOutPanel:1463 - setPackage(No Configuration,No Configuration)
2024-12-11 17:23:40,969 [INFO] UtilMem:74 - Begin LoadConfig() Used Memory: 933845872 Bytes (1024458752)
2024-12-11 17:23:40,972 [INFO] MicroXplorer:448 - Change Database Path : 
2024-12-11 17:23:40,973 [INFO] MicroXplorer:478 - Change Database Version : DB.6.0.30
2024-12-11 17:23:40,973 [INFO] OpenFileManager:313 - Change cursor
2024-12-11 17:23:42,951 [INFO] Context:592 - Trying to add GPIOservice into a context  which must be forbidden
2024-12-11 17:23:43,517 [INFO] ImportTextPane:167 - (OptionalMessage_ERROR) Unable to find key (Mcu.ThirdPartyNb) in loaded IOC file
2024-12-11 17:23:43,517 [INFO] ImportTextPane:167 - (OptionalMessage_ERROR) Unable to find key (Mcu.PinsNb) in loaded IOC file
2024-12-11 17:23:43,517 [INFO] ImportTextPane:167 - (OptionalMessage_ERROR) Unable to find key (Mcu.IPNb) in loaded IOC file
2024-12-11 17:23:43,675 [WARN] ApiManager:304 - Cannot register API 'Board Extension:NFC09A1' from pack STMicroelectronics.X-CUBE-NFC9.1.0.0: no header file found
2024-12-11 17:23:43,678 [WARN] ApiManager:304 - Cannot register API 'Board Extension:GNSS1A1' from pack STMicroelectronics.X-CUBE-GNSS1.6.0.0: no header file found
2024-12-11 17:23:43,678 [WARN] ApiManager:304 - Cannot register API 'Board Support:Custom' from pack STMicroelectronics.X-CUBE-GNSS1.6.0.0: no header file found
2024-12-11 17:23:43,679 [WARN] ApiManager:304 - Cannot register API 'Data Exchange:lib_gnss' from pack STMicroelectronics.X-CUBE-GNSS1.6.0.0: no header file found
2024-12-11 17:23:43,698 [WARN] ApiManager:304 - Cannot register API 'Wireless:STM32WB05N' from pack STMicroelectronics.X-CUBE-WB05N.1.1.0: no header file found
2024-12-11 17:23:43,705 [WARN] ApiManager:304 - Cannot register API 'Board Extension:GNSS1A1' from pack STMicroelectronics.X-CUBE-GNSS1.7.0.0: no header file found
2024-12-11 17:23:43,705 [WARN] ApiManager:304 - Cannot register API 'Board Support:Custom' from pack STMicroelectronics.X-CUBE-GNSS1.7.0.0: no header file found
2024-12-11 17:23:43,706 [WARN] ApiManager:304 - Cannot register API 'Data Exchange:lib_gnss' from pack STMicroelectronics.X-CUBE-GNSS1.7.0.0: no header file found
2024-12-11 17:23:44,299 [WARN] ApiManager:304 - Cannot register API 'Board Extension:IKS01A3' from pack STMicroelectronics.X-CUBE-MEMS1.9.4.0: no header file found
2024-12-11 17:23:44,299 [WARN] ApiManager:304 - Cannot register API 'Board Extension:IKS01A2' from pack STMicroelectronics.X-CUBE-MEMS1.9.4.0: no header file found
2024-12-11 17:23:44,300 [WARN] ApiManager:304 - Cannot register API 'Board Extension:IKS02A1' from pack STMicroelectronics.X-CUBE-MEMS1.9.4.0: no header file found
2024-12-11 17:23:44,944 [WARN] ApiManager:304 - Cannot register API 'Board Extension:IKS01A3' from pack STMicroelectronics.X-CUBE-MEMS1.9.6.0: no header file found
2024-12-11 17:23:44,944 [WARN] ApiManager:304 - Cannot register API 'Board Extension:IKS01A2' from pack STMicroelectronics.X-CUBE-MEMS1.9.6.0: no header file found
2024-12-11 17:23:44,944 [WARN] ApiManager:304 - Cannot register API 'Board Extension:IKS02A1' from pack STMicroelectronics.X-CUBE-MEMS1.9.6.0: no header file found
2024-12-11 17:23:44,960 [WARN] ApiManager:304 - Cannot register API 'Board Extension:EEPRMA2' from pack STMicroelectronics.X-CUBE-EEPRMA1.4.2.0: no header file found
2024-12-11 17:23:44,960 [WARN] ApiManager:304 - Cannot register API 'Board Extension:PGEEZ1' from pack STMicroelectronics.X-CUBE-EEPRMA1.4.2.0: no header file found
2024-12-11 17:23:44,960 [WARN] ApiManager:304 - Cannot register API 'Board Part:M24' from pack STMicroelectronics.X-CUBE-EEPRMA1.4.2.0: no header file found
2024-12-11 17:23:44,960 [WARN] ApiManager:304 - Cannot register API 'Board Part:M95' from pack STMicroelectronics.X-CUBE-EEPRMA1.4.2.0: no header file found
2024-12-11 17:23:44,961 [WARN] ApiManager:304 - Cannot register API 'Board Part:M95P32' from pack STMicroelectronics.X-CUBE-EEPRMA1.4.2.0: no header file found
2024-12-11 17:23:44,961 [WARN] ApiManager:304 - Cannot register API 'PGEEZ1:SPI' from pack STMicroelectronics.X-CUBE-EEPRMA1.4.2.0: no header file found
2024-12-11 17:23:44,961 [WARN] ApiManager:304 - Cannot register API 'PGEEZ1:QDSPI' from pack STMicroelectronics.X-CUBE-EEPRMA1.4.2.0: no header file found
2024-12-11 17:23:44,963 [WARN] ApiManager:304 - Cannot register API 'Board Extension:NFC06A1' from pack STMicroelectronics.X-CUBE-NFC6.3.1.0: no header file found
2024-12-11 17:23:44,963 [WARN] ApiManager:304 - Cannot register API 'Board Extension:NFC08A1' from pack STMicroelectronics.X-CUBE-NFC6.3.1.0: no header file found
2024-12-11 17:23:44,964 [WARN] ApiManager:304 - Cannot register API 'Wireless:BlueNRG-MS' from pack STMicroelectronics.X-CUBE-BLE1.6.2.3: no header file found
2024-12-11 17:23:45,624 [WARN] ApiManager:304 - Cannot register API 'Board Extension:IKS01A3' from pack STMicroelectronics.X-CUBE-MEMS1.11.0.0: no header file found
2024-12-11 17:23:45,624 [WARN] ApiManager:304 - Cannot register API 'Board Extension:IKS02A1' from pack STMicroelectronics.X-CUBE-MEMS1.11.0.0: no header file found
2024-12-11 17:23:45,625 [WARN] ApiManager:304 - Cannot register API 'Board Extension:IKS4A1' from pack STMicroelectronics.X-CUBE-MEMS1.11.0.0: no header file found
2024-12-11 17:23:45,639 [WARN] ApiManager:304 - Cannot register API 'Wireless:BlueNRG-MS' from pack STMicroelectronics.X-CUBE-BLE1.6.2.4: no header file found
2024-12-11 17:23:45,644 [INFO] RtosManager:484 - Registered RTOS mode: class=CMSIS, group=RTOS, mode=CMSIS_V1, owner=FREERTOS
2024-12-11 17:23:45,647 [INFO] RtosManager:484 - Registered RTOS mode: class=CMSIS, group=RTOS2, mode=CMSIS_V2, owner=FREERTOS
2024-12-11 17:23:45,647 [INFO] RtosManager:484 - Registered RTOS mode: class=RTOS, group=Core, mode=CMSIS_V1, owner=FREERTOS
2024-12-11 17:23:45,647 [INFO] RtosManager:484 - Registered RTOS mode: class=RTOS, group=Core, mode=CMSIS_V2, owner=FREERTOS
2024-12-11 17:23:45,647 [WARN] ModelIntegratedComponent:181 - Missing modes for component STMicroelectronics:FreeRTOS:0.0.1:STMicroelectronics:RTOS:FreeRTOS:Core:::10.2.0:
2024-12-11 17:23:45,657 [WARN] ApiManager:304 - Cannot register API 'Board Extension:STSAFEA1' from pack STMicroelectronics.X-CUBE-SAFEA1.1.2.2: no header file found
2024-12-11 17:23:45,657 [WARN] ApiManager:304 - Cannot register API 'Board Part:STSAFEA110' from pack STMicroelectronics.X-CUBE-SAFEA1.1.2.2: no header file found
2024-12-11 17:23:45,657 [WARN] ApiManager:304 - Cannot register API 'Security:ST_Cryptolib' from pack STMicroelectronics.X-CUBE-SAFEA1.1.2.2: no header file found
2024-12-11 17:23:45,657 [WARN] ApiManager:304 - Cannot register API 'Security:MbedTLS' from pack STMicroelectronics.X-CUBE-SAFEA1.1.2.2: no header file found
2024-12-11 17:23:45,659 [WARN] ApiManager:304 - Cannot register API 'Board Extension:NFC04A1' from pack STMicroelectronics.X-CUBE-NFC4.3.0.0: no header file found
2024-12-11 17:23:45,682 [WARN] ApiManager:304 - Cannot register API 'Board Extension:S2868A1' from pack STMicroelectronics.X-CUBE-SUBG2.5.0.0: no header file found
2024-12-11 17:23:45,682 [WARN] ApiManager:304 - Cannot register API 'Board Extension:S2868A2' from pack STMicroelectronics.X-CUBE-SUBG2.5.0.0: no header file found
2024-12-11 17:23:45,682 [WARN] ApiManager:304 - Cannot register API 'Board Extension:S2915A1' from pack STMicroelectronics.X-CUBE-SUBG2.5.0.0: no header file found
2024-12-11 17:23:45,688 [WARN] ApiManager:304 - Cannot register API 'Board Extension:NFC04A1' from pack STMicroelectronics.X-CUBE-NFC4.2.0.5: no header file found
2024-12-11 17:23:45,690 [WARN] ApiManager:304 - Cannot register API 'Board Extension:NFC04A1' from pack STMicroelectronics.X-CUBE-NFC4.2.0.4: no header file found
2024-12-11 17:23:45,707 [WARN] ApiManager:304 - Cannot register API 'Board Extension:NFC10A1' from pack STMicroelectronics.X-CUBE-NFC10.1.0.0: no header file found
2024-12-11 17:23:45,725 [WARN] ApiManager:304 - Cannot register API 'Board Extension:EEPRMA2' from pack STMicroelectronics.X-CUBE-EEPRMA1.5.1.0: no header file found
2024-12-11 17:23:45,725 [WARN] ApiManager:304 - Cannot register API 'Board Extension:PGEEZ1' from pack STMicroelectronics.X-CUBE-EEPRMA1.5.1.0: no header file found
2024-12-11 17:23:45,726 [WARN] ApiManager:304 - Cannot register API 'Board Extension:EEICA1' from pack STMicroelectronics.X-CUBE-EEPRMA1.5.1.0: no header file found
2024-12-11 17:23:45,726 [WARN] ApiManager:304 - Cannot register API 'Board Part:M24' from pack STMicroelectronics.X-CUBE-EEPRMA1.5.1.0: no header file found
2024-12-11 17:23:45,726 [WARN] ApiManager:304 - Cannot register API 'Board Part:M95' from pack STMicroelectronics.X-CUBE-EEPRMA1.5.1.0: no header file found
2024-12-11 17:23:45,727 [WARN] ApiManager:304 - Cannot register API 'Board Part:M95P32' from pack STMicroelectronics.X-CUBE-EEPRMA1.5.1.0: no header file found
2024-12-11 17:23:45,727 [WARN] ApiManager:304 - Cannot register API 'Board Part:M24256E-F' from pack STMicroelectronics.X-CUBE-EEPRMA1.5.1.0: no header file found
2024-12-11 17:23:45,727 [WARN] ApiManager:304 - Cannot register API 'Board Part:M24M01E-F' from pack STMicroelectronics.X-CUBE-EEPRMA1.5.1.0: no header file found
2024-12-11 17:23:45,727 [WARN] ApiManager:304 - Cannot register API 'PGEEZ1:SPI' from pack STMicroelectronics.X-CUBE-EEPRMA1.5.1.0: no header file found
2024-12-11 17:23:45,727 [WARN] ApiManager:304 - Cannot register API 'PGEEZ1:QDSPI' from pack STMicroelectronics.X-CUBE-EEPRMA1.5.1.0: no header file found
2024-12-11 17:23:45,731 [WARN] ModelIntegratedComponent:60 - No mode defined for component null
2024-12-11 17:23:45,731 [WARN] ModelIntegratedComponent:60 - No mode defined for component null
2024-12-11 17:23:45,732 [WARN] ModelIntegratedComponent:60 - No mode defined for component null
2024-12-11 17:23:45,732 [WARN] ModelIntegratedComponent:60 - No mode defined for component null
2024-12-11 17:23:45,732 [WARN] ModelIntegratedComponent:60 - No mode defined for component null
2024-12-11 17:23:45,732 [WARN] ModelIntegratedComponent:60 - No mode defined for component null
2024-12-11 17:23:45,732 [WARN] ModelIntegratedComponent:60 - No mode defined for component null
2024-12-11 17:23:45,733 [WARN] ModelIntegratedComponent:60 - No mode defined for component null
2024-12-11 17:23:45,733 [WARN] ModelIntegratedComponent:60 - No mode defined for component null
2024-12-11 17:23:45,733 [WARN] ModelIntegratedComponent:60 - No mode defined for component null
2024-12-11 17:23:45,733 [WARN] ModelIntegratedComponent:60 - No mode defined for component null
2024-12-11 17:23:45,733 [WARN] ModelIntegratedComponent:60 - No mode defined for component null
2024-12-11 17:23:45,733 [WARN] ModelIntegratedComponent:60 - No mode defined for component null
2024-12-11 17:23:45,734 [WARN] ModelIntegratedComponent:60 - No mode defined for component null
2024-12-11 17:23:45,734 [WARN] ModelIntegratedComponent:60 - No mode defined for component null
2024-12-11 17:23:45,734 [WARN] ModelIntegratedComponent:60 - No mode defined for component null
2024-12-11 17:23:45,734 [WARN] ModelIntegratedComponent:60 - No mode defined for component null
2024-12-11 17:23:45,734 [WARN] ModelIntegratedComponent:60 - No mode defined for component null
2024-12-11 17:23:45,735 [WARN] ModelIntegratedComponent:60 - No mode defined for component null
2024-12-11 17:23:45,735 [WARN] ModelIntegratedComponent:60 - No mode defined for component null
2024-12-11 17:23:45,735 [WARN] ModelIntegratedComponent:60 - No mode defined for component null
2024-12-11 17:23:45,735 [WARN] ModelIntegratedComponent:60 - No mode defined for component null
2024-12-11 17:23:45,735 [WARN] ModelIntegratedComponent:60 - No mode defined for component null
2024-12-11 17:23:45,735 [WARN] ModelIntegratedComponent:60 - No mode defined for component null
2024-12-11 17:23:45,735 [WARN] ModelIntegratedComponent:60 - No mode defined for component null
2024-12-11 17:23:45,737 [WARN] ModelIntegratedComponent:60 - No mode defined for component null
2024-12-11 17:23:45,737 [WARN] ModelIntegratedComponent:60 - No mode defined for component null
2024-12-11 17:23:45,737 [WARN] ModelIntegratedComponent:60 - No mode defined for component null
2024-12-11 17:23:45,737 [WARN] ModelIntegratedComponent:60 - No mode defined for component null
2024-12-11 17:23:45,737 [WARN] ModelIntegratedComponent:60 - No mode defined for component null
2024-12-11 17:23:45,738 [WARN] ModelIntegratedComponent:60 - No mode defined for component null
2024-12-11 17:23:46,537 [WARN] ApiManager:304 - Cannot register API 'Board Extension:IKS01A3' from pack STMicroelectronics.X-CUBE-MEMS1.10.0.0: no header file found
2024-12-11 17:23:46,537 [WARN] ApiManager:304 - Cannot register API 'Board Extension:IKS02A1' from pack STMicroelectronics.X-CUBE-MEMS1.10.0.0: no header file found
2024-12-11 17:23:46,537 [WARN] ApiManager:304 - Cannot register API 'Board Extension:IKS4A1' from pack STMicroelectronics.X-CUBE-MEMS1.10.0.0: no header file found
2024-12-11 17:23:46,548 [WARN] ApiManager:304 - Cannot register API 'Board Extension:NFC07A1' from pack STMicroelectronics.X-CUBE-NFC7.1.0.1: no header file found
2024-12-11 17:23:46,550 [WARN] ApiManager:304 - Cannot register API 'Board Extension:NFC07A1' from pack STMicroelectronics.X-CUBE-NFC7.1.0.0: no header file found
2024-12-11 17:23:46,554 [WARN] ApiManager:304 - Cannot register API 'Board Extension:NFC06A1' from pack STMicroelectronics.X-CUBE-NFC6.3.0.0: no header file found
2024-12-11 17:23:46,554 [WARN] ApiManager:304 - Cannot register API 'Board Extension:NFC08A1' from pack STMicroelectronics.X-CUBE-NFC6.3.0.0: no header file found
2024-12-11 17:23:47,345 [WARN] ApiManager:304 - Cannot register API 'Board Extension:IKS01A3' from pack STMicroelectronics.X-CUBE-MEMS1.9.3.0: no header file found
2024-12-11 17:23:47,345 [WARN] ApiManager:304 - Cannot register API 'Board Extension:IKS01A2' from pack STMicroelectronics.X-CUBE-MEMS1.9.3.0: no header file found
2024-12-11 17:23:47,345 [WARN] ApiManager:304 - Cannot register API 'Board Extension:IKS02A1' from pack STMicroelectronics.X-CUBE-MEMS1.9.3.0: no header file found
2024-12-11 17:23:47,477 [WARN] ApiManager:304 - Cannot register API 'Board Extension:EEPRMA1' from pack STMicroelectronics.X-CUBE-EEPRMA1.4.1.0: no header file found
2024-12-11 17:23:47,477 [WARN] ApiManager:304 - Cannot register API 'Board Extension:EEPRMA2' from pack STMicroelectronics.X-CUBE-EEPRMA1.4.1.0: no header file found
2024-12-11 17:23:47,477 [WARN] ApiManager:304 - Cannot register API 'Board Extension:PGEEZ1' from pack STMicroelectronics.X-CUBE-EEPRMA1.4.1.0: no header file found
2024-12-11 17:23:47,479 [WARN] ApiManager:304 - Cannot register API 'Board Part:M24' from pack STMicroelectronics.X-CUBE-EEPRMA1.4.1.0: no header file found
2024-12-11 17:23:47,479 [WARN] ApiManager:304 - Cannot register API 'Board Part:M95' from pack STMicroelectronics.X-CUBE-EEPRMA1.4.1.0: no header file found
2024-12-11 17:23:47,479 [WARN] ApiManager:304 - Cannot register API 'Board Part:M95P32' from pack STMicroelectronics.X-CUBE-EEPRMA1.4.1.0: no header file found
2024-12-11 17:23:47,479 [WARN] ApiManager:304 - Cannot register API 'PGEEZ1:SPI' from pack STMicroelectronics.X-CUBE-EEPRMA1.4.1.0: no header file found
2024-12-11 17:23:47,479 [WARN] ApiManager:304 - Cannot register API 'PGEEZ1:QDSPI' from pack STMicroelectronics.X-CUBE-EEPRMA1.4.1.0: no header file found
2024-12-11 17:23:47,543 [WARN] ApiManager:304 - Cannot register API 'Board Extension:EEPRMA1' from pack STMicroelectronics.X-CUBE-EEPRMA1.3.1.1: no header file found
2024-12-11 17:23:47,543 [WARN] ApiManager:304 - Cannot register API 'Board Extension:EEPRMA2' from pack STMicroelectronics.X-CUBE-EEPRMA1.3.1.1: no header file found
2024-12-11 17:23:47,553 [WARN] ApiManager:304 - Cannot register API 'Board Extension:S2868A1' from pack STMicroelectronics.X-CUBE-SFXS2LP1.4.0.0: no header file found
2024-12-11 17:23:47,553 [WARN] ApiManager:304 - Cannot register API 'Board Extension:S2868A2' from pack STMicroelectronics.X-CUBE-SFXS2LP1.4.0.0: no header file found
2024-12-11 17:23:47,554 [WARN] ApiManager:304 - Cannot register API 'Board Extension:S2915A1' from pack STMicroelectronics.X-CUBE-SFXS2LP1.4.0.0: no header file found
2024-12-11 17:24:56,178 [INFO] UtilMem:74 - End LoadConfig() Used Memory: 888303096 Bytes (1027604480)
2024-12-11 17:24:56,181 [WARN] ThirdParty:779 - waiting for thirdparty lock release [change project]
2024-12-11 17:24:56,181 [INFO] ThirdParty:781 - entering critical section [change project]
2024-12-11 17:24:56,181 [INFO] ThirdParty:967 - CMSIS Pack Vendor :STMicroelectronics X-CUBE-ISPU 1.1.0
2024-12-11 17:24:56,181 [INFO] ThirdParty:967 - CMSIS Pack Vendor :STMicroelectronics X-CUBE-AZRTOS-H7 3.3.0
2024-12-11 17:24:56,181 [INFO] ThirdParty:967 - CMSIS Pack Vendor :RoweBots I-CUBE-UNISONRTOS 5.5.0-4
2024-12-11 17:24:56,181 [INFO] ThirdParty:967 - CMSIS Pack Vendor :STMicroelectronics X-CUBE-NFC9 1.0.0
2024-12-11 17:24:56,183 [INFO] ThirdParty:967 - CMSIS Pack Vendor :STMicroelectronics X-CUBE-GNSS1 6.0.0
2024-12-11 17:24:56,183 [INFO] ThirdParty:967 - CMSIS Pack Vendor :STMicroelectronics X-CUBE-AZRTOS-H7 2.1.0
2024-12-11 17:24:56,183 [INFO] ThirdParty:967 - CMSIS Pack Vendor :STMicroelectronics USB_HOST 2.0.0
2024-12-11 17:24:56,183 [INFO] ThirdParty:967 - CMSIS Pack Vendor :STMicroelectronics X-CUBE-AZRTOS-F4 1.1.0
2024-12-11 17:24:56,183 [INFO] ThirdParty:967 - CMSIS Pack Vendor :STMicroelectronics FP-ATR-ASTRA1 2.0.1
2024-12-11 17:24:56,183 [INFO] ThirdParty:967 - CMSIS Pack Vendor :STMicroelectronics X-CUBE-WB05N 1.1.0
2024-12-11 17:24:56,184 [INFO] ThirdParty:967 - CMSIS Pack Vendor :STMicroelectronics USB_DEVICE 3.0.0
2024-12-11 17:24:56,184 [INFO] ThirdParty:967 - CMSIS Pack Vendor :STMicroelectronics X-CUBE-ISPU 2.1.0
2024-12-11 17:24:56,184 [INFO] ThirdParty:967 - CMSIS Pack Vendor :STMicroelectronics X-CUBE-AZRTOS-WB 2.0.0
2024-12-11 17:24:56,184 [INFO] ThirdParty:967 - CMSIS Pack Vendor :STMicroelectronics X-CUBE-GNSS1 7.0.0
2024-12-11 17:24:56,184 [INFO] ThirdParty:967 - CMSIS Pack Vendor :STMicroelectronics X-CUBE-TOUCHGFX 4.21.0
2024-12-11 17:24:56,185 [INFO] ThirdParty:967 - CMSIS Pack Vendor :STMicroelectronics X-CUBE-BLEMGR 1.0.0
2024-12-11 17:24:56,185 [INFO] ThirdParty:967 - CMSIS Pack Vendor :STMicroelectronics X-CUBE-BLEMGR 1.2.0
2024-12-11 17:24:56,185 [INFO] ThirdParty:967 - CMSIS Pack Vendor :STMicroelectronics X-CUBE-AZRTOS-F7 1.1.0
2024-12-11 17:24:56,185 [INFO] ThirdParty:967 - CMSIS Pack Vendor :STMicroelectronics X-CUBE-AZRTOS-L5 2.0.0
2024-12-11 17:24:56,185 [INFO] ThirdParty:967 - CMSIS Pack Vendor :STMicroelectronics X-CUBE-MEMS1 9.4.0
2024-12-11 17:24:56,185 [INFO] ThirdParty:967 - CMSIS Pack Vendor :STMicroelectronics USB_DEVICE 2.0.0
2024-12-11 17:24:56,186 [INFO] ThirdParty:967 - CMSIS Pack Vendor :STMicroelectronics X-CUBE-AI 7.3.0
2024-12-11 17:24:56,186 [INFO] ThirdParty:967 - CMSIS Pack Vendor :STMicroelectronics X-CUBE-MEMS1 9.6.0
2024-12-11 17:24:56,186 [INFO] ThirdParty:967 - CMSIS Pack Vendor :STMicroelectronics X-CUBE-EEPRMA1 4.2.0
2024-12-11 17:24:56,186 [INFO] ThirdParty:967 - CMSIS Pack Vendor :STMicroelectronics X-CUBE-NFC6 3.1.0
2024-12-11 17:24:56,186 [INFO] ThirdParty:967 - CMSIS Pack Vendor :STMicroelectronics X-CUBE-BLE1 6.2.3
2024-12-11 17:24:56,187 [INFO] ThirdParty:967 - CMSIS Pack Vendor :STMicroelectronics X-CUBE-ALGOBUILD 1.3.0
2024-12-11 17:24:56,187 [INFO] ThirdParty:967 - CMSIS Pack Vendor :STMicroelectronics X-CUBE-MEMS1 11.0.0
2024-12-11 17:24:56,187 [INFO] ThirdParty:967 - CMSIS Pack Vendor :STMicroelectronics X-CUBE-BLE1 6.2.4
2024-12-11 17:24:56,187 [INFO] ThirdParty:967 - CMSIS Pack Vendor :STMicroelectronics X-CUBE-AZRTOS-L5 1.1.0
2024-12-11 17:24:56,187 [INFO] ThirdParty:967 - CMSIS Pack Vendor :STMicroelectronics FreeRTOS 0.0.1
2024-12-11 17:24:56,188 [INFO] ThirdParty:967 - CMSIS Pack Vendor :STMicroelectronics X-CUBE-AZRTOS-G0 1.1.0
2024-12-11 17:24:56,188 [INFO] ThirdParty:967 - CMSIS Pack Vendor :STMicroelectronics X-CUBE-BLEMGR 2.0.0
2024-12-11 17:24:56,188 [INFO] ThirdParty:967 - CMSIS Pack Vendor :STMicroelectronics X-CUBE-SAFEA1 1.2.2
2024-12-11 17:24:56,188 [INFO] ThirdParty:967 - CMSIS Pack Vendor :STMicroelectronics X-CUBE-NFC4 3.0.0
2024-12-11 17:24:56,188 [INFO] ThirdParty:967 - CMSIS Pack Vendor :SEGGER I-CUBE-embOS 1.2.0
2024-12-11 17:24:56,188 [INFO] ThirdParty:967 - CMSIS Pack Vendor :STMicroelectronics X-CUBE-SUBG2 5.0.0
2024-12-11 17:24:56,189 [INFO] ThirdParty:967 - CMSIS Pack Vendor :STMicroelectronics lwIP 2.0.3
2024-12-11 17:24:56,189 [INFO] ThirdParty:967 - CMSIS Pack Vendor :STMicroelectronics X-CUBE-NFC4 2.0.5
2024-12-11 17:24:56,189 [INFO] ThirdParty:967 - CMSIS Pack Vendor :STMicroelectronics X-CUBE-NFC4 2.0.4
2024-12-11 17:24:56,189 [INFO] ThirdParty:967 - CMSIS Pack Vendor :STMicroelectronics USB_HOST 1.0.0
2024-12-11 17:24:56,189 [INFO] ThirdParty:967 - CMSIS Pack Vendor :STMicroelectronics X-CUBE-AI 9.0.0
2024-12-11 17:24:56,190 [INFO] ThirdParty:967 - CMSIS Pack Vendor :STMicroelectronics X-CUBE-AZRTOS-G4 2.0.0
2024-12-11 17:24:56,190 [INFO] ThirdParty:967 - CMSIS Pack Vendor :STMicroelectronics PDM2PCM 3.1.0
2024-12-11 17:24:56,190 [INFO] ThirdParty:967 - CMSIS Pack Vendor :STMicroelectronics X-CUBE-AZRTOS-H7 3.1.0
2024-12-11 17:24:56,191 [INFO] ThirdParty:967 - CMSIS Pack Vendor :STMicroelectronics FP-ATR-ASTRA1 1.1.1
2024-12-11 17:24:56,191 [INFO] ThirdParty:967 - CMSIS Pack Vendor :STMicroelectronics PDM2PCM 3.3.0
2024-12-11 17:24:56,191 [INFO] ThirdParty:967 - CMSIS Pack Vendor :STMicroelectronics X-CUBE-TOF1 3.1.0
2024-12-11 17:24:56,191 [INFO] ThirdParty:967 - CMSIS Pack Vendor :STMicroelectronics X-CUBE-BLEMGR 1.3.0
2024-12-11 17:24:56,191 [INFO] ThirdParty:967 - CMSIS Pack Vendor :STMicroelectronics FP-ATR-SIGFOX1 3.2.0
2024-12-11 17:24:56,191 [INFO] ThirdParty:967 - CMSIS Pack Vendor :STMicroelectronics X-CUBE-AZRTOS-G4 1.0.0
2024-12-11 17:24:56,192 [INFO] ThirdParty:967 - CMSIS Pack Vendor :STMicroelectronics X-CUBE-NFC10 1.0.0
2024-12-11 17:24:56,192 [INFO] ThirdParty:967 - CMSIS Pack Vendor :STMicroelectronics X-CUBE-AZRTOS-L4 1.0.0
2024-12-11 17:24:56,192 [INFO] ThirdParty:967 - CMSIS Pack Vendor :wolfSSL I-CUBE-wolfSSL 5.5.0
2024-12-11 17:24:56,192 [INFO] ThirdParty:967 - CMSIS Pack Vendor :STMicroelectronics X-CUBE-EEPRMA1 5.1.0
2024-12-11 17:24:56,192 [INFO] ThirdParty:967 - CMSIS Pack Vendor :STMicroelectronics HAL Drivers 0.0.0
2024-12-11 17:24:56,192 [INFO] ThirdParty:967 - CMSIS Pack Vendor :STMicroelectronics MBEDTLS 2.16.2
2024-12-11 17:24:56,192 [INFO] ThirdParty:967 - CMSIS Pack Vendor :emotas I-CUBE-CANOPEN 1.1.2
2024-12-11 17:24:56,192 [INFO] ThirdParty:967 - CMSIS Pack Vendor :STMicroelectronics X-CUBE-TOUCHGFX 4.20.0
2024-12-11 17:24:56,193 [INFO] ThirdParty:967 - CMSIS Pack Vendor :STMicroelectronics X-CUBE-MEMS1 10.0.0
2024-12-11 17:24:56,193 [INFO] ThirdParty:967 - CMSIS Pack Vendor :STMicroelectronics X-CUBE-NFC7 1.0.1
2024-12-11 17:24:56,193 [INFO] ThirdParty:967 - CMSIS Pack Vendor :STMicroelectronics MBEDTLS 2.14.1
2024-12-11 17:24:56,193 [INFO] ThirdParty:967 - CMSIS Pack Vendor :STMicroelectronics X-CUBE-NFC7 1.0.0
2024-12-11 17:24:56,193 [INFO] ThirdParty:967 - CMSIS Pack Vendor :STMicroelectronics X-CUBE-TOUCHGFX 4.24.0
2024-12-11 17:24:56,193 [INFO] ThirdParty:967 - CMSIS Pack Vendor :STMicroelectronics X-CUBE-TOUCHGFX 4.22.1
2024-12-11 17:24:56,193 [INFO] ThirdParty:967 - CMSIS Pack Vendor :STMicroelectronics X-CUBE-AZRTOS-WL 1.0.0
2024-12-11 17:24:56,193 [INFO] ThirdParty:967 - CMSIS Pack Vendor :STMicroelectronics X-CUBE-TOUCHGFX 4.24.1
2024-12-11 17:24:56,193 [INFO] ThirdParty:967 - CMSIS Pack Vendor :STMicroelectronics X-CUBE-NFC6 3.0.0
2024-12-11 17:24:56,193 [INFO] ThirdParty:967 - CMSIS Pack Vendor :wolfSSL I-CUBE-wolfTPM 3.4.0
2024-12-11 17:24:56,193 [INFO] ThirdParty:967 - CMSIS Pack Vendor :STMicroelectronics X-CUBE-MEMS1 9.3.0
2024-12-11 17:24:56,193 [INFO] ThirdParty:967 - CMSIS Pack Vendor :STMicroelectronics X-CUBE-EEPRMA1 4.1.0
2024-12-11 17:24:56,193 [INFO] ThirdParty:967 - CMSIS Pack Vendor :portGmbH I-Cube-SoM-uGOAL 1.1.0
2024-12-11 17:24:56,193 [INFO] ThirdParty:967 - CMSIS Pack Vendor :STMicroelectronics X-CUBE-ALS 1.0.1
2024-12-11 17:24:56,193 [INFO] ThirdParty:967 - CMSIS Pack Vendor :STMicroelectronics X-CUBE-AI 7.2.0
2024-12-11 17:24:56,196 [INFO] ThirdParty:967 - CMSIS Pack Vendor :STMicroelectronics X-CUBE-AZRTOS-WB 1.1.0
2024-12-11 17:24:56,196 [INFO] ThirdParty:967 - CMSIS Pack Vendor :STMicroelectronics X-CUBE-AZRTOS-WL 2.0.0
2024-12-11 17:24:56,196 [INFO] ThirdParty:967 - CMSIS Pack Vendor :SEGGER I-CUBE-embOS 1.3.1
2024-12-11 17:24:56,196 [INFO] ThirdParty:967 - CMSIS Pack Vendor :STMicroelectronics X-CUBE-ALGOBUILD 1.4.0
2024-12-11 17:24:56,196 [INFO] ThirdParty:967 - CMSIS Pack Vendor :STMicroelectronics X-CUBE-AZRTOS-L5 1.0.0
2024-12-11 17:24:56,196 [INFO] ThirdParty:967 - CMSIS Pack Vendor :STMicroelectronics USB_DEVICE 1.0.0
2024-12-11 17:24:56,196 [INFO] ThirdParty:967 - CMSIS Pack Vendor :STMicroelectronics X-CUBE-AI 8.1.0
2024-12-11 17:24:56,197 [INFO] ThirdParty:967 - CMSIS Pack Vendor :STMicroelectronics X-CUBE-EEPRMA1 3.1.1
2024-12-11 17:24:56,197 [INFO] ThirdParty:967 - CMSIS Pack Vendor :STMicroelectronics X-CUBE-AZRTOS-H7RS 1.0.0
2024-12-11 17:24:56,197 [INFO] ThirdParty:967 - CMSIS Pack Vendor :wolfSSL I-CUBE-wolfMQTT 1.19.0
2024-12-11 17:24:56,197 [INFO] ThirdParty:967 - CMSIS Pack Vendor :STMicroelectronics X-CUBE-AZRTOS-L4 2.0.0
2024-12-11 17:24:56,197 [INFO] ThirdParty:967 - CMSIS Pack Vendor :STMicroelectronics ThreadX 0.0.2
2024-12-11 17:24:56,198 [INFO] ThirdParty:967 - CMSIS Pack Vendor :WES I-CUBE-Cesium 1.3.0
2024-12-11 17:24:56,198 [INFO] ThirdParty:967 - CMSIS Pack Vendor :STMicroelectronics FP-ATR-ASTRA1 2.0.0
2024-12-11 17:24:56,198 [INFO] ThirdParty:967 - CMSIS Pack Vendor :STMicroelectronics lwIP 2.1.2
2024-12-11 17:24:56,198 [INFO] ThirdParty:967 - CMSIS Pack Vendor :STMicroelectronics X-CUBE-SFXS2LP1 4.0.0
2024-12-11 17:24:56,198 [INFO] ThirdParty:967 - CMSIS Pack Vendor :STMicroelectronics X-CUBE-AI 9.1.0
2024-12-11 17:24:56,199 [INFO] ThirdParty:967 - CMSIS Pack Vendor :STMicroelectronics X-CUBE-TOF1 3.2.0
2024-12-11 17:24:56,199 [INFO] ThirdParty:967 - CMSIS Pack Vendor :STMicroelectronics PDM2PCM 3.2.0
2024-12-11 17:24:56,199 [INFO] ThirdParty:967 - CMSIS Pack Vendor :STMicroelectronics X-CUBE-AZRTOS-H7 3.0.0
2024-12-11 17:24:56,199 [INFO] ThirdParty:967 - CMSIS Pack Vendor :wolfSSL I-CUBE-wolfSSH 1.4.17
2024-12-11 17:24:56,199 [INFO] ThirdParty:967 - CMSIS Pack Vendor :STMicroelectronics X-CUBE-ISPU 1.0.0
2024-12-11 17:24:56,199 [INFO] ThirdParty:787 - exiting critical section [change project]
2024-12-11 17:24:56,671 [INFO] PinOutPanel:1463 - setPackage(No Configuration,No Configuration)
2024-12-11 17:24:56,674 [INFO] PinOutPanel:1463 - setPackage(STM32F103C6Tx,LQFP48)
2024-12-11 17:24:57,425 [INFO] UtilMem:74 - Before build in PCC Used Memory: 892143096 Bytes (1027604480)
2024-12-11 17:24:58,332 [INFO] UtilMem:74 - After build in PCC Used Memory: 887639800 Bytes (1027604480)
2024-12-11 17:24:58,366 [INFO] IPUIPlugin:74 - create IPUIPlugin
2024-12-11 17:24:58,366 [INFO] IPUIPlugin:74 - create IPUIPlugin
2024-12-11 17:24:58,366 [INFO] IPUIPlugin:74 - create IPUIPlugin
2024-12-11 17:24:58,367 [INFO] IPUIPlugin:74 - create IPUIPlugin
2024-12-11 17:24:58,367 [INFO] IPUIPlugin:74 - create IPUIPlugin
2024-12-11 17:24:58,367 [INFO] IPUIPlugin:74 - create IPUIPlugin
2024-12-11 17:24:58,367 [INFO] IPUIPlugin:74 - create IPUIPlugin
2024-12-11 17:24:58,368 [INFO] IPUIPlugin:74 - create IPUIPlugin
2024-12-11 17:24:58,368 [INFO] IPUIPlugin:74 - create IPUIPlugin
2024-12-11 17:24:58,368 [INFO] IPUIPlugin:74 - create IPUIPlugin
2024-12-11 17:24:58,368 [INFO] IPUIPlugin:74 - create IPUIPlugin
2024-12-11 17:24:58,369 [INFO] IPUIPlugin:74 - create IPUIPlugin
2024-12-11 17:24:58,370 [INFO] IPUIPlugin:74 - create IPUIPlugin
2024-12-11 17:24:58,370 [INFO] IPUIPlugin:74 - create IPUIPlugin
2024-12-11 17:24:58,371 [INFO] IPUIPlugin:74 - create IPUIPlugin
2024-12-11 17:24:58,371 [INFO] IPUIPlugin:74 - create IPUIPlugin
2024-12-11 17:24:58,372 [INFO] IPUIPlugin:74 - create IPUIPlugin
2024-12-11 17:24:58,372 [INFO] IPUIPlugin:74 - create IPUIPlugin
2024-12-11 17:24:58,373 [INFO] IPUIPlugin:74 - create IPUIPlugin
2024-12-11 17:24:58,374 [INFO] IPUIPlugin:74 - create IPUIPlugin
2024-12-11 17:24:58,374 [INFO] IPUIPlugin:74 - create IPUIPlugin
2024-12-11 17:24:58,375 [INFO] IPUIPlugin:74 - create IPUIPlugin
2024-12-11 17:24:58,376 [INFO] IPUIPlugin:74 - create IPUIPlugin
2024-12-11 17:24:58,557 [INFO] OpenFileManager:333 - Restore cursor
2024-12-11 17:24:59,111 [INFO] UtilMem:74 - End SaveConfig() Used Memory: 907270128 Bytes (1027604480)
2024-12-11 17:24:59,257 [INFO] UtilMem:74 - End SaveConfig() Used Memory: 920919080 Bytes (1027604480)
2024-12-11 17:24:59,958 [INFO] BlockDiagram:2740 - set Specific Code input for plugin: NVIC
2024-12-11 17:24:59,959 [INFO] BlockDiagram:2740 - set Specific Code input for plugin: SYS
2024-12-11 17:24:59,959 [INFO] BlockDiagram:2740 - set Specific Code input for plugin: RCC
2024-12-11 17:24:59,961 [INFO] CodeGenerator:663 - code generatio: config db path: C:\ST\STM32CubeIDE_1.7.0\STM32CubeIDE\plugins\com.st.stm32cube.common.mx_6.3.0.202107141111\\db\
2024-12-11 17:25:00,683 [INFO] CodeEngine:239 - oldGeneratedFile, C:\Users\Admin\Desktop\LAB VXL\LAB 1\BAI1\source\EX1\MXTmpFiles\license.tmp_save
2024-12-11 17:25:01,268 [INFO] CodeEngine:257 - Generated code: C:\Users\Admin\Desktop\LAB VXL\LAB 1\BAI1\source\EX1\MXTmpFiles\license.tmp
2024-12-11 17:25:01,429 [INFO] CodeEngine:239 - oldGeneratedFile, C:\Users\Admin\Desktop\LAB VXL\LAB 1\BAI1\source\EX1\Core\Src\stm32f1xx_it.c_save
2024-12-11 17:25:01,709 [INFO] CodeEngine:257 - Generated code: C:\Users\Admin\Desktop\LAB VXL\LAB 1\BAI1\source\EX1\Core\Src\stm32f1xx_it.c
2024-12-11 17:25:01,714 [INFO] CodeEngine:239 - oldGeneratedFile, C:\Users\Admin\Desktop\LAB VXL\LAB 1\BAI1\source\EX1\Core\Inc\stm32f1xx_it.h_save
2024-12-11 17:25:01,824 [INFO] CodeEngine:257 - Generated code: C:\Users\Admin\Desktop\LAB VXL\LAB 1\BAI1\source\EX1\Core\Inc\stm32f1xx_it.h
2024-12-11 17:25:01,838 [INFO] CodeEngine:239 - oldGeneratedFile, C:\Users\Admin\Desktop\LAB VXL\LAB 1\BAI1\source\EX1\Core\Src\stm32f1xx_hal_msp.c_save
2024-12-11 17:25:02,008 [INFO] CodeEngine:257 - Generated code: C:\Users\Admin\Desktop\LAB VXL\LAB 1\BAI1\source\EX1\Core\Src\stm32f1xx_hal_msp.c
2024-12-11 17:25:02,013 [INFO] CodeEngine:239 - oldGeneratedFile, C:\Users\Admin\Desktop\LAB VXL\LAB 1\BAI1\source\EX1\MXTmpFiles\system.tmp_save
2024-12-11 17:25:02,140 [INFO] CodeEngine:257 - Generated code: C:\Users\Admin\Desktop\LAB VXL\LAB 1\BAI1\source\EX1\MXTmpFiles\system.tmp
2024-12-11 17:25:02,152 [INFO] CodeEngine:239 - oldGeneratedFile, C:\Users\Admin\Desktop\LAB VXL\LAB 1\BAI1\source\EX1\Core\Inc\stm32f1xx_hal_conf.h_save
2024-12-11 17:25:02,351 [INFO] CodeEngine:257 - Generated code: C:\Users\Admin\Desktop\LAB VXL\LAB 1\BAI1\source\EX1\Core\Inc\stm32f1xx_hal_conf.h
2024-12-11 17:25:02,443 [INFO] CodeEngine:239 - oldGeneratedFile, C:\Users\Admin\Desktop\LAB VXL\LAB 1\BAI1\source\EX1\Core\Inc\main.h_save
2024-12-11 17:25:02,646 [INFO] CodeEngine:257 - Generated code: C:\Users\Admin\Desktop\LAB VXL\LAB 1\BAI1\source\EX1\Core\Inc\main.h
2024-12-11 17:25:02,652 [INFO] CodeEngine:239 - oldGeneratedFile, C:\Users\Admin\Desktop\LAB VXL\LAB 1\BAI1\source\EX1\Core\Src\main.c_save
2024-12-11 17:25:02,937 [INFO] CodeEngine:257 - Generated code: C:\Users\Admin\Desktop\LAB VXL\LAB 1\BAI1\source\EX1\Core\Src\main.c
2024-12-11 17:25:06,455 [INFO] ProjectBuilder:2578 - Time for Copy HAL[1] : 213mS.
2024-12-11 17:25:06,468 [INFO] ProjectBuilder:3622 - Project Generator version: 3.14.1
2024-12-11 17:25:07,871 [INFO] ConfigFileManager:1271 - The Die is : DIE412
2024-12-11 17:25:07,901 [INFO] ApiDbMcu:468 - Load IP Config File for FATFS
2024-12-11 17:25:07,987 [INFO] ApiDbMcu:468 - Load IP Config File for FREERTOS
2024-12-11 17:25:08,108 [INFO] ApiDbMcu:468 - Load IP Config File for USB_DEVICE
2024-12-11 17:25:22,100 [INFO] ProjectBuilder:3789 - Time for Generating toolchain IDE Files: 15632mS.
2024-12-11 17:25:22,111 [INFO] ProjectBuilder:2457 - Time for Copy CMSIS : 8mS.
2024-12-11 17:25:22,123 [INFO] ProjectBuilder:2457 - Time for Copy CMSIS : 1mS.
2024-12-11 17:25:25,693 [INFO] McuFinderGlobals:52 - Set McuFinderConnectedMode to true
2024-12-11 17:25:25,697 [INFO] ApiDb:276 - Save user favorites file C:\Users\Admin/.stm32cubeide/favorites.mcus.txt: 0 item(s)
2024-12-11 17:25:25,697 [INFO] ApiDb:280 - User favorites MCUs=[]
2024-12-11 17:26:04,197 [INFO] UtilMem:74 - End SaveConfig() Used Memory: 858511760 Bytes (1073741824)
2024-12-11 17:26:04,782 [INFO] UtilMem:74 - End SaveConfig() Used Memory: 875798720 Bytes (1073741824)
2024-12-11 17:26:07,147 [INFO] UtilMem:74 - End SaveConfig() Used Memory: 941409600 Bytes (1073741824)
2024-12-11 17:26:08,088 [INFO] BlockDiagram:2740 - set Specific Code input for plugin: NVIC
2024-12-11 17:26:08,088 [INFO] BlockDiagram:2740 - set Specific Code input for plugin: SYS
2024-12-11 17:26:08,089 [INFO] BlockDiagram:2740 - set Specific Code input for plugin: GPIO
2024-12-11 17:26:08,089 [INFO] BlockDiagram:2740 - set Specific Code input for plugin: RCC
2024-12-11 17:26:08,091 [INFO] CodeGenerator:663 - code generatio: config db path: C:\ST\STM32CubeIDE_1.7.0\STM32CubeIDE\plugins\com.st.stm32cube.common.mx_6.3.0.202107141111\\db\
2024-12-11 17:26:09,001 [INFO] CodeEngine:239 - oldGeneratedFile, C:\Users\Admin\Desktop\LAB VXL\LAB 1\BAI1\source\EX1\MXTmpFiles\license.tmp_save
2024-12-11 17:26:09,246 [INFO] CodeEngine:257 - Generated code: C:\Users\Admin\Desktop\LAB VXL\LAB 1\BAI1\source\EX1\MXTmpFiles\license.tmp
2024-12-11 17:26:09,418 [INFO] CodeEngine:239 - oldGeneratedFile, C:\Users\Admin\Desktop\LAB VXL\LAB 1\BAI1\source\EX1\MXTmpFiles\gpio.tmp_save
2024-12-11 17:26:09,624 [INFO] CodeEngine:257 - Generated code: C:\Users\Admin\Desktop\LAB VXL\LAB 1\BAI1\source\EX1\MXTmpFiles\gpio.tmp
2024-12-11 17:26:09,720 [INFO] CodeEngine:239 - oldGeneratedFile, C:\Users\Admin\Desktop\LAB VXL\LAB 1\BAI1\source\EX1\Core\Src\stm32f1xx_it.c_save
2024-12-11 17:26:09,908 [INFO] CodeEngine:257 - Generated code: C:\Users\Admin\Desktop\LAB VXL\LAB 1\BAI1\source\EX1\Core\Src\stm32f1xx_it.c
2024-12-11 17:26:09,920 [INFO] CodeEngine:239 - oldGeneratedFile, C:\Users\Admin\Desktop\LAB VXL\LAB 1\BAI1\source\EX1\Core\Inc\stm32f1xx_it.h_save
2024-12-11 17:26:10,130 [INFO] CodeEngine:257 - Generated code: C:\Users\Admin\Desktop\LAB VXL\LAB 1\BAI1\source\EX1\Core\Inc\stm32f1xx_it.h
2024-12-11 17:26:10,213 [INFO] CodeEngine:239 - oldGeneratedFile, C:\Users\Admin\Desktop\LAB VXL\LAB 1\BAI1\source\EX1\Core\Src\stm32f1xx_hal_msp.c_save
2024-12-11 17:26:10,536 [INFO] CodeEngine:257 - Generated code: C:\Users\Admin\Desktop\LAB VXL\LAB 1\BAI1\source\EX1\Core\Src\stm32f1xx_hal_msp.c
2024-12-11 17:26:10,545 [INFO] CodeEngine:239 - oldGeneratedFile, C:\Users\Admin\Desktop\LAB VXL\LAB 1\BAI1\source\EX1\MXTmpFiles\system.tmp_save
2024-12-11 17:26:10,755 [INFO] CodeEngine:257 - Generated code: C:\Users\Admin\Desktop\LAB VXL\LAB 1\BAI1\source\EX1\MXTmpFiles\system.tmp
2024-12-11 17:26:10,811 [INFO] CodeEngine:239 - oldGeneratedFile, C:\Users\Admin\Desktop\LAB VXL\LAB 1\BAI1\source\EX1\Core\Inc\stm32f1xx_hal_conf.h_save
2024-12-11 17:26:11,203 [INFO] CodeEngine:257 - Generated code: C:\Users\Admin\Desktop\LAB VXL\LAB 1\BAI1\source\EX1\Core\Inc\stm32f1xx_hal_conf.h
2024-12-11 17:26:11,446 [INFO] CodeEngine:239 - oldGeneratedFile, C:\Users\Admin\Desktop\LAB VXL\LAB 1\BAI1\source\EX1\Core\Inc\main.h_save
2024-12-11 17:26:11,873 [INFO] CodeEngine:257 - Generated code: C:\Users\Admin\Desktop\LAB VXL\LAB 1\BAI1\source\EX1\Core\Inc\main.h
2024-12-11 17:26:11,922 [INFO] CodeEngine:239 - oldGeneratedFile, C:\Users\Admin\Desktop\LAB VXL\LAB 1\BAI1\source\EX1\Core\Src\main.c_save
2024-12-11 17:26:12,351 [INFO] CodeEngine:257 - Generated code: C:\Users\Admin\Desktop\LAB VXL\LAB 1\BAI1\source\EX1\Core\Src\main.c
2024-12-11 17:26:15,316 [INFO] ProjectBuilder:2578 - Time for Copy HAL[1] : 201mS.
2024-12-11 17:26:15,329 [INFO] ProjectBuilder:3622 - Project Generator version: 3.14.1
2024-12-11 17:26:16,803 [INFO] ConfigFileManager:1271 - The Die is : DIE412
2024-12-11 17:26:21,901 [INFO] ProjectBuilder:3789 - Time for Generating toolchain IDE Files: 6572mS.
2024-12-11 17:26:21,903 [INFO] ProjectBuilder:2457 - Time for Copy CMSIS : 0mS.
2024-12-11 17:26:21,911 [INFO] ProjectBuilder:2457 - Time for Copy CMSIS : 0mS.
2024-12-11 18:16:28,383 [INFO] Activator:177 - 


2024-12-11 18:16:28,385 [INFO] Activator:178 - !SESSION log4j initialized
