2024-12-11 20:36:43,027 [INFO] Activator:177 - 


2024-12-11 20:36:43,033 [INFO] Activator:178 - !SESSION log4j initialized
2024-12-11 20:37:41,698 [INFO] McuFinderGlobals:39 - Set McuFinder mode to 2 (CubeIDE integrated)
2024-12-11 20:37:42,213 [INFO] ApplicationProperties:181 - Using Application install path: C:\ST\STM32CubeIDE_1.7.0\STM32CubeIDE\plugins\com.st.stm32cube.common.mx_6.3.0.202107141111
2024-12-11 20:37:42,229 [INFO] DbMcusXml:74 - Set database path to: C:\ST\STM32CubeIDE_1.7.0\STM32CubeIDE\plugins\com.st.stm32cube.common.mx_6.3.0.202107141111\\db\/mcu/
2024-12-11 20:37:42,229 [INFO] DbBoardsPdsc:56 - Set plugin database path to: C:\ST\STM32CubeIDE_1.7.0\STM32CubeIDE\plugins\com.st.stm32cube.common.mx_6.3.0.202107141111\\db\/plugins/boardmanager/
2024-12-11 20:37:42,229 [INFO] DbMcus:258 - Set plugin images path to: C:\ST\STM32CubeIDE_1.7.0\STM32CubeIDE\plugins\com.st.stm32cube.common.mx_6.3.0.202107141111\\db\/plugins/mcufinder/images/
2024-12-11 20:37:42,229 [INFO] DbBoards:264 - Set plugin images path to: C:\ST\STM32CubeIDE_1.7.0\STM32CubeIDE\plugins\com.st.stm32cube.common.mx_6.3.0.202107141111\\db\/plugins/mcufinder/images/
2024-12-11 20:37:42,229 [INFO] DbExamples:333 - Set plugin images path to: C:\ST\STM32CubeIDE_1.7.0\STM32CubeIDE\plugins\com.st.stm32cube.common.mx_6.3.0.202107141111\\db\/plugins/mcufinder/images/
2024-12-11 20:37:42,229 [INFO] DbMcusAds:119 - Set database path to: C:\Users\Admin\.stmcufinder\plugins\mcufinder//mcu/
2024-12-11 20:37:42,229 [INFO] DbMcusDocs:110 - Set database path to: C:\Users\Admin\.stmcufinder\plugins\mcufinder//mcu/
2024-12-11 20:37:42,245 [INFO] DbMcusJson:64 - Set database path to: C:\Users\Admin\.stmcufinder\plugins\mcufinder//mcu/
2024-12-11 20:37:42,245 [INFO] DbBoardsDocs:110 - Set database path to: C:\Users\Admin\.stmcufinder\plugins\mcufinder//mcu/
2024-12-11 20:37:42,245 [INFO] DbBoardsJson:57 - Set database path to: C:\Users\Admin\.stmcufinder\plugins\mcufinder//mcu/
2024-12-11 20:37:42,932 [INFO] CrossReferenceDbSqlite:196 - Set database path to: C:\Users\Admin\.stmcufinder\plugins\mcufinder//mcu/cs/
2024-12-11 20:37:42,932 [INFO] DbExamplesSqlite:767 - Set database path to: C:\Users\Admin\.stmcufinder\plugins\mcufinder//mcu/
2024-12-11 20:37:43,041 [INFO] RulesReader:57 - Compatibility file has been processed (242 Rules)
2024-12-11 20:37:43,119 [INFO] DbMcusXml:74 - Set database path to: C:\ST\STM32CubeIDE_1.7.0\STM32CubeIDE\plugins\com.st.stm32cube.common.mx_6.3.0.202107141111\\db\/mcu/
2024-12-11 20:37:43,119 [INFO] DbBoardsPdsc:56 - Set plugin database path to: C:\ST\STM32CubeIDE_1.7.0\STM32CubeIDE\plugins\com.st.stm32cube.common.mx_6.3.0.202107141111\\db\/plugins/boardmanager/
2024-12-11 20:37:43,119 [INFO] DbMcus:258 - Set plugin images path to: C:\ST\STM32CubeIDE_1.7.0\STM32CubeIDE\plugins\com.st.stm32cube.common.mx_6.3.0.202107141111\\db\/plugins/mcufinder/images/
2024-12-11 20:37:43,119 [INFO] DbBoards:264 - Set plugin images path to: C:\ST\STM32CubeIDE_1.7.0\STM32CubeIDE\plugins\com.st.stm32cube.common.mx_6.3.0.202107141111\\db\/plugins/mcufinder/images/
2024-12-11 20:37:43,119 [INFO] DbExamples:333 - Set plugin images path to: C:\ST\STM32CubeIDE_1.7.0\STM32CubeIDE\plugins\com.st.stm32cube.common.mx_6.3.0.202107141111\\db\/plugins/mcufinder/images/
2024-12-11 20:37:43,119 [WARN] DbFile:35 - Overriding database path with different value: C:\Users\Admin\.stmcufinder\plugins\mcufinder/ => C:\Users\Admin\.stmcufinder\plugins\mcufinder
2024-12-11 20:37:43,119 [INFO] DbMcusAds:119 - Set database path to: C:\Users\Admin\.stmcufinder\plugins\mcufinder//mcu/
2024-12-11 20:37:43,119 [WARN] DbFile:35 - Overriding database path with different value: C:\Users\Admin\.stmcufinder\plugins\mcufinder/ => C:\Users\Admin\.stmcufinder\plugins\mcufinder
2024-12-11 20:37:43,119 [INFO] DbMcusDocs:110 - Set database path to: C:\Users\Admin\.stmcufinder\plugins\mcufinder//mcu/
2024-12-11 20:37:43,119 [WARN] DbFile:35 - Overriding database path with different value: C:\Users\Admin\.stmcufinder\plugins\mcufinder/ => C:\Users\Admin\.stmcufinder\plugins\mcufinder
2024-12-11 20:37:43,119 [INFO] DbMcusJson:64 - Set database path to: C:\Users\Admin\.stmcufinder\plugins\mcufinder//mcu/
2024-12-11 20:37:43,119 [WARN] DbFile:35 - Overriding database path with different value: C:\Users\Admin\.stmcufinder\plugins\mcufinder/ => C:\Users\Admin\.stmcufinder\plugins\mcufinder
2024-12-11 20:37:43,119 [INFO] DbBoardsDocs:110 - Set database path to: C:\Users\Admin\.stmcufinder\plugins\mcufinder//mcu/
2024-12-11 20:37:43,119 [WARN] DbFile:35 - Overriding database path with different value: C:\Users\Admin\.stmcufinder\plugins\mcufinder/ => C:\Users\Admin\.stmcufinder\plugins\mcufinder
2024-12-11 20:37:43,119 [INFO] DbBoardsJson:57 - Set database path to: C:\Users\Admin\.stmcufinder\plugins\mcufinder//mcu/
2024-12-11 20:37:43,119 [WARN] DbFile:35 - Overriding database path with different value: C:\Users\Admin\.stmcufinder\plugins\mcufinder/ => C:\Users\Admin\.stmcufinder\plugins\mcufinder
2024-12-11 20:37:43,119 [WARN] DbFile:35 - Overriding database path with different value: C:\Users\Admin\.stmcufinder\plugins\mcufinder/ => C:\Users\Admin\.stmcufinder\plugins\mcufinder
2024-12-11 20:37:43,932 [INFO] CrossReferenceDbSqlite:196 - Set database path to: C:\Users\Admin\.stmcufinder\plugins\mcufinder//mcu/cs/
2024-12-11 20:37:43,932 [WARN] DbFile:35 - Overriding database path with different value: C:\Users\Admin\.stmcufinder\plugins\mcufinder/ => C:\Users\Admin\.stmcufinder\plugins\mcufinder
2024-12-11 20:37:43,932 [INFO] DbExamplesSqlite:767 - Set database path to: C:\Users\Admin\.stmcufinder\plugins\mcufinder//mcu/
2024-12-11 20:37:44,025 [INFO] MainPanel:214 - HeapMemory: 268435456
2024-12-11 20:37:44,135 [INFO] DbMcusXml:74 - Set database path to: C:\ST\STM32CubeIDE_1.7.0\STM32CubeIDE\plugins\com.st.stm32cube.common.mx_6.3.0.202107141111\\db\/mcu/
2024-12-11 20:37:44,135 [INFO] DbBoardsPdsc:56 - Set plugin database path to: C:\ST\STM32CubeIDE_1.7.0\STM32CubeIDE\plugins\com.st.stm32cube.common.mx_6.3.0.202107141111\\db\/plugins/boardmanager/
2024-12-11 20:37:44,135 [INFO] DbMcus:258 - Set plugin images path to: C:\ST\STM32CubeIDE_1.7.0\STM32CubeIDE\plugins\com.st.stm32cube.common.mx_6.3.0.202107141111\\db\/plugins/mcufinder/images/
2024-12-11 20:37:44,135 [INFO] DbBoards:264 - Set plugin images path to: C:\ST\STM32CubeIDE_1.7.0\STM32CubeIDE\plugins\com.st.stm32cube.common.mx_6.3.0.202107141111\\db\/plugins/mcufinder/images/
2024-12-11 20:37:44,135 [INFO] DbExamples:333 - Set plugin images path to: C:\ST\STM32CubeIDE_1.7.0\STM32CubeIDE\plugins\com.st.stm32cube.common.mx_6.3.0.202107141111\\db\/plugins/mcufinder/images/
2024-12-11 20:37:44,135 [WARN] DbFile:35 - Overriding database path with different value: C:\Users\Admin\.stmcufinder\plugins\mcufinder/ => C:\Users\Admin\.stmcufinder\plugins\mcufinder
2024-12-11 20:37:44,135 [INFO] DbMcusAds:119 - Set database path to: C:\Users\Admin\.stmcufinder\plugins\mcufinder//mcu/
2024-12-11 20:37:44,135 [WARN] DbFile:35 - Overriding database path with different value: C:\Users\Admin\.stmcufinder\plugins\mcufinder/ => C:\Users\Admin\.stmcufinder\plugins\mcufinder
2024-12-11 20:37:44,135 [INFO] DbMcusDocs:110 - Set database path to: C:\Users\Admin\.stmcufinder\plugins\mcufinder//mcu/
2024-12-11 20:37:44,135 [WARN] DbFile:35 - Overriding database path with different value: C:\Users\Admin\.stmcufinder\plugins\mcufinder/ => C:\Users\Admin\.stmcufinder\plugins\mcufinder
2024-12-11 20:37:44,135 [INFO] DbMcusJson:64 - Set database path to: C:\Users\Admin\.stmcufinder\plugins\mcufinder//mcu/
2024-12-11 20:37:44,135 [WARN] DbFile:35 - Overriding database path with different value: C:\Users\Admin\.stmcufinder\plugins\mcufinder/ => C:\Users\Admin\.stmcufinder\plugins\mcufinder
2024-12-11 20:37:44,135 [INFO] DbBoardsDocs:110 - Set database path to: C:\Users\Admin\.stmcufinder\plugins\mcufinder//mcu/
2024-12-11 20:37:44,135 [WARN] DbFile:35 - Overriding database path with different value: C:\Users\Admin\.stmcufinder\plugins\mcufinder/ => C:\Users\Admin\.stmcufinder\plugins\mcufinder
2024-12-11 20:37:44,135 [INFO] DbBoardsJson:57 - Set database path to: C:\Users\Admin\.stmcufinder\plugins\mcufinder//mcu/
2024-12-11 20:37:44,135 [WARN] DbFile:35 - Overriding database path with different value: C:\Users\Admin\.stmcufinder\plugins\mcufinder/ => C:\Users\Admin\.stmcufinder\plugins\mcufinder
2024-12-11 20:37:44,135 [WARN] DbFile:35 - Overriding database path with different value: C:\Users\Admin\.stmcufinder\plugins\mcufinder/ => C:\Users\Admin\.stmcufinder\plugins\mcufinder
2024-12-11 20:37:44,931 [INFO] CrossReferenceDbSqlite:196 - Set database path to: C:\Users\Admin\.stmcufinder\plugins\mcufinder//mcu/cs/
2024-12-11 20:37:44,931 [WARN] DbFile:35 - Overriding database path with different value: C:\Users\Admin\.stmcufinder\plugins\mcufinder/ => C:\Users\Admin\.stmcufinder\plugins\mcufinder
2024-12-11 20:37:44,931 [INFO] DbExamplesSqlite:767 - Set database path to: C:\Users\Admin\.stmcufinder\plugins\mcufinder//mcu/
2024-12-11 20:37:44,963 [INFO] ApplicationProperties:181 - Using Application install path: C:\ST\STM32CubeIDE_1.7.0\STM32CubeIDE\plugins\com.st.stm32cube.common.mx_6.3.0.202107141111
2024-12-11 20:37:44,963 [INFO] PluginManage:188 - Search for loadable plugins [exclusion list=, ]
2024-12-11 20:37:44,963 [INFO] PluginManage:302 - Check plugin analytics
2024-12-11 20:37:45,978 [INFO] AnalyticsPlugin:257 - Accepted Software Licenses: 
2024-12-11 20:37:45,994 [INFO] AnalyticsPlugin:259 - Accepted CMSIS Pack Licenses: 
2024-12-11 20:37:45,994 [INFO] AnalyticsPlugin:261 - Accepted Firmware Licenses: 
2024-12-11 20:37:45,994 [INFO] PluginManage:352 - Loaded plugin analytics (category:tool,tabindex:-1)
2024-12-11 20:37:45,994 [INFO] PluginManage:302 - Check plugin clock
2024-12-11 20:37:46,025 [INFO] PluginManage:352 - Loaded plugin clock (category:base,tabindex:2)
2024-12-11 20:37:46,025 [INFO] PluginManage:302 - Check plugin ddr
2024-12-11 20:37:46,025 [INFO] PluginManage:352 - Loaded plugin ddr (category:tool,tabindex:6)
2024-12-11 20:37:46,025 [INFO] PluginManage:302 - Check plugin filemanager
2024-12-11 20:37:46,134 [INFO] PluginManage:352 - Loaded plugin filemanager (category:base,tabindex:10)
2024-12-11 20:37:46,134 [INFO] PluginManage:302 - Check plugin ipmanager
2024-12-11 20:37:46,150 [INFO] PluginManage:352 - Loaded plugin ipmanager (category:base,tabindex:5)
2024-12-11 20:37:46,150 [INFO] PluginManage:302 - Check plugin pinoutandconfiguration
2024-12-11 20:37:46,166 [INFO] PluginManage:352 - Loaded plugin pinoutandconfiguration (category:base,tabindex:1)
2024-12-11 20:37:46,166 [INFO] PluginManage:302 - Check plugin pinoutconfig
2024-12-11 20:37:46,197 [INFO] PluginManage:352 - Loaded plugin pinoutconfig (category:base,tabindex:0)
2024-12-11 20:37:46,197 [INFO] PluginManage:302 - Check plugin power
2024-12-11 20:37:46,212 [INFO] PluginManage:352 - Loaded plugin power (category:power,tabindex:4)
2024-12-11 20:37:46,212 [INFO] PluginManage:302 - Check plugin projectmanager
2024-12-11 20:37:46,228 [INFO] PluginManage:352 - Loaded plugin projectmanager (category:projectmanager,tabindex:3)
2024-12-11 20:37:46,228 [INFO] PluginManage:302 - Check plugin thirdparty
2024-12-11 20:37:46,510 [WARN] IntegrityCheckThread:78 - waiting for thirdparty lock release [integrity check]
2024-12-11 20:37:46,510 [INFO] IntegrityCheckThread:80 - entering critical section [integrity check]
2024-12-11 20:37:46,510 [INFO] PluginManage:352 - Loaded plugin thirdparty (category:base,tabindex:-1)
2024-12-11 20:37:46,510 [INFO] PluginManage:302 - Check plugin tools
2024-12-11 20:37:46,510 [INFO] ThirdPartyUpdaterWithRetryManager:66 - Updater plugin not ready yet. [1/15]
2024-12-11 20:37:46,603 [INFO] PluginManage:352 - Loaded plugin tools (category:base,tabindex:7)
2024-12-11 20:37:46,603 [INFO] PluginManage:302 - Check plugin tutovideos
2024-12-11 20:37:46,916 [INFO] PluginManage:352 - Loaded plugin tutovideos (category:base,tabindex:-1)
2024-12-11 20:37:46,916 [INFO] PluginManage:302 - Check plugin updater
2024-12-11 20:37:46,931 [INFO] PluginManage:352 - Loaded plugin updater (category:base,tabindex:12)
2024-12-11 20:37:46,931 [INFO] PluginManage:275 - PluginManage : Loaded plugins [13]
2024-12-11 20:37:47,166 [INFO] PinOutPanel:1463 - setPackage(No Configuration,No Configuration)
2024-12-11 20:37:47,275 [INFO] IPUIPlugin:74 - create IPUIPlugin
2024-12-11 20:37:47,275 [INFO] PluginManager:213 - loadIPPluginJar : add adc
2024-12-11 20:37:47,369 [INFO] IPUIPlugin:74 - create IPUIPlugin
2024-12-11 20:37:47,369 [INFO] PluginManager:213 - loadIPPluginJar : add aes
2024-12-11 20:37:47,463 [INFO] IPUIPlugin:74 - create IPUIPlugin
2024-12-11 20:37:47,463 [INFO] PluginManager:213 - loadIPPluginJar : add can
2024-12-11 20:37:47,525 [INFO] IPUIPlugin:74 - create IPUIPlugin
2024-12-11 20:37:47,525 [INFO] PluginManager:213 - loadIPPluginJar : add comp
2024-12-11 20:37:47,603 [INFO] IPUIPlugin:74 - create IPUIPlugin
2024-12-11 20:37:47,603 [INFO] PluginManager:213 - loadIPPluginJar : add cryp
2024-12-11 20:37:47,681 [INFO] IPUIPlugin:74 - create IPUIPlugin
2024-12-11 20:37:47,681 [INFO] PluginManager:213 - loadIPPluginJar : add dfsdm
2024-12-11 20:37:47,697 [INFO] IPUIPlugin:74 - create IPUIPlugin
2024-12-11 20:37:47,697 [INFO] PluginManager:213 - loadIPPluginJar : add dma
2024-12-11 20:37:47,806 [INFO] IPUIPlugin:74 - create IPUIPlugin
2024-12-11 20:37:47,806 [INFO] PluginManager:213 - loadIPPluginJar : add dma3
2024-12-11 20:37:47,900 [INFO] IPUIPlugin:74 - create IPUIPlugin
2024-12-11 20:37:47,900 [INFO] PluginManager:213 - loadIPPluginJar : add fatfs
2024-12-11 20:37:48,056 [INFO] IPUIPlugin:74 - create IPUIPlugin
2024-12-11 20:37:48,056 [INFO] PluginManager:213 - loadIPPluginJar : add fmc
2024-12-11 20:37:48,072 [INFO] IPUIPlugin:74 - create IPUIPlugin
2024-12-11 20:37:48,072 [INFO] PluginManager:213 - loadIPPluginJar : add freertos
2024-12-11 20:37:48,134 [INFO] IPUIPlugin:74 - create IPUIPlugin
2024-12-11 20:37:48,134 [INFO] PluginManager:213 - loadIPPluginJar : add genericplugin
2024-12-11 20:37:48,337 [INFO] IPUIPlugin:74 - create IPUIPlugin
2024-12-11 20:37:48,337 [INFO] PluginManager:213 - loadIPPluginJar : add gfxmmu
2024-12-11 20:37:48,619 [INFO] IPUIPlugin:74 - create IPUIPlugin
2024-12-11 20:37:48,619 [INFO] PluginManager:213 - loadIPPluginJar : add gic
2024-12-11 20:37:48,634 [INFO] IPUIPlugin:74 - create IPUIPlugin
2024-12-11 20:37:48,634 [INFO] PluginManager:213 - loadIPPluginJar : add gpio
2024-12-11 20:37:48,790 [INFO] IPUIPlugin:74 - create IPUIPlugin
2024-12-11 20:37:48,790 [INFO] PluginManager:213 - loadIPPluginJar : add gtzc
2024-12-11 20:37:48,868 [INFO] IPUIPlugin:74 - create IPUIPlugin
2024-12-11 20:37:48,868 [INFO] PluginManager:213 - loadIPPluginJar : add hash
2024-12-11 20:37:49,025 [INFO] IPUIPlugin:74 - create IPUIPlugin
2024-12-11 20:37:49,025 [INFO] PluginManager:213 - loadIPPluginJar : add i2c
2024-12-11 20:37:49,150 [INFO] IPUIPlugin:74 - create IPUIPlugin
2024-12-11 20:37:49,150 [INFO] PluginManager:213 - loadIPPluginJar : add i2s
2024-12-11 20:37:49,181 [INFO] IPUIPlugin:74 - create IPUIPlugin
2024-12-11 20:37:49,181 [INFO] PluginManager:213 - loadIPPluginJar : add ipddr
2024-12-11 20:37:49,384 [INFO] IPUIPlugin:74 - create IPUIPlugin
2024-12-11 20:37:49,384 [INFO] PluginManager:213 - loadIPPluginJar : add linkedlist
2024-12-11 20:37:49,478 [INFO] IPUIPlugin:74 - create IPUIPlugin
2024-12-11 20:37:49,478 [INFO] PluginManager:213 - loadIPPluginJar : add lorawan
2024-12-11 20:37:49,525 [INFO] ThirdPartyUpdaterWithRetryManager:66 - Updater plugin not ready yet. [2/15]
2024-12-11 20:37:49,571 [INFO] IPUIPlugin:74 - create IPUIPlugin
2024-12-11 20:37:49,571 [INFO] PluginManager:213 - loadIPPluginJar : add ltdc
2024-12-11 20:37:49,587 [INFO] IPUIPlugin:74 - create IPUIPlugin
2024-12-11 20:37:49,587 [INFO] PluginManager:213 - loadIPPluginJar : add mdma
2024-12-11 20:37:49,603 [INFO] IPUIPlugin:74 - create IPUIPlugin
2024-12-11 20:37:49,603 [INFO] PluginManager:213 - loadIPPluginJar : add nvic
2024-12-11 20:37:49,696 [INFO] IPUIPlugin:74 - create IPUIPlugin
2024-12-11 20:37:49,696 [INFO] PluginManager:213 - loadIPPluginJar : add opamp
2024-12-11 20:37:49,837 [INFO] IPUIPlugin:74 - create IPUIPlugin
2024-12-11 20:37:49,837 [INFO] PluginManager:213 - loadIPPluginJar : add openamp
2024-12-11 20:37:49,931 [INFO] IPUIPlugin:74 - create IPUIPlugin
2024-12-11 20:37:49,931 [INFO] PluginManager:213 - loadIPPluginJar : add pdm2pcm
2024-12-11 20:37:49,962 [INFO] IPUIPlugin:74 - create IPUIPlugin
2024-12-11 20:37:49,962 [INFO] PluginManager:213 - loadIPPluginJar : add plateformsettings
2024-12-11 20:37:50,025 [INFO] IPUIPlugin:74 - create IPUIPlugin
2024-12-11 20:37:50,025 [INFO] PluginManager:213 - loadIPPluginJar : add quadspi
2024-12-11 20:37:50,040 [INFO] IPUIPlugin:74 - create IPUIPlugin
2024-12-11 20:37:50,040 [INFO] PluginManager:213 - loadIPPluginJar : add resmgrutility
2024-12-11 20:37:50,165 [INFO] IPUIPlugin:74 - create IPUIPlugin
2024-12-11 20:37:50,165 [INFO] PluginManager:213 - loadIPPluginJar : add sai
2024-12-11 20:37:50,259 [INFO] IPUIPlugin:74 - create IPUIPlugin
2024-12-11 20:37:50,259 [INFO] PluginManager:213 - loadIPPluginJar : add spi
2024-12-11 20:37:50,415 [INFO] IPUIPlugin:74 - create IPUIPlugin
2024-12-11 20:37:50,415 [INFO] PluginManager:213 - loadIPPluginJar : add stm32_wpan
2024-12-11 20:37:50,493 [INFO] IPUIPlugin:74 - create IPUIPlugin
2024-12-11 20:37:50,493 [INFO] PluginManager:213 - loadIPPluginJar : add tim
2024-12-11 20:37:50,634 [INFO] IPUIPlugin:74 - create IPUIPlugin
2024-12-11 20:37:50,634 [INFO] PluginManager:213 - loadIPPluginJar : add touchsensing
2024-12-11 20:37:50,697 [INFO] IPUIPlugin:74 - create IPUIPlugin
2024-12-11 20:37:50,697 [INFO] PluginManager:213 - loadIPPluginJar : add tracer_emb
2024-12-11 20:37:50,759 [INFO] IPUIPlugin:74 - create IPUIPlugin
2024-12-11 20:37:50,759 [INFO] PluginManager:213 - loadIPPluginJar : add ts
2024-12-11 20:37:50,837 [INFO] IPUIPlugin:74 - create IPUIPlugin
2024-12-11 20:37:50,837 [INFO] PluginManager:213 - loadIPPluginJar : add tsc
2024-12-11 20:37:50,884 [INFO] IPUIPlugin:74 - create IPUIPlugin
2024-12-11 20:37:50,884 [INFO] PluginManager:213 - loadIPPluginJar : add ucpd
2024-12-11 20:37:50,993 [INFO] IPUIPlugin:74 - create IPUIPlugin
2024-12-11 20:37:50,993 [INFO] PluginManager:213 - loadIPPluginJar : add usart
2024-12-11 20:37:51,071 [INFO] IPUIPlugin:74 - create IPUIPlugin
2024-12-11 20:37:51,071 [INFO] PluginManager:213 - loadIPPluginJar : add usbx
2024-12-11 20:37:51,480 [FATAL] Updater:294 - Updater called before beeing initialized
2024-12-11 20:37:51,652 [FATAL] Updater:294 - Updater called before beeing initialized
2024-12-11 20:37:51,652 [INFO] DbMcusAds:47 - JSON generation date=Fri Sep 20 20:04:23 ICT 2024 (1726837463113)
2024-12-11 20:37:51,652 [FATAL] Updater:294 - Updater called before beeing initialized
2024-12-11 20:37:51,792 [WARN] DetailPanel:314 - Failed to get advertising image, set to default
2024-12-11 20:37:51,996 [FATAL] Updater:294 - Updater called before beeing initialized
2024-12-11 20:37:51,996 [FATAL] Updater:294 - Updater called before beeing initialized
2024-12-11 20:37:52,011 [FATAL] Updater:294 - Updater called before beeing initialized
2024-12-11 20:37:52,011 [WARN] DetailPanel:314 - Failed to get advertising image, set to default
2024-12-11 20:37:52,011 [FATAL] Updater:294 - Updater called before beeing initialized
2024-12-11 20:37:52,105 [ERROR] Updater:1075 - MainUpdater not yet initialized. External WinMGr cannot be set.
2024-12-11 20:37:52,136 [INFO] Updater:1012 - Updater Version found : 6.3.0
2024-12-11 20:37:52,152 [INFO] ApplicationProperties:181 - Using Application install path: C:\ST\STM32CubeIDE_1.7.0\STM32CubeIDE\plugins\com.st.stm32cube.common.mx_6.3.0.202107141111
2024-12-11 20:37:52,527 [INFO] ThirdPartyUpdaterWithRetryManager:66 - Updater plugin not ready yet. [3/15]
2024-12-11 20:37:53,730 [INFO] MainUpdater:2671 - connection check result : 10
2024-12-11 20:37:53,730 [INFO] MainUpdater:265 - Updater Check For Update Now.
2024-12-11 20:37:53,730 [INFO] MicroXplorer:478 - Change Database Version : DB.6.0.30
2024-12-11 20:37:54,026 [INFO] CheckServerUpdateThread:112 - End of CheckServer Thread
2024-12-11 20:37:54,089 [INFO] MainUpdater:2671 - connection check result : 10
2024-12-11 20:37:54,729 [INFO] McuFinderGlobals:52 - Set McuFinderConnectedMode to false
2024-12-11 20:37:54,901 [INFO] CrossSelectorPresenter:1330 - Cross Selector saved comparison directory: C:\Users\Admin\.stmcufinder\plugins\mcufinder\mcu\cs_comparisons_mx
2024-12-11 20:37:54,917 [INFO] MultiScanPanel:197 - Auto-refresh data requested => check proxy status ongoing
2024-12-11 20:37:54,917 [INFO] MultiScanPanel:201 - Proxy status is invalid
2024-12-11 20:37:54,917 [INFO] FinderPluginLoader:87 - Searching for filters in installed packs
2024-12-11 20:37:54,917 [INFO] DbMcusXml:100 - Load MCU database from C:\ST\STM32CubeIDE_1.7.0\STM32CubeIDE\plugins\com.st.stm32cube.common.mx_6.3.0.202107141111\\db\/mcu/families.xml
2024-12-11 20:37:56,026 [ERROR] Engine:463 - C:\Users\Admin\.stm32cubemx\thirdparties\pdsc\STMicroelectronics.FP-SNS-MOTENVWB1.1.4.0.pdsc: PDSC version is not supported
2024-12-11 20:37:56,104 [WARN] PackLoader:238 - Cannot read IP mode file for STMicroelectronics.FP-ATR-ASTRA1.2.0.1
2024-12-11 20:37:56,135 [ERROR] Engine:463 - C:\Users\Admin\.stm32cubemx\thirdparties\pdsc\STMicroelectronics.X-CUBE-SMBUS.2.1.0.pdsc: PDSC version is not supported
2024-12-11 20:37:56,182 [WARN] PackLoader:238 - Cannot read IP mode file for STMicroelectronics.X-CUBE-WB05N.1.1.0
2024-12-11 20:37:56,338 [WARN] PackLoader:238 - Cannot read IP mode file for STMicroelectronics.X-CUBE-AZRTOS-F7.1.1.0
2024-12-11 20:37:56,385 [ERROR] Engine:463 - C:\Users\Admin\.stm32cubemx\thirdparties\pdsc\STMicroelectronics.FP-SNS-MOTENV1.4.3.2.pdsc: PDSC version is not supported
2024-12-11 20:37:56,416 [WARN] PackLoader:238 - Cannot read IP mode file for STMicroelectronics.X-CUBE-BLE1.6.2.3
2024-12-11 20:37:56,666 [WARN] PackLoader:238 - Cannot read IP mode file for STMicroelectronics.X-CUBE-MEMS1.11.0.0
2024-12-11 20:37:57,276 [INFO] DbMcusJson:93 - JSON generation date=Tue Nov 16 23:17:54 ICT 2021 (1637079474)
2024-12-11 20:37:57,510 [WARN] PackLoader:238 - Cannot read IP mode file for STMicroelectronics.X-CUBE-BLE1.6.2.4
2024-12-11 20:37:57,557 [WARN] PackLoader:238 - Cannot read IP mode file for STMicroelectronics.X-CUBE-TOF1.3.1.0
2024-12-11 20:37:57,619 [WARN] PackLoader:238 - Cannot read IP mode file for STMicroelectronics.X-CUBE-NFC10.1.0.0
2024-12-11 20:37:57,666 [ERROR] Engine:463 - C:\Users\Admin\.stm32cubemx\thirdparties\pdsc\STMicroelectronics.X-CUBE-BLEMGR.4.0.0.pdsc: PDSC version is not supported
2024-12-11 20:37:57,697 [WARN] PackLoader:238 - Cannot read IP mode file for STMicroelectronics.X-CUBE-TOUCHGFX.4.22.1
2024-12-11 20:37:57,900 [WARN] PackLoader:238 - Cannot read IP mode file for STMicroelectronics.X-CUBE-MEMS1.9.3.0
2024-12-11 20:37:58,478 [WARN] PackLoader:238 - Cannot read IP mode file for STMicroelectronics.X-CUBE-AI.7.2.0
2024-12-11 20:37:58,510 [ERROR] Engine:463 - C:\Users\Admin\.stm32cubemx\thirdparties\pdsc\STMicroelectronics.X-CUBE-BLEMGR.3.1.0.pdsc: PDSC version is not supported
2024-12-11 20:37:58,556 [INFO] LogOutputStream:76 - [STDOUT_REDIRECT] 1 : Invalid condition id : UX_CORESTACK_Condition cause : null
2024-12-11 20:37:58,556 [INFO] LogOutputStream:76 - [STDOUT_REDIRECT] 1 : Invalid condition id : UX_CORESTACK_Condition cause : null
2024-12-11 20:37:58,572 [INFO] LogOutputStream:76 - [STDOUT_REDIRECT] 1 : Invalid condition id : UX_CORESTACK_Condition cause : null
2024-12-11 20:37:58,572 [INFO] LogOutputStream:76 - [STDOUT_REDIRECT] 1 : Invalid condition id : UX_CORESTACK_Condition cause : null
2024-12-11 20:37:58,572 [INFO] LogOutputStream:76 - [STDOUT_REDIRECT] 1 : Invalid condition id : UX_CORESTACK_Condition cause : null
2024-12-11 20:37:58,572 [WARN] PackLoader:238 - Cannot read IP mode file for STMicroelectronics.X-CUBE-AZRTOS-WL.2.0.0
2024-12-11 20:37:58,619 [ERROR] Engine:463 - C:\Users\Admin\.stm32cubemx\thirdparties\pdsc\STMicroelectronics.FP-SNS-MOTENV1.5.0.0.pdsc: PDSC version is not supported
2024-12-11 20:37:58,635 [WARN] PackLoader:238 - Cannot read IP mode file for wolfSSL.I-CUBE-wolfMQTT.1.19.0
2024-12-11 20:37:58,681 [WARN] PackLoader:238 - Cannot read IP mode file for WES.I-CUBE-Cesium.1.3.0
2024-12-11 20:37:58,728 [WARN] PackLoader:238 - Cannot read IP mode file for STMicroelectronics.X-CUBE-TOF1.3.2.0
2024-12-11 20:37:58,775 [WARN] PackLoader:238 - Cannot read IP mode file for STMicroelectronics.X-CUBE-ISPU.1.0.0
2024-12-11 20:37:58,822 [WARN] PackLoader:238 - Cannot read IP mode file for STMicroelectronics.X-CUBE-NFC9.1.0.0
2024-12-11 20:37:58,916 [WARN] PackLoader:238 - Cannot read IP mode file for STMicroelectronics.X-CUBE-AZRTOS-H7.2.1.0
2024-12-11 20:37:58,963 [ERROR] Engine:463 - C:\Users\Admin\.stm32cubemx\thirdparties\pdsc\STMicroelectronics.X-CUBE-TCPP.4.1.0.pdsc: PDSC version is not supported
2024-12-11 20:37:58,994 [WARN] PackLoader:238 - Cannot read IP mode file for STMicroelectronics.X-CUBE-TOUCHGFX.4.21.0
2024-12-11 20:37:59,197 [INFO] DbMcus:175 - Found 1951 MCUs (1903 are supported by CubeMX, 1914 are visible in CubeMX)
2024-12-11 20:37:59,197 [INFO] ApiDb:251 - Load user favorites file C:\Users\Admin/.stm32cubeide/favorites.mcus.txt: 0 item(s)
2024-12-11 20:37:59,197 [INFO] ApiDb:255 - User favorites MCUs=[]
2024-12-11 20:37:59,197 [INFO] DbMcus:187 - Set 0 / 0 favorites MCUs
2024-12-11 20:37:59,197 [WARN] PackLoader:238 - Cannot read IP mode file for STMicroelectronics.X-CUBE-MEMS1.9.4.0
2024-12-11 20:37:59,712 [WARN] PackLoader:238 - Cannot read IP mode file for STMicroelectronics.X-CUBE-AI.7.3.0
2024-12-11 20:37:59,744 [WARN] PackLoader:238 - Cannot read IP mode file for STMicroelectronics.X-CUBE-ALGOBUILD.1.3.0
2024-12-11 20:37:59,853 [WARN] PackLoader:238 - Cannot read IP mode file for STMicroelectronics.X-CUBE-AZRTOS-G0.1.1.0
2024-12-11 20:37:59,884 [WARN] PackLoader:238 - Cannot read IP mode file for STMicroelectronics.X-CUBE-SAFEA1.1.2.2
2024-12-11 20:37:59,931 [WARN] PackLoader:238 - Cannot read IP mode file for STMicroelectronics.X-CUBE-NFC4.3.0.0
2024-12-11 20:38:00,072 [WARN] PackLoader:238 - Cannot read IP mode file for SEGGER.I-CUBE-embOS.1.2.0
2024-12-11 20:38:00,228 [ERROR] Engine:463 - C:\Users\Admin\.stm32cubemx\thirdparties\pdsc\EmbeddedOffice.I-CUBE-FS-RTOS.1.0.1.pdsc: PDSC version is not supported
2024-12-11 20:38:00,275 [WARN] PackLoader:238 - Cannot read IP mode file for STMicroelectronics.X-CUBE-BLEMGR.1.3.0
2024-12-11 20:38:00,337 [ERROR] Engine:463 - C:\Users\Admin\.stm32cubemx\thirdparties\pdsc\RealThread.X-CUBE-RT-Thread_Nano.4.1.1.pdsc: PDSC version is not supported
2024-12-11 20:38:00,369 [WARN] PackLoader:238 - Cannot read IP mode file for STMicroelectronics.FP-ATR-SIGFOX1.3.2.0
2024-12-11 20:38:00,400 [ERROR] Engine:463 - C:\Users\Admin\.stm32cubemx\thirdparties\pdsc\quantropi.X-CUBE-qispace-sdk-base.1.9.3.pdsc: PDSC version is not supported
2024-12-11 20:38:00,462 [WARN] PackLoader:238 - Cannot read IP mode file for STMicroelectronics.X-CUBE-EEPRMA1.5.1.0
2024-12-11 20:38:00,493 [INFO] DetailPanel:309 - Set advertising image to C:/Users/Admin/STM32Cube/Repository/\en.prom-stm32c071-usb-memories-mcu-finder.png
2024-12-11 20:38:00,509 [WARN] PackLoader:238 - Cannot read IP mode file for emotas.I-CUBE-CANOPEN.1.1.2
2024-12-11 20:38:00,540 [WARN] PackLoader:238 - Cannot read IP mode file for STMicroelectronics.X-CUBE-TOUCHGFX.4.20.0
2024-12-11 20:38:00,681 [WARN] PackLoader:238 - Cannot read IP mode file for SEGGER.I-CUBE-embOS.1.3.1
2024-12-11 20:38:00,868 [WARN] PackLoader:238 - Cannot read IP mode file for STMicroelectronics.X-CUBE-ALGOBUILD.1.4.0
2024-12-11 20:38:00,884 [WARN] PackLoader:238 - Cannot read IP mode file for STMicroelectronics.X-CUBE-AI.9.1.0
2024-12-11 20:38:00,931 [WARN] PackLoader:238 - Cannot read IP mode file for STMicroelectronics.X-CUBE-GNSS1.6.0.0
2024-12-11 20:38:00,993 [WARN] PackLoader:238 - Cannot read IP mode file for STMicroelectronics.X-CUBE-AZRTOS-F4.1.1.0
2024-12-11 20:38:01,025 [WARN] PackLoader:238 - Cannot read IP mode file for STMicroelectronics.X-CUBE-ISPU.2.1.0
2024-12-11 20:38:01,056 [ERROR] Engine:463 - C:\Users\Admin\.stm32cubemx\thirdparties\pdsc\STMicroelectronics.X-CUBE-FREERTOS.1.2.0.pdsc: PDSC version is not supported
2024-12-11 20:38:01,087 [WARN] PackLoader:238 - Cannot read IP mode file for STMicroelectronics.X-CUBE-BLEMGR.1.2.0
2024-12-11 20:38:01,212 [WARN] PackLoader:238 - Cannot read IP mode file for STMicroelectronics.X-CUBE-AZRTOS-L5.2.0.0
2024-12-11 20:38:01,478 [WARN] PackLoader:238 - Cannot read IP mode file for STMicroelectronics.X-CUBE-MEMS1.9.6.0
2024-12-11 20:38:01,681 [INFO] DbBoardsPdsc:90 - Found 25 items
2024-12-11 20:38:01,696 [INFO] DbBoardsPdsc:90 - Found 9 items
2024-12-11 20:38:01,728 [INFO] DbBoardsPdsc:90 - Found 33 items
2024-12-11 20:38:01,759 [INFO] DbBoardsPdsc:90 - Found 1 items
2024-12-11 20:38:01,790 [INFO] DbBoardsPdsc:90 - Found 48 items
2024-12-11 20:38:01,837 [INFO] DbBoardsPdsc:90 - Found 43 items
2024-12-11 20:38:01,853 [INFO] DbBoardsPdsc:90 - Found 2 items
2024-12-11 20:38:01,884 [INFO] DbBoardsPdsc:90 - Found 5 items
2024-12-11 20:38:01,884 [WARN] DbBoardsPdsc:254 - Board STM32H7B3I-DK: unknown feature type=Audio, name=, username=Audio stereo codec with Headphone Amp (CS42L51-CNZ), n=1
2024-12-11 20:38:01,884 [WARN] DbBoardsPdsc:254 - Board STM32H735G-DK: unknown feature type=Audio, name=, username=Audio stereo codec with Headphone Amp (WM8994ECS/R), n=1
2024-12-11 20:38:01,899 [WARN] DbBoardsPdsc:254 - Board STM32H7B3I-EVAL: unknown feature type=Audio, name=, username=Multi-Channel Audio Codec (CS42L51-CNZ), n=1
2024-12-11 20:38:01,899 [WARN] DbBoardsPdsc:254 - Board STM32H7B3I-EVAL: unknown feature type=Meter, name=, username=Power-metering and Temperature-monitoring with sigma-delta modulators, n=1
2024-12-11 20:38:01,899 [WARN] DbBoardsPdsc:254 - Board STM32H7B3I-EVAL: unknown feature type=Motor, name=, username=Motor Control, n=1
2024-12-11 20:38:01,899 [WARN] DbBoardsPdsc:254 - Board STM32U575I-EV: unknown feature type=joystick, name=, username=4-direction joystick with selection button, n=1
2024-12-11 20:38:01,946 [WARN] PackLoader:238 - Cannot read IP mode file for STMicroelectronics.X-CUBE-EEPRMA1.4.2.0
2024-12-11 20:38:02,024 [WARN] PackLoader:238 - Cannot read IP mode file for STMicroelectronics.X-CUBE-NFC6.3.1.0
2024-12-11 20:38:02,024 [INFO] DbBoardsJson:86 - JSON generation date=Tue Nov 16 23:17:54 ICT 2021 (1637079474)
2024-12-11 20:38:02,040 [INFO] DbBoards:117 - Found 167 boards (163 are supported by CubeMX)
2024-12-11 20:38:02,056 [ERROR] Engine:463 - C:\Users\Admin\.stm32cubemx\thirdparties\pdsc\ITTIA_DB.I-CUBE-ITTIADB.8.8.0.pdsc: PDSC version is not supported
2024-12-11 20:38:02,071 [INFO] DbBoardsDocs:143 - JSON generation date=Tue Nov 16 23:17:54 ICT 2021 (1637079474)
2024-12-11 20:38:02,071 [INFO] DbBoardsDocs:79 - Found 209 boards documents
2024-12-11 20:38:02,071 [WARN] DbBoards:127 - board B-L475E-IOT01A2 has no document id list !
2024-12-11 20:38:02,087 [WARN] DbBoards:127 - board NUCLEO-H743ZI has no document id list !
2024-12-11 20:38:02,087 [WARN] DbBoards:127 - board NUCLEO-WL55JC2 has no document id list !
2024-12-11 20:38:02,087 [WARN] DbBoards:127 - board P-NUCLEO-WB55-Nucleo has no document id list !
2024-12-11 20:38:02,087 [WARN] DbBoards:127 - board P-NUCLEO-WB55-USBDongle has no document id list !
2024-12-11 20:38:02,087 [WARN] DbBoards:127 - board STEVAL-BFA001V1B has no document id list !
2024-12-11 20:38:02,087 [WARN] DbBoards:127 - board STEVAL-BFA001V2B has no document id list !
2024-12-11 20:38:02,087 [WARN] DbBoards:127 - board STEVAL-IDP005V1 has no document id list !
2024-12-11 20:38:02,087 [WARN] DbBoards:127 - board STEVAL-IDP005V2 has no document id list !
2024-12-11 20:38:02,087 [WARN] DbBoards:127 - board STEVAL-MKSBOX1V1 has no document id list !
2024-12-11 20:38:02,087 [WARN] DbBoards:127 - board STEVAL-STWINKT1 has no document id list !
2024-12-11 20:38:02,087 [WARN] DbBoards:127 - board STEVAL-STWINKT1B has no document id list !
2024-12-11 20:38:02,087 [WARN] DbBoards:127 - board STM32439I-EVAL2 has no document id list !
2024-12-11 20:38:02,087 [WARN] DbBoards:127 - board STM32F401C-DISCO has no document id list !
2024-12-11 20:38:02,087 [WARN] DbBoards:127 - board STM32F769I-DISC1 has no document id list !
2024-12-11 20:38:02,087 [WARN] DbBoards:127 - board STM32G474E-EVAL1 has no document id list !
2024-12-11 20:38:02,087 [WARN] DbBoards:127 - board STM32H743I-EVAL2 has no document id list !
2024-12-11 20:38:02,087 [WARN] DbBoards:127 - board STM32H747I-DISC1 has no document id list !
2024-12-11 20:38:02,087 [WARN] DbBoards:127 - board STM32H753I-EVAL2 has no document id list !
2024-12-11 20:38:02,087 [WARN] DbBoards:127 - board STM32L-DISCOVERY has no document id list !
2024-12-11 20:38:02,102 [WARN] PackLoader:238 - Cannot read IP mode file for STMicroelectronics.X-CUBE-BLEMGR.2.0.0
2024-12-11 20:38:02,118 [ERROR] Engine:463 - C:\Users\Admin\.stm32cubemx\thirdparties\pdsc\STMicroelectronics.X-CUBE-DPower.1.2.0.pdsc: PDSC version is not supported
2024-12-11 20:38:02,149 [WARN] PackLoader:238 - Cannot read IP mode file for STMicroelectronics.X-CUBE-NFC4.2.0.5
2024-12-11 20:38:02,196 [WARN] PackLoader:238 - Cannot read IP mode file for STMicroelectronics.X-CUBE-NFC4.2.0.4
2024-12-11 20:38:02,227 [WARN] PackLoader:238 - Cannot read IP mode file for STMicroelectronics.X-CUBE-AI.9.0.0
2024-12-11 20:38:02,290 [WARN] ConditionMgr:437 - getConditionDescription Invalid condition id : UX DEVICE CLASS RTOS Condition cause : null
2024-12-11 20:38:02,290 [WARN] ConditionMgr:437 - getConditionDescription Invalid condition id : UX DEVICE CLASS RTOS Condition cause : null
2024-12-11 20:38:02,290 [WARN] PackLoader:238 - Cannot read IP mode file for STMicroelectronics.X-CUBE-AZRTOS-H7.3.1.0
2024-12-11 20:38:02,290 [WARN] ConditionMgr:1038 - genDependencies : Invalid condition id : UX DEVICE CLASS RTOS Condition cause : null
2024-12-11 20:38:02,290 [WARN] ConditionMgr:1038 - genDependencies : Invalid condition id : UX DEVICE CLASS RTOS Condition cause : null
2024-12-11 20:38:02,290 [WARN] ConditionMgr:1038 - genDependencies : Invalid condition id : UX DEVICE CLASS RTOS Condition cause : null
2024-12-11 20:38:02,290 [WARN] ConditionMgr:1038 - genDependencies : Invalid condition id : UX DEVICE CLASS RTOS Condition cause : null
2024-12-11 20:38:02,290 [WARN] ConditionMgr:1038 - genDependencies : Invalid condition id : UX DEVICE CLASS RTOS Condition cause : null
2024-12-11 20:38:02,321 [WARN] PackLoader:238 - Cannot read IP mode file for wolfSSL.I-CUBE-wolfSSL.5.5.0
2024-12-11 20:38:02,352 [ERROR] Engine:463 - C:\Users\Admin\.stm32cubemx\thirdparties\pdsc\STMicroelectronics.X-CUBE-FREERTOS.1.3.0.pdsc: PDSC version is not supported
2024-12-11 20:38:02,368 [WARN] PackLoader:238 - Cannot read IP mode file for STMicroelectronics.X-CUBE-NFC7.1.0.1
2024-12-11 20:38:02,384 [ERROR] DbBoards:189 - Image file not found for board B-U585I-IOT02A: C:\ST\STM32CubeIDE_1.7.0\STM32CubeIDE\plugins\com.st.stm32cube.common.mx_6.3.0.202107141111\\db\/plugins/mcufinder/images/boards/B-U585I-IOT02A_small.jpg
2024-12-11 20:38:02,399 [WARN] PackLoader:238 - Cannot read IP mode file for STMicroelectronics.X-CUBE-NFC7.1.0.0
2024-12-11 20:38:02,431 [WARN] PackLoader:238 - Cannot read IP mode file for STMicroelectronics.X-CUBE-NFC6.3.0.0
2024-12-11 20:38:02,493 [WARN] PackLoader:238 - Cannot read IP mode file for STMicroelectronics.X-CUBE-EEPRMA1.4.1.0
2024-12-11 20:38:02,509 [WARN] PackLoader:238 - Cannot read IP mode file for STMicroelectronics.X-CUBE-AI.8.1.0
2024-12-11 20:38:02,587 [WARN] ConditionMgr:437 - getConditionDescription Invalid condition id : LAN8742 Phy interface Condition cause : null
2024-12-11 20:38:02,587 [WARN] PackLoader:238 - Cannot read IP mode file for STMicroelectronics.X-CUBE-AZRTOS-L4.2.0.0
2024-12-11 20:38:02,587 [WARN] ConditionMgr:1038 - genDependencies : Invalid condition id : LAN8742 Phy interface Condition cause : null
2024-12-11 20:38:02,587 [WARN] ConditionMgr:1038 - genDependencies : Invalid condition id : LAN8742 Phy interface Condition cause : null
2024-12-11 20:38:02,587 [WARN] ConditionMgr:1038 - genDependencies : Invalid condition id : LAN8742 Phy interface Condition cause : null
2024-12-11 20:38:02,618 [WARN] PackLoader:238 - Cannot read IP mode file for STMicroelectronics.X-CUBE-SFXS2LP1.4.0.0
2024-12-11 20:38:02,634 [ERROR] DbBoards:189 - Image file not found for board NUCLEO-F413ZH: C:\ST\STM32CubeIDE_1.7.0\STM32CubeIDE\plugins\com.st.stm32cube.common.mx_6.3.0.202107141111\\db\/plugins/mcufinder/images/boards/nucleo-f413zh_small.jpg
2024-12-11 20:38:02,681 [WARN] PackLoader:238 - Cannot read IP mode file for STMicroelectronics.X-CUBE-AZRTOS-H7.3.0.0
2024-12-11 20:38:02,712 [WARN] PackLoader:238 - Cannot read IP mode file for STMicroelectronics.X-CUBE-ISPU.1.1.0
2024-12-11 20:38:02,774 [WARN] PackLoader:238 - Cannot read IP mode file for STMicroelectronics.X-CUBE-AZRTOS-H7.3.3.0
2024-12-11 20:38:02,821 [WARN] PackLoader:238 - Cannot read IP mode file for RoweBots.I-CUBE-UNISONRTOS.5.5.0-4
2024-12-11 20:38:02,837 [ERROR] Engine:463 - C:\Users\Admin\.stm32cubemx\thirdparties\pdsc\STMicroelectronics.X-CUBE-IPS.3.0.0.pdsc: PDSC version is not supported
2024-12-11 20:38:02,884 [WARN] ConditionMgr:437 - getConditionDescription Invalid condition id : UX DEVICE CLASS RTOS Condition cause : null
2024-12-11 20:38:02,884 [WARN] ConditionMgr:437 - getConditionDescription Invalid condition id : UX DEVICE CLASS RTOS Condition cause : null
2024-12-11 20:38:02,899 [WARN] PackLoader:238 - Cannot read IP mode file for STMicroelectronics.X-CUBE-AZRTOS-WB.2.0.0
2024-12-11 20:38:02,899 [WARN] ConditionMgr:1038 - genDependencies : Invalid condition id : UX DEVICE CLASS RTOS Condition cause : null
2024-12-11 20:38:02,899 [WARN] ConditionMgr:1038 - genDependencies : Invalid condition id : UX DEVICE CLASS RTOS Condition cause : null
2024-12-11 20:38:02,899 [WARN] ConditionMgr:1038 - genDependencies : Invalid condition id : UX DEVICE CLASS RTOS Condition cause : null
2024-12-11 20:38:02,899 [WARN] ConditionMgr:1038 - genDependencies : Invalid condition id : UX DEVICE CLASS RTOS Condition cause : null
2024-12-11 20:38:02,899 [WARN] ConditionMgr:1038 - genDependencies : Invalid condition id : UX DEVICE CLASS RTOS Condition cause : null
2024-12-11 20:38:02,930 [WARN] PackLoader:238 - Cannot read IP mode file for STMicroelectronics.X-CUBE-GNSS1.7.0.0
2024-12-11 20:38:02,946 [WARN] PackLoader:238 - Cannot read IP mode file for STMicroelectronics.X-CUBE-BLEMGR.1.0.0
2024-12-11 20:38:02,977 [ERROR] Engine:463 - C:\Users\Admin\.stm32cubemx\thirdparties\pdsc\STMicroelectronics.FP-SNS-STBOX1.2.0.0.pdsc: PDSC version is not supported
2024-12-11 20:38:03,024 [WARN] PackLoader:238 - Cannot read IP mode file for STMicroelectronics.X-CUBE-AZRTOS-L5.1.1.0
2024-12-11 20:38:03,071 [ERROR] DbBoards:189 - Image file not found for board NUCLEO-L552ZE-Q: C:\ST\STM32CubeIDE_1.7.0\STM32CubeIDE\plugins\com.st.stm32cube.common.mx_6.3.0.202107141111\\db\/plugins/mcufinder/images/boards/nucleo_l552ze_q_small.jpg
2024-12-11 20:38:03,071 [ERROR] DbBoards:189 - Image file not found for board NUCLEO-U575ZI-Q: C:\ST\STM32CubeIDE_1.7.0\STM32CubeIDE\plugins\com.st.stm32cube.common.mx_6.3.0.202107141111\\db\/plugins/mcufinder/images/boards/nucleo-u575zi-q_small.jpg
2024-12-11 20:38:03,071 [WARN] PackLoader:238 - Cannot read IP mode file for STMicroelectronics.X-CUBE-SUBG2.5.0.0
2024-12-11 20:38:03,071 [ERROR] DbBoards:189 - Image file not found for board NUCLEO-WB15CC: C:\ST\STM32CubeIDE_1.7.0\STM32CubeIDE\plugins\com.st.stm32cube.common.mx_6.3.0.202107141111\\db\/plugins/mcufinder/images/boards/nucleo-wb15cc_small.jpg
2024-12-11 20:38:03,071 [ERROR] DbBoards:189 - Image file not found for board NUCLEO-WB55RG: C:\ST\STM32CubeIDE_1.7.0\STM32CubeIDE\plugins\com.st.stm32cube.common.mx_6.3.0.202107141111\\db\/plugins/mcufinder/images/boards/nucleo-wb55rg_small.jpg
2024-12-11 20:38:03,102 [ERROR] Engine:463 - C:\Users\Admin\.stm32cubemx\thirdparties\pdsc\Cesanta.I-CUBE-Mongoose.7.13.0.pdsc: PDSC version is not supported
2024-12-11 20:38:03,118 [ERROR] Engine:463 - C:\Users\Admin\.stm32cubemx\thirdparties\pdsc\STMicroelectronics.X-CUBE-TOF1.3.3.1.pdsc: PDSC version is not supported
2024-12-11 20:38:03,180 [WARN] PackLoader:238 - Cannot read IP mode file for STMicroelectronics.X-CUBE-AZRTOS-G4.2.0.0
2024-12-11 20:38:03,196 [WARN] PackLoader:238 - Cannot read IP mode file for STMicroelectronics.FP-ATR-ASTRA1.1.1.1
2024-12-11 20:38:03,243 [ERROR] Engine:463 - C:\Users\Admin\.stm32cubemx\thirdparties\pdsc\Infineon.AIROC-Wi-Fi-Bluetooth-STM32.1.5.1.pdsc: PDSC version is not supported
2024-12-11 20:38:03,290 [WARN] PackLoader:238 - Cannot read IP mode file for STMicroelectronics.X-CUBE-AZRTOS-G4.1.0.0
2024-12-11 20:38:03,352 [WARN] PackLoader:238 - Cannot read IP mode file for STMicroelectronics.X-CUBE-AZRTOS-L4.1.0.0
2024-12-11 20:38:03,368 [ERROR] Engine:463 - C:\Users\Admin\.stm32cubemx\thirdparties\pdsc\STMicroelectronics.X-CUBE-ALS.1.0.2.pdsc: PDSC version is not supported
2024-12-11 20:38:03,477 [WARN] PackLoader:238 - Cannot read IP mode file for STMicroelectronics.X-CUBE-MEMS1.10.0.0
2024-12-11 20:38:03,805 [ERROR] Engine:463 - C:\Users\Admin\.stm32cubemx\thirdparties\pdsc\STMicroelectronics.X-CUBE-FREERTOS.1.1.0.pdsc: PDSC version is not supported
2024-12-11 20:38:03,821 [WARN] PackLoader:238 - Cannot read IP mode file for STMicroelectronics.X-CUBE-TOUCHGFX.4.24.0
2024-12-11 20:38:03,852 [WARN] PackLoader:238 - Cannot read IP mode file for STMicroelectronics.X-CUBE-AZRTOS-WL.1.0.0
2024-12-11 20:38:03,883 [WARN] PackLoader:238 - Cannot read IP mode file for STMicroelectronics.X-CUBE-TOUCHGFX.4.24.1
2024-12-11 20:38:03,899 [WARN] PackLoader:238 - Cannot read IP mode file for wolfSSL.I-CUBE-wolfTPM.3.4.0
2024-12-11 20:38:03,930 [WARN] PackLoader:238 - Cannot read IP mode file for portGmbH.I-Cube-SoM-uGOAL.1.1.0
2024-12-11 20:38:03,946 [WARN] PackLoader:238 - Cannot read IP mode file for STMicroelectronics.X-CUBE-ALS.1.0.1
2024-12-11 20:38:03,993 [WARN] PackLoader:238 - Cannot read IP mode file for STMicroelectronics.X-CUBE-AZRTOS-WB.1.1.0
2024-12-11 20:38:04,040 [WARN] PackLoader:238 - Cannot read IP mode file for STMicroelectronics.X-CUBE-AZRTOS-L5.1.0.0
2024-12-11 20:38:04,071 [WARN] PackLoader:238 - Cannot read IP mode file for STMicroelectronics.X-CUBE-EEPRMA1.3.1.1
2024-12-11 20:38:04,133 [WARN] PackLoader:238 - Cannot read IP mode file for STMicroelectronics.X-CUBE-AZRTOS-H7RS.1.0.0
2024-12-11 20:38:04,149 [WARN] PackLoader:238 - Cannot read IP mode file for STMicroelectronics.FP-ATR-ASTRA1.2.0.0
2024-12-11 20:38:04,180 [ERROR] Engine:463 - C:\Users\Admin\.stm32cubemx\thirdparties\pdsc\STMicroelectronics.X-CUBE-TOF1.3.4.2.pdsc: PDSC version is not supported
2024-12-11 20:38:04,196 [WARN] PackLoader:238 - Cannot read IP mode file for wolfSSL.I-CUBE-wolfSSH.1.4.17
2024-12-11 20:38:04,196 [INFO] ThirdParty:915 - Integrity check success = true
2024-12-11 20:38:04,196 [INFO] IntegrityCheckThread:94 - exiting critical section [integrity check]
2024-12-11 20:38:04,196 [INFO] IntegrityCheckThread:97 - End integrity checks thread
2024-12-11 20:38:05,352 [INFO] ApiDb:251 - Load user favorites file C:\Users\Admin/.stm32cubeide/favorites.boards.txt: 0 item(s)
2024-12-11 20:38:05,352 [INFO] ApiDb:255 - User favorites Boards=[]
2024-12-11 20:38:05,352 [INFO] DbBoards:206 - Set 0 / 0 favorites Boards
2024-12-11 20:38:20,646 [INFO] DbMcusDocs:143 - JSON generation date=Tue Nov 16 23:17:54 ICT 2021 (1637079474)
2024-12-11 20:38:21,115 [INFO] DbMcusDocs:79 - Found 682 MCUs documents
2024-12-11 20:38:35,145 [INFO] MainUpdater:2671 - connection check result : 10
2024-12-11 20:38:35,145 [INFO] MainUpdater:2671 - connection check result : 10
2024-12-11 20:38:35,192 [INFO] MicroXplorer:448 - Change Database Path : 
2024-12-11 20:38:35,192 [INFO] MicroXplorer:478 - Change Database Version : DB.6.0.30
2024-12-11 20:38:35,192 [WARN] ThirdParty:813 - waiting for thirdparty lock release [close project]
2024-12-11 20:38:35,192 [INFO] ThirdParty:815 - entering critical section [close project]
2024-12-11 20:38:35,207 [INFO] ThirdParty:825 - exiting critical section [close project]
2024-12-11 20:38:35,207 [INFO] PinOutPanel:1463 - setPackage(No Configuration,No Configuration)
2024-12-11 20:38:35,207 [INFO] UtilMem:74 - Begin LoadConfig() Used Memory: 555126696 Bytes (796917760)
2024-12-11 20:38:35,207 [INFO] MicroXplorer:448 - Change Database Path : 
2024-12-11 20:38:35,207 [INFO] MicroXplorer:478 - Change Database Version : DB.6.0.30
2024-12-11 20:38:35,207 [INFO] OpenFileManager:313 - Change cursor
2024-12-11 20:38:36,207 [INFO] Context:592 - Trying to add GPIOservice into a context  which must be forbidden
2024-12-11 20:38:36,457 [INFO] ImportTextPane:167 - (OptionalMessage_ERROR) Unable to find key (Mcu.ThirdPartyNb) in loaded IOC file
2024-12-11 20:38:36,457 [INFO] ImportTextPane:167 - (OptionalMessage_ERROR) Unable to find key (Mcu.PinsNb) in loaded IOC file
2024-12-11 20:38:36,457 [INFO] ImportTextPane:167 - (OptionalMessage_ERROR) Unable to find key (Mcu.IPNb) in loaded IOC file
2024-12-11 20:38:36,520 [WARN] ApiManager:304 - Cannot register API 'Board Extension:NFC09A1' from pack STMicroelectronics.X-CUBE-NFC9.1.0.0: no header file found
2024-12-11 20:38:36,520 [WARN] ApiManager:304 - Cannot register API 'Board Extension:GNSS1A1' from pack STMicroelectronics.X-CUBE-GNSS1.6.0.0: no header file found
2024-12-11 20:38:36,520 [WARN] ApiManager:304 - Cannot register API 'Board Support:Custom' from pack STMicroelectronics.X-CUBE-GNSS1.6.0.0: no header file found
2024-12-11 20:38:36,520 [WARN] ApiManager:304 - Cannot register API 'Data Exchange:lib_gnss' from pack STMicroelectronics.X-CUBE-GNSS1.6.0.0: no header file found
2024-12-11 20:38:36,535 [WARN] ApiManager:304 - Cannot register API 'Wireless:STM32WB05N' from pack STMicroelectronics.X-CUBE-WB05N.1.1.0: no header file found
2024-12-11 20:38:36,535 [WARN] ApiManager:304 - Cannot register API 'Board Extension:GNSS1A1' from pack STMicroelectronics.X-CUBE-GNSS1.7.0.0: no header file found
2024-12-11 20:38:36,535 [WARN] ApiManager:304 - Cannot register API 'Board Support:Custom' from pack STMicroelectronics.X-CUBE-GNSS1.7.0.0: no header file found
2024-12-11 20:38:36,535 [WARN] ApiManager:304 - Cannot register API 'Data Exchange:lib_gnss' from pack STMicroelectronics.X-CUBE-GNSS1.7.0.0: no header file found
2024-12-11 20:38:36,832 [WARN] ApiManager:304 - Cannot register API 'Board Extension:IKS01A3' from pack STMicroelectronics.X-CUBE-MEMS1.9.4.0: no header file found
2024-12-11 20:38:36,832 [WARN] ApiManager:304 - Cannot register API 'Board Extension:IKS01A2' from pack STMicroelectronics.X-CUBE-MEMS1.9.4.0: no header file found
2024-12-11 20:38:36,832 [WARN] ApiManager:304 - Cannot register API 'Board Extension:IKS02A1' from pack STMicroelectronics.X-CUBE-MEMS1.9.4.0: no header file found
2024-12-11 20:38:37,254 [WARN] ApiManager:304 - Cannot register API 'Board Extension:IKS01A3' from pack STMicroelectronics.X-CUBE-MEMS1.9.6.0: no header file found
2024-12-11 20:38:37,254 [WARN] ApiManager:304 - Cannot register API 'Board Extension:IKS01A2' from pack STMicroelectronics.X-CUBE-MEMS1.9.6.0: no header file found
2024-12-11 20:38:37,254 [WARN] ApiManager:304 - Cannot register API 'Board Extension:IKS02A1' from pack STMicroelectronics.X-CUBE-MEMS1.9.6.0: no header file found
2024-12-11 20:38:37,270 [WARN] ApiManager:304 - Cannot register API 'Board Extension:EEPRMA2' from pack STMicroelectronics.X-CUBE-EEPRMA1.4.2.0: no header file found
2024-12-11 20:38:37,270 [WARN] ApiManager:304 - Cannot register API 'Board Extension:PGEEZ1' from pack STMicroelectronics.X-CUBE-EEPRMA1.4.2.0: no header file found
2024-12-11 20:38:37,270 [WARN] ApiManager:304 - Cannot register API 'Board Part:M24' from pack STMicroelectronics.X-CUBE-EEPRMA1.4.2.0: no header file found
2024-12-11 20:38:37,270 [WARN] ApiManager:304 - Cannot register API 'Board Part:M95' from pack STMicroelectronics.X-CUBE-EEPRMA1.4.2.0: no header file found
2024-12-11 20:38:37,270 [WARN] ApiManager:304 - Cannot register API 'Board Part:M95P32' from pack STMicroelectronics.X-CUBE-EEPRMA1.4.2.0: no header file found
2024-12-11 20:38:37,270 [WARN] ApiManager:304 - Cannot register API 'PGEEZ1:SPI' from pack STMicroelectronics.X-CUBE-EEPRMA1.4.2.0: no header file found
2024-12-11 20:38:37,270 [WARN] ApiManager:304 - Cannot register API 'PGEEZ1:QDSPI' from pack STMicroelectronics.X-CUBE-EEPRMA1.4.2.0: no header file found
2024-12-11 20:38:37,270 [WARN] ApiManager:304 - Cannot register API 'Board Extension:NFC06A1' from pack STMicroelectronics.X-CUBE-NFC6.3.1.0: no header file found
2024-12-11 20:38:37,270 [WARN] ApiManager:304 - Cannot register API 'Board Extension:NFC08A1' from pack STMicroelectronics.X-CUBE-NFC6.3.1.0: no header file found
2024-12-11 20:38:37,270 [WARN] ApiManager:304 - Cannot register API 'Wireless:BlueNRG-MS' from pack STMicroelectronics.X-CUBE-BLE1.6.2.3: no header file found
2024-12-11 20:38:37,613 [WARN] ApiManager:304 - Cannot register API 'Board Extension:IKS01A3' from pack STMicroelectronics.X-CUBE-MEMS1.11.0.0: no header file found
2024-12-11 20:38:37,613 [WARN] ApiManager:304 - Cannot register API 'Board Extension:IKS02A1' from pack STMicroelectronics.X-CUBE-MEMS1.11.0.0: no header file found
2024-12-11 20:38:37,613 [WARN] ApiManager:304 - Cannot register API 'Board Extension:IKS4A1' from pack STMicroelectronics.X-CUBE-MEMS1.11.0.0: no header file found
2024-12-11 20:38:37,629 [WARN] ApiManager:304 - Cannot register API 'Wireless:BlueNRG-MS' from pack STMicroelectronics.X-CUBE-BLE1.6.2.4: no header file found
2024-12-11 20:38:37,629 [INFO] RtosManager:484 - Registered RTOS mode: class=CMSIS, group=RTOS, mode=CMSIS_V1, owner=FREERTOS
2024-12-11 20:38:37,629 [INFO] RtosManager:484 - Registered RTOS mode: class=CMSIS, group=RTOS2, mode=CMSIS_V2, owner=FREERTOS
2024-12-11 20:38:37,629 [INFO] RtosManager:484 - Registered RTOS mode: class=RTOS, group=Core, mode=CMSIS_V1, owner=FREERTOS
2024-12-11 20:38:37,629 [INFO] RtosManager:484 - Registered RTOS mode: class=RTOS, group=Core, mode=CMSIS_V2, owner=FREERTOS
2024-12-11 20:38:37,629 [WARN] ModelIntegratedComponent:181 - Missing modes for component STMicroelectronics:FreeRTOS:0.0.1:STMicroelectronics:RTOS:FreeRTOS:Core:::10.2.0:
2024-12-11 20:38:37,629 [WARN] ApiManager:304 - Cannot register API 'Board Extension:STSAFEA1' from pack STMicroelectronics.X-CUBE-SAFEA1.1.2.2: no header file found
2024-12-11 20:38:37,629 [WARN] ApiManager:304 - Cannot register API 'Board Part:STSAFEA110' from pack STMicroelectronics.X-CUBE-SAFEA1.1.2.2: no header file found
2024-12-11 20:38:37,629 [WARN] ApiManager:304 - Cannot register API 'Security:ST_Cryptolib' from pack STMicroelectronics.X-CUBE-SAFEA1.1.2.2: no header file found
2024-12-11 20:38:37,629 [WARN] ApiManager:304 - Cannot register API 'Security:MbedTLS' from pack STMicroelectronics.X-CUBE-SAFEA1.1.2.2: no header file found
2024-12-11 20:38:37,629 [WARN] ApiManager:304 - Cannot register API 'Board Extension:NFC04A1' from pack STMicroelectronics.X-CUBE-NFC4.3.0.0: no header file found
2024-12-11 20:38:37,644 [WARN] ApiManager:304 - Cannot register API 'Board Extension:S2868A1' from pack STMicroelectronics.X-CUBE-SUBG2.5.0.0: no header file found
2024-12-11 20:38:37,644 [WARN] ApiManager:304 - Cannot register API 'Board Extension:S2868A2' from pack STMicroelectronics.X-CUBE-SUBG2.5.0.0: no header file found
2024-12-11 20:38:37,644 [WARN] ApiManager:304 - Cannot register API 'Board Extension:S2915A1' from pack STMicroelectronics.X-CUBE-SUBG2.5.0.0: no header file found
2024-12-11 20:38:37,644 [WARN] ApiManager:304 - Cannot register API 'Board Extension:NFC04A1' from pack STMicroelectronics.X-CUBE-NFC4.2.0.5: no header file found
2024-12-11 20:38:37,644 [WARN] ApiManager:304 - Cannot register API 'Board Extension:NFC04A1' from pack STMicroelectronics.X-CUBE-NFC4.2.0.4: no header file found
2024-12-11 20:38:37,644 [WARN] ApiManager:304 - Cannot register API 'Board Extension:NFC10A1' from pack STMicroelectronics.X-CUBE-NFC10.1.0.0: no header file found
2024-12-11 20:38:37,644 [WARN] ApiManager:304 - Cannot register API 'Board Extension:EEPRMA2' from pack STMicroelectronics.X-CUBE-EEPRMA1.5.1.0: no header file found
2024-12-11 20:38:37,644 [WARN] ApiManager:304 - Cannot register API 'Board Extension:PGEEZ1' from pack STMicroelectronics.X-CUBE-EEPRMA1.5.1.0: no header file found
2024-12-11 20:38:37,644 [WARN] ApiManager:304 - Cannot register API 'Board Extension:EEICA1' from pack STMicroelectronics.X-CUBE-EEPRMA1.5.1.0: no header file found
2024-12-11 20:38:37,644 [WARN] ApiManager:304 - Cannot register API 'Board Part:M24' from pack STMicroelectronics.X-CUBE-EEPRMA1.5.1.0: no header file found
2024-12-11 20:38:37,644 [WARN] ApiManager:304 - Cannot register API 'Board Part:M95' from pack STMicroelectronics.X-CUBE-EEPRMA1.5.1.0: no header file found
2024-12-11 20:38:37,660 [WARN] ApiManager:304 - Cannot register API 'Board Part:M95P32' from pack STMicroelectronics.X-CUBE-EEPRMA1.5.1.0: no header file found
2024-12-11 20:38:37,660 [WARN] ApiManager:304 - Cannot register API 'Board Part:M24256E-F' from pack STMicroelectronics.X-CUBE-EEPRMA1.5.1.0: no header file found
2024-12-11 20:38:37,660 [WARN] ApiManager:304 - Cannot register API 'Board Part:M24M01E-F' from pack STMicroelectronics.X-CUBE-EEPRMA1.5.1.0: no header file found
2024-12-11 20:38:37,660 [WARN] ApiManager:304 - Cannot register API 'PGEEZ1:SPI' from pack STMicroelectronics.X-CUBE-EEPRMA1.5.1.0: no header file found
2024-12-11 20:38:37,660 [WARN] ApiManager:304 - Cannot register API 'PGEEZ1:QDSPI' from pack STMicroelectronics.X-CUBE-EEPRMA1.5.1.0: no header file found
2024-12-11 20:38:37,660 [WARN] ModelIntegratedComponent:60 - No mode defined for component null
2024-12-11 20:38:37,660 [WARN] ModelIntegratedComponent:60 - No mode defined for component null
2024-12-11 20:38:37,660 [WARN] ModelIntegratedComponent:60 - No mode defined for component null
2024-12-11 20:38:37,660 [WARN] ModelIntegratedComponent:60 - No mode defined for component null
2024-12-11 20:38:37,660 [WARN] ModelIntegratedComponent:60 - No mode defined for component null
2024-12-11 20:38:37,660 [WARN] ModelIntegratedComponent:60 - No mode defined for component null
2024-12-11 20:38:37,660 [WARN] ModelIntegratedComponent:60 - No mode defined for component null
2024-12-11 20:38:37,660 [WARN] ModelIntegratedComponent:60 - No mode defined for component null
2024-12-11 20:38:37,660 [WARN] ModelIntegratedComponent:60 - No mode defined for component null
2024-12-11 20:38:37,660 [WARN] ModelIntegratedComponent:60 - No mode defined for component null
2024-12-11 20:38:37,660 [WARN] ModelIntegratedComponent:60 - No mode defined for component null
2024-12-11 20:38:37,660 [WARN] ModelIntegratedComponent:60 - No mode defined for component null
2024-12-11 20:38:37,660 [WARN] ModelIntegratedComponent:60 - No mode defined for component null
2024-12-11 20:38:37,660 [WARN] ModelIntegratedComponent:60 - No mode defined for component null
2024-12-11 20:38:37,660 [WARN] ModelIntegratedComponent:60 - No mode defined for component null
2024-12-11 20:38:37,660 [WARN] ModelIntegratedComponent:60 - No mode defined for component null
2024-12-11 20:38:37,660 [WARN] ModelIntegratedComponent:60 - No mode defined for component null
2024-12-11 20:38:37,660 [WARN] ModelIntegratedComponent:60 - No mode defined for component null
2024-12-11 20:38:37,660 [WARN] ModelIntegratedComponent:60 - No mode defined for component null
2024-12-11 20:38:37,660 [WARN] ModelIntegratedComponent:60 - No mode defined for component null
2024-12-11 20:38:37,660 [WARN] ModelIntegratedComponent:60 - No mode defined for component null
2024-12-11 20:38:37,660 [WARN] ModelIntegratedComponent:60 - No mode defined for component null
2024-12-11 20:38:37,660 [WARN] ModelIntegratedComponent:60 - No mode defined for component null
2024-12-11 20:38:37,660 [WARN] ModelIntegratedComponent:60 - No mode defined for component null
2024-12-11 20:38:37,660 [WARN] ModelIntegratedComponent:60 - No mode defined for component null
2024-12-11 20:38:37,660 [WARN] ModelIntegratedComponent:60 - No mode defined for component null
2024-12-11 20:38:37,660 [WARN] ModelIntegratedComponent:60 - No mode defined for component null
2024-12-11 20:38:37,660 [WARN] ModelIntegratedComponent:60 - No mode defined for component null
2024-12-11 20:38:37,660 [WARN] ModelIntegratedComponent:60 - No mode defined for component null
2024-12-11 20:38:37,660 [WARN] ModelIntegratedComponent:60 - No mode defined for component null
2024-12-11 20:38:37,660 [WARN] ModelIntegratedComponent:60 - No mode defined for component null
2024-12-11 20:38:38,019 [WARN] ApiManager:304 - Cannot register API 'Board Extension:IKS01A3' from pack STMicroelectronics.X-CUBE-MEMS1.10.0.0: no header file found
2024-12-11 20:38:38,019 [WARN] ApiManager:304 - Cannot register API 'Board Extension:IKS02A1' from pack STMicroelectronics.X-CUBE-MEMS1.10.0.0: no header file found
2024-12-11 20:38:38,019 [WARN] ApiManager:304 - Cannot register API 'Board Extension:IKS4A1' from pack STMicroelectronics.X-CUBE-MEMS1.10.0.0: no header file found
2024-12-11 20:38:38,035 [WARN] ApiManager:304 - Cannot register API 'Board Extension:NFC07A1' from pack STMicroelectronics.X-CUBE-NFC7.1.0.1: no header file found
2024-12-11 20:38:38,035 [WARN] ApiManager:304 - Cannot register API 'Board Extension:NFC07A1' from pack STMicroelectronics.X-CUBE-NFC7.1.0.0: no header file found
2024-12-11 20:38:38,035 [WARN] ApiManager:304 - Cannot register API 'Board Extension:NFC06A1' from pack STMicroelectronics.X-CUBE-NFC6.3.0.0: no header file found
2024-12-11 20:38:38,035 [WARN] ApiManager:304 - Cannot register API 'Board Extension:NFC08A1' from pack STMicroelectronics.X-CUBE-NFC6.3.0.0: no header file found
2024-12-11 20:38:38,301 [WARN] ApiManager:304 - Cannot register API 'Board Extension:IKS01A3' from pack STMicroelectronics.X-CUBE-MEMS1.9.3.0: no header file found
2024-12-11 20:38:38,301 [WARN] ApiManager:304 - Cannot register API 'Board Extension:IKS01A2' from pack STMicroelectronics.X-CUBE-MEMS1.9.3.0: no header file found
2024-12-11 20:38:38,301 [WARN] ApiManager:304 - Cannot register API 'Board Extension:IKS02A1' from pack STMicroelectronics.X-CUBE-MEMS1.9.3.0: no header file found
2024-12-11 20:38:38,316 [WARN] ApiManager:304 - Cannot register API 'Board Extension:EEPRMA1' from pack STMicroelectronics.X-CUBE-EEPRMA1.4.1.0: no header file found
2024-12-11 20:38:38,316 [WARN] ApiManager:304 - Cannot register API 'Board Extension:EEPRMA2' from pack STMicroelectronics.X-CUBE-EEPRMA1.4.1.0: no header file found
2024-12-11 20:38:38,316 [WARN] ApiManager:304 - Cannot register API 'Board Extension:PGEEZ1' from pack STMicroelectronics.X-CUBE-EEPRMA1.4.1.0: no header file found
2024-12-11 20:38:38,316 [WARN] ApiManager:304 - Cannot register API 'Board Part:M24' from pack STMicroelectronics.X-CUBE-EEPRMA1.4.1.0: no header file found
2024-12-11 20:38:38,316 [WARN] ApiManager:304 - Cannot register API 'Board Part:M95' from pack STMicroelectronics.X-CUBE-EEPRMA1.4.1.0: no header file found
2024-12-11 20:38:38,316 [WARN] ApiManager:304 - Cannot register API 'Board Part:M95P32' from pack STMicroelectronics.X-CUBE-EEPRMA1.4.1.0: no header file found
2024-12-11 20:38:38,316 [WARN] ApiManager:304 - Cannot register API 'PGEEZ1:SPI' from pack STMicroelectronics.X-CUBE-EEPRMA1.4.1.0: no header file found
2024-12-11 20:38:38,316 [WARN] ApiManager:304 - Cannot register API 'PGEEZ1:QDSPI' from pack STMicroelectronics.X-CUBE-EEPRMA1.4.1.0: no header file found
2024-12-11 20:38:38,332 [WARN] ApiManager:304 - Cannot register API 'Board Extension:EEPRMA1' from pack STMicroelectronics.X-CUBE-EEPRMA1.3.1.1: no header file found
2024-12-11 20:38:38,332 [WARN] ApiManager:304 - Cannot register API 'Board Extension:EEPRMA2' from pack STMicroelectronics.X-CUBE-EEPRMA1.3.1.1: no header file found
2024-12-11 20:38:38,332 [WARN] ApiManager:304 - Cannot register API 'Board Extension:S2868A1' from pack STMicroelectronics.X-CUBE-SFXS2LP1.4.0.0: no header file found
2024-12-11 20:38:38,332 [WARN] ApiManager:304 - Cannot register API 'Board Extension:S2868A2' from pack STMicroelectronics.X-CUBE-SFXS2LP1.4.0.0: no header file found
2024-12-11 20:38:38,332 [WARN] ApiManager:304 - Cannot register API 'Board Extension:S2915A1' from pack STMicroelectronics.X-CUBE-SFXS2LP1.4.0.0: no header file found
2024-12-11 20:39:17,326 [INFO] UtilMem:74 - End LoadConfig() Used Memory: 765350040 Bytes (845152256)
2024-12-11 20:39:17,342 [WARN] ThirdParty:779 - waiting for thirdparty lock release [change project]
2024-12-11 20:39:17,342 [INFO] ThirdParty:781 - entering critical section [change project]
2024-12-11 20:39:17,342 [INFO] ThirdParty:967 - CMSIS Pack Vendor :STMicroelectronics X-CUBE-ISPU 1.1.0
2024-12-11 20:39:17,342 [INFO] ThirdParty:967 - CMSIS Pack Vendor :STMicroelectronics X-CUBE-AZRTOS-H7 3.3.0
2024-12-11 20:39:17,342 [INFO] ThirdParty:967 - CMSIS Pack Vendor :RoweBots I-CUBE-UNISONRTOS 5.5.0-4
2024-12-11 20:39:17,342 [INFO] ThirdParty:967 - CMSIS Pack Vendor :STMicroelectronics X-CUBE-NFC9 1.0.0
2024-12-11 20:39:17,342 [INFO] ThirdParty:967 - CMSIS Pack Vendor :STMicroelectronics X-CUBE-GNSS1 6.0.0
2024-12-11 20:39:17,342 [INFO] ThirdParty:967 - CMSIS Pack Vendor :STMicroelectronics X-CUBE-AZRTOS-H7 2.1.0
2024-12-11 20:39:17,342 [INFO] ThirdParty:967 - CMSIS Pack Vendor :STMicroelectronics USB_HOST 2.0.0
2024-12-11 20:39:17,342 [INFO] ThirdParty:967 - CMSIS Pack Vendor :STMicroelectronics X-CUBE-AZRTOS-F4 1.1.0
2024-12-11 20:39:17,342 [INFO] ThirdParty:967 - CMSIS Pack Vendor :STMicroelectronics FP-ATR-ASTRA1 2.0.1
2024-12-11 20:39:17,342 [INFO] ThirdParty:967 - CMSIS Pack Vendor :STMicroelectronics X-CUBE-WB05N 1.1.0
2024-12-11 20:39:17,342 [INFO] ThirdParty:967 - CMSIS Pack Vendor :STMicroelectronics USB_DEVICE 3.0.0
2024-12-11 20:39:17,342 [INFO] ThirdParty:967 - CMSIS Pack Vendor :STMicroelectronics X-CUBE-ISPU 2.1.0
2024-12-11 20:39:17,342 [INFO] ThirdParty:967 - CMSIS Pack Vendor :STMicroelectronics X-CUBE-AZRTOS-WB 2.0.0
2024-12-11 20:39:17,342 [INFO] ThirdParty:967 - CMSIS Pack Vendor :STMicroelectronics X-CUBE-GNSS1 7.0.0
2024-12-11 20:39:17,342 [INFO] ThirdParty:967 - CMSIS Pack Vendor :STMicroelectronics X-CUBE-TOUCHGFX 4.21.0
2024-12-11 20:39:17,342 [INFO] ThirdParty:967 - CMSIS Pack Vendor :STMicroelectronics X-CUBE-BLEMGR 1.0.0
2024-12-11 20:39:17,342 [INFO] ThirdParty:967 - CMSIS Pack Vendor :STMicroelectronics X-CUBE-BLEMGR 1.2.0
2024-12-11 20:39:17,342 [INFO] ThirdParty:967 - CMSIS Pack Vendor :STMicroelectronics X-CUBE-AZRTOS-F7 1.1.0
2024-12-11 20:39:17,342 [INFO] ThirdParty:967 - CMSIS Pack Vendor :STMicroelectronics X-CUBE-AZRTOS-L5 2.0.0
2024-12-11 20:39:17,342 [INFO] ThirdParty:967 - CMSIS Pack Vendor :STMicroelectronics X-CUBE-MEMS1 9.4.0
2024-12-11 20:39:17,342 [INFO] ThirdParty:967 - CMSIS Pack Vendor :STMicroelectronics USB_DEVICE 2.0.0
2024-12-11 20:39:17,342 [INFO] ThirdParty:967 - CMSIS Pack Vendor :STMicroelectronics X-CUBE-AI 7.3.0
2024-12-11 20:39:17,342 [INFO] ThirdParty:967 - CMSIS Pack Vendor :STMicroelectronics X-CUBE-MEMS1 9.6.0
2024-12-11 20:39:17,342 [INFO] ThirdParty:967 - CMSIS Pack Vendor :STMicroelectronics X-CUBE-EEPRMA1 4.2.0
2024-12-11 20:39:17,342 [INFO] ThirdParty:967 - CMSIS Pack Vendor :STMicroelectronics X-CUBE-NFC6 3.1.0
2024-12-11 20:39:17,342 [INFO] ThirdParty:967 - CMSIS Pack Vendor :STMicroelectronics X-CUBE-BLE1 6.2.3
2024-12-11 20:39:17,342 [INFO] ThirdParty:967 - CMSIS Pack Vendor :STMicroelectronics X-CUBE-ALGOBUILD 1.3.0
2024-12-11 20:39:17,342 [INFO] ThirdParty:967 - CMSIS Pack Vendor :STMicroelectronics X-CUBE-MEMS1 11.0.0
2024-12-11 20:39:17,342 [INFO] ThirdParty:967 - CMSIS Pack Vendor :STMicroelectronics X-CUBE-BLE1 6.2.4
2024-12-11 20:39:17,342 [INFO] ThirdParty:967 - CMSIS Pack Vendor :STMicroelectronics X-CUBE-AZRTOS-L5 1.1.0
2024-12-11 20:39:17,342 [INFO] ThirdParty:967 - CMSIS Pack Vendor :STMicroelectronics FreeRTOS 0.0.1
2024-12-11 20:39:17,342 [INFO] ThirdParty:967 - CMSIS Pack Vendor :STMicroelectronics X-CUBE-AZRTOS-G0 1.1.0
2024-12-11 20:39:17,342 [INFO] ThirdParty:967 - CMSIS Pack Vendor :STMicroelectronics X-CUBE-BLEMGR 2.0.0
2024-12-11 20:39:17,342 [INFO] ThirdParty:967 - CMSIS Pack Vendor :STMicroelectronics X-CUBE-SAFEA1 1.2.2
2024-12-11 20:39:17,342 [INFO] ThirdParty:967 - CMSIS Pack Vendor :STMicroelectronics X-CUBE-NFC4 3.0.0
2024-12-11 20:39:17,342 [INFO] ThirdParty:967 - CMSIS Pack Vendor :SEGGER I-CUBE-embOS 1.2.0
2024-12-11 20:39:17,342 [INFO] ThirdParty:967 - CMSIS Pack Vendor :STMicroelectronics X-CUBE-SUBG2 5.0.0
2024-12-11 20:39:17,342 [INFO] ThirdParty:967 - CMSIS Pack Vendor :STMicroelectronics lwIP 2.0.3
2024-12-11 20:39:17,342 [INFO] ThirdParty:967 - CMSIS Pack Vendor :STMicroelectronics X-CUBE-NFC4 2.0.5
2024-12-11 20:39:17,342 [INFO] ThirdParty:967 - CMSIS Pack Vendor :STMicroelectronics X-CUBE-NFC4 2.0.4
2024-12-11 20:39:17,342 [INFO] ThirdParty:967 - CMSIS Pack Vendor :STMicroelectronics USB_HOST 1.0.0
2024-12-11 20:39:17,342 [INFO] ThirdParty:967 - CMSIS Pack Vendor :STMicroelectronics X-CUBE-AI 9.0.0
2024-12-11 20:39:17,342 [INFO] ThirdParty:967 - CMSIS Pack Vendor :STMicroelectronics X-CUBE-AZRTOS-G4 2.0.0
2024-12-11 20:39:17,342 [INFO] ThirdParty:967 - CMSIS Pack Vendor :STMicroelectronics PDM2PCM 3.1.0
2024-12-11 20:39:17,342 [INFO] ThirdParty:967 - CMSIS Pack Vendor :STMicroelectronics X-CUBE-AZRTOS-H7 3.1.0
2024-12-11 20:39:17,342 [INFO] ThirdParty:967 - CMSIS Pack Vendor :STMicroelectronics FP-ATR-ASTRA1 1.1.1
2024-12-11 20:39:17,342 [INFO] ThirdParty:967 - CMSIS Pack Vendor :STMicroelectronics PDM2PCM 3.3.0
2024-12-11 20:39:17,342 [INFO] ThirdParty:967 - CMSIS Pack Vendor :STMicroelectronics X-CUBE-TOF1 3.1.0
2024-12-11 20:39:17,358 [INFO] ThirdParty:967 - CMSIS Pack Vendor :STMicroelectronics X-CUBE-BLEMGR 1.3.0
2024-12-11 20:39:17,358 [INFO] ThirdParty:967 - CMSIS Pack Vendor :STMicroelectronics FP-ATR-SIGFOX1 3.2.0
2024-12-11 20:39:17,358 [INFO] ThirdParty:967 - CMSIS Pack Vendor :STMicroelectronics X-CUBE-AZRTOS-G4 1.0.0
2024-12-11 20:39:17,358 [INFO] ThirdParty:967 - CMSIS Pack Vendor :STMicroelectronics X-CUBE-NFC10 1.0.0
2024-12-11 20:39:17,358 [INFO] ThirdParty:967 - CMSIS Pack Vendor :STMicroelectronics X-CUBE-AZRTOS-L4 1.0.0
2024-12-11 20:39:17,358 [INFO] ThirdParty:967 - CMSIS Pack Vendor :wolfSSL I-CUBE-wolfSSL 5.5.0
2024-12-11 20:39:17,358 [INFO] ThirdParty:967 - CMSIS Pack Vendor :STMicroelectronics X-CUBE-EEPRMA1 5.1.0
2024-12-11 20:39:17,358 [INFO] ThirdParty:967 - CMSIS Pack Vendor :STMicroelectronics HAL Drivers 0.0.0
2024-12-11 20:39:17,358 [INFO] ThirdParty:967 - CMSIS Pack Vendor :STMicroelectronics MBEDTLS 2.16.2
2024-12-11 20:39:17,358 [INFO] ThirdParty:967 - CMSIS Pack Vendor :emotas I-CUBE-CANOPEN 1.1.2
2024-12-11 20:39:17,358 [INFO] ThirdParty:967 - CMSIS Pack Vendor :STMicroelectronics X-CUBE-TOUCHGFX 4.20.0
2024-12-11 20:39:17,358 [INFO] ThirdParty:967 - CMSIS Pack Vendor :STMicroelectronics X-CUBE-MEMS1 10.0.0
2024-12-11 20:39:17,358 [INFO] ThirdParty:967 - CMSIS Pack Vendor :STMicroelectronics X-CUBE-NFC7 1.0.1
2024-12-11 20:39:17,358 [INFO] ThirdParty:967 - CMSIS Pack Vendor :STMicroelectronics MBEDTLS 2.14.1
2024-12-11 20:39:17,358 [INFO] ThirdParty:967 - CMSIS Pack Vendor :STMicroelectronics X-CUBE-NFC7 1.0.0
2024-12-11 20:39:17,358 [INFO] ThirdParty:967 - CMSIS Pack Vendor :STMicroelectronics X-CUBE-TOUCHGFX 4.24.0
2024-12-11 20:39:17,358 [INFO] ThirdParty:967 - CMSIS Pack Vendor :STMicroelectronics X-CUBE-TOUCHGFX 4.22.1
2024-12-11 20:39:17,358 [INFO] ThirdParty:967 - CMSIS Pack Vendor :STMicroelectronics X-CUBE-AZRTOS-WL 1.0.0
2024-12-11 20:39:17,358 [INFO] ThirdParty:967 - CMSIS Pack Vendor :STMicroelectronics X-CUBE-TOUCHGFX 4.24.1
2024-12-11 20:39:17,358 [INFO] ThirdParty:967 - CMSIS Pack Vendor :STMicroelectronics X-CUBE-NFC6 3.0.0
2024-12-11 20:39:17,358 [INFO] ThirdParty:967 - CMSIS Pack Vendor :wolfSSL I-CUBE-wolfTPM 3.4.0
2024-12-11 20:39:17,358 [INFO] ThirdParty:967 - CMSIS Pack Vendor :STMicroelectronics X-CUBE-MEMS1 9.3.0
2024-12-11 20:39:17,358 [INFO] ThirdParty:967 - CMSIS Pack Vendor :STMicroelectronics X-CUBE-EEPRMA1 4.1.0
2024-12-11 20:39:17,358 [INFO] ThirdParty:967 - CMSIS Pack Vendor :portGmbH I-Cube-SoM-uGOAL 1.1.0
2024-12-11 20:39:17,358 [INFO] ThirdParty:967 - CMSIS Pack Vendor :STMicroelectronics X-CUBE-ALS 1.0.1
2024-12-11 20:39:17,358 [INFO] ThirdParty:967 - CMSIS Pack Vendor :STMicroelectronics X-CUBE-AI 7.2.0
2024-12-11 20:39:17,358 [INFO] ThirdParty:967 - CMSIS Pack Vendor :STMicroelectronics X-CUBE-AZRTOS-WB 1.1.0
2024-12-11 20:39:17,358 [INFO] ThirdParty:967 - CMSIS Pack Vendor :STMicroelectronics X-CUBE-AZRTOS-WL 2.0.0
2024-12-11 20:39:17,358 [INFO] ThirdParty:967 - CMSIS Pack Vendor :SEGGER I-CUBE-embOS 1.3.1
2024-12-11 20:39:17,358 [INFO] ThirdParty:967 - CMSIS Pack Vendor :STMicroelectronics X-CUBE-ALGOBUILD 1.4.0
2024-12-11 20:39:17,358 [INFO] ThirdParty:967 - CMSIS Pack Vendor :STMicroelectronics X-CUBE-AZRTOS-L5 1.0.0
2024-12-11 20:39:17,358 [INFO] ThirdParty:967 - CMSIS Pack Vendor :STMicroelectronics USB_DEVICE 1.0.0
2024-12-11 20:39:17,358 [INFO] ThirdParty:967 - CMSIS Pack Vendor :STMicroelectronics X-CUBE-AI 8.1.0
2024-12-11 20:39:17,358 [INFO] ThirdParty:967 - CMSIS Pack Vendor :STMicroelectronics X-CUBE-EEPRMA1 3.1.1
2024-12-11 20:39:17,358 [INFO] ThirdParty:967 - CMSIS Pack Vendor :STMicroelectronics X-CUBE-AZRTOS-H7RS 1.0.0
2024-12-11 20:39:17,358 [INFO] ThirdParty:967 - CMSIS Pack Vendor :wolfSSL I-CUBE-wolfMQTT 1.19.0
2024-12-11 20:39:17,358 [INFO] ThirdParty:967 - CMSIS Pack Vendor :STMicroelectronics X-CUBE-AZRTOS-L4 2.0.0
2024-12-11 20:39:17,358 [INFO] ThirdParty:967 - CMSIS Pack Vendor :STMicroelectronics ThreadX 0.0.2
2024-12-11 20:39:17,358 [INFO] ThirdParty:967 - CMSIS Pack Vendor :WES I-CUBE-Cesium 1.3.0
2024-12-11 20:39:17,358 [INFO] ThirdParty:967 - CMSIS Pack Vendor :STMicroelectronics FP-ATR-ASTRA1 2.0.0
2024-12-11 20:39:17,358 [INFO] ThirdParty:967 - CMSIS Pack Vendor :STMicroelectronics lwIP 2.1.2
2024-12-11 20:39:17,358 [INFO] ThirdParty:967 - CMSIS Pack Vendor :STMicroelectronics X-CUBE-SFXS2LP1 4.0.0
2024-12-11 20:39:17,358 [INFO] ThirdParty:967 - CMSIS Pack Vendor :STMicroelectronics X-CUBE-AI 9.1.0
2024-12-11 20:39:17,358 [INFO] ThirdParty:967 - CMSIS Pack Vendor :STMicroelectronics X-CUBE-TOF1 3.2.0
2024-12-11 20:39:17,358 [INFO] ThirdParty:967 - CMSIS Pack Vendor :STMicroelectronics PDM2PCM 3.2.0
2024-12-11 20:39:17,358 [INFO] ThirdParty:967 - CMSIS Pack Vendor :STMicroelectronics X-CUBE-AZRTOS-H7 3.0.0
2024-12-11 20:39:17,358 [INFO] ThirdParty:967 - CMSIS Pack Vendor :wolfSSL I-CUBE-wolfSSH 1.4.17
2024-12-11 20:39:17,358 [INFO] ThirdParty:967 - CMSIS Pack Vendor :STMicroelectronics X-CUBE-ISPU 1.0.0
2024-12-11 20:39:17,358 [INFO] ThirdParty:787 - exiting critical section [change project]
2024-12-11 20:39:17,811 [INFO] PinOutPanel:1463 - setPackage(No Configuration,No Configuration)
2024-12-11 20:39:17,826 [INFO] PinOutPanel:1463 - setPackage(STM32F103C6Tx,LQFP48)
2024-12-11 20:39:18,607 [INFO] UtilMem:74 - Before build in PCC Used Memory: 799860760 Bytes (845152256)
2024-12-11 20:39:19,810 [INFO] UtilMem:74 - After build in PCC Used Memory: 752392688 Bytes (854589440)
2024-12-11 20:39:19,841 [INFO] IPUIPlugin:74 - create IPUIPlugin
2024-12-11 20:39:19,841 [INFO] IPUIPlugin:74 - create IPUIPlugin
2024-12-11 20:39:19,841 [INFO] IPUIPlugin:74 - create IPUIPlugin
2024-12-11 20:39:19,841 [INFO] IPUIPlugin:74 - create IPUIPlugin
2024-12-11 20:39:19,841 [INFO] IPUIPlugin:74 - create IPUIPlugin
2024-12-11 20:39:19,841 [INFO] IPUIPlugin:74 - create IPUIPlugin
2024-12-11 20:39:19,841 [INFO] IPUIPlugin:74 - create IPUIPlugin
2024-12-11 20:39:19,841 [INFO] IPUIPlugin:74 - create IPUIPlugin
2024-12-11 20:39:19,857 [INFO] IPUIPlugin:74 - create IPUIPlugin
2024-12-11 20:39:19,857 [INFO] IPUIPlugin:74 - create IPUIPlugin
2024-12-11 20:39:19,857 [INFO] IPUIPlugin:74 - create IPUIPlugin
2024-12-11 20:39:19,857 [INFO] IPUIPlugin:74 - create IPUIPlugin
2024-12-11 20:39:19,857 [INFO] IPUIPlugin:74 - create IPUIPlugin
2024-12-11 20:39:19,857 [INFO] IPUIPlugin:74 - create IPUIPlugin
2024-12-11 20:39:19,857 [INFO] IPUIPlugin:74 - create IPUIPlugin
2024-12-11 20:39:19,857 [INFO] IPUIPlugin:74 - create IPUIPlugin
2024-12-11 20:39:19,857 [INFO] IPUIPlugin:74 - create IPUIPlugin
2024-12-11 20:39:19,857 [INFO] IPUIPlugin:74 - create IPUIPlugin
2024-12-11 20:39:19,857 [INFO] IPUIPlugin:74 - create IPUIPlugin
2024-12-11 20:39:19,857 [INFO] IPUIPlugin:74 - create IPUIPlugin
2024-12-11 20:39:19,857 [INFO] IPUIPlugin:74 - create IPUIPlugin
2024-12-11 20:39:19,857 [INFO] IPUIPlugin:74 - create IPUIPlugin
2024-12-11 20:39:19,857 [INFO] IPUIPlugin:74 - create IPUIPlugin
2024-12-11 20:39:20,076 [INFO] OpenFileManager:333 - Restore cursor
2024-12-11 20:39:20,685 [INFO] UtilMem:74 - End SaveConfig() Used Memory: 774366264 Bytes (854589440)
2024-12-11 20:39:20,826 [INFO] UtilMem:74 - End SaveConfig() Used Memory: 801730408 Bytes (854589440)
2024-12-11 20:39:21,497 [INFO] BlockDiagram:2740 - set Specific Code input for plugin: NVIC
2024-12-11 20:39:21,497 [INFO] BlockDiagram:2740 - set Specific Code input for plugin: SYS
2024-12-11 20:39:21,497 [INFO] BlockDiagram:2740 - set Specific Code input for plugin: RCC
2024-12-11 20:39:21,513 [INFO] CodeGenerator:663 - code generatio: config db path: C:\ST\STM32CubeIDE_1.7.0\STM32CubeIDE\plugins\com.st.stm32cube.common.mx_6.3.0.202107141111\\db\
2024-12-11 20:39:22,122 [INFO] CodeEngine:239 - oldGeneratedFile, C:\Users\Admin\Desktop\LAB VXL\LAB 1\BAI7_10\source\EX7_10\MXTmpFiles\license.tmp_save
2024-12-11 20:39:22,685 [INFO] CodeEngine:257 - Generated code: C:\Users\Admin\Desktop\LAB VXL\LAB 1\BAI7_10\source\EX7_10\MXTmpFiles\license.tmp
2024-12-11 20:39:22,856 [INFO] CodeEngine:239 - oldGeneratedFile, C:\Users\Admin\Desktop\LAB VXL\LAB 1\BAI7_10\source\EX7_10\Core\Src\stm32f1xx_it.c_save
2024-12-11 20:39:23,138 [INFO] CodeEngine:257 - Generated code: C:\Users\Admin\Desktop\LAB VXL\LAB 1\BAI7_10\source\EX7_10\Core\Src\stm32f1xx_it.c
2024-12-11 20:39:23,138 [INFO] CodeEngine:239 - oldGeneratedFile, C:\Users\Admin\Desktop\LAB VXL\LAB 1\BAI7_10\source\EX7_10\Core\Inc\stm32f1xx_it.h_save
2024-12-11 20:39:23,294 [INFO] CodeEngine:257 - Generated code: C:\Users\Admin\Desktop\LAB VXL\LAB 1\BAI7_10\source\EX7_10\Core\Inc\stm32f1xx_it.h
2024-12-11 20:39:23,309 [INFO] CodeEngine:239 - oldGeneratedFile, C:\Users\Admin\Desktop\LAB VXL\LAB 1\BAI7_10\source\EX7_10\Core\Src\stm32f1xx_hal_msp.c_save
2024-12-11 20:39:23,622 [INFO] CodeEngine:257 - Generated code: C:\Users\Admin\Desktop\LAB VXL\LAB 1\BAI7_10\source\EX7_10\Core\Src\stm32f1xx_hal_msp.c
2024-12-11 20:39:23,622 [INFO] CodeEngine:239 - oldGeneratedFile, C:\Users\Admin\Desktop\LAB VXL\LAB 1\BAI7_10\source\EX7_10\MXTmpFiles\system.tmp_save
2024-12-11 20:39:23,747 [INFO] CodeEngine:257 - Generated code: C:\Users\Admin\Desktop\LAB VXL\LAB 1\BAI7_10\source\EX7_10\MXTmpFiles\system.tmp
2024-12-11 20:39:23,762 [INFO] CodeEngine:239 - oldGeneratedFile, C:\Users\Admin\Desktop\LAB VXL\LAB 1\BAI7_10\source\EX7_10\Core\Inc\stm32f1xx_hal_conf.h_save
2024-12-11 20:39:23,965 [INFO] CodeEngine:257 - Generated code: C:\Users\Admin\Desktop\LAB VXL\LAB 1\BAI7_10\source\EX7_10\Core\Inc\stm32f1xx_hal_conf.h
2024-12-11 20:39:24,059 [INFO] CodeEngine:239 - oldGeneratedFile, C:\Users\Admin\Desktop\LAB VXL\LAB 1\BAI7_10\source\EX7_10\Core\Inc\main.h_save
2024-12-11 20:39:24,247 [INFO] CodeEngine:257 - Generated code: C:\Users\Admin\Desktop\LAB VXL\LAB 1\BAI7_10\source\EX7_10\Core\Inc\main.h
2024-12-11 20:39:24,262 [INFO] CodeEngine:239 - oldGeneratedFile, C:\Users\Admin\Desktop\LAB VXL\LAB 1\BAI7_10\source\EX7_10\Core\Src\main.c_save
2024-12-11 20:39:24,481 [INFO] CodeEngine:257 - Generated code: C:\Users\Admin\Desktop\LAB VXL\LAB 1\BAI7_10\source\EX7_10\Core\Src\main.c
2024-12-11 20:39:26,262 [INFO] ProjectBuilder:2578 - Time for Copy HAL[1] : 125mS.
2024-12-11 20:39:26,262 [INFO] ProjectBuilder:3622 - Project Generator version: 3.14.1
2024-12-11 20:39:27,262 [INFO] ConfigFileManager:1271 - The Die is : DIE412
2024-12-11 20:39:27,308 [INFO] ApiDbMcu:468 - Load IP Config File for FATFS
2024-12-11 20:39:27,387 [INFO] ApiDbMcu:468 - Load IP Config File for FREERTOS
2024-12-11 20:39:27,449 [INFO] ApiDbMcu:468 - Load IP Config File for USB_DEVICE
2024-12-11 20:39:39,384 [INFO] ProjectBuilder:3789 - Time for Generating toolchain IDE Files: 13122mS.
2024-12-11 20:39:39,399 [INFO] ProjectBuilder:2457 - Time for Copy CMSIS : 0mS.
2024-12-11 20:39:39,399 [INFO] ProjectBuilder:2457 - Time for Copy CMSIS : 0mS.
2024-12-11 20:39:40,383 [INFO] McuFinderGlobals:52 - Set McuFinderConnectedMode to true
2024-12-11 20:39:40,383 [INFO] ApiDb:276 - Save user favorites file C:\Users\Admin/.stm32cubeide/favorites.mcus.txt: 0 item(s)
2024-12-11 20:39:40,383 [INFO] ApiDb:280 - User favorites MCUs=[]
2024-12-11 20:48:14,411 [INFO] UtilMem:74 - End SaveConfig() Used Memory: 901625760 Bytes (1073741824)
2024-12-11 20:48:16,662 [INFO] UtilMem:74 - End SaveConfig() Used Memory: 918097056 Bytes (1073741824)
2024-12-11 20:48:19,054 [INFO] UtilMem:74 - End SaveConfig() Used Memory: 932169784 Bytes (1073741824)
2024-12-11 20:48:19,475 [INFO] BlockDiagram:2740 - set Specific Code input for plugin: NVIC
2024-12-11 20:48:19,475 [INFO] BlockDiagram:2740 - set Specific Code input for plugin: SYS
2024-12-11 20:48:19,475 [INFO] BlockDiagram:2740 - set Specific Code input for plugin: GPIO
2024-12-11 20:48:19,475 [INFO] BlockDiagram:2740 - set Specific Code input for plugin: RCC
2024-12-11 20:48:19,475 [INFO] CodeGenerator:663 - code generatio: config db path: C:\ST\STM32CubeIDE_1.7.0\STM32CubeIDE\plugins\com.st.stm32cube.common.mx_6.3.0.202107141111\\db\
2024-12-11 20:48:19,857 [INFO] CodeEngine:239 - oldGeneratedFile, C:\Users\Admin\Desktop\LAB VXL\LAB 1\BAI7_10\source\EX7_10\MXTmpFiles\license.tmp_save
2024-12-11 20:48:19,929 [INFO] CodeEngine:257 - Generated code: C:\Users\Admin\Desktop\LAB VXL\LAB 1\BAI7_10\source\EX7_10\MXTmpFiles\license.tmp
2024-12-11 20:48:20,054 [INFO] CodeEngine:239 - oldGeneratedFile, C:\Users\Admin\Desktop\LAB VXL\LAB 1\BAI7_10\source\EX7_10\MXTmpFiles\gpio.tmp_save
2024-12-11 20:48:20,163 [INFO] CodeEngine:257 - Generated code: C:\Users\Admin\Desktop\LAB VXL\LAB 1\BAI7_10\source\EX7_10\MXTmpFiles\gpio.tmp
2024-12-11 20:48:20,243 [INFO] CodeEngine:239 - oldGeneratedFile, C:\Users\Admin\Desktop\LAB VXL\LAB 1\BAI7_10\source\EX7_10\Core\Src\stm32f1xx_it.c_save
2024-12-11 20:48:20,445 [INFO] CodeEngine:257 - Generated code: C:\Users\Admin\Desktop\LAB VXL\LAB 1\BAI7_10\source\EX7_10\Core\Src\stm32f1xx_it.c
2024-12-11 20:48:20,460 [INFO] CodeEngine:239 - oldGeneratedFile, C:\Users\Admin\Desktop\LAB VXL\LAB 1\BAI7_10\source\EX7_10\Core\Inc\stm32f1xx_it.h_save
2024-12-11 20:48:20,554 [INFO] CodeEngine:257 - Generated code: C:\Users\Admin\Desktop\LAB VXL\LAB 1\BAI7_10\source\EX7_10\Core\Inc\stm32f1xx_it.h
2024-12-11 20:48:20,585 [INFO] CodeEngine:239 - oldGeneratedFile, C:\Users\Admin\Desktop\LAB VXL\LAB 1\BAI7_10\source\EX7_10\Core\Src\stm32f1xx_hal_msp.c_save
2024-12-11 20:48:20,726 [INFO] CodeEngine:257 - Generated code: C:\Users\Admin\Desktop\LAB VXL\LAB 1\BAI7_10\source\EX7_10\Core\Src\stm32f1xx_hal_msp.c
2024-12-11 20:48:20,726 [INFO] CodeEngine:239 - oldGeneratedFile, C:\Users\Admin\Desktop\LAB VXL\LAB 1\BAI7_10\source\EX7_10\MXTmpFiles\system.tmp_save
2024-12-11 20:48:20,788 [INFO] CodeEngine:257 - Generated code: C:\Users\Admin\Desktop\LAB VXL\LAB 1\BAI7_10\source\EX7_10\MXTmpFiles\system.tmp
2024-12-11 20:48:20,820 [INFO] CodeEngine:239 - oldGeneratedFile, C:\Users\Admin\Desktop\LAB VXL\LAB 1\BAI7_10\source\EX7_10\Core\Inc\stm32f1xx_hal_conf.h_save
2024-12-11 20:48:20,976 [INFO] CodeEngine:257 - Generated code: C:\Users\Admin\Desktop\LAB VXL\LAB 1\BAI7_10\source\EX7_10\Core\Inc\stm32f1xx_hal_conf.h
2024-12-11 20:48:21,039 [INFO] CodeEngine:239 - oldGeneratedFile, C:\Users\Admin\Desktop\LAB VXL\LAB 1\BAI7_10\source\EX7_10\Core\Inc\main.h_save
2024-12-11 20:48:21,148 [INFO] CodeEngine:257 - Generated code: C:\Users\Admin\Desktop\LAB VXL\LAB 1\BAI7_10\source\EX7_10\Core\Inc\main.h
2024-12-11 20:48:21,164 [INFO] CodeEngine:239 - oldGeneratedFile, C:\Users\Admin\Desktop\LAB VXL\LAB 1\BAI7_10\source\EX7_10\Core\Src\main.c_save
2024-12-11 20:48:21,289 [INFO] CodeEngine:257 - Generated code: C:\Users\Admin\Desktop\LAB VXL\LAB 1\BAI7_10\source\EX7_10\Core\Src\main.c
2024-12-11 20:48:22,901 [INFO] ProjectBuilder:2578 - Time for Copy HAL[1] : 97mS.
2024-12-11 20:48:22,914 [INFO] ProjectBuilder:3622 - Project Generator version: 3.14.1
2024-12-11 20:48:23,601 [INFO] ConfigFileManager:1271 - The Die is : DIE412
2024-12-11 20:48:28,117 [INFO] ProjectBuilder:3789 - Time for Generating toolchain IDE Files: 5203mS.
2024-12-11 20:48:28,117 [INFO] ProjectBuilder:2457 - Time for Copy CMSIS : 0mS.
2024-12-11 20:48:28,132 [INFO] ProjectBuilder:2457 - Time for Copy CMSIS : 0mS.
2024-12-12 05:45:17,705 [INFO] Activator:177 - 


2024-12-12 05:45:17,707 [INFO] Activator:178 - !SESSION log4j initialized
