2024-12-12 07:35:25,200 [INFO] Activator:177 - 


2024-12-12 07:35:25,200 [INFO] Activator:178 - !SESSION log4j initialized
2024-12-12 07:35:28,650 [INFO] McuFinderGlobals:39 - Set McuFinder mode to 2 (CubeIDE integrated)
2024-12-12 07:35:30,868 [INFO] ApplicationProperties:181 - Using Application install path: C:\ST\STM32CubeIDE_1.7.0\STM32CubeIDE\plugins\com.st.stm32cube.common.mx_6.3.0.202107141111
2024-12-12 07:35:30,884 [INFO] DbMcusXml:74 - Set database path to: C:\ST\STM32CubeIDE_1.7.0\STM32CubeIDE\plugins\com.st.stm32cube.common.mx_6.3.0.202107141111\\db\/mcu/
2024-12-12 07:35:30,884 [INFO] DbBoardsPdsc:56 - Set plugin database path to: C:\ST\STM32CubeIDE_1.7.0\STM32CubeIDE\plugins\com.st.stm32cube.common.mx_6.3.0.202107141111\\db\/plugins/boardmanager/
2024-12-12 07:35:30,899 [INFO] DbMcus:258 - Set plugin images path to: C:\ST\STM32CubeIDE_1.7.0\STM32CubeIDE\plugins\com.st.stm32cube.common.mx_6.3.0.202107141111\\db\/plugins/mcufinder/images/
2024-12-12 07:35:30,899 [INFO] DbBoards:264 - Set plugin images path to: C:\ST\STM32CubeIDE_1.7.0\STM32CubeIDE\plugins\com.st.stm32cube.common.mx_6.3.0.202107141111\\db\/plugins/mcufinder/images/
2024-12-12 07:35:30,899 [INFO] DbExamples:333 - Set plugin images path to: C:\ST\STM32CubeIDE_1.7.0\STM32CubeIDE\plugins\com.st.stm32cube.common.mx_6.3.0.202107141111\\db\/plugins/mcufinder/images/
2024-12-12 07:35:30,899 [INFO] DbMcusAds:119 - Set database path to: C:\Users\Admin\.stmcufinder\plugins\mcufinder//mcu/
2024-12-12 07:35:30,899 [INFO] DbMcusDocs:110 - Set database path to: C:\Users\Admin\.stmcufinder\plugins\mcufinder//mcu/
2024-12-12 07:35:30,899 [INFO] DbMcusJson:64 - Set database path to: C:\Users\Admin\.stmcufinder\plugins\mcufinder//mcu/
2024-12-12 07:35:30,899 [INFO] DbBoardsDocs:110 - Set database path to: C:\Users\Admin\.stmcufinder\plugins\mcufinder//mcu/
2024-12-12 07:35:30,899 [INFO] DbBoardsJson:57 - Set database path to: C:\Users\Admin\.stmcufinder\plugins\mcufinder//mcu/
2024-12-12 07:35:31,446 [INFO] CrossReferenceDbSqlite:196 - Set database path to: C:\Users\Admin\.stmcufinder\plugins\mcufinder//mcu/cs/
2024-12-12 07:35:31,446 [INFO] DbExamplesSqlite:767 - Set database path to: C:\Users\Admin\.stmcufinder\plugins\mcufinder//mcu/
2024-12-12 07:35:31,555 [INFO] RulesReader:57 - Compatibility file has been processed (242 Rules)
2024-12-12 07:35:31,633 [INFO] DbMcusXml:74 - Set database path to: C:\ST\STM32CubeIDE_1.7.0\STM32CubeIDE\plugins\com.st.stm32cube.common.mx_6.3.0.202107141111\\db\/mcu/
2024-12-12 07:35:31,633 [INFO] DbBoardsPdsc:56 - Set plugin database path to: C:\ST\STM32CubeIDE_1.7.0\STM32CubeIDE\plugins\com.st.stm32cube.common.mx_6.3.0.202107141111\\db\/plugins/boardmanager/
2024-12-12 07:35:31,633 [INFO] DbMcus:258 - Set plugin images path to: C:\ST\STM32CubeIDE_1.7.0\STM32CubeIDE\plugins\com.st.stm32cube.common.mx_6.3.0.202107141111\\db\/plugins/mcufinder/images/
2024-12-12 07:35:31,633 [INFO] DbBoards:264 - Set plugin images path to: C:\ST\STM32CubeIDE_1.7.0\STM32CubeIDE\plugins\com.st.stm32cube.common.mx_6.3.0.202107141111\\db\/plugins/mcufinder/images/
2024-12-12 07:35:31,633 [INFO] DbExamples:333 - Set plugin images path to: C:\ST\STM32CubeIDE_1.7.0\STM32CubeIDE\plugins\com.st.stm32cube.common.mx_6.3.0.202107141111\\db\/plugins/mcufinder/images/
2024-12-12 07:35:31,633 [WARN] DbFile:35 - Overriding database path with different value: C:\Users\Admin\.stmcufinder\plugins\mcufinder/ => C:\Users\Admin\.stmcufinder\plugins\mcufinder
2024-12-12 07:35:31,633 [INFO] DbMcusAds:119 - Set database path to: C:\Users\Admin\.stmcufinder\plugins\mcufinder//mcu/
2024-12-12 07:35:31,633 [WARN] DbFile:35 - Overriding database path with different value: C:\Users\Admin\.stmcufinder\plugins\mcufinder/ => C:\Users\Admin\.stmcufinder\plugins\mcufinder
2024-12-12 07:35:31,633 [INFO] DbMcusDocs:110 - Set database path to: C:\Users\Admin\.stmcufinder\plugins\mcufinder//mcu/
2024-12-12 07:35:31,633 [WARN] DbFile:35 - Overriding database path with different value: C:\Users\Admin\.stmcufinder\plugins\mcufinder/ => C:\Users\Admin\.stmcufinder\plugins\mcufinder
2024-12-12 07:35:31,633 [INFO] DbMcusJson:64 - Set database path to: C:\Users\Admin\.stmcufinder\plugins\mcufinder//mcu/
2024-12-12 07:35:31,633 [WARN] DbFile:35 - Overriding database path with different value: C:\Users\Admin\.stmcufinder\plugins\mcufinder/ => C:\Users\Admin\.stmcufinder\plugins\mcufinder
2024-12-12 07:35:31,633 [INFO] DbBoardsDocs:110 - Set database path to: C:\Users\Admin\.stmcufinder\plugins\mcufinder//mcu/
2024-12-12 07:35:31,633 [WARN] DbFile:35 - Overriding database path with different value: C:\Users\Admin\.stmcufinder\plugins\mcufinder/ => C:\Users\Admin\.stmcufinder\plugins\mcufinder
2024-12-12 07:35:31,633 [INFO] DbBoardsJson:57 - Set database path to: C:\Users\Admin\.stmcufinder\plugins\mcufinder//mcu/
2024-12-12 07:35:31,633 [WARN] DbFile:35 - Overriding database path with different value: C:\Users\Admin\.stmcufinder\plugins\mcufinder/ => C:\Users\Admin\.stmcufinder\plugins\mcufinder
2024-12-12 07:35:31,633 [WARN] DbFile:35 - Overriding database path with different value: C:\Users\Admin\.stmcufinder\plugins\mcufinder/ => C:\Users\Admin\.stmcufinder\plugins\mcufinder
2024-12-12 07:35:32,446 [INFO] CrossReferenceDbSqlite:196 - Set database path to: C:\Users\Admin\.stmcufinder\plugins\mcufinder//mcu/cs/
2024-12-12 07:35:32,446 [WARN] DbFile:35 - Overriding database path with different value: C:\Users\Admin\.stmcufinder\plugins\mcufinder/ => C:\Users\Admin\.stmcufinder\plugins\mcufinder
2024-12-12 07:35:32,446 [INFO] DbExamplesSqlite:767 - Set database path to: C:\Users\Admin\.stmcufinder\plugins\mcufinder//mcu/
2024-12-12 07:35:32,508 [INFO] MainPanel:214 - HeapMemory: 268435456
2024-12-12 07:35:32,571 [INFO] DbMcusXml:74 - Set database path to: C:\ST\STM32CubeIDE_1.7.0\STM32CubeIDE\plugins\com.st.stm32cube.common.mx_6.3.0.202107141111\\db\/mcu/
2024-12-12 07:35:32,571 [INFO] DbBoardsPdsc:56 - Set plugin database path to: C:\ST\STM32CubeIDE_1.7.0\STM32CubeIDE\plugins\com.st.stm32cube.common.mx_6.3.0.202107141111\\db\/plugins/boardmanager/
2024-12-12 07:35:32,571 [INFO] DbMcus:258 - Set plugin images path to: C:\ST\STM32CubeIDE_1.7.0\STM32CubeIDE\plugins\com.st.stm32cube.common.mx_6.3.0.202107141111\\db\/plugins/mcufinder/images/
2024-12-12 07:35:32,571 [INFO] DbBoards:264 - Set plugin images path to: C:\ST\STM32CubeIDE_1.7.0\STM32CubeIDE\plugins\com.st.stm32cube.common.mx_6.3.0.202107141111\\db\/plugins/mcufinder/images/
2024-12-12 07:35:32,571 [INFO] DbExamples:333 - Set plugin images path to: C:\ST\STM32CubeIDE_1.7.0\STM32CubeIDE\plugins\com.st.stm32cube.common.mx_6.3.0.202107141111\\db\/plugins/mcufinder/images/
2024-12-12 07:35:32,571 [WARN] DbFile:35 - Overriding database path with different value: C:\Users\Admin\.stmcufinder\plugins\mcufinder/ => C:\Users\Admin\.stmcufinder\plugins\mcufinder
2024-12-12 07:35:32,571 [INFO] DbMcusAds:119 - Set database path to: C:\Users\Admin\.stmcufinder\plugins\mcufinder//mcu/
2024-12-12 07:35:32,571 [WARN] DbFile:35 - Overriding database path with different value: C:\Users\Admin\.stmcufinder\plugins\mcufinder/ => C:\Users\Admin\.stmcufinder\plugins\mcufinder
2024-12-12 07:35:32,571 [INFO] DbMcusDocs:110 - Set database path to: C:\Users\Admin\.stmcufinder\plugins\mcufinder//mcu/
2024-12-12 07:35:32,571 [WARN] DbFile:35 - Overriding database path with different value: C:\Users\Admin\.stmcufinder\plugins\mcufinder/ => C:\Users\Admin\.stmcufinder\plugins\mcufinder
2024-12-12 07:35:32,571 [INFO] DbMcusJson:64 - Set database path to: C:\Users\Admin\.stmcufinder\plugins\mcufinder//mcu/
2024-12-12 07:35:32,571 [WARN] DbFile:35 - Overriding database path with different value: C:\Users\Admin\.stmcufinder\plugins\mcufinder/ => C:\Users\Admin\.stmcufinder\plugins\mcufinder
2024-12-12 07:35:32,571 [INFO] DbBoardsDocs:110 - Set database path to: C:\Users\Admin\.stmcufinder\plugins\mcufinder//mcu/
2024-12-12 07:35:32,571 [WARN] DbFile:35 - Overriding database path with different value: C:\Users\Admin\.stmcufinder\plugins\mcufinder/ => C:\Users\Admin\.stmcufinder\plugins\mcufinder
2024-12-12 07:35:32,571 [INFO] DbBoardsJson:57 - Set database path to: C:\Users\Admin\.stmcufinder\plugins\mcufinder//mcu/
2024-12-12 07:35:32,571 [WARN] DbFile:35 - Overriding database path with different value: C:\Users\Admin\.stmcufinder\plugins\mcufinder/ => C:\Users\Admin\.stmcufinder\plugins\mcufinder
2024-12-12 07:35:32,571 [WARN] DbFile:35 - Overriding database path with different value: C:\Users\Admin\.stmcufinder\plugins\mcufinder/ => C:\Users\Admin\.stmcufinder\plugins\mcufinder
2024-12-12 07:35:33,446 [INFO] CrossReferenceDbSqlite:196 - Set database path to: C:\Users\Admin\.stmcufinder\plugins\mcufinder//mcu/cs/
2024-12-12 07:35:33,446 [WARN] DbFile:35 - Overriding database path with different value: C:\Users\Admin\.stmcufinder\plugins\mcufinder/ => C:\Users\Admin\.stmcufinder\plugins\mcufinder
2024-12-12 07:35:33,446 [INFO] DbExamplesSqlite:767 - Set database path to: C:\Users\Admin\.stmcufinder\plugins\mcufinder//mcu/
2024-12-12 07:35:33,477 [INFO] ApplicationProperties:181 - Using Application install path: C:\ST\STM32CubeIDE_1.7.0\STM32CubeIDE\plugins\com.st.stm32cube.common.mx_6.3.0.202107141111
2024-12-12 07:35:33,477 [INFO] PluginManage:188 - Search for loadable plugins [exclusion list=, ]
2024-12-12 07:35:33,477 [INFO] PluginManage:302 - Check plugin analytics
2024-12-12 07:35:34,508 [INFO] AnalyticsPlugin:257 - Accepted Software Licenses: 
2024-12-12 07:35:34,508 [INFO] AnalyticsPlugin:259 - Accepted CMSIS Pack Licenses: 
2024-12-12 07:35:34,524 [INFO] AnalyticsPlugin:261 - Accepted Firmware Licenses: 
2024-12-12 07:35:34,524 [INFO] PluginManage:352 - Loaded plugin analytics (category:tool,tabindex:-1)
2024-12-12 07:35:34,524 [INFO] PluginManage:302 - Check plugin clock
2024-12-12 07:35:34,539 [INFO] PluginManage:352 - Loaded plugin clock (category:base,tabindex:2)
2024-12-12 07:35:34,539 [INFO] PluginManage:302 - Check plugin ddr
2024-12-12 07:35:34,539 [INFO] PluginManage:352 - Loaded plugin ddr (category:tool,tabindex:6)
2024-12-12 07:35:34,539 [INFO] PluginManage:302 - Check plugin filemanager
2024-12-12 07:35:34,633 [INFO] PluginManage:352 - Loaded plugin filemanager (category:base,tabindex:10)
2024-12-12 07:35:34,633 [INFO] PluginManage:302 - Check plugin ipmanager
2024-12-12 07:35:34,649 [INFO] PluginManage:352 - Loaded plugin ipmanager (category:base,tabindex:5)
2024-12-12 07:35:34,649 [INFO] PluginManage:302 - Check plugin pinoutandconfiguration
2024-12-12 07:35:34,649 [INFO] PluginManage:352 - Loaded plugin pinoutandconfiguration (category:base,tabindex:1)
2024-12-12 07:35:34,649 [INFO] PluginManage:302 - Check plugin pinoutconfig
2024-12-12 07:35:34,665 [INFO] PluginManage:352 - Loaded plugin pinoutconfig (category:base,tabindex:0)
2024-12-12 07:35:34,665 [INFO] PluginManage:302 - Check plugin power
2024-12-12 07:35:34,680 [INFO] PluginManage:352 - Loaded plugin power (category:power,tabindex:4)
2024-12-12 07:35:34,680 [INFO] PluginManage:302 - Check plugin projectmanager
2024-12-12 07:35:34,696 [INFO] PluginManage:352 - Loaded plugin projectmanager (category:projectmanager,tabindex:3)
2024-12-12 07:35:34,696 [INFO] PluginManage:302 - Check plugin thirdparty
2024-12-12 07:35:34,790 [INFO] PluginManage:352 - Loaded plugin thirdparty (category:base,tabindex:-1)
2024-12-12 07:35:34,790 [INFO] PluginManage:302 - Check plugin tools
2024-12-12 07:35:34,790 [WARN] IntegrityCheckThread:78 - waiting for thirdparty lock release [integrity check]
2024-12-12 07:35:34,790 [INFO] IntegrityCheckThread:80 - entering critical section [integrity check]
2024-12-12 07:35:34,790 [INFO] ThirdPartyUpdaterWithRetryManager:66 - Updater plugin not ready yet. [1/15]
2024-12-12 07:35:34,790 [INFO] PluginManage:352 - Loaded plugin tools (category:base,tabindex:7)
2024-12-12 07:35:34,790 [INFO] PluginManage:302 - Check plugin tutovideos
2024-12-12 07:35:34,962 [INFO] PluginManage:352 - Loaded plugin tutovideos (category:base,tabindex:-1)
2024-12-12 07:35:34,962 [INFO] PluginManage:302 - Check plugin updater
2024-12-12 07:35:34,962 [INFO] PluginManage:352 - Loaded plugin updater (category:base,tabindex:12)
2024-12-12 07:35:34,962 [INFO] PluginManage:275 - PluginManage : Loaded plugins [13]
2024-12-12 07:35:35,086 [INFO] PinOutPanel:1463 - setPackage(No Configuration,No Configuration)
2024-12-12 07:35:35,165 [INFO] IPUIPlugin:74 - create IPUIPlugin
2024-12-12 07:35:35,165 [INFO] PluginManager:213 - loadIPPluginJar : add adc
2024-12-12 07:35:35,165 [INFO] IPUIPlugin:74 - create IPUIPlugin
2024-12-12 07:35:35,165 [INFO] PluginManager:213 - loadIPPluginJar : add aes
2024-12-12 07:35:35,165 [INFO] IPUIPlugin:74 - create IPUIPlugin
2024-12-12 07:35:35,165 [INFO] PluginManager:213 - loadIPPluginJar : add can
2024-12-12 07:35:35,165 [INFO] IPUIPlugin:74 - create IPUIPlugin
2024-12-12 07:35:35,165 [INFO] PluginManager:213 - loadIPPluginJar : add comp
2024-12-12 07:35:35,165 [INFO] IPUIPlugin:74 - create IPUIPlugin
2024-12-12 07:35:35,165 [INFO] PluginManager:213 - loadIPPluginJar : add cryp
2024-12-12 07:35:35,165 [INFO] IPUIPlugin:74 - create IPUIPlugin
2024-12-12 07:35:35,165 [INFO] PluginManager:213 - loadIPPluginJar : add dfsdm
2024-12-12 07:35:35,180 [INFO] IPUIPlugin:74 - create IPUIPlugin
2024-12-12 07:35:35,180 [INFO] PluginManager:213 - loadIPPluginJar : add dma
2024-12-12 07:35:35,180 [INFO] IPUIPlugin:74 - create IPUIPlugin
2024-12-12 07:35:35,180 [INFO] PluginManager:213 - loadIPPluginJar : add dma3
2024-12-12 07:35:35,180 [INFO] IPUIPlugin:74 - create IPUIPlugin
2024-12-12 07:35:35,180 [INFO] PluginManager:213 - loadIPPluginJar : add fatfs
2024-12-12 07:35:35,180 [INFO] IPUIPlugin:74 - create IPUIPlugin
2024-12-12 07:35:35,180 [INFO] PluginManager:213 - loadIPPluginJar : add fmc
2024-12-12 07:35:35,180 [INFO] IPUIPlugin:74 - create IPUIPlugin
2024-12-12 07:35:35,196 [INFO] PluginManager:213 - loadIPPluginJar : add freertos
2024-12-12 07:35:35,196 [INFO] IPUIPlugin:74 - create IPUIPlugin
2024-12-12 07:35:35,196 [INFO] PluginManager:213 - loadIPPluginJar : add genericplugin
2024-12-12 07:35:35,196 [INFO] IPUIPlugin:74 - create IPUIPlugin
2024-12-12 07:35:35,196 [INFO] PluginManager:213 - loadIPPluginJar : add gfxmmu
2024-12-12 07:35:35,196 [INFO] IPUIPlugin:74 - create IPUIPlugin
2024-12-12 07:35:35,196 [INFO] PluginManager:213 - loadIPPluginJar : add gic
2024-12-12 07:35:35,196 [INFO] IPUIPlugin:74 - create IPUIPlugin
2024-12-12 07:35:35,196 [INFO] PluginManager:213 - loadIPPluginJar : add gpio
2024-12-12 07:35:35,196 [INFO] IPUIPlugin:74 - create IPUIPlugin
2024-12-12 07:35:35,196 [INFO] PluginManager:213 - loadIPPluginJar : add gtzc
2024-12-12 07:35:35,211 [INFO] IPUIPlugin:74 - create IPUIPlugin
2024-12-12 07:35:35,211 [INFO] PluginManager:213 - loadIPPluginJar : add hash
2024-12-12 07:35:35,211 [INFO] IPUIPlugin:74 - create IPUIPlugin
2024-12-12 07:35:35,211 [INFO] PluginManager:213 - loadIPPluginJar : add i2c
2024-12-12 07:35:35,211 [INFO] IPUIPlugin:74 - create IPUIPlugin
2024-12-12 07:35:35,211 [INFO] PluginManager:213 - loadIPPluginJar : add i2s
2024-12-12 07:35:35,211 [INFO] IPUIPlugin:74 - create IPUIPlugin
2024-12-12 07:35:35,211 [INFO] PluginManager:213 - loadIPPluginJar : add ipddr
2024-12-12 07:35:35,211 [INFO] IPUIPlugin:74 - create IPUIPlugin
2024-12-12 07:35:35,211 [INFO] PluginManager:213 - loadIPPluginJar : add linkedlist
2024-12-12 07:35:35,211 [INFO] IPUIPlugin:74 - create IPUIPlugin
2024-12-12 07:35:35,211 [INFO] PluginManager:213 - loadIPPluginJar : add lorawan
2024-12-12 07:35:35,227 [INFO] IPUIPlugin:74 - create IPUIPlugin
2024-12-12 07:35:35,227 [INFO] PluginManager:213 - loadIPPluginJar : add ltdc
2024-12-12 07:35:35,227 [INFO] IPUIPlugin:74 - create IPUIPlugin
2024-12-12 07:35:35,227 [INFO] PluginManager:213 - loadIPPluginJar : add mdma
2024-12-12 07:35:35,227 [INFO] IPUIPlugin:74 - create IPUIPlugin
2024-12-12 07:35:35,227 [INFO] PluginManager:213 - loadIPPluginJar : add nvic
2024-12-12 07:35:35,227 [INFO] IPUIPlugin:74 - create IPUIPlugin
2024-12-12 07:35:35,227 [INFO] PluginManager:213 - loadIPPluginJar : add opamp
2024-12-12 07:35:35,227 [INFO] IPUIPlugin:74 - create IPUIPlugin
2024-12-12 07:35:35,243 [INFO] PluginManager:213 - loadIPPluginJar : add openamp
2024-12-12 07:35:35,243 [INFO] IPUIPlugin:74 - create IPUIPlugin
2024-12-12 07:35:35,243 [INFO] PluginManager:213 - loadIPPluginJar : add pdm2pcm
2024-12-12 07:35:35,243 [INFO] IPUIPlugin:74 - create IPUIPlugin
2024-12-12 07:35:35,258 [INFO] PluginManager:213 - loadIPPluginJar : add plateformsettings
2024-12-12 07:35:35,258 [INFO] IPUIPlugin:74 - create IPUIPlugin
2024-12-12 07:35:35,258 [INFO] PluginManager:213 - loadIPPluginJar : add quadspi
2024-12-12 07:35:35,258 [INFO] IPUIPlugin:74 - create IPUIPlugin
2024-12-12 07:35:35,258 [INFO] PluginManager:213 - loadIPPluginJar : add resmgrutility
2024-12-12 07:35:35,258 [INFO] IPUIPlugin:74 - create IPUIPlugin
2024-12-12 07:35:35,258 [INFO] PluginManager:213 - loadIPPluginJar : add sai
2024-12-12 07:35:35,258 [INFO] IPUIPlugin:74 - create IPUIPlugin
2024-12-12 07:35:35,258 [INFO] PluginManager:213 - loadIPPluginJar : add spi
2024-12-12 07:35:35,258 [INFO] IPUIPlugin:74 - create IPUIPlugin
2024-12-12 07:35:35,258 [INFO] PluginManager:213 - loadIPPluginJar : add stm32_wpan
2024-12-12 07:35:35,258 [INFO] IPUIPlugin:74 - create IPUIPlugin
2024-12-12 07:35:35,258 [INFO] PluginManager:213 - loadIPPluginJar : add tim
2024-12-12 07:35:35,274 [INFO] IPUIPlugin:74 - create IPUIPlugin
2024-12-12 07:35:35,274 [INFO] PluginManager:213 - loadIPPluginJar : add touchsensing
2024-12-12 07:35:35,274 [INFO] IPUIPlugin:74 - create IPUIPlugin
2024-12-12 07:35:35,274 [INFO] PluginManager:213 - loadIPPluginJar : add tracer_emb
2024-12-12 07:35:35,274 [INFO] IPUIPlugin:74 - create IPUIPlugin
2024-12-12 07:35:35,274 [INFO] PluginManager:213 - loadIPPluginJar : add ts
2024-12-12 07:35:35,274 [INFO] IPUIPlugin:74 - create IPUIPlugin
2024-12-12 07:35:35,274 [INFO] PluginManager:213 - loadIPPluginJar : add tsc
2024-12-12 07:35:35,274 [INFO] IPUIPlugin:74 - create IPUIPlugin
2024-12-12 07:35:35,274 [INFO] PluginManager:213 - loadIPPluginJar : add ucpd
2024-12-12 07:35:35,274 [INFO] IPUIPlugin:74 - create IPUIPlugin
2024-12-12 07:35:35,274 [INFO] PluginManager:213 - loadIPPluginJar : add usart
2024-12-12 07:35:35,274 [INFO] IPUIPlugin:74 - create IPUIPlugin
2024-12-12 07:35:35,274 [INFO] PluginManager:213 - loadIPPluginJar : add usbx
2024-12-12 07:35:35,558 [FATAL] Updater:294 - Updater called before beeing initialized
2024-12-12 07:35:35,668 [FATAL] Updater:294 - Updater called before beeing initialized
2024-12-12 07:35:35,668 [INFO] DbMcusAds:47 - JSON generation date=Fri Sep 20 20:04:23 ICT 2024 (1726837463113)
2024-12-12 07:35:35,668 [FATAL] Updater:294 - Updater called before beeing initialized
2024-12-12 07:35:35,715 [WARN] DetailPanel:314 - Failed to get advertising image, set to default
2024-12-12 07:35:35,824 [FATAL] Updater:294 - Updater called before beeing initialized
2024-12-12 07:35:35,824 [FATAL] Updater:294 - Updater called before beeing initialized
2024-12-12 07:35:35,824 [FATAL] Updater:294 - Updater called before beeing initialized
2024-12-12 07:35:35,824 [WARN] DetailPanel:314 - Failed to get advertising image, set to default
2024-12-12 07:35:35,824 [FATAL] Updater:294 - Updater called before beeing initialized
2024-12-12 07:35:35,902 [ERROR] Updater:1075 - MainUpdater not yet initialized. External WinMGr cannot be set.
2024-12-12 07:35:35,902 [INFO] Updater:1012 - Updater Version found : 6.3.0
2024-12-12 07:35:35,918 [INFO] ApplicationProperties:181 - Using Application install path: C:\ST\STM32CubeIDE_1.7.0\STM32CubeIDE\plugins\com.st.stm32cube.common.mx_6.3.0.202107141111
2024-12-12 07:35:36,230 [INFO] MainUpdater:2671 - connection check result : 10
2024-12-12 07:35:36,230 [INFO] MainUpdater:265 - Updater Check For Update Now.
2024-12-12 07:35:36,230 [INFO] MicroXplorer:478 - Change Database Version : DB.6.0.30
2024-12-12 07:35:36,402 [INFO] CheckServerUpdateThread:112 - End of CheckServer Thread
2024-12-12 07:35:36,449 [INFO] MainUpdater:2671 - connection check result : 10
2024-12-12 07:35:36,699 [INFO] McuFinderGlobals:52 - Set McuFinderConnectedMode to false
2024-12-12 07:35:36,824 [INFO] CrossSelectorPresenter:1330 - Cross Selector saved comparison directory: C:\Users\Admin\.stmcufinder\plugins\mcufinder\mcu\cs_comparisons_mx
2024-12-12 07:35:36,824 [INFO] MultiScanPanel:197 - Auto-refresh data requested => check proxy status ongoing
2024-12-12 07:35:36,824 [INFO] MultiScanPanel:201 - Proxy status is invalid
2024-12-12 07:35:36,824 [INFO] FinderPluginLoader:87 - Searching for filters in installed packs
2024-12-12 07:35:36,824 [INFO] DbMcusXml:100 - Load MCU database from C:\ST\STM32CubeIDE_1.7.0\STM32CubeIDE\plugins\com.st.stm32cube.common.mx_6.3.0.202107141111\\db\/mcu/families.xml
2024-12-12 07:35:38,214 [ERROR] Engine:463 - C:\Users\Admin\.stm32cubemx\thirdparties\pdsc\STMicroelectronics.FP-SNS-MOTENVWB1.1.4.0.pdsc: PDSC version is not supported
2024-12-12 07:35:38,261 [WARN] PackLoader:238 - Cannot read IP mode file for STMicroelectronics.FP-ATR-ASTRA1.2.0.1
2024-12-12 07:35:38,276 [ERROR] Engine:463 - C:\Users\Admin\.stm32cubemx\thirdparties\pdsc\STMicroelectronics.X-CUBE-SMBUS.2.1.0.pdsc: PDSC version is not supported
2024-12-12 07:35:38,292 [WARN] PackLoader:238 - Cannot read IP mode file for STMicroelectronics.X-CUBE-WB05N.1.1.0
2024-12-12 07:35:38,308 [INFO] DbMcusJson:93 - JSON generation date=Tue Nov 16 23:17:54 ICT 2021 (1637079474)
2024-12-12 07:35:38,401 [WARN] PackLoader:238 - Cannot read IP mode file for STMicroelectronics.X-CUBE-AZRTOS-F7.1.1.0
2024-12-12 07:35:38,417 [ERROR] Engine:463 - C:\Users\Admin\.stm32cubemx\thirdparties\pdsc\STMicroelectronics.FP-SNS-MOTENV1.4.3.2.pdsc: PDSC version is not supported
2024-12-12 07:35:38,433 [WARN] PackLoader:238 - Cannot read IP mode file for STMicroelectronics.X-CUBE-BLE1.6.2.3
2024-12-12 07:35:38,558 [WARN] PackLoader:238 - Cannot read IP mode file for STMicroelectronics.X-CUBE-MEMS1.11.0.0
2024-12-12 07:35:39,167 [WARN] PackLoader:238 - Cannot read IP mode file for STMicroelectronics.X-CUBE-BLE1.6.2.4
2024-12-12 07:35:39,198 [WARN] PackLoader:238 - Cannot read IP mode file for STMicroelectronics.X-CUBE-TOF1.3.1.0
2024-12-12 07:35:39,229 [WARN] PackLoader:238 - Cannot read IP mode file for STMicroelectronics.X-CUBE-NFC10.1.0.0
2024-12-12 07:35:39,261 [ERROR] Engine:463 - C:\Users\Admin\.stm32cubemx\thirdparties\pdsc\STMicroelectronics.X-CUBE-BLEMGR.4.0.0.pdsc: PDSC version is not supported
2024-12-12 07:35:39,261 [WARN] PackLoader:238 - Cannot read IP mode file for STMicroelectronics.X-CUBE-TOUCHGFX.4.22.1
2024-12-12 07:35:39,448 [WARN] PackLoader:238 - Cannot read IP mode file for STMicroelectronics.X-CUBE-MEMS1.9.3.0
2024-12-12 07:35:39,870 [WARN] PackLoader:238 - Cannot read IP mode file for STMicroelectronics.X-CUBE-AI.7.2.0
2024-12-12 07:35:39,870 [ERROR] Engine:463 - C:\Users\Admin\.stm32cubemx\thirdparties\pdsc\STMicroelectronics.X-CUBE-BLEMGR.3.1.0.pdsc: PDSC version is not supported
2024-12-12 07:35:39,917 [INFO] LogOutputStream:76 - [STDOUT_REDIRECT] 1 : Invalid condition id : UX_CORESTACK_Condition cause : null
2024-12-12 07:35:39,917 [INFO] LogOutputStream:76 - [STDOUT_REDIRECT] 1 : Invalid condition id : UX_CORESTACK_Condition cause : null
2024-12-12 07:35:39,917 [INFO] LogOutputStream:76 - [STDOUT_REDIRECT] 1 : Invalid condition id : UX_CORESTACK_Condition cause : null
2024-12-12 07:35:39,917 [INFO] LogOutputStream:76 - [STDOUT_REDIRECT] 1 : Invalid condition id : UX_CORESTACK_Condition cause : null
2024-12-12 07:35:39,917 [INFO] LogOutputStream:76 - [STDOUT_REDIRECT] 1 : Invalid condition id : UX_CORESTACK_Condition cause : null
2024-12-12 07:35:39,932 [WARN] PackLoader:238 - Cannot read IP mode file for STMicroelectronics.X-CUBE-AZRTOS-WL.2.0.0
2024-12-12 07:35:39,948 [ERROR] Engine:463 - C:\Users\Admin\.stm32cubemx\thirdparties\pdsc\STMicroelectronics.FP-SNS-MOTENV1.5.0.0.pdsc: PDSC version is not supported
2024-12-12 07:35:39,964 [WARN] PackLoader:238 - Cannot read IP mode file for wolfSSL.I-CUBE-wolfMQTT.1.19.0
2024-12-12 07:35:39,979 [WARN] PackLoader:238 - Cannot read IP mode file for WES.I-CUBE-Cesium.1.3.0
2024-12-12 07:35:40,010 [WARN] PackLoader:238 - Cannot read IP mode file for STMicroelectronics.X-CUBE-TOF1.3.2.0
2024-12-12 07:35:40,042 [WARN] PackLoader:238 - Cannot read IP mode file for STMicroelectronics.X-CUBE-ISPU.1.0.0
2024-12-12 07:35:40,057 [WARN] PackLoader:238 - Cannot read IP mode file for STMicroelectronics.X-CUBE-NFC9.1.0.0
2024-12-12 07:35:40,135 [WARN] PackLoader:238 - Cannot read IP mode file for STMicroelectronics.X-CUBE-AZRTOS-H7.2.1.0
2024-12-12 07:35:40,151 [ERROR] Engine:463 - C:\Users\Admin\.stm32cubemx\thirdparties\pdsc\STMicroelectronics.X-CUBE-TCPP.4.1.0.pdsc: PDSC version is not supported
2024-12-12 07:35:40,167 [WARN] PackLoader:238 - Cannot read IP mode file for STMicroelectronics.X-CUBE-TOUCHGFX.4.21.0
2024-12-12 07:35:40,276 [WARN] PackLoader:238 - Cannot read IP mode file for STMicroelectronics.X-CUBE-MEMS1.9.4.0
2024-12-12 07:35:40,292 [INFO] DbMcus:175 - Found 1951 MCUs (1903 are supported by CubeMX, 1914 are visible in CubeMX)
2024-12-12 07:35:40,292 [INFO] ApiDb:251 - Load user favorites file C:\Users\Admin/.stm32cubeide/favorites.mcus.txt: 0 item(s)
2024-12-12 07:35:40,292 [INFO] ApiDb:255 - User favorites MCUs=[]
2024-12-12 07:35:40,292 [INFO] DbMcus:187 - Set 0 / 0 favorites MCUs
2024-12-12 07:35:40,588 [WARN] PackLoader:238 - Cannot read IP mode file for STMicroelectronics.X-CUBE-AI.7.3.0
2024-12-12 07:35:40,604 [WARN] PackLoader:238 - Cannot read IP mode file for STMicroelectronics.X-CUBE-ALGOBUILD.1.3.0
2024-12-12 07:35:40,635 [WARN] PackLoader:238 - Cannot read IP mode file for STMicroelectronics.X-CUBE-AZRTOS-G0.1.1.0
2024-12-12 07:35:40,651 [WARN] PackLoader:238 - Cannot read IP mode file for STMicroelectronics.X-CUBE-SAFEA1.1.2.2
2024-12-12 07:35:40,651 [WARN] PackLoader:238 - Cannot read IP mode file for STMicroelectronics.X-CUBE-NFC4.3.0.0
2024-12-12 07:35:40,713 [WARN] PackLoader:238 - Cannot read IP mode file for SEGGER.I-CUBE-embOS.1.2.0
2024-12-12 07:35:40,807 [ERROR] Engine:463 - C:\Users\Admin\.stm32cubemx\thirdparties\pdsc\EmbeddedOffice.I-CUBE-FS-RTOS.1.0.1.pdsc: PDSC version is not supported
2024-12-12 07:35:40,838 [WARN] PackLoader:238 - Cannot read IP mode file for STMicroelectronics.X-CUBE-BLEMGR.1.3.0
2024-12-12 07:35:40,838 [ERROR] Engine:463 - C:\Users\Admin\.stm32cubemx\thirdparties\pdsc\RealThread.X-CUBE-RT-Thread_Nano.4.1.1.pdsc: PDSC version is not supported
2024-12-12 07:35:40,854 [WARN] PackLoader:238 - Cannot read IP mode file for STMicroelectronics.FP-ATR-SIGFOX1.3.2.0
2024-12-12 07:35:40,854 [ERROR] Engine:463 - C:\Users\Admin\.stm32cubemx\thirdparties\pdsc\quantropi.X-CUBE-qispace-sdk-base.1.9.3.pdsc: PDSC version is not supported
2024-12-12 07:35:40,854 [WARN] PackLoader:238 - Cannot read IP mode file for STMicroelectronics.X-CUBE-EEPRMA1.5.1.0
2024-12-12 07:35:40,885 [WARN] PackLoader:238 - Cannot read IP mode file for emotas.I-CUBE-CANOPEN.1.1.2
2024-12-12 07:35:40,885 [WARN] PackLoader:238 - Cannot read IP mode file for STMicroelectronics.X-CUBE-TOUCHGFX.4.20.0
2024-12-12 07:35:40,932 [WARN] PackLoader:238 - Cannot read IP mode file for SEGGER.I-CUBE-embOS.1.3.1
2024-12-12 07:35:41,026 [WARN] PackLoader:238 - Cannot read IP mode file for STMicroelectronics.X-CUBE-ALGOBUILD.1.4.0
2024-12-12 07:35:41,041 [WARN] PackLoader:238 - Cannot read IP mode file for STMicroelectronics.X-CUBE-AI.9.1.0
2024-12-12 07:35:41,041 [WARN] PackLoader:238 - Cannot read IP mode file for STMicroelectronics.X-CUBE-GNSS1.6.0.0
2024-12-12 07:35:41,073 [WARN] PackLoader:238 - Cannot read IP mode file for STMicroelectronics.X-CUBE-AZRTOS-F4.1.1.0
2024-12-12 07:35:41,104 [WARN] PackLoader:238 - Cannot read IP mode file for STMicroelectronics.X-CUBE-ISPU.2.1.0
2024-12-12 07:35:41,104 [ERROR] Engine:463 - C:\Users\Admin\.stm32cubemx\thirdparties\pdsc\STMicroelectronics.X-CUBE-FREERTOS.1.2.0.pdsc: PDSC version is not supported
2024-12-12 07:35:41,120 [WARN] PackLoader:238 - Cannot read IP mode file for STMicroelectronics.X-CUBE-BLEMGR.1.2.0
2024-12-12 07:35:41,151 [WARN] PackLoader:238 - Cannot read IP mode file for STMicroelectronics.X-CUBE-AZRTOS-L5.2.0.0
2024-12-12 07:35:41,229 [INFO] DetailPanel:309 - Set advertising image to C:/Users/Admin/STM32Cube/Repository/\en.prom-stm32c071-usb-memories-mcu-finder.png
2024-12-12 07:35:41,276 [WARN] PackLoader:238 - Cannot read IP mode file for STMicroelectronics.X-CUBE-MEMS1.9.6.0
2024-12-12 07:35:41,823 [WARN] PackLoader:238 - Cannot read IP mode file for STMicroelectronics.X-CUBE-EEPRMA1.4.2.0
2024-12-12 07:35:41,838 [WARN] PackLoader:238 - Cannot read IP mode file for STMicroelectronics.X-CUBE-NFC6.3.1.0
2024-12-12 07:35:41,838 [ERROR] Engine:463 - C:\Users\Admin\.stm32cubemx\thirdparties\pdsc\ITTIA_DB.I-CUBE-ITTIADB.8.8.0.pdsc: PDSC version is not supported
2024-12-12 07:35:41,854 [WARN] PackLoader:238 - Cannot read IP mode file for STMicroelectronics.X-CUBE-BLEMGR.2.0.0
2024-12-12 07:35:41,869 [ERROR] Engine:463 - C:\Users\Admin\.stm32cubemx\thirdparties\pdsc\STMicroelectronics.X-CUBE-DPower.1.2.0.pdsc: PDSC version is not supported
2024-12-12 07:35:41,869 [WARN] PackLoader:238 - Cannot read IP mode file for STMicroelectronics.X-CUBE-NFC4.2.0.5
2024-12-12 07:35:41,885 [WARN] PackLoader:238 - Cannot read IP mode file for STMicroelectronics.X-CUBE-NFC4.2.0.4
2024-12-12 07:35:41,885 [WARN] PackLoader:238 - Cannot read IP mode file for STMicroelectronics.X-CUBE-AI.9.0.0
2024-12-12 07:35:41,932 [WARN] ConditionMgr:437 - getConditionDescription Invalid condition id : UX DEVICE CLASS RTOS Condition cause : null
2024-12-12 07:35:41,932 [WARN] ConditionMgr:437 - getConditionDescription Invalid condition id : UX DEVICE CLASS RTOS Condition cause : null
2024-12-12 07:35:41,947 [WARN] PackLoader:238 - Cannot read IP mode file for STMicroelectronics.X-CUBE-AZRTOS-H7.3.1.0
2024-12-12 07:35:41,947 [WARN] ConditionMgr:1038 - genDependencies : Invalid condition id : UX DEVICE CLASS RTOS Condition cause : null
2024-12-12 07:35:41,947 [WARN] ConditionMgr:1038 - genDependencies : Invalid condition id : UX DEVICE CLASS RTOS Condition cause : null
2024-12-12 07:35:41,947 [WARN] ConditionMgr:1038 - genDependencies : Invalid condition id : UX DEVICE CLASS RTOS Condition cause : null
2024-12-12 07:35:41,947 [WARN] ConditionMgr:1038 - genDependencies : Invalid condition id : UX DEVICE CLASS RTOS Condition cause : null
2024-12-12 07:35:41,947 [WARN] ConditionMgr:1038 - genDependencies : Invalid condition id : UX DEVICE CLASS RTOS Condition cause : null
2024-12-12 07:35:41,963 [WARN] PackLoader:238 - Cannot read IP mode file for wolfSSL.I-CUBE-wolfSSL.5.5.0
2024-12-12 07:35:41,979 [ERROR] Engine:463 - C:\Users\Admin\.stm32cubemx\thirdparties\pdsc\STMicroelectronics.X-CUBE-FREERTOS.1.3.0.pdsc: PDSC version is not supported
2024-12-12 07:35:41,979 [WARN] PackLoader:238 - Cannot read IP mode file for STMicroelectronics.X-CUBE-NFC7.1.0.1
2024-12-12 07:35:42,010 [WARN] PackLoader:238 - Cannot read IP mode file for STMicroelectronics.X-CUBE-NFC7.1.0.0
2024-12-12 07:35:42,026 [WARN] PackLoader:238 - Cannot read IP mode file for STMicroelectronics.X-CUBE-NFC6.3.0.0
2024-12-12 07:35:42,041 [WARN] PackLoader:238 - Cannot read IP mode file for STMicroelectronics.X-CUBE-EEPRMA1.4.1.0
2024-12-12 07:35:42,041 [WARN] PackLoader:238 - Cannot read IP mode file for STMicroelectronics.X-CUBE-AI.8.1.0
2024-12-12 07:35:42,104 [WARN] ConditionMgr:437 - getConditionDescription Invalid condition id : LAN8742 Phy interface Condition cause : null
2024-12-12 07:35:42,104 [WARN] PackLoader:238 - Cannot read IP mode file for STMicroelectronics.X-CUBE-AZRTOS-L4.2.0.0
2024-12-12 07:35:42,104 [WARN] ConditionMgr:1038 - genDependencies : Invalid condition id : LAN8742 Phy interface Condition cause : null
2024-12-12 07:35:42,104 [WARN] ConditionMgr:1038 - genDependencies : Invalid condition id : LAN8742 Phy interface Condition cause : null
2024-12-12 07:35:42,104 [WARN] ConditionMgr:1038 - genDependencies : Invalid condition id : LAN8742 Phy interface Condition cause : null
2024-12-12 07:35:42,119 [WARN] PackLoader:238 - Cannot read IP mode file for STMicroelectronics.X-CUBE-SFXS2LP1.4.0.0
2024-12-12 07:35:42,166 [WARN] PackLoader:238 - Cannot read IP mode file for STMicroelectronics.X-CUBE-AZRTOS-H7.3.0.0
2024-12-12 07:35:42,182 [WARN] PackLoader:238 - Cannot read IP mode file for STMicroelectronics.X-CUBE-ISPU.1.1.0
2024-12-12 07:35:42,229 [WARN] PackLoader:238 - Cannot read IP mode file for STMicroelectronics.X-CUBE-AZRTOS-H7.3.3.0
2024-12-12 07:35:42,244 [INFO] DbBoardsPdsc:90 - Found 25 items
2024-12-12 07:35:42,244 [INFO] DbBoardsPdsc:90 - Found 9 items
2024-12-12 07:35:42,244 [WARN] PackLoader:238 - Cannot read IP mode file for RoweBots.I-CUBE-UNISONRTOS.5.5.0-4
2024-12-12 07:35:42,260 [INFO] DbBoardsPdsc:90 - Found 33 items
2024-12-12 07:35:42,260 [INFO] DbBoardsPdsc:90 - Found 1 items
2024-12-12 07:35:42,260 [ERROR] Engine:463 - C:\Users\Admin\.stm32cubemx\thirdparties\pdsc\STMicroelectronics.X-CUBE-IPS.3.0.0.pdsc: PDSC version is not supported
2024-12-12 07:35:42,276 [INFO] DbBoardsPdsc:90 - Found 48 items
2024-12-12 07:35:42,291 [INFO] DbBoardsPdsc:90 - Found 43 items
2024-12-12 07:35:42,291 [INFO] DbBoardsPdsc:90 - Found 2 items
2024-12-12 07:35:42,291 [WARN] ConditionMgr:437 - getConditionDescription Invalid condition id : UX DEVICE CLASS RTOS Condition cause : null
2024-12-12 07:35:42,291 [WARN] ConditionMgr:437 - getConditionDescription Invalid condition id : UX DEVICE CLASS RTOS Condition cause : null
2024-12-12 07:35:42,291 [INFO] DbBoardsPdsc:90 - Found 5 items
2024-12-12 07:35:42,291 [WARN] PackLoader:238 - Cannot read IP mode file for STMicroelectronics.X-CUBE-AZRTOS-WB.2.0.0
2024-12-12 07:35:42,291 [WARN] ConditionMgr:1038 - genDependencies : Invalid condition id : UX DEVICE CLASS RTOS Condition cause : null
2024-12-12 07:35:42,291 [WARN] ConditionMgr:1038 - genDependencies : Invalid condition id : UX DEVICE CLASS RTOS Condition cause : null
2024-12-12 07:35:42,291 [WARN] ConditionMgr:1038 - genDependencies : Invalid condition id : UX DEVICE CLASS RTOS Condition cause : null
2024-12-12 07:35:42,291 [WARN] ConditionMgr:1038 - genDependencies : Invalid condition id : UX DEVICE CLASS RTOS Condition cause : null
2024-12-12 07:35:42,291 [WARN] ConditionMgr:1038 - genDependencies : Invalid condition id : UX DEVICE CLASS RTOS Condition cause : null
2024-12-12 07:35:42,307 [WARN] DbBoardsPdsc:254 - Board STM32H7B3I-DK: unknown feature type=Audio, name=, username=Audio stereo codec with Headphone Amp (CS42L51-CNZ), n=1
2024-12-12 07:35:42,307 [WARN] DbBoardsPdsc:254 - Board STM32H735G-DK: unknown feature type=Audio, name=, username=Audio stereo codec with Headphone Amp (WM8994ECS/R), n=1
2024-12-12 07:35:42,307 [WARN] DbBoardsPdsc:254 - Board STM32H7B3I-EVAL: unknown feature type=Audio, name=, username=Multi-Channel Audio Codec (CS42L51-CNZ), n=1
2024-12-12 07:35:42,307 [WARN] DbBoardsPdsc:254 - Board STM32H7B3I-EVAL: unknown feature type=Meter, name=, username=Power-metering and Temperature-monitoring with sigma-delta modulators, n=1
2024-12-12 07:35:42,307 [WARN] DbBoardsPdsc:254 - Board STM32H7B3I-EVAL: unknown feature type=Motor, name=, username=Motor Control, n=1
2024-12-12 07:35:42,307 [WARN] PackLoader:238 - Cannot read IP mode file for STMicroelectronics.X-CUBE-GNSS1.7.0.0
2024-12-12 07:35:42,307 [WARN] DbBoardsPdsc:254 - Board STM32U575I-EV: unknown feature type=joystick, name=, username=4-direction joystick with selection button, n=1
2024-12-12 07:35:42,322 [WARN] PackLoader:238 - Cannot read IP mode file for STMicroelectronics.X-CUBE-BLEMGR.1.0.0
2024-12-12 07:35:42,322 [ERROR] Engine:463 - C:\Users\Admin\.stm32cubemx\thirdparties\pdsc\STMicroelectronics.FP-SNS-STBOX1.2.0.0.pdsc: PDSC version is not supported
2024-12-12 07:35:42,354 [INFO] DbBoardsJson:86 - JSON generation date=Tue Nov 16 23:17:54 ICT 2021 (1637079474)
2024-12-12 07:35:42,354 [WARN] PackLoader:238 - Cannot read IP mode file for STMicroelectronics.X-CUBE-AZRTOS-L5.1.1.0
2024-12-12 07:35:42,369 [INFO] DbBoards:117 - Found 167 boards (163 are supported by CubeMX)
2024-12-12 07:35:42,369 [INFO] DbBoardsDocs:143 - JSON generation date=Tue Nov 16 23:17:54 ICT 2021 (1637079474)
2024-12-12 07:35:42,385 [INFO] DbBoardsDocs:79 - Found 209 boards documents
2024-12-12 07:35:42,385 [WARN] DbBoards:127 - board B-L475E-IOT01A2 has no document id list !
2024-12-12 07:35:42,385 [WARN] PackLoader:238 - Cannot read IP mode file for STMicroelectronics.X-CUBE-SUBG2.5.0.0
2024-12-12 07:35:42,385 [WARN] DbBoards:127 - board NUCLEO-H743ZI has no document id list !
2024-12-12 07:35:42,385 [WARN] DbBoards:127 - board NUCLEO-WL55JC2 has no document id list !
2024-12-12 07:35:42,385 [WARN] DbBoards:127 - board P-NUCLEO-WB55-Nucleo has no document id list !
2024-12-12 07:35:42,385 [WARN] DbBoards:127 - board P-NUCLEO-WB55-USBDongle has no document id list !
2024-12-12 07:35:42,385 [WARN] DbBoards:127 - board STEVAL-BFA001V1B has no document id list !
2024-12-12 07:35:42,385 [WARN] DbBoards:127 - board STEVAL-BFA001V2B has no document id list !
2024-12-12 07:35:42,385 [WARN] DbBoards:127 - board STEVAL-IDP005V1 has no document id list !
2024-12-12 07:35:42,385 [WARN] DbBoards:127 - board STEVAL-IDP005V2 has no document id list !
2024-12-12 07:35:42,385 [WARN] DbBoards:127 - board STEVAL-MKSBOX1V1 has no document id list !
2024-12-12 07:35:42,401 [WARN] DbBoards:127 - board STEVAL-STWINKT1 has no document id list !
2024-12-12 07:35:42,401 [WARN] DbBoards:127 - board STEVAL-STWINKT1B has no document id list !
2024-12-12 07:35:42,401 [WARN] DbBoards:127 - board STM32439I-EVAL2 has no document id list !
2024-12-12 07:35:42,401 [WARN] DbBoards:127 - board STM32F401C-DISCO has no document id list !
2024-12-12 07:35:42,401 [WARN] DbBoards:127 - board STM32F769I-DISC1 has no document id list !
2024-12-12 07:35:42,401 [WARN] DbBoards:127 - board STM32G474E-EVAL1 has no document id list !
2024-12-12 07:35:42,401 [WARN] DbBoards:127 - board STM32H743I-EVAL2 has no document id list !
2024-12-12 07:35:42,401 [WARN] DbBoards:127 - board STM32H747I-DISC1 has no document id list !
2024-12-12 07:35:42,401 [WARN] DbBoards:127 - board STM32H753I-EVAL2 has no document id list !
2024-12-12 07:35:42,401 [WARN] DbBoards:127 - board STM32L-DISCOVERY has no document id list !
2024-12-12 07:35:42,401 [ERROR] Engine:463 - C:\Users\Admin\.stm32cubemx\thirdparties\pdsc\Cesanta.I-CUBE-Mongoose.7.13.0.pdsc: PDSC version is not supported
2024-12-12 07:35:42,416 [ERROR] Engine:463 - C:\Users\Admin\.stm32cubemx\thirdparties\pdsc\STMicroelectronics.X-CUBE-TOF1.3.3.1.pdsc: PDSC version is not supported
2024-12-12 07:35:42,447 [WARN] PackLoader:238 - Cannot read IP mode file for STMicroelectronics.X-CUBE-AZRTOS-G4.2.0.0
2024-12-12 07:35:42,463 [WARN] PackLoader:238 - Cannot read IP mode file for STMicroelectronics.FP-ATR-ASTRA1.1.1.1
2024-12-12 07:35:42,463 [ERROR] Engine:463 - C:\Users\Admin\.stm32cubemx\thirdparties\pdsc\Infineon.AIROC-Wi-Fi-Bluetooth-STM32.1.5.1.pdsc: PDSC version is not supported
2024-12-12 07:35:42,510 [WARN] PackLoader:238 - Cannot read IP mode file for STMicroelectronics.X-CUBE-AZRTOS-G4.1.0.0
2024-12-12 07:35:42,557 [WARN] PackLoader:238 - Cannot read IP mode file for STMicroelectronics.X-CUBE-AZRTOS-L4.1.0.0
2024-12-12 07:35:42,557 [ERROR] Engine:463 - C:\Users\Admin\.stm32cubemx\thirdparties\pdsc\STMicroelectronics.X-CUBE-ALS.1.0.2.pdsc: PDSC version is not supported
2024-12-12 07:35:42,666 [WARN] PackLoader:238 - Cannot read IP mode file for STMicroelectronics.X-CUBE-MEMS1.10.0.0
2024-12-12 07:35:42,760 [ERROR] DbBoards:189 - Image file not found for board B-U585I-IOT02A: C:\ST\STM32CubeIDE_1.7.0\STM32CubeIDE\plugins\com.st.stm32cube.common.mx_6.3.0.202107141111\\db\/plugins/mcufinder/images/boards/B-U585I-IOT02A_small.jpg
2024-12-12 07:35:43,010 [ERROR] DbBoards:189 - Image file not found for board NUCLEO-F413ZH: C:\ST\STM32CubeIDE_1.7.0\STM32CubeIDE\plugins\com.st.stm32cube.common.mx_6.3.0.202107141111\\db\/plugins/mcufinder/images/boards/nucleo-f413zh_small.jpg
2024-12-12 07:35:43,057 [ERROR] Engine:463 - C:\Users\Admin\.stm32cubemx\thirdparties\pdsc\STMicroelectronics.X-CUBE-FREERTOS.1.1.0.pdsc: PDSC version is not supported
2024-12-12 07:35:43,057 [WARN] PackLoader:238 - Cannot read IP mode file for STMicroelectronics.X-CUBE-TOUCHGFX.4.24.0
2024-12-12 07:35:43,073 [WARN] PackLoader:238 - Cannot read IP mode file for STMicroelectronics.X-CUBE-AZRTOS-WL.1.0.0
2024-12-12 07:35:43,088 [WARN] PackLoader:238 - Cannot read IP mode file for STMicroelectronics.X-CUBE-TOUCHGFX.4.24.1
2024-12-12 07:35:43,088 [WARN] PackLoader:238 - Cannot read IP mode file for wolfSSL.I-CUBE-wolfTPM.3.4.0
2024-12-12 07:35:43,104 [WARN] PackLoader:238 - Cannot read IP mode file for portGmbH.I-Cube-SoM-uGOAL.1.1.0
2024-12-12 07:35:43,104 [WARN] PackLoader:238 - Cannot read IP mode file for STMicroelectronics.X-CUBE-ALS.1.0.1
2024-12-12 07:35:43,135 [WARN] PackLoader:238 - Cannot read IP mode file for STMicroelectronics.X-CUBE-AZRTOS-WB.1.1.0
2024-12-12 07:35:43,166 [WARN] PackLoader:238 - Cannot read IP mode file for STMicroelectronics.X-CUBE-AZRTOS-L5.1.0.0
2024-12-12 07:35:43,182 [WARN] PackLoader:238 - Cannot read IP mode file for STMicroelectronics.X-CUBE-EEPRMA1.3.1.1
2024-12-12 07:35:43,213 [WARN] PackLoader:238 - Cannot read IP mode file for STMicroelectronics.X-CUBE-AZRTOS-H7RS.1.0.0
2024-12-12 07:35:43,229 [WARN] PackLoader:238 - Cannot read IP mode file for STMicroelectronics.FP-ATR-ASTRA1.2.0.0
2024-12-12 07:35:43,229 [ERROR] Engine:463 - C:\Users\Admin\.stm32cubemx\thirdparties\pdsc\STMicroelectronics.X-CUBE-TOF1.3.4.2.pdsc: PDSC version is not supported
2024-12-12 07:35:43,244 [WARN] PackLoader:238 - Cannot read IP mode file for wolfSSL.I-CUBE-wolfSSH.1.4.17
2024-12-12 07:35:43,244 [INFO] ThirdParty:915 - Integrity check success = true
2024-12-12 07:35:43,244 [INFO] IntegrityCheckThread:94 - exiting critical section [integrity check]
2024-12-12 07:35:43,244 [INFO] IntegrityCheckThread:97 - End integrity checks thread
2024-12-12 07:35:43,463 [ERROR] DbBoards:189 - Image file not found for board NUCLEO-L552ZE-Q: C:\ST\STM32CubeIDE_1.7.0\STM32CubeIDE\plugins\com.st.stm32cube.common.mx_6.3.0.202107141111\\db\/plugins/mcufinder/images/boards/nucleo_l552ze_q_small.jpg
2024-12-12 07:35:43,463 [ERROR] DbBoards:189 - Image file not found for board NUCLEO-U575ZI-Q: C:\ST\STM32CubeIDE_1.7.0\STM32CubeIDE\plugins\com.st.stm32cube.common.mx_6.3.0.202107141111\\db\/plugins/mcufinder/images/boards/nucleo-u575zi-q_small.jpg
2024-12-12 07:35:43,463 [ERROR] DbBoards:189 - Image file not found for board NUCLEO-WB15CC: C:\ST\STM32CubeIDE_1.7.0\STM32CubeIDE\plugins\com.st.stm32cube.common.mx_6.3.0.202107141111\\db\/plugins/mcufinder/images/boards/nucleo-wb15cc_small.jpg
2024-12-12 07:35:43,463 [ERROR] DbBoards:189 - Image file not found for board NUCLEO-WB55RG: C:\ST\STM32CubeIDE_1.7.0\STM32CubeIDE\plugins\com.st.stm32cube.common.mx_6.3.0.202107141111\\db\/plugins/mcufinder/images/boards/nucleo-wb55rg_small.jpg
2024-12-12 07:35:45,291 [INFO] ApiDb:251 - Load user favorites file C:\Users\Admin/.stm32cubeide/favorites.boards.txt: 0 item(s)
2024-12-12 07:35:45,291 [INFO] ApiDb:255 - User favorites Boards=[]
2024-12-12 07:35:45,306 [INFO] DbBoards:206 - Set 0 / 0 favorites Boards
2024-12-12 07:35:58,742 [INFO] DbMcusDocs:143 - JSON generation date=Tue Nov 16 23:17:54 ICT 2021 (1637079474)
2024-12-12 07:35:59,101 [INFO] DbMcusDocs:79 - Found 682 MCUs documents
2024-12-12 07:36:13,380 [INFO] MainUpdater:2671 - connection check result : 10
2024-12-12 07:36:13,380 [INFO] MainUpdater:2671 - connection check result : 10
2024-12-12 07:36:13,442 [INFO] MicroXplorer:448 - Change Database Path : 
2024-12-12 07:36:13,442 [INFO] MicroXplorer:478 - Change Database Version : DB.6.0.30
2024-12-12 07:36:13,442 [WARN] ThirdParty:813 - waiting for thirdparty lock release [close project]
2024-12-12 07:36:13,442 [INFO] ThirdParty:815 - entering critical section [close project]
2024-12-12 07:36:13,442 [INFO] ThirdParty:825 - exiting critical section [close project]
2024-12-12 07:36:13,458 [INFO] PinOutPanel:1463 - setPackage(No Configuration,No Configuration)
2024-12-12 07:36:13,458 [INFO] UtilMem:74 - Begin LoadConfig() Used Memory: 508402264 Bytes (714080256)
2024-12-12 07:36:13,458 [INFO] MicroXplorer:448 - Change Database Path : 
2024-12-12 07:36:13,458 [INFO] MicroXplorer:478 - Change Database Version : DB.6.0.30
2024-12-12 07:36:13,458 [INFO] OpenFileManager:313 - Change cursor
2024-12-12 07:36:14,895 [INFO] Context:592 - Trying to add GPIOservice into a context  which must be forbidden
2024-12-12 07:36:15,270 [INFO] ImportTextPane:167 - (OptionalMessage_ERROR) Unable to find key (Mcu.ThirdPartyNb) in loaded IOC file
2024-12-12 07:36:15,270 [INFO] ImportTextPane:167 - (OptionalMessage_ERROR) Unable to find key (Mcu.PinsNb) in loaded IOC file
2024-12-12 07:36:15,270 [INFO] ImportTextPane:167 - (OptionalMessage_ERROR) Unable to find key (Mcu.IPNb) in loaded IOC file
2024-12-12 07:36:15,379 [WARN] ApiManager:304 - Cannot register API 'Board Extension:NFC09A1' from pack STMicroelectronics.X-CUBE-NFC9.1.0.0: no header file found
2024-12-12 07:36:15,379 [WARN] ApiManager:304 - Cannot register API 'Board Extension:GNSS1A1' from pack STMicroelectronics.X-CUBE-GNSS1.6.0.0: no header file found
2024-12-12 07:36:15,379 [WARN] ApiManager:304 - Cannot register API 'Board Support:Custom' from pack STMicroelectronics.X-CUBE-GNSS1.6.0.0: no header file found
2024-12-12 07:36:15,379 [WARN] ApiManager:304 - Cannot register API 'Data Exchange:lib_gnss' from pack STMicroelectronics.X-CUBE-GNSS1.6.0.0: no header file found
2024-12-12 07:36:15,395 [WARN] ApiManager:304 - Cannot register API 'Wireless:STM32WB05N' from pack STMicroelectronics.X-CUBE-WB05N.1.1.0: no header file found
2024-12-12 07:36:15,411 [WARN] ApiManager:304 - Cannot register API 'Board Extension:GNSS1A1' from pack STMicroelectronics.X-CUBE-GNSS1.7.0.0: no header file found
2024-12-12 07:36:15,411 [WARN] ApiManager:304 - Cannot register API 'Board Support:Custom' from pack STMicroelectronics.X-CUBE-GNSS1.7.0.0: no header file found
2024-12-12 07:36:15,411 [WARN] ApiManager:304 - Cannot register API 'Data Exchange:lib_gnss' from pack STMicroelectronics.X-CUBE-GNSS1.7.0.0: no header file found
2024-12-12 07:36:15,786 [WARN] ApiManager:304 - Cannot register API 'Board Extension:IKS01A3' from pack STMicroelectronics.X-CUBE-MEMS1.9.4.0: no header file found
2024-12-12 07:36:15,786 [WARN] ApiManager:304 - Cannot register API 'Board Extension:IKS01A2' from pack STMicroelectronics.X-CUBE-MEMS1.9.4.0: no header file found
2024-12-12 07:36:15,786 [WARN] ApiManager:304 - Cannot register API 'Board Extension:IKS02A1' from pack STMicroelectronics.X-CUBE-MEMS1.9.4.0: no header file found
2024-12-12 07:36:16,223 [WARN] ApiManager:304 - Cannot register API 'Board Extension:IKS01A3' from pack STMicroelectronics.X-CUBE-MEMS1.9.6.0: no header file found
2024-12-12 07:36:16,223 [WARN] ApiManager:304 - Cannot register API 'Board Extension:IKS01A2' from pack STMicroelectronics.X-CUBE-MEMS1.9.6.0: no header file found
2024-12-12 07:36:16,223 [WARN] ApiManager:304 - Cannot register API 'Board Extension:IKS02A1' from pack STMicroelectronics.X-CUBE-MEMS1.9.6.0: no header file found
2024-12-12 07:36:16,239 [WARN] ApiManager:304 - Cannot register API 'Board Extension:EEPRMA2' from pack STMicroelectronics.X-CUBE-EEPRMA1.4.2.0: no header file found
2024-12-12 07:36:16,239 [WARN] ApiManager:304 - Cannot register API 'Board Extension:PGEEZ1' from pack STMicroelectronics.X-CUBE-EEPRMA1.4.2.0: no header file found
2024-12-12 07:36:16,239 [WARN] ApiManager:304 - Cannot register API 'Board Part:M24' from pack STMicroelectronics.X-CUBE-EEPRMA1.4.2.0: no header file found
2024-12-12 07:36:16,239 [WARN] ApiManager:304 - Cannot register API 'Board Part:M95' from pack STMicroelectronics.X-CUBE-EEPRMA1.4.2.0: no header file found
2024-12-12 07:36:16,239 [WARN] ApiManager:304 - Cannot register API 'Board Part:M95P32' from pack STMicroelectronics.X-CUBE-EEPRMA1.4.2.0: no header file found
2024-12-12 07:36:16,239 [WARN] ApiManager:304 - Cannot register API 'PGEEZ1:SPI' from pack STMicroelectronics.X-CUBE-EEPRMA1.4.2.0: no header file found
2024-12-12 07:36:16,239 [WARN] ApiManager:304 - Cannot register API 'PGEEZ1:QDSPI' from pack STMicroelectronics.X-CUBE-EEPRMA1.4.2.0: no header file found
2024-12-12 07:36:16,239 [WARN] ApiManager:304 - Cannot register API 'Board Extension:NFC06A1' from pack STMicroelectronics.X-CUBE-NFC6.3.1.0: no header file found
2024-12-12 07:36:16,239 [WARN] ApiManager:304 - Cannot register API 'Board Extension:NFC08A1' from pack STMicroelectronics.X-CUBE-NFC6.3.1.0: no header file found
2024-12-12 07:36:16,239 [WARN] ApiManager:304 - Cannot register API 'Wireless:BlueNRG-MS' from pack STMicroelectronics.X-CUBE-BLE1.6.2.3: no header file found
2024-12-12 07:36:16,582 [WARN] ApiManager:304 - Cannot register API 'Board Extension:IKS01A3' from pack STMicroelectronics.X-CUBE-MEMS1.11.0.0: no header file found
2024-12-12 07:36:16,582 [WARN] ApiManager:304 - Cannot register API 'Board Extension:IKS02A1' from pack STMicroelectronics.X-CUBE-MEMS1.11.0.0: no header file found
2024-12-12 07:36:16,582 [WARN] ApiManager:304 - Cannot register API 'Board Extension:IKS4A1' from pack STMicroelectronics.X-CUBE-MEMS1.11.0.0: no header file found
2024-12-12 07:36:16,582 [WARN] ApiManager:304 - Cannot register API 'Wireless:BlueNRG-MS' from pack STMicroelectronics.X-CUBE-BLE1.6.2.4: no header file found
2024-12-12 07:36:16,582 [INFO] RtosManager:484 - Registered RTOS mode: class=CMSIS, group=RTOS, mode=CMSIS_V1, owner=FREERTOS
2024-12-12 07:36:16,582 [INFO] RtosManager:484 - Registered RTOS mode: class=CMSIS, group=RTOS2, mode=CMSIS_V2, owner=FREERTOS
2024-12-12 07:36:16,582 [INFO] RtosManager:484 - Registered RTOS mode: class=RTOS, group=Core, mode=CMSIS_V1, owner=FREERTOS
2024-12-12 07:36:16,582 [INFO] RtosManager:484 - Registered RTOS mode: class=RTOS, group=Core, mode=CMSIS_V2, owner=FREERTOS
2024-12-12 07:36:16,582 [WARN] ModelIntegratedComponent:181 - Missing modes for component STMicroelectronics:FreeRTOS:0.0.1:STMicroelectronics:RTOS:FreeRTOS:Core:::10.2.0:
2024-12-12 07:36:16,598 [WARN] ApiManager:304 - Cannot register API 'Board Extension:STSAFEA1' from pack STMicroelectronics.X-CUBE-SAFEA1.1.2.2: no header file found
2024-12-12 07:36:16,598 [WARN] ApiManager:304 - Cannot register API 'Board Part:STSAFEA110' from pack STMicroelectronics.X-CUBE-SAFEA1.1.2.2: no header file found
2024-12-12 07:36:16,598 [WARN] ApiManager:304 - Cannot register API 'Security:ST_Cryptolib' from pack STMicroelectronics.X-CUBE-SAFEA1.1.2.2: no header file found
2024-12-12 07:36:16,598 [WARN] ApiManager:304 - Cannot register API 'Security:MbedTLS' from pack STMicroelectronics.X-CUBE-SAFEA1.1.2.2: no header file found
2024-12-12 07:36:16,598 [WARN] ApiManager:304 - Cannot register API 'Board Extension:NFC04A1' from pack STMicroelectronics.X-CUBE-NFC4.3.0.0: no header file found
2024-12-12 07:36:16,598 [WARN] ApiManager:304 - Cannot register API 'Board Extension:S2868A1' from pack STMicroelectronics.X-CUBE-SUBG2.5.0.0: no header file found
2024-12-12 07:36:16,598 [WARN] ApiManager:304 - Cannot register API 'Board Extension:S2868A2' from pack STMicroelectronics.X-CUBE-SUBG2.5.0.0: no header file found
2024-12-12 07:36:16,598 [WARN] ApiManager:304 - Cannot register API 'Board Extension:S2915A1' from pack STMicroelectronics.X-CUBE-SUBG2.5.0.0: no header file found
2024-12-12 07:36:16,598 [WARN] ApiManager:304 - Cannot register API 'Board Extension:NFC04A1' from pack STMicroelectronics.X-CUBE-NFC4.2.0.5: no header file found
2024-12-12 07:36:16,598 [WARN] ApiManager:304 - Cannot register API 'Board Extension:NFC04A1' from pack STMicroelectronics.X-CUBE-NFC4.2.0.4: no header file found
2024-12-12 07:36:16,613 [WARN] ApiManager:304 - Cannot register API 'Board Extension:NFC10A1' from pack STMicroelectronics.X-CUBE-NFC10.1.0.0: no header file found
2024-12-12 07:36:16,613 [WARN] ApiManager:304 - Cannot register API 'Board Extension:EEPRMA2' from pack STMicroelectronics.X-CUBE-EEPRMA1.5.1.0: no header file found
2024-12-12 07:36:16,613 [WARN] ApiManager:304 - Cannot register API 'Board Extension:PGEEZ1' from pack STMicroelectronics.X-CUBE-EEPRMA1.5.1.0: no header file found
2024-12-12 07:36:16,613 [WARN] ApiManager:304 - Cannot register API 'Board Extension:EEICA1' from pack STMicroelectronics.X-CUBE-EEPRMA1.5.1.0: no header file found
2024-12-12 07:36:16,613 [WARN] ApiManager:304 - Cannot register API 'Board Part:M24' from pack STMicroelectronics.X-CUBE-EEPRMA1.5.1.0: no header file found
2024-12-12 07:36:16,613 [WARN] ApiManager:304 - Cannot register API 'Board Part:M95' from pack STMicroelectronics.X-CUBE-EEPRMA1.5.1.0: no header file found
2024-12-12 07:36:16,613 [WARN] ApiManager:304 - Cannot register API 'Board Part:M95P32' from pack STMicroelectronics.X-CUBE-EEPRMA1.5.1.0: no header file found
2024-12-12 07:36:16,613 [WARN] ApiManager:304 - Cannot register API 'Board Part:M24256E-F' from pack STMicroelectronics.X-CUBE-EEPRMA1.5.1.0: no header file found
2024-12-12 07:36:16,613 [WARN] ApiManager:304 - Cannot register API 'Board Part:M24M01E-F' from pack STMicroelectronics.X-CUBE-EEPRMA1.5.1.0: no header file found
2024-12-12 07:36:16,613 [WARN] ApiManager:304 - Cannot register API 'PGEEZ1:SPI' from pack STMicroelectronics.X-CUBE-EEPRMA1.5.1.0: no header file found
2024-12-12 07:36:16,613 [WARN] ApiManager:304 - Cannot register API 'PGEEZ1:QDSPI' from pack STMicroelectronics.X-CUBE-EEPRMA1.5.1.0: no header file found
2024-12-12 07:36:16,613 [WARN] ModelIntegratedComponent:60 - No mode defined for component null
2024-12-12 07:36:16,613 [WARN] ModelIntegratedComponent:60 - No mode defined for component null
2024-12-12 07:36:16,613 [WARN] ModelIntegratedComponent:60 - No mode defined for component null
2024-12-12 07:36:16,613 [WARN] ModelIntegratedComponent:60 - No mode defined for component null
2024-12-12 07:36:16,629 [WARN] ModelIntegratedComponent:60 - No mode defined for component null
2024-12-12 07:36:16,629 [WARN] ModelIntegratedComponent:60 - No mode defined for component null
2024-12-12 07:36:16,629 [WARN] ModelIntegratedComponent:60 - No mode defined for component null
2024-12-12 07:36:16,629 [WARN] ModelIntegratedComponent:60 - No mode defined for component null
2024-12-12 07:36:16,629 [WARN] ModelIntegratedComponent:60 - No mode defined for component null
2024-12-12 07:36:16,629 [WARN] ModelIntegratedComponent:60 - No mode defined for component null
2024-12-12 07:36:16,629 [WARN] ModelIntegratedComponent:60 - No mode defined for component null
2024-12-12 07:36:16,629 [WARN] ModelIntegratedComponent:60 - No mode defined for component null
2024-12-12 07:36:16,629 [WARN] ModelIntegratedComponent:60 - No mode defined for component null
2024-12-12 07:36:16,629 [WARN] ModelIntegratedComponent:60 - No mode defined for component null
2024-12-12 07:36:16,629 [WARN] ModelIntegratedComponent:60 - No mode defined for component null
2024-12-12 07:36:16,629 [WARN] ModelIntegratedComponent:60 - No mode defined for component null
2024-12-12 07:36:16,629 [WARN] ModelIntegratedComponent:60 - No mode defined for component null
2024-12-12 07:36:16,629 [WARN] ModelIntegratedComponent:60 - No mode defined for component null
2024-12-12 07:36:16,629 [WARN] ModelIntegratedComponent:60 - No mode defined for component null
2024-12-12 07:36:16,629 [WARN] ModelIntegratedComponent:60 - No mode defined for component null
2024-12-12 07:36:16,629 [WARN] ModelIntegratedComponent:60 - No mode defined for component null
2024-12-12 07:36:16,629 [WARN] ModelIntegratedComponent:60 - No mode defined for component null
2024-12-12 07:36:16,629 [WARN] ModelIntegratedComponent:60 - No mode defined for component null
2024-12-12 07:36:16,629 [WARN] ModelIntegratedComponent:60 - No mode defined for component null
2024-12-12 07:36:16,629 [WARN] ModelIntegratedComponent:60 - No mode defined for component null
2024-12-12 07:36:16,629 [WARN] ModelIntegratedComponent:60 - No mode defined for component null
2024-12-12 07:36:16,629 [WARN] ModelIntegratedComponent:60 - No mode defined for component null
2024-12-12 07:36:16,629 [WARN] ModelIntegratedComponent:60 - No mode defined for component null
2024-12-12 07:36:16,629 [WARN] ModelIntegratedComponent:60 - No mode defined for component null
2024-12-12 07:36:16,629 [WARN] ModelIntegratedComponent:60 - No mode defined for component null
2024-12-12 07:36:16,629 [WARN] ModelIntegratedComponent:60 - No mode defined for component null
2024-12-12 07:36:16,973 [WARN] ApiManager:304 - Cannot register API 'Board Extension:IKS01A3' from pack STMicroelectronics.X-CUBE-MEMS1.10.0.0: no header file found
2024-12-12 07:36:16,973 [WARN] ApiManager:304 - Cannot register API 'Board Extension:IKS02A1' from pack STMicroelectronics.X-CUBE-MEMS1.10.0.0: no header file found
2024-12-12 07:36:16,973 [WARN] ApiManager:304 - Cannot register API 'Board Extension:IKS4A1' from pack STMicroelectronics.X-CUBE-MEMS1.10.0.0: no header file found
2024-12-12 07:36:16,973 [WARN] ApiManager:304 - Cannot register API 'Board Extension:NFC07A1' from pack STMicroelectronics.X-CUBE-NFC7.1.0.1: no header file found
2024-12-12 07:36:16,973 [WARN] ApiManager:304 - Cannot register API 'Board Extension:NFC07A1' from pack STMicroelectronics.X-CUBE-NFC7.1.0.0: no header file found
2024-12-12 07:36:16,988 [WARN] ApiManager:304 - Cannot register API 'Board Extension:NFC06A1' from pack STMicroelectronics.X-CUBE-NFC6.3.0.0: no header file found
2024-12-12 07:36:16,988 [WARN] ApiManager:304 - Cannot register API 'Board Extension:NFC08A1' from pack STMicroelectronics.X-CUBE-NFC6.3.0.0: no header file found
2024-12-12 07:36:17,301 [WARN] ApiManager:304 - Cannot register API 'Board Extension:IKS01A3' from pack STMicroelectronics.X-CUBE-MEMS1.9.3.0: no header file found
2024-12-12 07:36:17,301 [WARN] ApiManager:304 - Cannot register API 'Board Extension:IKS01A2' from pack STMicroelectronics.X-CUBE-MEMS1.9.3.0: no header file found
2024-12-12 07:36:17,301 [WARN] ApiManager:304 - Cannot register API 'Board Extension:IKS02A1' from pack STMicroelectronics.X-CUBE-MEMS1.9.3.0: no header file found
2024-12-12 07:36:17,301 [WARN] ApiManager:304 - Cannot register API 'Board Extension:EEPRMA1' from pack STMicroelectronics.X-CUBE-EEPRMA1.4.1.0: no header file found
2024-12-12 07:36:17,301 [WARN] ApiManager:304 - Cannot register API 'Board Extension:EEPRMA2' from pack STMicroelectronics.X-CUBE-EEPRMA1.4.1.0: no header file found
2024-12-12 07:36:17,301 [WARN] ApiManager:304 - Cannot register API 'Board Extension:PGEEZ1' from pack STMicroelectronics.X-CUBE-EEPRMA1.4.1.0: no header file found
2024-12-12 07:36:17,301 [WARN] ApiManager:304 - Cannot register API 'Board Part:M24' from pack STMicroelectronics.X-CUBE-EEPRMA1.4.1.0: no header file found
2024-12-12 07:36:17,301 [WARN] ApiManager:304 - Cannot register API 'Board Part:M95' from pack STMicroelectronics.X-CUBE-EEPRMA1.4.1.0: no header file found
2024-12-12 07:36:17,301 [WARN] ApiManager:304 - Cannot register API 'Board Part:M95P32' from pack STMicroelectronics.X-CUBE-EEPRMA1.4.1.0: no header file found
2024-12-12 07:36:17,301 [WARN] ApiManager:304 - Cannot register API 'PGEEZ1:SPI' from pack STMicroelectronics.X-CUBE-EEPRMA1.4.1.0: no header file found
2024-12-12 07:36:17,301 [WARN] ApiManager:304 - Cannot register API 'PGEEZ1:QDSPI' from pack STMicroelectronics.X-CUBE-EEPRMA1.4.1.0: no header file found
2024-12-12 07:36:17,316 [WARN] ApiManager:304 - Cannot register API 'Board Extension:EEPRMA1' from pack STMicroelectronics.X-CUBE-EEPRMA1.3.1.1: no header file found
2024-12-12 07:36:17,316 [WARN] ApiManager:304 - Cannot register API 'Board Extension:EEPRMA2' from pack STMicroelectronics.X-CUBE-EEPRMA1.3.1.1: no header file found
2024-12-12 07:36:17,316 [WARN] ApiManager:304 - Cannot register API 'Board Extension:S2868A1' from pack STMicroelectronics.X-CUBE-SFXS2LP1.4.0.0: no header file found
2024-12-12 07:36:17,316 [WARN] ApiManager:304 - Cannot register API 'Board Extension:S2868A2' from pack STMicroelectronics.X-CUBE-SFXS2LP1.4.0.0: no header file found
2024-12-12 07:36:17,316 [WARN] ApiManager:304 - Cannot register API 'Board Extension:S2915A1' from pack STMicroelectronics.X-CUBE-SFXS2LP1.4.0.0: no header file found
2024-12-12 07:36:49,861 [INFO] UtilMem:74 - End LoadConfig() Used Memory: 651689264 Bytes (745537536)
2024-12-12 07:36:49,861 [WARN] ThirdParty:779 - waiting for thirdparty lock release [change project]
2024-12-12 07:36:49,861 [INFO] ThirdParty:781 - entering critical section [change project]
2024-12-12 07:36:49,861 [INFO] ThirdParty:967 - CMSIS Pack Vendor :STMicroelectronics X-CUBE-ISPU 1.1.0
2024-12-12 07:36:49,861 [INFO] ThirdParty:967 - CMSIS Pack Vendor :STMicroelectronics X-CUBE-AZRTOS-H7 3.3.0
2024-12-12 07:36:49,861 [INFO] ThirdParty:967 - CMSIS Pack Vendor :RoweBots I-CUBE-UNISONRTOS 5.5.0-4
2024-12-12 07:36:49,861 [INFO] ThirdParty:967 - CMSIS Pack Vendor :STMicroelectronics X-CUBE-NFC9 1.0.0
2024-12-12 07:36:49,861 [INFO] ThirdParty:967 - CMSIS Pack Vendor :STMicroelectronics X-CUBE-GNSS1 6.0.0
2024-12-12 07:36:49,861 [INFO] ThirdParty:967 - CMSIS Pack Vendor :STMicroelectronics X-CUBE-AZRTOS-H7 2.1.0
2024-12-12 07:36:49,861 [INFO] ThirdParty:967 - CMSIS Pack Vendor :STMicroelectronics USB_HOST 2.0.0
2024-12-12 07:36:49,861 [INFO] ThirdParty:967 - CMSIS Pack Vendor :STMicroelectronics X-CUBE-AZRTOS-F4 1.1.0
2024-12-12 07:36:49,861 [INFO] ThirdParty:967 - CMSIS Pack Vendor :STMicroelectronics FP-ATR-ASTRA1 2.0.1
2024-12-12 07:36:49,861 [INFO] ThirdParty:967 - CMSIS Pack Vendor :STMicroelectronics X-CUBE-WB05N 1.1.0
2024-12-12 07:36:49,861 [INFO] ThirdParty:967 - CMSIS Pack Vendor :STMicroelectronics USB_DEVICE 3.0.0
2024-12-12 07:36:49,861 [INFO] ThirdParty:967 - CMSIS Pack Vendor :STMicroelectronics X-CUBE-ISPU 2.1.0
2024-12-12 07:36:49,861 [INFO] ThirdParty:967 - CMSIS Pack Vendor :STMicroelectronics X-CUBE-AZRTOS-WB 2.0.0
2024-12-12 07:36:49,861 [INFO] ThirdParty:967 - CMSIS Pack Vendor :STMicroelectronics X-CUBE-GNSS1 7.0.0
2024-12-12 07:36:49,861 [INFO] ThirdParty:967 - CMSIS Pack Vendor :STMicroelectronics X-CUBE-TOUCHGFX 4.21.0
2024-12-12 07:36:49,861 [INFO] ThirdParty:967 - CMSIS Pack Vendor :STMicroelectronics X-CUBE-BLEMGR 1.0.0
2024-12-12 07:36:49,861 [INFO] ThirdParty:967 - CMSIS Pack Vendor :STMicroelectronics X-CUBE-BLEMGR 1.2.0
2024-12-12 07:36:49,861 [INFO] ThirdParty:967 - CMSIS Pack Vendor :STMicroelectronics X-CUBE-AZRTOS-F7 1.1.0
2024-12-12 07:36:49,861 [INFO] ThirdParty:967 - CMSIS Pack Vendor :STMicroelectronics X-CUBE-AZRTOS-L5 2.0.0
2024-12-12 07:36:49,861 [INFO] ThirdParty:967 - CMSIS Pack Vendor :STMicroelectronics X-CUBE-MEMS1 9.4.0
2024-12-12 07:36:49,861 [INFO] ThirdParty:967 - CMSIS Pack Vendor :STMicroelectronics USB_DEVICE 2.0.0
2024-12-12 07:36:49,861 [INFO] ThirdParty:967 - CMSIS Pack Vendor :STMicroelectronics X-CUBE-AI 7.3.0
2024-12-12 07:36:49,861 [INFO] ThirdParty:967 - CMSIS Pack Vendor :STMicroelectronics X-CUBE-MEMS1 9.6.0
2024-12-12 07:36:49,861 [INFO] ThirdParty:967 - CMSIS Pack Vendor :STMicroelectronics X-CUBE-EEPRMA1 4.2.0
2024-12-12 07:36:49,861 [INFO] ThirdParty:967 - CMSIS Pack Vendor :STMicroelectronics X-CUBE-NFC6 3.1.0
2024-12-12 07:36:49,861 [INFO] ThirdParty:967 - CMSIS Pack Vendor :STMicroelectronics X-CUBE-BLE1 6.2.3
2024-12-12 07:36:49,861 [INFO] ThirdParty:967 - CMSIS Pack Vendor :STMicroelectronics X-CUBE-ALGOBUILD 1.3.0
2024-12-12 07:36:49,861 [INFO] ThirdParty:967 - CMSIS Pack Vendor :STMicroelectronics X-CUBE-MEMS1 11.0.0
2024-12-12 07:36:49,861 [INFO] ThirdParty:967 - CMSIS Pack Vendor :STMicroelectronics X-CUBE-BLE1 6.2.4
2024-12-12 07:36:49,861 [INFO] ThirdParty:967 - CMSIS Pack Vendor :STMicroelectronics X-CUBE-AZRTOS-L5 1.1.0
2024-12-12 07:36:49,861 [INFO] ThirdParty:967 - CMSIS Pack Vendor :STMicroelectronics FreeRTOS 0.0.1
2024-12-12 07:36:49,861 [INFO] ThirdParty:967 - CMSIS Pack Vendor :STMicroelectronics X-CUBE-AZRTOS-G0 1.1.0
2024-12-12 07:36:49,861 [INFO] ThirdParty:967 - CMSIS Pack Vendor :STMicroelectronics X-CUBE-BLEMGR 2.0.0
2024-12-12 07:36:49,861 [INFO] ThirdParty:967 - CMSIS Pack Vendor :STMicroelectronics X-CUBE-SAFEA1 1.2.2
2024-12-12 07:36:49,861 [INFO] ThirdParty:967 - CMSIS Pack Vendor :STMicroelectronics X-CUBE-NFC4 3.0.0
2024-12-12 07:36:49,861 [INFO] ThirdParty:967 - CMSIS Pack Vendor :SEGGER I-CUBE-embOS 1.2.0
2024-12-12 07:36:49,861 [INFO] ThirdParty:967 - CMSIS Pack Vendor :STMicroelectronics X-CUBE-SUBG2 5.0.0
2024-12-12 07:36:49,861 [INFO] ThirdParty:967 - CMSIS Pack Vendor :STMicroelectronics lwIP 2.0.3
2024-12-12 07:36:49,861 [INFO] ThirdParty:967 - CMSIS Pack Vendor :STMicroelectronics X-CUBE-NFC4 2.0.5
2024-12-12 07:36:49,861 [INFO] ThirdParty:967 - CMSIS Pack Vendor :STMicroelectronics X-CUBE-NFC4 2.0.4
2024-12-12 07:36:49,861 [INFO] ThirdParty:967 - CMSIS Pack Vendor :STMicroelectronics USB_HOST 1.0.0
2024-12-12 07:36:49,861 [INFO] ThirdParty:967 - CMSIS Pack Vendor :STMicroelectronics X-CUBE-AI 9.0.0
2024-12-12 07:36:49,861 [INFO] ThirdParty:967 - CMSIS Pack Vendor :STMicroelectronics X-CUBE-AZRTOS-G4 2.0.0
2024-12-12 07:36:49,861 [INFO] ThirdParty:967 - CMSIS Pack Vendor :STMicroelectronics PDM2PCM 3.1.0
2024-12-12 07:36:49,861 [INFO] ThirdParty:967 - CMSIS Pack Vendor :STMicroelectronics X-CUBE-AZRTOS-H7 3.1.0
2024-12-12 07:36:49,861 [INFO] ThirdParty:967 - CMSIS Pack Vendor :STMicroelectronics FP-ATR-ASTRA1 1.1.1
2024-12-12 07:36:49,861 [INFO] ThirdParty:967 - CMSIS Pack Vendor :STMicroelectronics PDM2PCM 3.3.0
2024-12-12 07:36:49,861 [INFO] ThirdParty:967 - CMSIS Pack Vendor :STMicroelectronics X-CUBE-TOF1 3.1.0
2024-12-12 07:36:49,861 [INFO] ThirdParty:967 - CMSIS Pack Vendor :STMicroelectronics X-CUBE-BLEMGR 1.3.0
2024-12-12 07:36:49,861 [INFO] ThirdParty:967 - CMSIS Pack Vendor :STMicroelectronics FP-ATR-SIGFOX1 3.2.0
2024-12-12 07:36:49,861 [INFO] ThirdParty:967 - CMSIS Pack Vendor :STMicroelectronics X-CUBE-AZRTOS-G4 1.0.0
2024-12-12 07:36:49,861 [INFO] ThirdParty:967 - CMSIS Pack Vendor :STMicroelectronics X-CUBE-NFC10 1.0.0
2024-12-12 07:36:49,861 [INFO] ThirdParty:967 - CMSIS Pack Vendor :STMicroelectronics X-CUBE-AZRTOS-L4 1.0.0
2024-12-12 07:36:49,861 [INFO] ThirdParty:967 - CMSIS Pack Vendor :wolfSSL I-CUBE-wolfSSL 5.5.0
2024-12-12 07:36:49,861 [INFO] ThirdParty:967 - CMSIS Pack Vendor :STMicroelectronics X-CUBE-EEPRMA1 5.1.0
2024-12-12 07:36:49,861 [INFO] ThirdParty:967 - CMSIS Pack Vendor :STMicroelectronics HAL Drivers 0.0.0
2024-12-12 07:36:49,861 [INFO] ThirdParty:967 - CMSIS Pack Vendor :STMicroelectronics MBEDTLS 2.16.2
2024-12-12 07:36:49,861 [INFO] ThirdParty:967 - CMSIS Pack Vendor :emotas I-CUBE-CANOPEN 1.1.2
2024-12-12 07:36:49,861 [INFO] ThirdParty:967 - CMSIS Pack Vendor :STMicroelectronics X-CUBE-TOUCHGFX 4.20.0
2024-12-12 07:36:49,861 [INFO] ThirdParty:967 - CMSIS Pack Vendor :STMicroelectronics X-CUBE-MEMS1 10.0.0
2024-12-12 07:36:49,861 [INFO] ThirdParty:967 - CMSIS Pack Vendor :STMicroelectronics X-CUBE-NFC7 1.0.1
2024-12-12 07:36:49,861 [INFO] ThirdParty:967 - CMSIS Pack Vendor :STMicroelectronics MBEDTLS 2.14.1
2024-12-12 07:36:49,861 [INFO] ThirdParty:967 - CMSIS Pack Vendor :STMicroelectronics X-CUBE-NFC7 1.0.0
2024-12-12 07:36:49,861 [INFO] ThirdParty:967 - CMSIS Pack Vendor :STMicroelectronics X-CUBE-TOUCHGFX 4.24.0
2024-12-12 07:36:49,861 [INFO] ThirdParty:967 - CMSIS Pack Vendor :STMicroelectronics X-CUBE-TOUCHGFX 4.22.1
2024-12-12 07:36:49,861 [INFO] ThirdParty:967 - CMSIS Pack Vendor :STMicroelectronics X-CUBE-AZRTOS-WL 1.0.0
2024-12-12 07:36:49,861 [INFO] ThirdParty:967 - CMSIS Pack Vendor :STMicroelectronics X-CUBE-TOUCHGFX 4.24.1
2024-12-12 07:36:49,861 [INFO] ThirdParty:967 - CMSIS Pack Vendor :STMicroelectronics X-CUBE-NFC6 3.0.0
2024-12-12 07:36:49,861 [INFO] ThirdParty:967 - CMSIS Pack Vendor :wolfSSL I-CUBE-wolfTPM 3.4.0
2024-12-12 07:36:49,861 [INFO] ThirdParty:967 - CMSIS Pack Vendor :STMicroelectronics X-CUBE-MEMS1 9.3.0
2024-12-12 07:36:49,861 [INFO] ThirdParty:967 - CMSIS Pack Vendor :STMicroelectronics X-CUBE-EEPRMA1 4.1.0
2024-12-12 07:36:49,861 [INFO] ThirdParty:967 - CMSIS Pack Vendor :portGmbH I-Cube-SoM-uGOAL 1.1.0
2024-12-12 07:36:49,861 [INFO] ThirdParty:967 - CMSIS Pack Vendor :STMicroelectronics X-CUBE-ALS 1.0.1
2024-12-12 07:36:49,861 [INFO] ThirdParty:967 - CMSIS Pack Vendor :STMicroelectronics X-CUBE-AI 7.2.0
2024-12-12 07:36:49,861 [INFO] ThirdParty:967 - CMSIS Pack Vendor :STMicroelectronics X-CUBE-AZRTOS-WB 1.1.0
2024-12-12 07:36:49,861 [INFO] ThirdParty:967 - CMSIS Pack Vendor :STMicroelectronics X-CUBE-AZRTOS-WL 2.0.0
2024-12-12 07:36:49,861 [INFO] ThirdParty:967 - CMSIS Pack Vendor :SEGGER I-CUBE-embOS 1.3.1
2024-12-12 07:36:49,861 [INFO] ThirdParty:967 - CMSIS Pack Vendor :STMicroelectronics X-CUBE-ALGOBUILD 1.4.0
2024-12-12 07:36:49,861 [INFO] ThirdParty:967 - CMSIS Pack Vendor :STMicroelectronics X-CUBE-AZRTOS-L5 1.0.0
2024-12-12 07:36:49,861 [INFO] ThirdParty:967 - CMSIS Pack Vendor :STMicroelectronics USB_DEVICE 1.0.0
2024-12-12 07:36:49,861 [INFO] ThirdParty:967 - CMSIS Pack Vendor :STMicroelectronics X-CUBE-AI 8.1.0
2024-12-12 07:36:49,861 [INFO] ThirdParty:967 - CMSIS Pack Vendor :STMicroelectronics X-CUBE-EEPRMA1 3.1.1
2024-12-12 07:36:49,861 [INFO] ThirdParty:967 - CMSIS Pack Vendor :STMicroelectronics X-CUBE-AZRTOS-H7RS 1.0.0
2024-12-12 07:36:49,861 [INFO] ThirdParty:967 - CMSIS Pack Vendor :wolfSSL I-CUBE-wolfMQTT 1.19.0
2024-12-12 07:36:49,861 [INFO] ThirdParty:967 - CMSIS Pack Vendor :STMicroelectronics X-CUBE-AZRTOS-L4 2.0.0
2024-12-12 07:36:49,861 [INFO] ThirdParty:967 - CMSIS Pack Vendor :STMicroelectronics ThreadX 0.0.2
2024-12-12 07:36:49,861 [INFO] ThirdParty:967 - CMSIS Pack Vendor :WES I-CUBE-Cesium 1.3.0
2024-12-12 07:36:49,861 [INFO] ThirdParty:967 - CMSIS Pack Vendor :STMicroelectronics FP-ATR-ASTRA1 2.0.0
2024-12-12 07:36:49,861 [INFO] ThirdParty:967 - CMSIS Pack Vendor :STMicroelectronics lwIP 2.1.2
2024-12-12 07:36:49,861 [INFO] ThirdParty:967 - CMSIS Pack Vendor :STMicroelectronics X-CUBE-SFXS2LP1 4.0.0
2024-12-12 07:36:49,861 [INFO] ThirdParty:967 - CMSIS Pack Vendor :STMicroelectronics X-CUBE-AI 9.1.0
2024-12-12 07:36:49,861 [INFO] ThirdParty:967 - CMSIS Pack Vendor :STMicroelectronics X-CUBE-TOF1 3.2.0
2024-12-12 07:36:49,861 [INFO] ThirdParty:967 - CMSIS Pack Vendor :STMicroelectronics PDM2PCM 3.2.0
2024-12-12 07:36:49,861 [INFO] ThirdParty:967 - CMSIS Pack Vendor :STMicroelectronics X-CUBE-AZRTOS-H7 3.0.0
2024-12-12 07:36:49,861 [INFO] ThirdParty:967 - CMSIS Pack Vendor :wolfSSL I-CUBE-wolfSSH 1.4.17
2024-12-12 07:36:49,861 [INFO] ThirdParty:967 - CMSIS Pack Vendor :STMicroelectronics X-CUBE-ISPU 1.0.0
2024-12-12 07:36:49,861 [INFO] ThirdParty:787 - exiting critical section [change project]
2024-12-12 07:36:50,142 [INFO] PinOutPanel:1463 - setPackage(No Configuration,No Configuration)
2024-12-12 07:36:50,142 [INFO] PinOutPanel:1463 - setPackage(STM32F103C6Tx,LQFP48)
2024-12-12 07:36:50,751 [INFO] UtilMem:74 - Before build in PCC Used Memory: 654473688 Bytes (745537536)
2024-12-12 07:36:51,611 [INFO] UtilMem:74 - After build in PCC Used Memory: 675143176 Bytes (745537536)
2024-12-12 07:36:51,657 [INFO] IPUIPlugin:74 - create IPUIPlugin
2024-12-12 07:36:51,657 [INFO] IPUIPlugin:74 - create IPUIPlugin
2024-12-12 07:36:51,657 [INFO] IPUIPlugin:74 - create IPUIPlugin
2024-12-12 07:36:51,657 [INFO] IPUIPlugin:74 - create IPUIPlugin
2024-12-12 07:36:51,657 [INFO] IPUIPlugin:74 - create IPUIPlugin
2024-12-12 07:36:51,657 [INFO] IPUIPlugin:74 - create IPUIPlugin
2024-12-12 07:36:51,657 [INFO] IPUIPlugin:74 - create IPUIPlugin
2024-12-12 07:36:51,657 [INFO] IPUIPlugin:74 - create IPUIPlugin
2024-12-12 07:36:51,657 [INFO] IPUIPlugin:74 - create IPUIPlugin
2024-12-12 07:36:51,657 [INFO] IPUIPlugin:74 - create IPUIPlugin
2024-12-12 07:36:51,657 [INFO] IPUIPlugin:74 - create IPUIPlugin
2024-12-12 07:36:51,657 [INFO] IPUIPlugin:74 - create IPUIPlugin
2024-12-12 07:36:51,657 [INFO] IPUIPlugin:74 - create IPUIPlugin
2024-12-12 07:36:51,657 [INFO] IPUIPlugin:74 - create IPUIPlugin
2024-12-12 07:36:51,657 [INFO] IPUIPlugin:74 - create IPUIPlugin
2024-12-12 07:36:51,657 [INFO] IPUIPlugin:74 - create IPUIPlugin
2024-12-12 07:36:51,657 [INFO] IPUIPlugin:74 - create IPUIPlugin
2024-12-12 07:36:51,657 [INFO] IPUIPlugin:74 - create IPUIPlugin
2024-12-12 07:36:51,657 [INFO] IPUIPlugin:74 - create IPUIPlugin
2024-12-12 07:36:51,657 [INFO] IPUIPlugin:74 - create IPUIPlugin
2024-12-12 07:36:51,657 [INFO] IPUIPlugin:74 - create IPUIPlugin
2024-12-12 07:36:51,657 [INFO] IPUIPlugin:74 - create IPUIPlugin
2024-12-12 07:36:51,657 [INFO] IPUIPlugin:74 - create IPUIPlugin
2024-12-12 07:36:51,845 [INFO] OpenFileManager:333 - Restore cursor
2024-12-12 07:36:52,376 [INFO] UtilMem:74 - End SaveConfig() Used Memory: 688065024 Bytes (745537536)
2024-12-12 07:36:52,533 [INFO] UtilMem:74 - End SaveConfig() Used Memory: 677826960 Bytes (745537536)
2024-12-12 07:36:53,267 [INFO] BlockDiagram:2740 - set Specific Code input for plugin: NVIC
2024-12-12 07:36:53,267 [INFO] BlockDiagram:2740 - set Specific Code input for plugin: SYS
2024-12-12 07:36:53,267 [INFO] BlockDiagram:2740 - set Specific Code input for plugin: RCC
2024-12-12 07:36:53,267 [INFO] CodeGenerator:663 - code generatio: config db path: C:\ST\STM32CubeIDE_1.7.0\STM32CubeIDE\plugins\com.st.stm32cube.common.mx_6.3.0.202107141111\\db\
2024-12-12 07:36:54,017 [INFO] CodeEngine:239 - oldGeneratedFile, C:\Users\Admin\Desktop\LAB VXL\LAB 2\EXERCISE3\SOURCE CODE\EX3\MXTmpFiles\license.tmp_save
2024-12-12 07:36:54,814 [INFO] CodeEngine:257 - Generated code: C:\Users\Admin\Desktop\LAB VXL\LAB 2\EXERCISE3\SOURCE CODE\EX3\MXTmpFiles\license.tmp
2024-12-12 07:36:55,002 [INFO] CodeEngine:239 - oldGeneratedFile, C:\Users\Admin\Desktop\LAB VXL\LAB 2\EXERCISE3\SOURCE CODE\EX3\Core\Src\stm32f1xx_it.c_save
2024-12-12 07:36:55,455 [INFO] CodeEngine:257 - Generated code: C:\Users\Admin\Desktop\LAB VXL\LAB 2\EXERCISE3\SOURCE CODE\EX3\Core\Src\stm32f1xx_it.c
2024-12-12 07:36:55,455 [INFO] CodeEngine:239 - oldGeneratedFile, C:\Users\Admin\Desktop\LAB VXL\LAB 2\EXERCISE3\SOURCE CODE\EX3\Core\Inc\stm32f1xx_it.h_save
2024-12-12 07:36:55,626 [INFO] CodeEngine:257 - Generated code: C:\Users\Admin\Desktop\LAB VXL\LAB 2\EXERCISE3\SOURCE CODE\EX3\Core\Inc\stm32f1xx_it.h
2024-12-12 07:36:55,642 [INFO] CodeEngine:239 - oldGeneratedFile, C:\Users\Admin\Desktop\LAB VXL\LAB 2\EXERCISE3\SOURCE CODE\EX3\Core\Src\stm32f1xx_hal_msp.c_save
2024-12-12 07:36:55,908 [INFO] CodeEngine:257 - Generated code: C:\Users\Admin\Desktop\LAB VXL\LAB 2\EXERCISE3\SOURCE CODE\EX3\Core\Src\stm32f1xx_hal_msp.c
2024-12-12 07:36:55,908 [INFO] CodeEngine:239 - oldGeneratedFile, C:\Users\Admin\Desktop\LAB VXL\LAB 2\EXERCISE3\SOURCE CODE\EX3\MXTmpFiles\system.tmp_save
2024-12-12 07:36:56,048 [INFO] CodeEngine:257 - Generated code: C:\Users\Admin\Desktop\LAB VXL\LAB 2\EXERCISE3\SOURCE CODE\EX3\MXTmpFiles\system.tmp
2024-12-12 07:36:56,064 [INFO] CodeEngine:239 - oldGeneratedFile, C:\Users\Admin\Desktop\LAB VXL\LAB 2\EXERCISE3\SOURCE CODE\EX3\Core\Inc\stm32f1xx_hal_conf.h_save
2024-12-12 07:36:56,314 [INFO] CodeEngine:257 - Generated code: C:\Users\Admin\Desktop\LAB VXL\LAB 2\EXERCISE3\SOURCE CODE\EX3\Core\Inc\stm32f1xx_hal_conf.h
2024-12-12 07:36:56,486 [INFO] CodeEngine:239 - oldGeneratedFile, C:\Users\Admin\Desktop\LAB VXL\LAB 2\EXERCISE3\SOURCE CODE\EX3\Core\Inc\main.h_save
2024-12-12 07:36:56,736 [INFO] CodeEngine:257 - Generated code: C:\Users\Admin\Desktop\LAB VXL\LAB 2\EXERCISE3\SOURCE CODE\EX3\Core\Inc\main.h
2024-12-12 07:36:56,736 [INFO] CodeEngine:239 - oldGeneratedFile, C:\Users\Admin\Desktop\LAB VXL\LAB 2\EXERCISE3\SOURCE CODE\EX3\Core\Src\main.c_save
2024-12-12 07:36:57,064 [INFO] CodeEngine:257 - Generated code: C:\Users\Admin\Desktop\LAB VXL\LAB 2\EXERCISE3\SOURCE CODE\EX3\Core\Src\main.c
2024-12-12 07:36:59,095 [INFO] ProjectBuilder:2578 - Time for Copy HAL[1] : 141mS.
2024-12-12 07:36:59,110 [INFO] ProjectBuilder:3622 - Project Generator version: 3.14.1
2024-12-12 07:37:00,235 [INFO] ConfigFileManager:1271 - The Die is : DIE412
2024-12-12 07:37:00,266 [INFO] ApiDbMcu:468 - Load IP Config File for FATFS
2024-12-12 07:37:00,329 [INFO] ApiDbMcu:468 - Load IP Config File for FREERTOS
2024-12-12 07:37:00,376 [INFO] ApiDbMcu:468 - Load IP Config File for USB_DEVICE
2024-12-12 07:37:06,625 [INFO] ProjectBuilder:3789 - Time for Generating toolchain IDE Files: 7515mS.
2024-12-12 07:37:06,625 [INFO] ProjectBuilder:2457 - Time for Copy CMSIS : 0mS.
2024-12-12 07:37:06,625 [INFO] ProjectBuilder:2457 - Time for Copy CMSIS : 0mS.
2024-12-12 07:37:06,984 [INFO] McuFinderGlobals:52 - Set McuFinderConnectedMode to true
2024-12-12 07:37:07,000 [INFO] ApiDb:276 - Save user favorites file C:\Users\Admin/.stm32cubeide/favorites.mcus.txt: 0 item(s)
2024-12-12 07:37:07,000 [INFO] ApiDb:280 - User favorites MCUs=[]
2024-12-12 07:50:53,609 [INFO] NvicIntPanel:96 - NVIC parent = com.st.microxplorer.plugins.ip.nvic.MultiNvicIntPanel[,0,0,0x0,invalid,layout=javax.swing.BoxLayout,alignmentX=0.0,alignmentY=0.0,border=,flags=9,maximumSize=,minimumSize=,preferredSize=]
2024-12-12 07:50:54,906 [INFO] NvicIntPanel:96 - NVIC parent = com.st.microxplorer.plugins.ip.nvic.MultiNvicIntPanel[,0,0,0x0,invalid,layout=javax.swing.BoxLayout,alignmentX=0.0,alignmentY=0.0,border=,flags=9,maximumSize=,minimumSize=,preferredSize=]
2024-12-12 07:51:11,718 [INFO] UtilMem:74 - End SaveConfig() Used Memory: 891652088 Bytes (1066401792)
2024-12-12 07:51:12,281 [INFO] UtilMem:74 - End SaveConfig() Used Memory: 907054504 Bytes (1066401792)
2024-12-12 07:51:13,734 [INFO] UtilMem:74 - End SaveConfig() Used Memory: 915079312 Bytes (1066401792)
2024-12-12 07:51:14,093 [INFO] BlockDiagram:2740 - set Specific Code input for plugin: NVIC
2024-12-12 07:51:14,093 [INFO] BlockDiagram:2740 - set Specific Code input for plugin: SYS
2024-12-12 07:51:14,093 [INFO] BlockDiagram:2740 - set Specific Code input for plugin: GPIO
2024-12-12 07:51:14,093 [INFO] BlockDiagram:2740 - set Specific Code input for plugin: RCC
2024-12-12 07:51:14,093 [INFO] BlockDiagram:2740 - set Specific Code input for plugin: TIM1_8F1
2024-12-12 07:51:14,093 [INFO] CodeGenerator:663 - code generatio: config db path: C:\ST\STM32CubeIDE_1.7.0\STM32CubeIDE\plugins\com.st.stm32cube.common.mx_6.3.0.202107141111\\db\
2024-12-12 07:51:14,421 [INFO] CodeEngine:239 - oldGeneratedFile, C:\Users\Admin\Desktop\LAB VXL\LAB 2\EXERCISE3\SOURCE CODE\EX3\MXTmpFiles\license.tmp_save
2024-12-12 07:51:14,515 [INFO] CodeEngine:257 - Generated code: C:\Users\Admin\Desktop\LAB VXL\LAB 2\EXERCISE3\SOURCE CODE\EX3\MXTmpFiles\license.tmp
2024-12-12 07:51:14,640 [INFO] CodeEngine:239 - oldGeneratedFile, C:\Users\Admin\Desktop\LAB VXL\LAB 2\EXERCISE3\SOURCE CODE\EX3\MXTmpFiles\gpio.tmp_save
2024-12-12 07:51:14,765 [INFO] CodeEngine:257 - Generated code: C:\Users\Admin\Desktop\LAB VXL\LAB 2\EXERCISE3\SOURCE CODE\EX3\MXTmpFiles\gpio.tmp
2024-12-12 07:51:15,015 [INFO] CodeEngine:239 - oldGeneratedFile, C:\Users\Admin\Desktop\LAB VXL\LAB 2\EXERCISE3\SOURCE CODE\EX3\Core\Src\stm32f1xx_it.c_save
2024-12-12 07:51:15,156 [INFO] CodeEngine:257 - Generated code: C:\Users\Admin\Desktop\LAB VXL\LAB 2\EXERCISE3\SOURCE CODE\EX3\Core\Src\stm32f1xx_it.c
2024-12-12 07:51:15,171 [INFO] CodeEngine:239 - oldGeneratedFile, C:\Users\Admin\Desktop\LAB VXL\LAB 2\EXERCISE3\SOURCE CODE\EX3\Core\Inc\stm32f1xx_it.h_save
2024-12-12 07:51:15,250 [INFO] CodeEngine:257 - Generated code: C:\Users\Admin\Desktop\LAB VXL\LAB 2\EXERCISE3\SOURCE CODE\EX3\Core\Inc\stm32f1xx_it.h
2024-12-12 07:51:15,281 [INFO] CodeEngine:239 - oldGeneratedFile, C:\Users\Admin\Desktop\LAB VXL\LAB 2\EXERCISE3\SOURCE CODE\EX3\Core\Src\stm32f1xx_hal_msp.c_save
2024-12-12 07:51:15,422 [INFO] CodeEngine:257 - Generated code: C:\Users\Admin\Desktop\LAB VXL\LAB 2\EXERCISE3\SOURCE CODE\EX3\Core\Src\stm32f1xx_hal_msp.c
2024-12-12 07:51:15,437 [INFO] CodeEngine:239 - oldGeneratedFile, C:\Users\Admin\Desktop\LAB VXL\LAB 2\EXERCISE3\SOURCE CODE\EX3\MXTmpFiles\system.tmp_save
2024-12-12 07:51:15,484 [INFO] CodeEngine:257 - Generated code: C:\Users\Admin\Desktop\LAB VXL\LAB 2\EXERCISE3\SOURCE CODE\EX3\MXTmpFiles\system.tmp
2024-12-12 07:51:15,515 [INFO] CodeEngine:239 - oldGeneratedFile, C:\Users\Admin\Desktop\LAB VXL\LAB 2\EXERCISE3\SOURCE CODE\EX3\Core\Inc\stm32f1xx_hal_conf.h_save
2024-12-12 07:51:15,625 [INFO] CodeEngine:257 - Generated code: C:\Users\Admin\Desktop\LAB VXL\LAB 2\EXERCISE3\SOURCE CODE\EX3\Core\Inc\stm32f1xx_hal_conf.h
2024-12-12 07:51:15,640 [WARN] IPConfigManager:3148 - IP not found : TIM
2024-12-12 07:51:15,656 [WARN] CodeGenerator:3268 - IP not found : null
2024-12-12 07:51:15,671 [INFO] CodeEngine:239 - oldGeneratedFile, C:\Users\Admin\Desktop\LAB VXL\LAB 2\EXERCISE3\SOURCE CODE\EX3\Core\Inc\main.h_save
2024-12-12 07:51:15,750 [INFO] CodeEngine:257 - Generated code: C:\Users\Admin\Desktop\LAB VXL\LAB 2\EXERCISE3\SOURCE CODE\EX3\Core\Inc\main.h
2024-12-12 07:51:15,765 [INFO] CodeEngine:239 - oldGeneratedFile, C:\Users\Admin\Desktop\LAB VXL\LAB 2\EXERCISE3\SOURCE CODE\EX3\Core\Src\main.c_save
2024-12-12 07:51:15,875 [INFO] CodeEngine:257 - Generated code: C:\Users\Admin\Desktop\LAB VXL\LAB 2\EXERCISE3\SOURCE CODE\EX3\Core\Src\main.c
2024-12-12 07:51:17,328 [INFO] ProjectBuilder:2578 - Time for Copy HAL[1] : 78mS.
2024-12-12 07:51:17,328 [INFO] ProjectBuilder:3622 - Project Generator version: 3.14.1
2024-12-12 07:51:17,859 [INFO] ConfigFileManager:1271 - The Die is : DIE412
2024-12-12 07:51:21,155 [INFO] ProjectBuilder:3789 - Time for Generating toolchain IDE Files: 3827mS.
2024-12-12 07:51:21,155 [INFO] ProjectBuilder:2457 - Time for Copy CMSIS : 0mS.
2024-12-12 07:51:21,155 [INFO] ProjectBuilder:2457 - Time for Copy CMSIS : 0mS.
