2024-12-12 09:41:54,876 [INFO] Activator:177 - 


2024-12-12 09:41:54,876 [INFO] Activator:178 - !SESSION log4j initialized
2024-12-12 09:41:57,832 [INFO] McuFinderGlobals:39 - Set McuFinder mode to 2 (CubeIDE integrated)
2024-12-12 09:42:00,987 [INFO] ApplicationProperties:181 - Using Application install path: C:\ST\STM32CubeIDE_1.7.0\STM32CubeIDE\plugins\com.st.stm32cube.common.mx_6.3.0.202107141111
2024-12-12 09:42:01,018 [INFO] DbMcusXml:74 - Set database path to: C:\ST\STM32CubeIDE_1.7.0\STM32CubeIDE\plugins\com.st.stm32cube.common.mx_6.3.0.202107141111\\db\/mcu/
2024-12-12 09:42:01,018 [INFO] DbBoardsPdsc:56 - Set plugin database path to: C:\ST\STM32CubeIDE_1.7.0\STM32CubeIDE\plugins\com.st.stm32cube.common.mx_6.3.0.202107141111\\db\/plugins/boardmanager/
2024-12-12 09:42:01,018 [INFO] DbMcus:258 - Set plugin images path to: C:\ST\STM32CubeIDE_1.7.0\STM32CubeIDE\plugins\com.st.stm32cube.common.mx_6.3.0.202107141111\\db\/plugins/mcufinder/images/
2024-12-12 09:42:01,018 [INFO] DbBoards:264 - Set plugin images path to: C:\ST\STM32CubeIDE_1.7.0\STM32CubeIDE\plugins\com.st.stm32cube.common.mx_6.3.0.202107141111\\db\/plugins/mcufinder/images/
2024-12-12 09:42:01,018 [INFO] DbExamples:333 - Set plugin images path to: C:\ST\STM32CubeIDE_1.7.0\STM32CubeIDE\plugins\com.st.stm32cube.common.mx_6.3.0.202107141111\\db\/plugins/mcufinder/images/
2024-12-12 09:42:01,034 [INFO] DbMcusAds:119 - Set database path to: C:\Users\Admin\.stmcufinder\plugins\mcufinder//mcu/
2024-12-12 09:42:01,034 [INFO] DbMcusDocs:110 - Set database path to: C:\Users\Admin\.stmcufinder\plugins\mcufinder//mcu/
2024-12-12 09:42:01,034 [INFO] DbMcusJson:64 - Set database path to: C:\Users\Admin\.stmcufinder\plugins\mcufinder//mcu/
2024-12-12 09:42:01,034 [INFO] DbBoardsDocs:110 - Set database path to: C:\Users\Admin\.stmcufinder\plugins\mcufinder//mcu/
2024-12-12 09:42:01,034 [INFO] DbBoardsJson:57 - Set database path to: C:\Users\Admin\.stmcufinder\plugins\mcufinder//mcu/
2024-12-12 09:42:01,940 [INFO] CrossReferenceDbSqlite:196 - Set database path to: C:\Users\Admin\.stmcufinder\plugins\mcufinder//mcu/cs/
2024-12-12 09:42:01,940 [INFO] DbExamplesSqlite:767 - Set database path to: C:\Users\Admin\.stmcufinder\plugins\mcufinder//mcu/
2024-12-12 09:42:02,065 [INFO] RulesReader:57 - Compatibility file has been processed (242 Rules)
2024-12-12 09:42:02,143 [INFO] DbMcusXml:74 - Set database path to: C:\ST\STM32CubeIDE_1.7.0\STM32CubeIDE\plugins\com.st.stm32cube.common.mx_6.3.0.202107141111\\db\/mcu/
2024-12-12 09:42:02,143 [INFO] DbBoardsPdsc:56 - Set plugin database path to: C:\ST\STM32CubeIDE_1.7.0\STM32CubeIDE\plugins\com.st.stm32cube.common.mx_6.3.0.202107141111\\db\/plugins/boardmanager/
2024-12-12 09:42:02,143 [INFO] DbMcus:258 - Set plugin images path to: C:\ST\STM32CubeIDE_1.7.0\STM32CubeIDE\plugins\com.st.stm32cube.common.mx_6.3.0.202107141111\\db\/plugins/mcufinder/images/
2024-12-12 09:42:02,143 [INFO] DbBoards:264 - Set plugin images path to: C:\ST\STM32CubeIDE_1.7.0\STM32CubeIDE\plugins\com.st.stm32cube.common.mx_6.3.0.202107141111\\db\/plugins/mcufinder/images/
2024-12-12 09:42:02,143 [INFO] DbExamples:333 - Set plugin images path to: C:\ST\STM32CubeIDE_1.7.0\STM32CubeIDE\plugins\com.st.stm32cube.common.mx_6.3.0.202107141111\\db\/plugins/mcufinder/images/
2024-12-12 09:42:02,143 [WARN] DbFile:35 - Overriding database path with different value: C:\Users\Admin\.stmcufinder\plugins\mcufinder/ => C:\Users\Admin\.stmcufinder\plugins\mcufinder
2024-12-12 09:42:02,143 [INFO] DbMcusAds:119 - Set database path to: C:\Users\Admin\.stmcufinder\plugins\mcufinder//mcu/
2024-12-12 09:42:02,143 [WARN] DbFile:35 - Overriding database path with different value: C:\Users\Admin\.stmcufinder\plugins\mcufinder/ => C:\Users\Admin\.stmcufinder\plugins\mcufinder
2024-12-12 09:42:02,143 [INFO] DbMcusDocs:110 - Set database path to: C:\Users\Admin\.stmcufinder\plugins\mcufinder//mcu/
2024-12-12 09:42:02,143 [WARN] DbFile:35 - Overriding database path with different value: C:\Users\Admin\.stmcufinder\plugins\mcufinder/ => C:\Users\Admin\.stmcufinder\plugins\mcufinder
2024-12-12 09:42:02,143 [INFO] DbMcusJson:64 - Set database path to: C:\Users\Admin\.stmcufinder\plugins\mcufinder//mcu/
2024-12-12 09:42:02,143 [WARN] DbFile:35 - Overriding database path with different value: C:\Users\Admin\.stmcufinder\plugins\mcufinder/ => C:\Users\Admin\.stmcufinder\plugins\mcufinder
2024-12-12 09:42:02,143 [INFO] DbBoardsDocs:110 - Set database path to: C:\Users\Admin\.stmcufinder\plugins\mcufinder//mcu/
2024-12-12 09:42:02,143 [WARN] DbFile:35 - Overriding database path with different value: C:\Users\Admin\.stmcufinder\plugins\mcufinder/ => C:\Users\Admin\.stmcufinder\plugins\mcufinder
2024-12-12 09:42:02,143 [INFO] DbBoardsJson:57 - Set database path to: C:\Users\Admin\.stmcufinder\plugins\mcufinder//mcu/
2024-12-12 09:42:02,143 [WARN] DbFile:35 - Overriding database path with different value: C:\Users\Admin\.stmcufinder\plugins\mcufinder/ => C:\Users\Admin\.stmcufinder\plugins\mcufinder
2024-12-12 09:42:02,143 [WARN] DbFile:35 - Overriding database path with different value: C:\Users\Admin\.stmcufinder\plugins\mcufinder/ => C:\Users\Admin\.stmcufinder\plugins\mcufinder
2024-12-12 09:42:02,940 [INFO] CrossReferenceDbSqlite:196 - Set database path to: C:\Users\Admin\.stmcufinder\plugins\mcufinder//mcu/cs/
2024-12-12 09:42:02,940 [WARN] DbFile:35 - Overriding database path with different value: C:\Users\Admin\.stmcufinder\plugins\mcufinder/ => C:\Users\Admin\.stmcufinder\plugins\mcufinder
2024-12-12 09:42:02,940 [INFO] DbExamplesSqlite:767 - Set database path to: C:\Users\Admin\.stmcufinder\plugins\mcufinder//mcu/
2024-12-12 09:42:03,018 [INFO] MainPanel:214 - HeapMemory: 268435456
2024-12-12 09:42:03,096 [INFO] DbMcusXml:74 - Set database path to: C:\ST\STM32CubeIDE_1.7.0\STM32CubeIDE\plugins\com.st.stm32cube.common.mx_6.3.0.202107141111\\db\/mcu/
2024-12-12 09:42:03,096 [INFO] DbBoardsPdsc:56 - Set plugin database path to: C:\ST\STM32CubeIDE_1.7.0\STM32CubeIDE\plugins\com.st.stm32cube.common.mx_6.3.0.202107141111\\db\/plugins/boardmanager/
2024-12-12 09:42:03,096 [INFO] DbMcus:258 - Set plugin images path to: C:\ST\STM32CubeIDE_1.7.0\STM32CubeIDE\plugins\com.st.stm32cube.common.mx_6.3.0.202107141111\\db\/plugins/mcufinder/images/
2024-12-12 09:42:03,096 [INFO] DbBoards:264 - Set plugin images path to: C:\ST\STM32CubeIDE_1.7.0\STM32CubeIDE\plugins\com.st.stm32cube.common.mx_6.3.0.202107141111\\db\/plugins/mcufinder/images/
2024-12-12 09:42:03,096 [INFO] DbExamples:333 - Set plugin images path to: C:\ST\STM32CubeIDE_1.7.0\STM32CubeIDE\plugins\com.st.stm32cube.common.mx_6.3.0.202107141111\\db\/plugins/mcufinder/images/
2024-12-12 09:42:03,096 [WARN] DbFile:35 - Overriding database path with different value: C:\Users\Admin\.stmcufinder\plugins\mcufinder/ => C:\Users\Admin\.stmcufinder\plugins\mcufinder
2024-12-12 09:42:03,096 [INFO] DbMcusAds:119 - Set database path to: C:\Users\Admin\.stmcufinder\plugins\mcufinder//mcu/
2024-12-12 09:42:03,096 [WARN] DbFile:35 - Overriding database path with different value: C:\Users\Admin\.stmcufinder\plugins\mcufinder/ => C:\Users\Admin\.stmcufinder\plugins\mcufinder
2024-12-12 09:42:03,096 [INFO] DbMcusDocs:110 - Set database path to: C:\Users\Admin\.stmcufinder\plugins\mcufinder//mcu/
2024-12-12 09:42:03,096 [WARN] DbFile:35 - Overriding database path with different value: C:\Users\Admin\.stmcufinder\plugins\mcufinder/ => C:\Users\Admin\.stmcufinder\plugins\mcufinder
2024-12-12 09:42:03,096 [INFO] DbMcusJson:64 - Set database path to: C:\Users\Admin\.stmcufinder\plugins\mcufinder//mcu/
2024-12-12 09:42:03,096 [WARN] DbFile:35 - Overriding database path with different value: C:\Users\Admin\.stmcufinder\plugins\mcufinder/ => C:\Users\Admin\.stmcufinder\plugins\mcufinder
2024-12-12 09:42:03,096 [INFO] DbBoardsDocs:110 - Set database path to: C:\Users\Admin\.stmcufinder\plugins\mcufinder//mcu/
2024-12-12 09:42:03,096 [WARN] DbFile:35 - Overriding database path with different value: C:\Users\Admin\.stmcufinder\plugins\mcufinder/ => C:\Users\Admin\.stmcufinder\plugins\mcufinder
2024-12-12 09:42:03,096 [INFO] DbBoardsJson:57 - Set database path to: C:\Users\Admin\.stmcufinder\plugins\mcufinder//mcu/
2024-12-12 09:42:03,096 [WARN] DbFile:35 - Overriding database path with different value: C:\Users\Admin\.stmcufinder\plugins\mcufinder/ => C:\Users\Admin\.stmcufinder\plugins\mcufinder
2024-12-12 09:42:03,096 [WARN] DbFile:35 - Overriding database path with different value: C:\Users\Admin\.stmcufinder\plugins\mcufinder/ => C:\Users\Admin\.stmcufinder\plugins\mcufinder
2024-12-12 09:42:03,940 [INFO] CrossReferenceDbSqlite:196 - Set database path to: C:\Users\Admin\.stmcufinder\plugins\mcufinder//mcu/cs/
2024-12-12 09:42:03,940 [WARN] DbFile:35 - Overriding database path with different value: C:\Users\Admin\.stmcufinder\plugins\mcufinder/ => C:\Users\Admin\.stmcufinder\plugins\mcufinder
2024-12-12 09:42:03,940 [INFO] DbExamplesSqlite:767 - Set database path to: C:\Users\Admin\.stmcufinder\plugins\mcufinder//mcu/
2024-12-12 09:42:03,987 [INFO] ApplicationProperties:181 - Using Application install path: C:\ST\STM32CubeIDE_1.7.0\STM32CubeIDE\plugins\com.st.stm32cube.common.mx_6.3.0.202107141111
2024-12-12 09:42:03,987 [INFO] PluginManage:188 - Search for loadable plugins [exclusion list=, ]
2024-12-12 09:42:03,987 [INFO] PluginManage:302 - Check plugin analytics
2024-12-12 09:42:05,018 [INFO] AnalyticsPlugin:257 - Accepted Software Licenses: 
2024-12-12 09:42:05,018 [INFO] AnalyticsPlugin:259 - Accepted CMSIS Pack Licenses: 
2024-12-12 09:42:05,018 [INFO] AnalyticsPlugin:261 - Accepted Firmware Licenses: 
2024-12-12 09:42:05,018 [INFO] PluginManage:352 - Loaded plugin analytics (category:tool,tabindex:-1)
2024-12-12 09:42:05,018 [INFO] PluginManage:302 - Check plugin clock
2024-12-12 09:42:05,033 [INFO] PluginManage:352 - Loaded plugin clock (category:base,tabindex:2)
2024-12-12 09:42:05,033 [INFO] PluginManage:302 - Check plugin ddr
2024-12-12 09:42:05,033 [INFO] PluginManage:352 - Loaded plugin ddr (category:tool,tabindex:6)
2024-12-12 09:42:05,033 [INFO] PluginManage:302 - Check plugin filemanager
2024-12-12 09:42:05,143 [INFO] PluginManage:352 - Loaded plugin filemanager (category:base,tabindex:10)
2024-12-12 09:42:05,143 [INFO] PluginManage:302 - Check plugin ipmanager
2024-12-12 09:42:05,158 [INFO] PluginManage:352 - Loaded plugin ipmanager (category:base,tabindex:5)
2024-12-12 09:42:05,158 [INFO] PluginManage:302 - Check plugin pinoutandconfiguration
2024-12-12 09:42:05,174 [INFO] PluginManage:352 - Loaded plugin pinoutandconfiguration (category:base,tabindex:1)
2024-12-12 09:42:05,174 [INFO] PluginManage:302 - Check plugin pinoutconfig
2024-12-12 09:42:05,205 [INFO] PluginManage:352 - Loaded plugin pinoutconfig (category:base,tabindex:0)
2024-12-12 09:42:05,205 [INFO] PluginManage:302 - Check plugin power
2024-12-12 09:42:05,221 [INFO] PluginManage:352 - Loaded plugin power (category:power,tabindex:4)
2024-12-12 09:42:05,221 [INFO] PluginManage:302 - Check plugin projectmanager
2024-12-12 09:42:05,237 [INFO] PluginManage:352 - Loaded plugin projectmanager (category:projectmanager,tabindex:3)
2024-12-12 09:42:05,237 [INFO] PluginManage:302 - Check plugin thirdparty
2024-12-12 09:42:05,486 [WARN] IntegrityCheckThread:78 - waiting for thirdparty lock release [integrity check]
2024-12-12 09:42:05,486 [INFO] IntegrityCheckThread:80 - entering critical section [integrity check]
2024-12-12 09:42:05,486 [INFO] PluginManage:352 - Loaded plugin thirdparty (category:base,tabindex:-1)
2024-12-12 09:42:05,486 [INFO] PluginManage:302 - Check plugin tools
2024-12-12 09:42:05,486 [INFO] ThirdPartyUpdaterWithRetryManager:66 - Updater plugin not ready yet. [1/15]
2024-12-12 09:42:05,580 [INFO] PluginManage:352 - Loaded plugin tools (category:base,tabindex:7)
2024-12-12 09:42:05,580 [INFO] PluginManage:302 - Check plugin tutovideos
2024-12-12 09:42:05,783 [INFO] PluginManage:352 - Loaded plugin tutovideos (category:base,tabindex:-1)
2024-12-12 09:42:05,783 [INFO] PluginManage:302 - Check plugin updater
2024-12-12 09:42:05,799 [INFO] PluginManage:352 - Loaded plugin updater (category:base,tabindex:12)
2024-12-12 09:42:05,799 [INFO] PluginManage:275 - PluginManage : Loaded plugins [13]
2024-12-12 09:42:05,940 [INFO] PinOutPanel:1463 - setPackage(No Configuration,No Configuration)
2024-12-12 09:42:06,033 [INFO] IPUIPlugin:74 - create IPUIPlugin
2024-12-12 09:42:06,033 [INFO] PluginManager:213 - loadIPPluginJar : add adc
2024-12-12 09:42:06,096 [INFO] IPUIPlugin:74 - create IPUIPlugin
2024-12-12 09:42:06,096 [INFO] PluginManager:213 - loadIPPluginJar : add aes
2024-12-12 09:42:06,158 [INFO] IPUIPlugin:74 - create IPUIPlugin
2024-12-12 09:42:06,158 [INFO] PluginManager:213 - loadIPPluginJar : add can
2024-12-12 09:42:06,205 [INFO] IPUIPlugin:74 - create IPUIPlugin
2024-12-12 09:42:06,205 [INFO] PluginManager:213 - loadIPPluginJar : add comp
2024-12-12 09:42:06,252 [INFO] IPUIPlugin:74 - create IPUIPlugin
2024-12-12 09:42:06,252 [INFO] PluginManager:213 - loadIPPluginJar : add cryp
2024-12-12 09:42:06,314 [INFO] IPUIPlugin:74 - create IPUIPlugin
2024-12-12 09:42:06,314 [INFO] PluginManager:213 - loadIPPluginJar : add dfsdm
2024-12-12 09:42:06,330 [INFO] IPUIPlugin:74 - create IPUIPlugin
2024-12-12 09:42:06,330 [INFO] PluginManager:213 - loadIPPluginJar : add dma
2024-12-12 09:42:06,408 [INFO] IPUIPlugin:74 - create IPUIPlugin
2024-12-12 09:42:06,408 [INFO] PluginManager:213 - loadIPPluginJar : add dma3
2024-12-12 09:42:06,439 [INFO] IPUIPlugin:74 - create IPUIPlugin
2024-12-12 09:42:06,439 [INFO] PluginManager:213 - loadIPPluginJar : add fatfs
2024-12-12 09:42:06,518 [INFO] IPUIPlugin:74 - create IPUIPlugin
2024-12-12 09:42:06,518 [INFO] PluginManager:213 - loadIPPluginJar : add fmc
2024-12-12 09:42:06,533 [INFO] IPUIPlugin:74 - create IPUIPlugin
2024-12-12 09:42:06,533 [INFO] PluginManager:213 - loadIPPluginJar : add freertos
2024-12-12 09:42:06,580 [INFO] IPUIPlugin:74 - create IPUIPlugin
2024-12-12 09:42:06,580 [INFO] PluginManager:213 - loadIPPluginJar : add genericplugin
2024-12-12 09:42:06,721 [INFO] IPUIPlugin:74 - create IPUIPlugin
2024-12-12 09:42:06,721 [INFO] PluginManager:213 - loadIPPluginJar : add gfxmmu
2024-12-12 09:42:06,908 [INFO] IPUIPlugin:74 - create IPUIPlugin
2024-12-12 09:42:06,908 [INFO] PluginManager:213 - loadIPPluginJar : add gic
2024-12-12 09:42:06,908 [INFO] IPUIPlugin:74 - create IPUIPlugin
2024-12-12 09:42:06,924 [INFO] PluginManager:213 - loadIPPluginJar : add gpio
2024-12-12 09:42:07,033 [INFO] IPUIPlugin:74 - create IPUIPlugin
2024-12-12 09:42:07,033 [INFO] PluginManager:213 - loadIPPluginJar : add gtzc
2024-12-12 09:42:07,095 [INFO] IPUIPlugin:74 - create IPUIPlugin
2024-12-12 09:42:07,095 [INFO] PluginManager:213 - loadIPPluginJar : add hash
2024-12-12 09:42:07,174 [INFO] IPUIPlugin:74 - create IPUIPlugin
2024-12-12 09:42:07,174 [INFO] PluginManager:213 - loadIPPluginJar : add i2c
2024-12-12 09:42:07,252 [INFO] IPUIPlugin:74 - create IPUIPlugin
2024-12-12 09:42:07,252 [INFO] PluginManager:213 - loadIPPluginJar : add i2s
2024-12-12 09:42:07,267 [INFO] IPUIPlugin:74 - create IPUIPlugin
2024-12-12 09:42:07,267 [INFO] PluginManager:213 - loadIPPluginJar : add ipddr
2024-12-12 09:42:07,408 [INFO] IPUIPlugin:74 - create IPUIPlugin
2024-12-12 09:42:07,408 [INFO] PluginManager:213 - loadIPPluginJar : add linkedlist
2024-12-12 09:42:07,486 [INFO] IPUIPlugin:74 - create IPUIPlugin
2024-12-12 09:42:07,486 [INFO] PluginManager:213 - loadIPPluginJar : add lorawan
2024-12-12 09:42:07,549 [INFO] IPUIPlugin:74 - create IPUIPlugin
2024-12-12 09:42:07,549 [INFO] PluginManager:213 - loadIPPluginJar : add ltdc
2024-12-12 09:42:07,564 [INFO] IPUIPlugin:74 - create IPUIPlugin
2024-12-12 09:42:07,564 [INFO] PluginManager:213 - loadIPPluginJar : add mdma
2024-12-12 09:42:07,580 [INFO] IPUIPlugin:74 - create IPUIPlugin
2024-12-12 09:42:07,580 [INFO] PluginManager:213 - loadIPPluginJar : add nvic
2024-12-12 09:42:07,658 [INFO] IPUIPlugin:74 - create IPUIPlugin
2024-12-12 09:42:07,658 [INFO] PluginManager:213 - loadIPPluginJar : add opamp
2024-12-12 09:42:07,767 [INFO] IPUIPlugin:74 - create IPUIPlugin
2024-12-12 09:42:07,767 [INFO] PluginManager:213 - loadIPPluginJar : add openamp
2024-12-12 09:42:07,845 [INFO] IPUIPlugin:74 - create IPUIPlugin
2024-12-12 09:42:07,845 [INFO] PluginManager:213 - loadIPPluginJar : add pdm2pcm
2024-12-12 09:42:07,861 [INFO] IPUIPlugin:74 - create IPUIPlugin
2024-12-12 09:42:07,861 [INFO] PluginManager:213 - loadIPPluginJar : add plateformsettings
2024-12-12 09:42:07,908 [INFO] IPUIPlugin:74 - create IPUIPlugin
2024-12-12 09:42:07,908 [INFO] PluginManager:213 - loadIPPluginJar : add quadspi
2024-12-12 09:42:07,923 [INFO] IPUIPlugin:74 - create IPUIPlugin
2024-12-12 09:42:07,923 [INFO] PluginManager:213 - loadIPPluginJar : add resmgrutility
2024-12-12 09:42:08,017 [INFO] IPUIPlugin:74 - create IPUIPlugin
2024-12-12 09:42:08,017 [INFO] PluginManager:213 - loadIPPluginJar : add sai
2024-12-12 09:42:08,095 [INFO] IPUIPlugin:74 - create IPUIPlugin
2024-12-12 09:42:08,095 [INFO] PluginManager:213 - loadIPPluginJar : add spi
2024-12-12 09:42:08,189 [INFO] IPUIPlugin:74 - create IPUIPlugin
2024-12-12 09:42:08,189 [INFO] PluginManager:213 - loadIPPluginJar : add stm32_wpan
2024-12-12 09:42:08,236 [INFO] IPUIPlugin:74 - create IPUIPlugin
2024-12-12 09:42:08,236 [INFO] PluginManager:213 - loadIPPluginJar : add tim
2024-12-12 09:42:08,345 [INFO] IPUIPlugin:74 - create IPUIPlugin
2024-12-12 09:42:08,345 [INFO] PluginManager:213 - loadIPPluginJar : add touchsensing
2024-12-12 09:42:08,392 [INFO] IPUIPlugin:74 - create IPUIPlugin
2024-12-12 09:42:08,392 [INFO] PluginManager:213 - loadIPPluginJar : add tracer_emb
2024-12-12 09:42:08,455 [INFO] IPUIPlugin:74 - create IPUIPlugin
2024-12-12 09:42:08,455 [INFO] PluginManager:213 - loadIPPluginJar : add ts
2024-12-12 09:42:08,501 [INFO] ThirdPartyUpdaterWithRetryManager:66 - Updater plugin not ready yet. [2/15]
2024-12-12 09:42:08,501 [INFO] IPUIPlugin:74 - create IPUIPlugin
2024-12-12 09:42:08,517 [INFO] PluginManager:213 - loadIPPluginJar : add tsc
2024-12-12 09:42:08,564 [INFO] IPUIPlugin:74 - create IPUIPlugin
2024-12-12 09:42:08,564 [INFO] PluginManager:213 - loadIPPluginJar : add ucpd
2024-12-12 09:42:08,642 [INFO] IPUIPlugin:74 - create IPUIPlugin
2024-12-12 09:42:08,642 [INFO] PluginManager:213 - loadIPPluginJar : add usart
2024-12-12 09:42:08,720 [INFO] IPUIPlugin:74 - create IPUIPlugin
2024-12-12 09:42:08,720 [INFO] PluginManager:213 - loadIPPluginJar : add usbx
2024-12-12 09:42:09,093 [FATAL] Updater:294 - Updater called before beeing initialized
2024-12-12 09:42:09,202 [FATAL] Updater:294 - Updater called before beeing initialized
2024-12-12 09:42:09,218 [INFO] DbMcusAds:47 - JSON generation date=Fri Sep 20 20:04:23 ICT 2024 (1726837463113)
2024-12-12 09:42:09,218 [FATAL] Updater:294 - Updater called before beeing initialized
2024-12-12 09:42:09,312 [WARN] DetailPanel:314 - Failed to get advertising image, set to default
2024-12-12 09:42:09,405 [FATAL] Updater:294 - Updater called before beeing initialized
2024-12-12 09:42:09,405 [FATAL] Updater:294 - Updater called before beeing initialized
2024-12-12 09:42:09,405 [FATAL] Updater:294 - Updater called before beeing initialized
2024-12-12 09:42:09,405 [WARN] DetailPanel:314 - Failed to get advertising image, set to default
2024-12-12 09:42:09,421 [FATAL] Updater:294 - Updater called before beeing initialized
2024-12-12 09:42:09,468 [ERROR] Updater:1075 - MainUpdater not yet initialized. External WinMGr cannot be set.
2024-12-12 09:42:09,483 [INFO] Updater:1012 - Updater Version found : 6.3.0
2024-12-12 09:42:09,499 [INFO] ApplicationProperties:181 - Using Application install path: C:\ST\STM32CubeIDE_1.7.0\STM32CubeIDE\plugins\com.st.stm32cube.common.mx_6.3.0.202107141111
2024-12-12 09:42:09,999 [INFO] MainUpdater:2671 - connection check result : 10
2024-12-12 09:42:09,999 [INFO] MainUpdater:265 - Updater Check For Update Now.
2024-12-12 09:42:09,999 [INFO] MicroXplorer:478 - Change Database Version : DB.6.0.30
2024-12-12 09:42:10,249 [INFO] CheckServerUpdateThread:112 - End of CheckServer Thread
2024-12-12 09:42:10,265 [INFO] MainUpdater:2671 - connection check result : 10
2024-12-12 09:42:11,312 [INFO] McuFinderGlobals:52 - Set McuFinderConnectedMode to false
2024-12-12 09:42:11,515 [INFO] CrossSelectorPresenter:1330 - Cross Selector saved comparison directory: C:\Users\Admin\.stmcufinder\plugins\mcufinder\mcu\cs_comparisons_mx
2024-12-12 09:42:11,530 [INFO] MultiScanPanel:197 - Auto-refresh data requested => check proxy status ongoing
2024-12-12 09:42:11,530 [INFO] MultiScanPanel:201 - Proxy status is invalid
2024-12-12 09:42:11,530 [INFO] FinderPluginLoader:87 - Searching for filters in installed packs
2024-12-12 09:42:11,530 [INFO] DbMcusXml:100 - Load MCU database from C:\ST\STM32CubeIDE_1.7.0\STM32CubeIDE\plugins\com.st.stm32cube.common.mx_6.3.0.202107141111\\db\/mcu/families.xml
2024-12-12 09:42:11,936 [ERROR] Engine:463 - C:\Users\Admin\.stm32cubemx\thirdparties\pdsc\STMicroelectronics.FP-SNS-MOTENVWB1.1.4.0.pdsc: PDSC version is not supported
2024-12-12 09:42:11,999 [WARN] PackLoader:238 - Cannot read IP mode file for STMicroelectronics.FP-ATR-ASTRA1.2.0.1
2024-12-12 09:42:12,030 [ERROR] Engine:463 - C:\Users\Admin\.stm32cubemx\thirdparties\pdsc\STMicroelectronics.X-CUBE-SMBUS.2.1.0.pdsc: PDSC version is not supported
2024-12-12 09:42:12,077 [WARN] PackLoader:238 - Cannot read IP mode file for STMicroelectronics.X-CUBE-WB05N.1.1.0
2024-12-12 09:42:12,218 [WARN] PackLoader:238 - Cannot read IP mode file for STMicroelectronics.X-CUBE-AZRTOS-F7.1.1.0
2024-12-12 09:42:12,249 [ERROR] Engine:463 - C:\Users\Admin\.stm32cubemx\thirdparties\pdsc\STMicroelectronics.FP-SNS-MOTENV1.4.3.2.pdsc: PDSC version is not supported
2024-12-12 09:42:12,311 [WARN] PackLoader:238 - Cannot read IP mode file for STMicroelectronics.X-CUBE-BLE1.6.2.3
2024-12-12 09:42:12,530 [WARN] PackLoader:238 - Cannot read IP mode file for STMicroelectronics.X-CUBE-MEMS1.11.0.0
2024-12-12 09:42:13,186 [WARN] PackLoader:238 - Cannot read IP mode file for STMicroelectronics.X-CUBE-BLE1.6.2.4
2024-12-12 09:42:13,233 [WARN] PackLoader:238 - Cannot read IP mode file for STMicroelectronics.X-CUBE-TOF1.3.1.0
2024-12-12 09:42:13,280 [WARN] PackLoader:238 - Cannot read IP mode file for STMicroelectronics.X-CUBE-NFC10.1.0.0
2024-12-12 09:42:13,327 [ERROR] Engine:463 - C:\Users\Admin\.stm32cubemx\thirdparties\pdsc\STMicroelectronics.X-CUBE-BLEMGR.4.0.0.pdsc: PDSC version is not supported
2024-12-12 09:42:13,358 [WARN] PackLoader:238 - Cannot read IP mode file for STMicroelectronics.X-CUBE-TOUCHGFX.4.22.1
2024-12-12 09:42:13,545 [WARN] PackLoader:238 - Cannot read IP mode file for STMicroelectronics.X-CUBE-MEMS1.9.3.0
2024-12-12 09:42:13,733 [INFO] DbMcusJson:93 - JSON generation date=Tue Nov 16 23:17:54 ICT 2021 (1637079474)
2024-12-12 09:42:14,186 [WARN] PackLoader:238 - Cannot read IP mode file for STMicroelectronics.X-CUBE-AI.7.2.0
2024-12-12 09:42:14,233 [ERROR] Engine:463 - C:\Users\Admin\.stm32cubemx\thirdparties\pdsc\STMicroelectronics.X-CUBE-BLEMGR.3.1.0.pdsc: PDSC version is not supported
2024-12-12 09:42:14,342 [INFO] LogOutputStream:76 - [STDOUT_REDIRECT] 1 : Invalid condition id : UX_CORESTACK_Condition cause : null
2024-12-12 09:42:14,342 [INFO] LogOutputStream:76 - [STDOUT_REDIRECT] 1 : Invalid condition id : UX_CORESTACK_Condition cause : null
2024-12-12 09:42:14,342 [INFO] LogOutputStream:76 - [STDOUT_REDIRECT] 1 : Invalid condition id : UX_CORESTACK_Condition cause : null
2024-12-12 09:42:14,358 [INFO] LogOutputStream:76 - [STDOUT_REDIRECT] 1 : Invalid condition id : UX_CORESTACK_Condition cause : null
2024-12-12 09:42:14,358 [INFO] LogOutputStream:76 - [STDOUT_REDIRECT] 1 : Invalid condition id : UX_CORESTACK_Condition cause : null
2024-12-12 09:42:14,373 [WARN] PackLoader:238 - Cannot read IP mode file for STMicroelectronics.X-CUBE-AZRTOS-WL.2.0.0
2024-12-12 09:42:14,405 [ERROR] Engine:463 - C:\Users\Admin\.stm32cubemx\thirdparties\pdsc\STMicroelectronics.FP-SNS-MOTENV1.5.0.0.pdsc: PDSC version is not supported
2024-12-12 09:42:14,436 [WARN] PackLoader:238 - Cannot read IP mode file for wolfSSL.I-CUBE-wolfMQTT.1.19.0
2024-12-12 09:42:14,467 [WARN] PackLoader:238 - Cannot read IP mode file for WES.I-CUBE-Cesium.1.3.0
2024-12-12 09:42:14,530 [WARN] PackLoader:238 - Cannot read IP mode file for STMicroelectronics.X-CUBE-TOF1.3.2.0
2024-12-12 09:42:14,576 [WARN] PackLoader:238 - Cannot read IP mode file for STMicroelectronics.X-CUBE-ISPU.1.0.0
2024-12-12 09:42:14,623 [WARN] PackLoader:238 - Cannot read IP mode file for STMicroelectronics.X-CUBE-NFC9.1.0.0
2024-12-12 09:42:14,717 [WARN] PackLoader:238 - Cannot read IP mode file for STMicroelectronics.X-CUBE-AZRTOS-H7.2.1.0
2024-12-12 09:42:14,780 [ERROR] Engine:463 - C:\Users\Admin\.stm32cubemx\thirdparties\pdsc\STMicroelectronics.X-CUBE-TCPP.4.1.0.pdsc: PDSC version is not supported
2024-12-12 09:42:14,858 [WARN] PackLoader:238 - Cannot read IP mode file for STMicroelectronics.X-CUBE-TOUCHGFX.4.21.0
2024-12-12 09:42:15,029 [WARN] PackLoader:238 - Cannot read IP mode file for STMicroelectronics.X-CUBE-MEMS1.9.4.0
2024-12-12 09:42:15,592 [WARN] PackLoader:238 - Cannot read IP mode file for STMicroelectronics.X-CUBE-AI.7.3.0
2024-12-12 09:42:15,623 [WARN] PackLoader:238 - Cannot read IP mode file for STMicroelectronics.X-CUBE-ALGOBUILD.1.3.0
2024-12-12 09:42:15,686 [WARN] PackLoader:238 - Cannot read IP mode file for STMicroelectronics.X-CUBE-AZRTOS-G0.1.1.0
2024-12-12 09:42:15,717 [INFO] DbMcus:175 - Found 1951 MCUs (1903 are supported by CubeMX, 1914 are visible in CubeMX)
2024-12-12 09:42:15,717 [INFO] ApiDb:251 - Load user favorites file C:\Users\Admin/.stm32cubeide/favorites.mcus.txt: 0 item(s)
2024-12-12 09:42:15,717 [INFO] ApiDb:255 - User favorites MCUs=[]
2024-12-12 09:42:15,717 [INFO] DbMcus:187 - Set 0 / 0 favorites MCUs
2024-12-12 09:42:15,717 [WARN] PackLoader:238 - Cannot read IP mode file for STMicroelectronics.X-CUBE-SAFEA1.1.2.2
2024-12-12 09:42:15,764 [WARN] PackLoader:238 - Cannot read IP mode file for STMicroelectronics.X-CUBE-NFC4.3.0.0
2024-12-12 09:42:15,889 [WARN] PackLoader:238 - Cannot read IP mode file for SEGGER.I-CUBE-embOS.1.2.0
2024-12-12 09:42:15,982 [ERROR] Engine:463 - C:\Users\Admin\.stm32cubemx\thirdparties\pdsc\EmbeddedOffice.I-CUBE-FS-RTOS.1.0.1.pdsc: PDSC version is not supported
2024-12-12 09:42:16,029 [WARN] PackLoader:238 - Cannot read IP mode file for STMicroelectronics.X-CUBE-BLEMGR.1.3.0
2024-12-12 09:42:16,045 [ERROR] Engine:463 - C:\Users\Admin\.stm32cubemx\thirdparties\pdsc\RealThread.X-CUBE-RT-Thread_Nano.4.1.1.pdsc: PDSC version is not supported
2024-12-12 09:42:16,076 [WARN] PackLoader:238 - Cannot read IP mode file for STMicroelectronics.FP-ATR-SIGFOX1.3.2.0
2024-12-12 09:42:16,092 [ERROR] Engine:463 - C:\Users\Admin\.stm32cubemx\thirdparties\pdsc\quantropi.X-CUBE-qispace-sdk-base.1.9.3.pdsc: PDSC version is not supported
2024-12-12 09:42:16,139 [WARN] PackLoader:238 - Cannot read IP mode file for STMicroelectronics.X-CUBE-EEPRMA1.5.1.0
2024-12-12 09:42:16,170 [WARN] PackLoader:238 - Cannot read IP mode file for emotas.I-CUBE-CANOPEN.1.1.2
2024-12-12 09:42:16,201 [WARN] PackLoader:238 - Cannot read IP mode file for STMicroelectronics.X-CUBE-TOUCHGFX.4.20.0
2024-12-12 09:42:16,295 [WARN] PackLoader:238 - Cannot read IP mode file for SEGGER.I-CUBE-embOS.1.3.1
2024-12-12 09:42:16,435 [WARN] PackLoader:238 - Cannot read IP mode file for STMicroelectronics.X-CUBE-ALGOBUILD.1.4.0
2024-12-12 09:42:16,467 [WARN] PackLoader:238 - Cannot read IP mode file for STMicroelectronics.X-CUBE-AI.9.1.0
2024-12-12 09:42:16,498 [WARN] PackLoader:238 - Cannot read IP mode file for STMicroelectronics.X-CUBE-GNSS1.6.0.0
2024-12-12 09:42:16,576 [WARN] PackLoader:238 - Cannot read IP mode file for STMicroelectronics.X-CUBE-AZRTOS-F4.1.1.0
2024-12-12 09:42:16,638 [WARN] PackLoader:238 - Cannot read IP mode file for STMicroelectronics.X-CUBE-ISPU.2.1.0
2024-12-12 09:42:16,670 [ERROR] Engine:463 - C:\Users\Admin\.stm32cubemx\thirdparties\pdsc\STMicroelectronics.X-CUBE-FREERTOS.1.2.0.pdsc: PDSC version is not supported
2024-12-12 09:42:16,701 [WARN] PackLoader:238 - Cannot read IP mode file for STMicroelectronics.X-CUBE-BLEMGR.1.2.0
2024-12-12 09:42:16,779 [WARN] PackLoader:238 - Cannot read IP mode file for STMicroelectronics.X-CUBE-AZRTOS-L5.2.0.0
2024-12-12 09:42:16,842 [INFO] DetailPanel:309 - Set advertising image to C:/Users/Admin/STM32Cube/Repository/\en.prom-stm32c071-usb-memories-mcu-finder.png
2024-12-12 09:42:16,935 [WARN] PackLoader:238 - Cannot read IP mode file for STMicroelectronics.X-CUBE-MEMS1.9.6.0
2024-12-12 09:42:17,529 [WARN] PackLoader:238 - Cannot read IP mode file for STMicroelectronics.X-CUBE-EEPRMA1.4.2.0
2024-12-12 09:42:17,576 [WARN] PackLoader:238 - Cannot read IP mode file for STMicroelectronics.X-CUBE-NFC6.3.1.0
2024-12-12 09:42:17,591 [ERROR] Engine:463 - C:\Users\Admin\.stm32cubemx\thirdparties\pdsc\ITTIA_DB.I-CUBE-ITTIADB.8.8.0.pdsc: PDSC version is not supported
2024-12-12 09:42:17,623 [WARN] PackLoader:238 - Cannot read IP mode file for STMicroelectronics.X-CUBE-BLEMGR.2.0.0
2024-12-12 09:42:17,654 [ERROR] Engine:463 - C:\Users\Admin\.stm32cubemx\thirdparties\pdsc\STMicroelectronics.X-CUBE-DPower.1.2.0.pdsc: PDSC version is not supported
2024-12-12 09:42:17,685 [WARN] PackLoader:238 - Cannot read IP mode file for STMicroelectronics.X-CUBE-NFC4.2.0.5
2024-12-12 09:42:17,716 [WARN] PackLoader:238 - Cannot read IP mode file for STMicroelectronics.X-CUBE-NFC4.2.0.4
2024-12-12 09:42:17,748 [WARN] PackLoader:238 - Cannot read IP mode file for STMicroelectronics.X-CUBE-AI.9.0.0
2024-12-12 09:42:17,810 [INFO] DbBoardsPdsc:90 - Found 25 items
2024-12-12 09:42:17,810 [WARN] ConditionMgr:437 - getConditionDescription Invalid condition id : UX DEVICE CLASS RTOS Condition cause : null
2024-12-12 09:42:17,810 [WARN] ConditionMgr:437 - getConditionDescription Invalid condition id : UX DEVICE CLASS RTOS Condition cause : null
2024-12-12 09:42:17,826 [WARN] PackLoader:238 - Cannot read IP mode file for STMicroelectronics.X-CUBE-AZRTOS-H7.3.1.0
2024-12-12 09:42:17,826 [WARN] ConditionMgr:1038 - genDependencies : Invalid condition id : UX DEVICE CLASS RTOS Condition cause : null
2024-12-12 09:42:17,826 [WARN] ConditionMgr:1038 - genDependencies : Invalid condition id : UX DEVICE CLASS RTOS Condition cause : null
2024-12-12 09:42:17,826 [WARN] ConditionMgr:1038 - genDependencies : Invalid condition id : UX DEVICE CLASS RTOS Condition cause : null
2024-12-12 09:42:17,826 [WARN] ConditionMgr:1038 - genDependencies : Invalid condition id : UX DEVICE CLASS RTOS Condition cause : null
2024-12-12 09:42:17,826 [WARN] ConditionMgr:1038 - genDependencies : Invalid condition id : UX DEVICE CLASS RTOS Condition cause : null
2024-12-12 09:42:17,841 [INFO] DbBoardsPdsc:90 - Found 9 items
2024-12-12 09:42:17,857 [WARN] PackLoader:238 - Cannot read IP mode file for wolfSSL.I-CUBE-wolfSSL.5.5.0
2024-12-12 09:42:17,873 [INFO] DbBoardsPdsc:90 - Found 33 items
2024-12-12 09:42:17,873 [ERROR] Engine:463 - C:\Users\Admin\.stm32cubemx\thirdparties\pdsc\STMicroelectronics.X-CUBE-FREERTOS.1.3.0.pdsc: PDSC version is not supported
2024-12-12 09:42:17,888 [INFO] DbBoardsPdsc:90 - Found 1 items
2024-12-12 09:42:17,904 [WARN] PackLoader:238 - Cannot read IP mode file for STMicroelectronics.X-CUBE-NFC7.1.0.1
2024-12-12 09:42:17,919 [INFO] DbBoardsPdsc:90 - Found 48 items
2024-12-12 09:42:17,919 [WARN] PackLoader:238 - Cannot read IP mode file for STMicroelectronics.X-CUBE-NFC7.1.0.0
2024-12-12 09:42:17,951 [WARN] PackLoader:238 - Cannot read IP mode file for STMicroelectronics.X-CUBE-NFC6.3.0.0
2024-12-12 09:42:17,966 [INFO] DbBoardsPdsc:90 - Found 43 items
2024-12-12 09:42:17,982 [INFO] DbBoardsPdsc:90 - Found 2 items
2024-12-12 09:42:17,982 [WARN] PackLoader:238 - Cannot read IP mode file for STMicroelectronics.X-CUBE-EEPRMA1.4.1.0
2024-12-12 09:42:17,998 [INFO] DbBoardsPdsc:90 - Found 5 items
2024-12-12 09:42:18,013 [WARN] DbBoardsPdsc:254 - Board STM32H7B3I-DK: unknown feature type=Audio, name=, username=Audio stereo codec with Headphone Amp (CS42L51-CNZ), n=1
2024-12-12 09:42:18,013 [WARN] DbBoardsPdsc:254 - Board STM32H735G-DK: unknown feature type=Audio, name=, username=Audio stereo codec with Headphone Amp (WM8994ECS/R), n=1
2024-12-12 09:42:18,013 [WARN] PackLoader:238 - Cannot read IP mode file for STMicroelectronics.X-CUBE-AI.8.1.0
2024-12-12 09:42:18,013 [WARN] DbBoardsPdsc:254 - Board STM32H7B3I-EVAL: unknown feature type=Audio, name=, username=Multi-Channel Audio Codec (CS42L51-CNZ), n=1
2024-12-12 09:42:18,013 [WARN] DbBoardsPdsc:254 - Board STM32H7B3I-EVAL: unknown feature type=Meter, name=, username=Power-metering and Temperature-monitoring with sigma-delta modulators, n=1
2024-12-12 09:42:18,013 [WARN] DbBoardsPdsc:254 - Board STM32H7B3I-EVAL: unknown feature type=Motor, name=, username=Motor Control, n=1
2024-12-12 09:42:18,013 [WARN] DbBoardsPdsc:254 - Board STM32U575I-EV: unknown feature type=joystick, name=, username=4-direction joystick with selection button, n=1
2024-12-12 09:42:18,107 [WARN] ConditionMgr:437 - getConditionDescription Invalid condition id : LAN8742 Phy interface Condition cause : null
2024-12-12 09:42:18,107 [WARN] PackLoader:238 - Cannot read IP mode file for STMicroelectronics.X-CUBE-AZRTOS-L4.2.0.0
2024-12-12 09:42:18,107 [WARN] ConditionMgr:1038 - genDependencies : Invalid condition id : LAN8742 Phy interface Condition cause : null
2024-12-12 09:42:18,107 [WARN] ConditionMgr:1038 - genDependencies : Invalid condition id : LAN8742 Phy interface Condition cause : null
2024-12-12 09:42:18,107 [WARN] ConditionMgr:1038 - genDependencies : Invalid condition id : LAN8742 Phy interface Condition cause : null
2024-12-12 09:42:18,138 [INFO] DbBoardsJson:86 - JSON generation date=Tue Nov 16 23:17:54 ICT 2021 (1637079474)
2024-12-12 09:42:18,138 [INFO] DbBoards:117 - Found 167 boards (163 are supported by CubeMX)
2024-12-12 09:42:18,154 [WARN] PackLoader:238 - Cannot read IP mode file for STMicroelectronics.X-CUBE-SFXS2LP1.4.0.0
2024-12-12 09:42:18,169 [INFO] DbBoardsDocs:143 - JSON generation date=Tue Nov 16 23:17:54 ICT 2021 (1637079474)
2024-12-12 09:42:18,185 [INFO] DbBoardsDocs:79 - Found 209 boards documents
2024-12-12 09:42:18,185 [WARN] DbBoards:127 - board B-L475E-IOT01A2 has no document id list !
2024-12-12 09:42:18,201 [WARN] DbBoards:127 - board NUCLEO-H743ZI has no document id list !
2024-12-12 09:42:18,201 [WARN] DbBoards:127 - board NUCLEO-WL55JC2 has no document id list !
2024-12-12 09:42:18,201 [WARN] DbBoards:127 - board P-NUCLEO-WB55-Nucleo has no document id list !
2024-12-12 09:42:18,201 [WARN] DbBoards:127 - board P-NUCLEO-WB55-USBDongle has no document id list !
2024-12-12 09:42:18,201 [WARN] DbBoards:127 - board STEVAL-BFA001V1B has no document id list !
2024-12-12 09:42:18,201 [WARN] DbBoards:127 - board STEVAL-BFA001V2B has no document id list !
2024-12-12 09:42:18,201 [WARN] DbBoards:127 - board STEVAL-IDP005V1 has no document id list !
2024-12-12 09:42:18,201 [WARN] DbBoards:127 - board STEVAL-IDP005V2 has no document id list !
2024-12-12 09:42:18,201 [WARN] DbBoards:127 - board STEVAL-MKSBOX1V1 has no document id list !
2024-12-12 09:42:18,201 [WARN] DbBoards:127 - board STEVAL-STWINKT1 has no document id list !
2024-12-12 09:42:18,201 [WARN] DbBoards:127 - board STEVAL-STWINKT1B has no document id list !
2024-12-12 09:42:18,201 [WARN] DbBoards:127 - board STM32439I-EVAL2 has no document id list !
2024-12-12 09:42:18,201 [WARN] DbBoards:127 - board STM32F401C-DISCO has no document id list !
2024-12-12 09:42:18,201 [WARN] DbBoards:127 - board STM32F769I-DISC1 has no document id list !
2024-12-12 09:42:18,201 [WARN] DbBoards:127 - board STM32G474E-EVAL1 has no document id list !
2024-12-12 09:42:18,201 [WARN] DbBoards:127 - board STM32H743I-EVAL2 has no document id list !
2024-12-12 09:42:18,201 [WARN] DbBoards:127 - board STM32H747I-DISC1 has no document id list !
2024-12-12 09:42:18,201 [WARN] DbBoards:127 - board STM32H753I-EVAL2 has no document id list !
2024-12-12 09:42:18,201 [WARN] DbBoards:127 - board STM32L-DISCOVERY has no document id list !
2024-12-12 09:42:18,216 [WARN] PackLoader:238 - Cannot read IP mode file for STMicroelectronics.X-CUBE-AZRTOS-H7.3.0.0
2024-12-12 09:42:18,263 [WARN] PackLoader:238 - Cannot read IP mode file for STMicroelectronics.X-CUBE-ISPU.1.1.0
2024-12-12 09:42:18,357 [WARN] PackLoader:238 - Cannot read IP mode file for STMicroelectronics.X-CUBE-AZRTOS-H7.3.3.0
2024-12-12 09:42:18,388 [WARN] PackLoader:238 - Cannot read IP mode file for RoweBots.I-CUBE-UNISONRTOS.5.5.0-4
2024-12-12 09:42:18,419 [ERROR] Engine:463 - C:\Users\Admin\.stm32cubemx\thirdparties\pdsc\STMicroelectronics.X-CUBE-IPS.3.0.0.pdsc: PDSC version is not supported
2024-12-12 09:42:18,466 [WARN] ConditionMgr:437 - getConditionDescription Invalid condition id : UX DEVICE CLASS RTOS Condition cause : null
2024-12-12 09:42:18,466 [WARN] ConditionMgr:437 - getConditionDescription Invalid condition id : UX DEVICE CLASS RTOS Condition cause : null
2024-12-12 09:42:18,466 [WARN] PackLoader:238 - Cannot read IP mode file for STMicroelectronics.X-CUBE-AZRTOS-WB.2.0.0
2024-12-12 09:42:18,466 [WARN] ConditionMgr:1038 - genDependencies : Invalid condition id : UX DEVICE CLASS RTOS Condition cause : null
2024-12-12 09:42:18,466 [WARN] ConditionMgr:1038 - genDependencies : Invalid condition id : UX DEVICE CLASS RTOS Condition cause : null
2024-12-12 09:42:18,466 [WARN] ConditionMgr:1038 - genDependencies : Invalid condition id : UX DEVICE CLASS RTOS Condition cause : null
2024-12-12 09:42:18,466 [WARN] ConditionMgr:1038 - genDependencies : Invalid condition id : UX DEVICE CLASS RTOS Condition cause : null
2024-12-12 09:42:18,466 [WARN] ConditionMgr:1038 - genDependencies : Invalid condition id : UX DEVICE CLASS RTOS Condition cause : null
2024-12-12 09:42:18,497 [WARN] PackLoader:238 - Cannot read IP mode file for STMicroelectronics.X-CUBE-GNSS1.7.0.0
2024-12-12 09:42:18,513 [ERROR] DbBoards:189 - Image file not found for board B-U585I-IOT02A: C:\ST\STM32CubeIDE_1.7.0\STM32CubeIDE\plugins\com.st.stm32cube.common.mx_6.3.0.202107141111\\db\/plugins/mcufinder/images/boards/B-U585I-IOT02A_small.jpg
2024-12-12 09:42:18,529 [WARN] PackLoader:238 - Cannot read IP mode file for STMicroelectronics.X-CUBE-BLEMGR.1.0.0
2024-12-12 09:42:18,560 [ERROR] Engine:463 - C:\Users\Admin\.stm32cubemx\thirdparties\pdsc\STMicroelectronics.FP-SNS-STBOX1.2.0.0.pdsc: PDSC version is not supported
2024-12-12 09:42:18,622 [WARN] PackLoader:238 - Cannot read IP mode file for STMicroelectronics.X-CUBE-AZRTOS-L5.1.1.0
2024-12-12 09:42:18,654 [WARN] PackLoader:238 - Cannot read IP mode file for STMicroelectronics.X-CUBE-SUBG2.5.0.0
2024-12-12 09:42:18,685 [ERROR] Engine:463 - C:\Users\Admin\.stm32cubemx\thirdparties\pdsc\Cesanta.I-CUBE-Mongoose.7.13.0.pdsc: PDSC version is not supported
2024-12-12 09:42:18,716 [ERROR] Engine:463 - C:\Users\Admin\.stm32cubemx\thirdparties\pdsc\STMicroelectronics.X-CUBE-TOF1.3.3.1.pdsc: PDSC version is not supported
2024-12-12 09:42:18,732 [ERROR] DbBoards:189 - Image file not found for board NUCLEO-F413ZH: C:\ST\STM32CubeIDE_1.7.0\STM32CubeIDE\plugins\com.st.stm32cube.common.mx_6.3.0.202107141111\\db\/plugins/mcufinder/images/boards/nucleo-f413zh_small.jpg
2024-12-12 09:42:18,763 [WARN] PackLoader:238 - Cannot read IP mode file for STMicroelectronics.X-CUBE-AZRTOS-G4.2.0.0
2024-12-12 09:42:18,794 [WARN] PackLoader:238 - Cannot read IP mode file for STMicroelectronics.FP-ATR-ASTRA1.1.1.1
2024-12-12 09:42:18,841 [ERROR] Engine:463 - C:\Users\Admin\.stm32cubemx\thirdparties\pdsc\Infineon.AIROC-Wi-Fi-Bluetooth-STM32.1.5.1.pdsc: PDSC version is not supported
2024-12-12 09:42:18,888 [WARN] PackLoader:238 - Cannot read IP mode file for STMicroelectronics.X-CUBE-AZRTOS-G4.1.0.0
2024-12-12 09:42:18,950 [WARN] PackLoader:238 - Cannot read IP mode file for STMicroelectronics.X-CUBE-AZRTOS-L4.1.0.0
2024-12-12 09:42:18,966 [ERROR] Engine:463 - C:\Users\Admin\.stm32cubemx\thirdparties\pdsc\STMicroelectronics.X-CUBE-ALS.1.0.2.pdsc: PDSC version is not supported
2024-12-12 09:42:19,075 [WARN] PackLoader:238 - Cannot read IP mode file for STMicroelectronics.X-CUBE-MEMS1.10.0.0
2024-12-12 09:42:19,185 [ERROR] DbBoards:189 - Image file not found for board NUCLEO-L552ZE-Q: C:\ST\STM32CubeIDE_1.7.0\STM32CubeIDE\plugins\com.st.stm32cube.common.mx_6.3.0.202107141111\\db\/plugins/mcufinder/images/boards/nucleo_l552ze_q_small.jpg
2024-12-12 09:42:19,185 [ERROR] DbBoards:189 - Image file not found for board NUCLEO-U575ZI-Q: C:\ST\STM32CubeIDE_1.7.0\STM32CubeIDE\plugins\com.st.stm32cube.common.mx_6.3.0.202107141111\\db\/plugins/mcufinder/images/boards/nucleo-u575zi-q_small.jpg
2024-12-12 09:42:19,185 [ERROR] DbBoards:189 - Image file not found for board NUCLEO-WB15CC: C:\ST\STM32CubeIDE_1.7.0\STM32CubeIDE\plugins\com.st.stm32cube.common.mx_6.3.0.202107141111\\db\/plugins/mcufinder/images/boards/nucleo-wb15cc_small.jpg
2024-12-12 09:42:19,185 [ERROR] DbBoards:189 - Image file not found for board NUCLEO-WB55RG: C:\ST\STM32CubeIDE_1.7.0\STM32CubeIDE\plugins\com.st.stm32cube.common.mx_6.3.0.202107141111\\db\/plugins/mcufinder/images/boards/nucleo-wb55rg_small.jpg
2024-12-12 09:42:19,419 [ERROR] Engine:463 - C:\Users\Admin\.stm32cubemx\thirdparties\pdsc\STMicroelectronics.X-CUBE-FREERTOS.1.1.0.pdsc: PDSC version is not supported
2024-12-12 09:42:19,435 [WARN] PackLoader:238 - Cannot read IP mode file for STMicroelectronics.X-CUBE-TOUCHGFX.4.24.0
2024-12-12 09:42:19,482 [WARN] PackLoader:238 - Cannot read IP mode file for STMicroelectronics.X-CUBE-AZRTOS-WL.1.0.0
2024-12-12 09:42:19,513 [WARN] PackLoader:238 - Cannot read IP mode file for STMicroelectronics.X-CUBE-TOUCHGFX.4.24.1
2024-12-12 09:42:19,528 [WARN] PackLoader:238 - Cannot read IP mode file for wolfSSL.I-CUBE-wolfTPM.3.4.0
2024-12-12 09:42:19,560 [WARN] PackLoader:238 - Cannot read IP mode file for portGmbH.I-Cube-SoM-uGOAL.1.1.0
2024-12-12 09:42:19,591 [WARN] PackLoader:238 - Cannot read IP mode file for STMicroelectronics.X-CUBE-ALS.1.0.1
2024-12-12 09:42:19,653 [WARN] PackLoader:238 - Cannot read IP mode file for STMicroelectronics.X-CUBE-AZRTOS-WB.1.1.0
2024-12-12 09:42:19,700 [WARN] PackLoader:238 - Cannot read IP mode file for STMicroelectronics.X-CUBE-AZRTOS-L5.1.0.0
2024-12-12 09:42:19,732 [WARN] PackLoader:238 - Cannot read IP mode file for STMicroelectronics.X-CUBE-EEPRMA1.3.1.1
2024-12-12 09:42:19,794 [WARN] PackLoader:238 - Cannot read IP mode file for STMicroelectronics.X-CUBE-AZRTOS-H7RS.1.0.0
2024-12-12 09:42:19,825 [WARN] PackLoader:238 - Cannot read IP mode file for STMicroelectronics.FP-ATR-ASTRA1.2.0.0
2024-12-12 09:42:19,856 [ERROR] Engine:463 - C:\Users\Admin\.stm32cubemx\thirdparties\pdsc\STMicroelectronics.X-CUBE-TOF1.3.4.2.pdsc: PDSC version is not supported
2024-12-12 09:42:19,888 [WARN] PackLoader:238 - Cannot read IP mode file for wolfSSL.I-CUBE-wolfSSH.1.4.17
2024-12-12 09:42:19,888 [INFO] ThirdParty:915 - Integrity check success = true
2024-12-12 09:42:19,888 [INFO] IntegrityCheckThread:94 - exiting critical section [integrity check]
2024-12-12 09:42:19,888 [INFO] IntegrityCheckThread:97 - End integrity checks thread
2024-12-12 09:42:21,606 [INFO] ApiDb:251 - Load user favorites file C:\Users\Admin/.stm32cubeide/favorites.boards.txt: 0 item(s)
2024-12-12 09:42:21,606 [INFO] ApiDb:255 - User favorites Boards=[]
2024-12-12 09:42:21,606 [INFO] DbBoards:206 - Set 0 / 0 favorites Boards
2024-12-12 09:42:30,997 [INFO] DbMcusDocs:143 - JSON generation date=Tue Nov 16 23:17:54 ICT 2021 (1637079474)
2024-12-12 09:42:31,512 [INFO] DbMcusDocs:79 - Found 682 MCUs documents
2024-12-12 09:42:41,726 [INFO] MainUpdater:2671 - connection check result : 10
2024-12-12 09:42:41,726 [INFO] MainUpdater:2671 - connection check result : 10
2024-12-12 09:42:41,804 [INFO] MicroXplorer:448 - Change Database Path : 
2024-12-12 09:42:41,804 [INFO] MicroXplorer:478 - Change Database Version : DB.6.0.30
2024-12-12 09:42:41,804 [WARN] ThirdParty:813 - waiting for thirdparty lock release [close project]
2024-12-12 09:42:41,804 [INFO] ThirdParty:815 - entering critical section [close project]
2024-12-12 09:42:41,804 [INFO] ThirdParty:825 - exiting critical section [close project]
2024-12-12 09:42:41,804 [INFO] PinOutPanel:1463 - setPackage(No Configuration,No Configuration)
2024-12-12 09:42:41,804 [INFO] UtilMem:74 - Begin LoadConfig() Used Memory: 462589176 Bytes (681574400)
2024-12-12 09:42:41,804 [INFO] MicroXplorer:448 - Change Database Path : 
2024-12-12 09:42:41,804 [INFO] MicroXplorer:478 - Change Database Version : DB.6.0.30
2024-12-12 09:42:41,804 [INFO] OpenFileManager:313 - Change cursor
2024-12-12 09:42:43,617 [INFO] Context:592 - Trying to add GPIOservice into a context  which must be forbidden
2024-12-12 09:42:44,086 [INFO] ImportTextPane:167 - (OptionalMessage_ERROR) Unable to find key (Mcu.ThirdPartyNb) in loaded IOC file
2024-12-12 09:42:44,086 [INFO] ImportTextPane:167 - (OptionalMessage_ERROR) Unable to find key (Mcu.PinsNb) in loaded IOC file
2024-12-12 09:42:44,086 [INFO] ImportTextPane:167 - (OptionalMessage_ERROR) Unable to find key (Mcu.IPNb) in loaded IOC file
2024-12-12 09:42:44,164 [WARN] ApiManager:304 - Cannot register API 'Board Extension:NFC09A1' from pack STMicroelectronics.X-CUBE-NFC9.1.0.0: no header file found
2024-12-12 09:42:44,164 [WARN] ApiManager:304 - Cannot register API 'Board Extension:GNSS1A1' from pack STMicroelectronics.X-CUBE-GNSS1.6.0.0: no header file found
2024-12-12 09:42:44,164 [WARN] ApiManager:304 - Cannot register API 'Board Support:Custom' from pack STMicroelectronics.X-CUBE-GNSS1.6.0.0: no header file found
2024-12-12 09:42:44,164 [WARN] ApiManager:304 - Cannot register API 'Data Exchange:lib_gnss' from pack STMicroelectronics.X-CUBE-GNSS1.6.0.0: no header file found
2024-12-12 09:42:44,180 [WARN] ApiManager:304 - Cannot register API 'Wireless:STM32WB05N' from pack STMicroelectronics.X-CUBE-WB05N.1.1.0: no header file found
2024-12-12 09:42:44,198 [WARN] ApiManager:304 - Cannot register API 'Board Extension:GNSS1A1' from pack STMicroelectronics.X-CUBE-GNSS1.7.0.0: no header file found
2024-12-12 09:42:44,199 [WARN] ApiManager:304 - Cannot register API 'Board Support:Custom' from pack STMicroelectronics.X-CUBE-GNSS1.7.0.0: no header file found
2024-12-12 09:42:44,199 [WARN] ApiManager:304 - Cannot register API 'Data Exchange:lib_gnss' from pack STMicroelectronics.X-CUBE-GNSS1.7.0.0: no header file found
2024-12-12 09:42:44,587 [WARN] ApiManager:304 - Cannot register API 'Board Extension:IKS01A3' from pack STMicroelectronics.X-CUBE-MEMS1.9.4.0: no header file found
2024-12-12 09:42:44,587 [WARN] ApiManager:304 - Cannot register API 'Board Extension:IKS01A2' from pack STMicroelectronics.X-CUBE-MEMS1.9.4.0: no header file found
2024-12-12 09:42:44,588 [WARN] ApiManager:304 - Cannot register API 'Board Extension:IKS02A1' from pack STMicroelectronics.X-CUBE-MEMS1.9.4.0: no header file found
2024-12-12 09:42:45,003 [WARN] ApiManager:304 - Cannot register API 'Board Extension:IKS01A3' from pack STMicroelectronics.X-CUBE-MEMS1.9.6.0: no header file found
2024-12-12 09:42:45,003 [WARN] ApiManager:304 - Cannot register API 'Board Extension:IKS01A2' from pack STMicroelectronics.X-CUBE-MEMS1.9.6.0: no header file found
2024-12-12 09:42:45,004 [WARN] ApiManager:304 - Cannot register API 'Board Extension:IKS02A1' from pack STMicroelectronics.X-CUBE-MEMS1.9.6.0: no header file found
2024-12-12 09:42:45,013 [WARN] ApiManager:304 - Cannot register API 'Board Extension:EEPRMA2' from pack STMicroelectronics.X-CUBE-EEPRMA1.4.2.0: no header file found
2024-12-12 09:42:45,014 [WARN] ApiManager:304 - Cannot register API 'Board Extension:PGEEZ1' from pack STMicroelectronics.X-CUBE-EEPRMA1.4.2.0: no header file found
2024-12-12 09:42:45,014 [WARN] ApiManager:304 - Cannot register API 'Board Part:M24' from pack STMicroelectronics.X-CUBE-EEPRMA1.4.2.0: no header file found
2024-12-12 09:42:45,014 [WARN] ApiManager:304 - Cannot register API 'Board Part:M95' from pack STMicroelectronics.X-CUBE-EEPRMA1.4.2.0: no header file found
2024-12-12 09:42:45,014 [WARN] ApiManager:304 - Cannot register API 'Board Part:M95P32' from pack STMicroelectronics.X-CUBE-EEPRMA1.4.2.0: no header file found
2024-12-12 09:42:45,014 [WARN] ApiManager:304 - Cannot register API 'PGEEZ1:SPI' from pack STMicroelectronics.X-CUBE-EEPRMA1.4.2.0: no header file found
2024-12-12 09:42:45,014 [WARN] ApiManager:304 - Cannot register API 'PGEEZ1:QDSPI' from pack STMicroelectronics.X-CUBE-EEPRMA1.4.2.0: no header file found
2024-12-12 09:42:45,016 [WARN] ApiManager:304 - Cannot register API 'Board Extension:NFC06A1' from pack STMicroelectronics.X-CUBE-NFC6.3.1.0: no header file found
2024-12-12 09:42:45,016 [WARN] ApiManager:304 - Cannot register API 'Board Extension:NFC08A1' from pack STMicroelectronics.X-CUBE-NFC6.3.1.0: no header file found
2024-12-12 09:42:45,017 [WARN] ApiManager:304 - Cannot register API 'Wireless:BlueNRG-MS' from pack STMicroelectronics.X-CUBE-BLE1.6.2.3: no header file found
2024-12-12 09:42:45,360 [WARN] ApiManager:304 - Cannot register API 'Board Extension:IKS01A3' from pack STMicroelectronics.X-CUBE-MEMS1.11.0.0: no header file found
2024-12-12 09:42:45,361 [WARN] ApiManager:304 - Cannot register API 'Board Extension:IKS02A1' from pack STMicroelectronics.X-CUBE-MEMS1.11.0.0: no header file found
2024-12-12 09:42:45,361 [WARN] ApiManager:304 - Cannot register API 'Board Extension:IKS4A1' from pack STMicroelectronics.X-CUBE-MEMS1.11.0.0: no header file found
2024-12-12 09:42:45,362 [WARN] ApiManager:304 - Cannot register API 'Wireless:BlueNRG-MS' from pack STMicroelectronics.X-CUBE-BLE1.6.2.4: no header file found
2024-12-12 09:42:45,362 [INFO] RtosManager:484 - Registered RTOS mode: class=CMSIS, group=RTOS, mode=CMSIS_V1, owner=FREERTOS
2024-12-12 09:42:45,362 [INFO] RtosManager:484 - Registered RTOS mode: class=CMSIS, group=RTOS2, mode=CMSIS_V2, owner=FREERTOS
2024-12-12 09:42:45,362 [INFO] RtosManager:484 - Registered RTOS mode: class=RTOS, group=Core, mode=CMSIS_V1, owner=FREERTOS
2024-12-12 09:42:45,362 [INFO] RtosManager:484 - Registered RTOS mode: class=RTOS, group=Core, mode=CMSIS_V2, owner=FREERTOS
2024-12-12 09:42:45,362 [WARN] ModelIntegratedComponent:181 - Missing modes for component STMicroelectronics:FreeRTOS:0.0.1:STMicroelectronics:RTOS:FreeRTOS:Core:::10.2.0:
2024-12-12 09:42:45,379 [WARN] ApiManager:304 - Cannot register API 'Board Extension:STSAFEA1' from pack STMicroelectronics.X-CUBE-SAFEA1.1.2.2: no header file found
2024-12-12 09:42:45,379 [WARN] ApiManager:304 - Cannot register API 'Board Part:STSAFEA110' from pack STMicroelectronics.X-CUBE-SAFEA1.1.2.2: no header file found
2024-12-12 09:42:45,379 [WARN] ApiManager:304 - Cannot register API 'Security:ST_Cryptolib' from pack STMicroelectronics.X-CUBE-SAFEA1.1.2.2: no header file found
2024-12-12 09:42:45,379 [WARN] ApiManager:304 - Cannot register API 'Security:MbedTLS' from pack STMicroelectronics.X-CUBE-SAFEA1.1.2.2: no header file found
2024-12-12 09:42:45,381 [WARN] ApiManager:304 - Cannot register API 'Board Extension:NFC04A1' from pack STMicroelectronics.X-CUBE-NFC4.3.0.0: no header file found
2024-12-12 09:42:45,389 [WARN] ApiManager:304 - Cannot register API 'Board Extension:S2868A1' from pack STMicroelectronics.X-CUBE-SUBG2.5.0.0: no header file found
2024-12-12 09:42:45,390 [WARN] ApiManager:304 - Cannot register API 'Board Extension:S2868A2' from pack STMicroelectronics.X-CUBE-SUBG2.5.0.0: no header file found
2024-12-12 09:42:45,390 [WARN] ApiManager:304 - Cannot register API 'Board Extension:S2915A1' from pack STMicroelectronics.X-CUBE-SUBG2.5.0.0: no header file found
2024-12-12 09:42:45,391 [WARN] ApiManager:304 - Cannot register API 'Board Extension:NFC04A1' from pack STMicroelectronics.X-CUBE-NFC4.2.0.5: no header file found
2024-12-12 09:42:45,392 [WARN] ApiManager:304 - Cannot register API 'Board Extension:NFC04A1' from pack STMicroelectronics.X-CUBE-NFC4.2.0.4: no header file found
2024-12-12 09:42:45,415 [WARN] ApiManager:304 - Cannot register API 'Board Extension:NFC10A1' from pack STMicroelectronics.X-CUBE-NFC10.1.0.0: no header file found
2024-12-12 09:42:45,415 [WARN] ApiManager:304 - Cannot register API 'Board Extension:EEPRMA2' from pack STMicroelectronics.X-CUBE-EEPRMA1.5.1.0: no header file found
2024-12-12 09:42:45,415 [WARN] ApiManager:304 - Cannot register API 'Board Extension:PGEEZ1' from pack STMicroelectronics.X-CUBE-EEPRMA1.5.1.0: no header file found
2024-12-12 09:42:45,415 [WARN] ApiManager:304 - Cannot register API 'Board Extension:EEICA1' from pack STMicroelectronics.X-CUBE-EEPRMA1.5.1.0: no header file found
2024-12-12 09:42:45,415 [WARN] ApiManager:304 - Cannot register API 'Board Part:M24' from pack STMicroelectronics.X-CUBE-EEPRMA1.5.1.0: no header file found
2024-12-12 09:42:45,415 [WARN] ApiManager:304 - Cannot register API 'Board Part:M95' from pack STMicroelectronics.X-CUBE-EEPRMA1.5.1.0: no header file found
2024-12-12 09:42:45,415 [WARN] ApiManager:304 - Cannot register API 'Board Part:M95P32' from pack STMicroelectronics.X-CUBE-EEPRMA1.5.1.0: no header file found
2024-12-12 09:42:45,415 [WARN] ApiManager:304 - Cannot register API 'Board Part:M24256E-F' from pack STMicroelectronics.X-CUBE-EEPRMA1.5.1.0: no header file found
2024-12-12 09:42:45,415 [WARN] ApiManager:304 - Cannot register API 'Board Part:M24M01E-F' from pack STMicroelectronics.X-CUBE-EEPRMA1.5.1.0: no header file found
2024-12-12 09:42:45,415 [WARN] ApiManager:304 - Cannot register API 'PGEEZ1:SPI' from pack STMicroelectronics.X-CUBE-EEPRMA1.5.1.0: no header file found
2024-12-12 09:42:45,415 [WARN] ApiManager:304 - Cannot register API 'PGEEZ1:QDSPI' from pack STMicroelectronics.X-CUBE-EEPRMA1.5.1.0: no header file found
2024-12-12 09:42:45,425 [WARN] ModelIntegratedComponent:60 - No mode defined for component null
2024-12-12 09:42:45,426 [WARN] ModelIntegratedComponent:60 - No mode defined for component null
2024-12-12 09:42:45,426 [WARN] ModelIntegratedComponent:60 - No mode defined for component null
2024-12-12 09:42:45,426 [WARN] ModelIntegratedComponent:60 - No mode defined for component null
2024-12-12 09:42:45,426 [WARN] ModelIntegratedComponent:60 - No mode defined for component null
2024-12-12 09:42:45,426 [WARN] ModelIntegratedComponent:60 - No mode defined for component null
2024-12-12 09:42:45,427 [WARN] ModelIntegratedComponent:60 - No mode defined for component null
2024-12-12 09:42:45,427 [WARN] ModelIntegratedComponent:60 - No mode defined for component null
2024-12-12 09:42:45,427 [WARN] ModelIntegratedComponent:60 - No mode defined for component null
2024-12-12 09:42:45,427 [WARN] ModelIntegratedComponent:60 - No mode defined for component null
2024-12-12 09:42:45,427 [WARN] ModelIntegratedComponent:60 - No mode defined for component null
2024-12-12 09:42:45,427 [WARN] ModelIntegratedComponent:60 - No mode defined for component null
2024-12-12 09:42:45,427 [WARN] ModelIntegratedComponent:60 - No mode defined for component null
2024-12-12 09:42:45,427 [WARN] ModelIntegratedComponent:60 - No mode defined for component null
2024-12-12 09:42:45,428 [WARN] ModelIntegratedComponent:60 - No mode defined for component null
2024-12-12 09:42:45,428 [WARN] ModelIntegratedComponent:60 - No mode defined for component null
2024-12-12 09:42:45,428 [WARN] ModelIntegratedComponent:60 - No mode defined for component null
2024-12-12 09:42:45,428 [WARN] ModelIntegratedComponent:60 - No mode defined for component null
2024-12-12 09:42:45,428 [WARN] ModelIntegratedComponent:60 - No mode defined for component null
2024-12-12 09:42:45,428 [WARN] ModelIntegratedComponent:60 - No mode defined for component null
2024-12-12 09:42:45,428 [WARN] ModelIntegratedComponent:60 - No mode defined for component null
2024-12-12 09:42:45,428 [WARN] ModelIntegratedComponent:60 - No mode defined for component null
2024-12-12 09:42:45,429 [WARN] ModelIntegratedComponent:60 - No mode defined for component null
2024-12-12 09:42:45,429 [WARN] ModelIntegratedComponent:60 - No mode defined for component null
2024-12-12 09:42:45,429 [WARN] ModelIntegratedComponent:60 - No mode defined for component null
2024-12-12 09:42:45,429 [WARN] ModelIntegratedComponent:60 - No mode defined for component null
2024-12-12 09:42:45,429 [WARN] ModelIntegratedComponent:60 - No mode defined for component null
2024-12-12 09:42:45,429 [WARN] ModelIntegratedComponent:60 - No mode defined for component null
2024-12-12 09:42:45,429 [WARN] ModelIntegratedComponent:60 - No mode defined for component null
2024-12-12 09:42:45,430 [WARN] ModelIntegratedComponent:60 - No mode defined for component null
2024-12-12 09:42:45,430 [WARN] ModelIntegratedComponent:60 - No mode defined for component null
2024-12-12 09:42:45,787 [WARN] ApiManager:304 - Cannot register API 'Board Extension:IKS01A3' from pack STMicroelectronics.X-CUBE-MEMS1.10.0.0: no header file found
2024-12-12 09:42:45,787 [WARN] ApiManager:304 - Cannot register API 'Board Extension:IKS02A1' from pack STMicroelectronics.X-CUBE-MEMS1.10.0.0: no header file found
2024-12-12 09:42:45,787 [WARN] ApiManager:304 - Cannot register API 'Board Extension:IKS4A1' from pack STMicroelectronics.X-CUBE-MEMS1.10.0.0: no header file found
2024-12-12 09:42:45,787 [WARN] ApiManager:304 - Cannot register API 'Board Extension:NFC07A1' from pack STMicroelectronics.X-CUBE-NFC7.1.0.1: no header file found
2024-12-12 09:42:45,787 [WARN] ApiManager:304 - Cannot register API 'Board Extension:NFC07A1' from pack STMicroelectronics.X-CUBE-NFC7.1.0.0: no header file found
2024-12-12 09:42:45,803 [WARN] ApiManager:304 - Cannot register API 'Board Extension:NFC06A1' from pack STMicroelectronics.X-CUBE-NFC6.3.0.0: no header file found
2024-12-12 09:42:45,803 [WARN] ApiManager:304 - Cannot register API 'Board Extension:NFC08A1' from pack STMicroelectronics.X-CUBE-NFC6.3.0.0: no header file found
2024-12-12 09:42:46,291 [WARN] ApiManager:304 - Cannot register API 'Board Extension:IKS01A3' from pack STMicroelectronics.X-CUBE-MEMS1.9.3.0: no header file found
2024-12-12 09:42:46,291 [WARN] ApiManager:304 - Cannot register API 'Board Extension:IKS01A2' from pack STMicroelectronics.X-CUBE-MEMS1.9.3.0: no header file found
2024-12-12 09:42:46,291 [WARN] ApiManager:304 - Cannot register API 'Board Extension:IKS02A1' from pack STMicroelectronics.X-CUBE-MEMS1.9.3.0: no header file found
2024-12-12 09:42:46,291 [WARN] ApiManager:304 - Cannot register API 'Board Extension:EEPRMA1' from pack STMicroelectronics.X-CUBE-EEPRMA1.4.1.0: no header file found
2024-12-12 09:42:46,291 [WARN] ApiManager:304 - Cannot register API 'Board Extension:EEPRMA2' from pack STMicroelectronics.X-CUBE-EEPRMA1.4.1.0: no header file found
2024-12-12 09:42:46,291 [WARN] ApiManager:304 - Cannot register API 'Board Extension:PGEEZ1' from pack STMicroelectronics.X-CUBE-EEPRMA1.4.1.0: no header file found
2024-12-12 09:42:46,291 [WARN] ApiManager:304 - Cannot register API 'Board Part:M24' from pack STMicroelectronics.X-CUBE-EEPRMA1.4.1.0: no header file found
2024-12-12 09:42:46,291 [WARN] ApiManager:304 - Cannot register API 'Board Part:M95' from pack STMicroelectronics.X-CUBE-EEPRMA1.4.1.0: no header file found
2024-12-12 09:42:46,291 [WARN] ApiManager:304 - Cannot register API 'Board Part:M95P32' from pack STMicroelectronics.X-CUBE-EEPRMA1.4.1.0: no header file found
2024-12-12 09:42:46,291 [WARN] ApiManager:304 - Cannot register API 'PGEEZ1:SPI' from pack STMicroelectronics.X-CUBE-EEPRMA1.4.1.0: no header file found
2024-12-12 09:42:46,291 [WARN] ApiManager:304 - Cannot register API 'PGEEZ1:QDSPI' from pack STMicroelectronics.X-CUBE-EEPRMA1.4.1.0: no header file found
2024-12-12 09:42:46,306 [WARN] ApiManager:304 - Cannot register API 'Board Extension:EEPRMA1' from pack STMicroelectronics.X-CUBE-EEPRMA1.3.1.1: no header file found
2024-12-12 09:42:46,306 [WARN] ApiManager:304 - Cannot register API 'Board Extension:EEPRMA2' from pack STMicroelectronics.X-CUBE-EEPRMA1.3.1.1: no header file found
2024-12-12 09:42:46,322 [WARN] ApiManager:304 - Cannot register API 'Board Extension:S2868A1' from pack STMicroelectronics.X-CUBE-SFXS2LP1.4.0.0: no header file found
2024-12-12 09:42:46,322 [WARN] ApiManager:304 - Cannot register API 'Board Extension:S2868A2' from pack STMicroelectronics.X-CUBE-SFXS2LP1.4.0.0: no header file found
2024-12-12 09:42:46,322 [WARN] ApiManager:304 - Cannot register API 'Board Extension:S2915A1' from pack STMicroelectronics.X-CUBE-SFXS2LP1.4.0.0: no header file found
2024-12-12 09:43:25,608 [INFO] UtilMem:74 - End LoadConfig() Used Memory: 710990872 Bytes (811597824)
2024-12-12 09:43:25,624 [WARN] ThirdParty:779 - waiting for thirdparty lock release [change project]
2024-12-12 09:43:25,624 [INFO] ThirdParty:781 - entering critical section [change project]
2024-12-12 09:43:25,624 [INFO] ThirdParty:967 - CMSIS Pack Vendor :STMicroelectronics X-CUBE-ISPU 1.1.0
2024-12-12 09:43:25,624 [INFO] ThirdParty:967 - CMSIS Pack Vendor :STMicroelectronics X-CUBE-AZRTOS-H7 3.3.0
2024-12-12 09:43:25,624 [INFO] ThirdParty:967 - CMSIS Pack Vendor :RoweBots I-CUBE-UNISONRTOS 5.5.0-4
2024-12-12 09:43:25,624 [INFO] ThirdParty:967 - CMSIS Pack Vendor :STMicroelectronics X-CUBE-NFC9 1.0.0
2024-12-12 09:43:25,624 [INFO] ThirdParty:967 - CMSIS Pack Vendor :STMicroelectronics X-CUBE-GNSS1 6.0.0
2024-12-12 09:43:25,624 [INFO] ThirdParty:967 - CMSIS Pack Vendor :STMicroelectronics X-CUBE-AZRTOS-H7 2.1.0
2024-12-12 09:43:25,624 [INFO] ThirdParty:967 - CMSIS Pack Vendor :STMicroelectronics USB_HOST 2.0.0
2024-12-12 09:43:25,624 [INFO] ThirdParty:967 - CMSIS Pack Vendor :STMicroelectronics X-CUBE-AZRTOS-F4 1.1.0
2024-12-12 09:43:25,624 [INFO] ThirdParty:967 - CMSIS Pack Vendor :STMicroelectronics FP-ATR-ASTRA1 2.0.1
2024-12-12 09:43:25,624 [INFO] ThirdParty:967 - CMSIS Pack Vendor :STMicroelectronics X-CUBE-WB05N 1.1.0
2024-12-12 09:43:25,624 [INFO] ThirdParty:967 - CMSIS Pack Vendor :STMicroelectronics USB_DEVICE 3.0.0
2024-12-12 09:43:25,624 [INFO] ThirdParty:967 - CMSIS Pack Vendor :STMicroelectronics X-CUBE-ISPU 2.1.0
2024-12-12 09:43:25,624 [INFO] ThirdParty:967 - CMSIS Pack Vendor :STMicroelectronics X-CUBE-AZRTOS-WB 2.0.0
2024-12-12 09:43:25,624 [INFO] ThirdParty:967 - CMSIS Pack Vendor :STMicroelectronics X-CUBE-GNSS1 7.0.0
2024-12-12 09:43:25,624 [INFO] ThirdParty:967 - CMSIS Pack Vendor :STMicroelectronics X-CUBE-TOUCHGFX 4.21.0
2024-12-12 09:43:25,624 [INFO] ThirdParty:967 - CMSIS Pack Vendor :STMicroelectronics X-CUBE-BLEMGR 1.0.0
2024-12-12 09:43:25,624 [INFO] ThirdParty:967 - CMSIS Pack Vendor :STMicroelectronics X-CUBE-BLEMGR 1.2.0
2024-12-12 09:43:25,624 [INFO] ThirdParty:967 - CMSIS Pack Vendor :STMicroelectronics X-CUBE-AZRTOS-F7 1.1.0
2024-12-12 09:43:25,624 [INFO] ThirdParty:967 - CMSIS Pack Vendor :STMicroelectronics X-CUBE-AZRTOS-L5 2.0.0
2024-12-12 09:43:25,624 [INFO] ThirdParty:967 - CMSIS Pack Vendor :STMicroelectronics X-CUBE-MEMS1 9.4.0
2024-12-12 09:43:25,624 [INFO] ThirdParty:967 - CMSIS Pack Vendor :STMicroelectronics USB_DEVICE 2.0.0
2024-12-12 09:43:25,624 [INFO] ThirdParty:967 - CMSIS Pack Vendor :STMicroelectronics X-CUBE-AI 7.3.0
2024-12-12 09:43:25,624 [INFO] ThirdParty:967 - CMSIS Pack Vendor :STMicroelectronics X-CUBE-MEMS1 9.6.0
2024-12-12 09:43:25,624 [INFO] ThirdParty:967 - CMSIS Pack Vendor :STMicroelectronics X-CUBE-EEPRMA1 4.2.0
2024-12-12 09:43:25,624 [INFO] ThirdParty:967 - CMSIS Pack Vendor :STMicroelectronics X-CUBE-NFC6 3.1.0
2024-12-12 09:43:25,624 [INFO] ThirdParty:967 - CMSIS Pack Vendor :STMicroelectronics X-CUBE-BLE1 6.2.3
2024-12-12 09:43:25,624 [INFO] ThirdParty:967 - CMSIS Pack Vendor :STMicroelectronics X-CUBE-ALGOBUILD 1.3.0
2024-12-12 09:43:25,624 [INFO] ThirdParty:967 - CMSIS Pack Vendor :STMicroelectronics X-CUBE-MEMS1 11.0.0
2024-12-12 09:43:25,624 [INFO] ThirdParty:967 - CMSIS Pack Vendor :STMicroelectronics X-CUBE-BLE1 6.2.4
2024-12-12 09:43:25,624 [INFO] ThirdParty:967 - CMSIS Pack Vendor :STMicroelectronics X-CUBE-AZRTOS-L5 1.1.0
2024-12-12 09:43:25,624 [INFO] ThirdParty:967 - CMSIS Pack Vendor :STMicroelectronics FreeRTOS 0.0.1
2024-12-12 09:43:25,624 [INFO] ThirdParty:967 - CMSIS Pack Vendor :STMicroelectronics X-CUBE-AZRTOS-G0 1.1.0
2024-12-12 09:43:25,624 [INFO] ThirdParty:967 - CMSIS Pack Vendor :STMicroelectronics X-CUBE-BLEMGR 2.0.0
2024-12-12 09:43:25,624 [INFO] ThirdParty:967 - CMSIS Pack Vendor :STMicroelectronics X-CUBE-SAFEA1 1.2.2
2024-12-12 09:43:25,624 [INFO] ThirdParty:967 - CMSIS Pack Vendor :STMicroelectronics X-CUBE-NFC4 3.0.0
2024-12-12 09:43:25,624 [INFO] ThirdParty:967 - CMSIS Pack Vendor :SEGGER I-CUBE-embOS 1.2.0
2024-12-12 09:43:25,624 [INFO] ThirdParty:967 - CMSIS Pack Vendor :STMicroelectronics X-CUBE-SUBG2 5.0.0
2024-12-12 09:43:25,624 [INFO] ThirdParty:967 - CMSIS Pack Vendor :STMicroelectronics lwIP 2.0.3
2024-12-12 09:43:25,624 [INFO] ThirdParty:967 - CMSIS Pack Vendor :STMicroelectronics X-CUBE-NFC4 2.0.5
2024-12-12 09:43:25,624 [INFO] ThirdParty:967 - CMSIS Pack Vendor :STMicroelectronics X-CUBE-NFC4 2.0.4
2024-12-12 09:43:25,624 [INFO] ThirdParty:967 - CMSIS Pack Vendor :STMicroelectronics USB_HOST 1.0.0
2024-12-12 09:43:25,624 [INFO] ThirdParty:967 - CMSIS Pack Vendor :STMicroelectronics X-CUBE-AI 9.0.0
2024-12-12 09:43:25,624 [INFO] ThirdParty:967 - CMSIS Pack Vendor :STMicroelectronics X-CUBE-AZRTOS-G4 2.0.0
2024-12-12 09:43:25,624 [INFO] ThirdParty:967 - CMSIS Pack Vendor :STMicroelectronics PDM2PCM 3.1.0
2024-12-12 09:43:25,624 [INFO] ThirdParty:967 - CMSIS Pack Vendor :STMicroelectronics X-CUBE-AZRTOS-H7 3.1.0
2024-12-12 09:43:25,624 [INFO] ThirdParty:967 - CMSIS Pack Vendor :STMicroelectronics FP-ATR-ASTRA1 1.1.1
2024-12-12 09:43:25,624 [INFO] ThirdParty:967 - CMSIS Pack Vendor :STMicroelectronics PDM2PCM 3.3.0
2024-12-12 09:43:25,624 [INFO] ThirdParty:967 - CMSIS Pack Vendor :STMicroelectronics X-CUBE-TOF1 3.1.0
2024-12-12 09:43:25,624 [INFO] ThirdParty:967 - CMSIS Pack Vendor :STMicroelectronics X-CUBE-BLEMGR 1.3.0
2024-12-12 09:43:25,624 [INFO] ThirdParty:967 - CMSIS Pack Vendor :STMicroelectronics FP-ATR-SIGFOX1 3.2.0
2024-12-12 09:43:25,624 [INFO] ThirdParty:967 - CMSIS Pack Vendor :STMicroelectronics X-CUBE-AZRTOS-G4 1.0.0
2024-12-12 09:43:25,624 [INFO] ThirdParty:967 - CMSIS Pack Vendor :STMicroelectronics X-CUBE-NFC10 1.0.0
2024-12-12 09:43:25,624 [INFO] ThirdParty:967 - CMSIS Pack Vendor :STMicroelectronics X-CUBE-AZRTOS-L4 1.0.0
2024-12-12 09:43:25,624 [INFO] ThirdParty:967 - CMSIS Pack Vendor :wolfSSL I-CUBE-wolfSSL 5.5.0
2024-12-12 09:43:25,624 [INFO] ThirdParty:967 - CMSIS Pack Vendor :STMicroelectronics X-CUBE-EEPRMA1 5.1.0
2024-12-12 09:43:25,624 [INFO] ThirdParty:967 - CMSIS Pack Vendor :STMicroelectronics HAL Drivers 0.0.0
2024-12-12 09:43:25,624 [INFO] ThirdParty:967 - CMSIS Pack Vendor :STMicroelectronics MBEDTLS 2.16.2
2024-12-12 09:43:25,624 [INFO] ThirdParty:967 - CMSIS Pack Vendor :emotas I-CUBE-CANOPEN 1.1.2
2024-12-12 09:43:25,639 [INFO] ThirdParty:967 - CMSIS Pack Vendor :STMicroelectronics X-CUBE-TOUCHGFX 4.20.0
2024-12-12 09:43:25,639 [INFO] ThirdParty:967 - CMSIS Pack Vendor :STMicroelectronics X-CUBE-MEMS1 10.0.0
2024-12-12 09:43:25,639 [INFO] ThirdParty:967 - CMSIS Pack Vendor :STMicroelectronics X-CUBE-NFC7 1.0.1
2024-12-12 09:43:25,639 [INFO] ThirdParty:967 - CMSIS Pack Vendor :STMicroelectronics MBEDTLS 2.14.1
2024-12-12 09:43:25,639 [INFO] ThirdParty:967 - CMSIS Pack Vendor :STMicroelectronics X-CUBE-NFC7 1.0.0
2024-12-12 09:43:25,639 [INFO] ThirdParty:967 - CMSIS Pack Vendor :STMicroelectronics X-CUBE-TOUCHGFX 4.24.0
2024-12-12 09:43:25,639 [INFO] ThirdParty:967 - CMSIS Pack Vendor :STMicroelectronics X-CUBE-TOUCHGFX 4.22.1
2024-12-12 09:43:25,639 [INFO] ThirdParty:967 - CMSIS Pack Vendor :STMicroelectronics X-CUBE-AZRTOS-WL 1.0.0
2024-12-12 09:43:25,639 [INFO] ThirdParty:967 - CMSIS Pack Vendor :STMicroelectronics X-CUBE-TOUCHGFX 4.24.1
2024-12-12 09:43:25,639 [INFO] ThirdParty:967 - CMSIS Pack Vendor :STMicroelectronics X-CUBE-NFC6 3.0.0
2024-12-12 09:43:25,639 [INFO] ThirdParty:967 - CMSIS Pack Vendor :wolfSSL I-CUBE-wolfTPM 3.4.0
2024-12-12 09:43:25,639 [INFO] ThirdParty:967 - CMSIS Pack Vendor :STMicroelectronics X-CUBE-MEMS1 9.3.0
2024-12-12 09:43:25,639 [INFO] ThirdParty:967 - CMSIS Pack Vendor :STMicroelectronics X-CUBE-EEPRMA1 4.1.0
2024-12-12 09:43:25,639 [INFO] ThirdParty:967 - CMSIS Pack Vendor :portGmbH I-Cube-SoM-uGOAL 1.1.0
2024-12-12 09:43:25,639 [INFO] ThirdParty:967 - CMSIS Pack Vendor :STMicroelectronics X-CUBE-ALS 1.0.1
2024-12-12 09:43:25,639 [INFO] ThirdParty:967 - CMSIS Pack Vendor :STMicroelectronics X-CUBE-AI 7.2.0
2024-12-12 09:43:25,639 [INFO] ThirdParty:967 - CMSIS Pack Vendor :STMicroelectronics X-CUBE-AZRTOS-WB 1.1.0
2024-12-12 09:43:25,639 [INFO] ThirdParty:967 - CMSIS Pack Vendor :STMicroelectronics X-CUBE-AZRTOS-WL 2.0.0
2024-12-12 09:43:25,639 [INFO] ThirdParty:967 - CMSIS Pack Vendor :SEGGER I-CUBE-embOS 1.3.1
2024-12-12 09:43:25,639 [INFO] ThirdParty:967 - CMSIS Pack Vendor :STMicroelectronics X-CUBE-ALGOBUILD 1.4.0
2024-12-12 09:43:25,639 [INFO] ThirdParty:967 - CMSIS Pack Vendor :STMicroelectronics X-CUBE-AZRTOS-L5 1.0.0
2024-12-12 09:43:25,639 [INFO] ThirdParty:967 - CMSIS Pack Vendor :STMicroelectronics USB_DEVICE 1.0.0
2024-12-12 09:43:25,639 [INFO] ThirdParty:967 - CMSIS Pack Vendor :STMicroelectronics X-CUBE-AI 8.1.0
2024-12-12 09:43:25,639 [INFO] ThirdParty:967 - CMSIS Pack Vendor :STMicroelectronics X-CUBE-EEPRMA1 3.1.1
2024-12-12 09:43:25,639 [INFO] ThirdParty:967 - CMSIS Pack Vendor :STMicroelectronics X-CUBE-AZRTOS-H7RS 1.0.0
2024-12-12 09:43:25,639 [INFO] ThirdParty:967 - CMSIS Pack Vendor :wolfSSL I-CUBE-wolfMQTT 1.19.0
2024-12-12 09:43:25,639 [INFO] ThirdParty:967 - CMSIS Pack Vendor :STMicroelectronics X-CUBE-AZRTOS-L4 2.0.0
2024-12-12 09:43:25,639 [INFO] ThirdParty:967 - CMSIS Pack Vendor :STMicroelectronics ThreadX 0.0.2
2024-12-12 09:43:25,639 [INFO] ThirdParty:967 - CMSIS Pack Vendor :WES I-CUBE-Cesium 1.3.0
2024-12-12 09:43:25,639 [INFO] ThirdParty:967 - CMSIS Pack Vendor :STMicroelectronics FP-ATR-ASTRA1 2.0.0
2024-12-12 09:43:25,639 [INFO] ThirdParty:967 - CMSIS Pack Vendor :STMicroelectronics lwIP 2.1.2
2024-12-12 09:43:25,639 [INFO] ThirdParty:967 - CMSIS Pack Vendor :STMicroelectronics X-CUBE-SFXS2LP1 4.0.0
2024-12-12 09:43:25,639 [INFO] ThirdParty:967 - CMSIS Pack Vendor :STMicroelectronics X-CUBE-AI 9.1.0
2024-12-12 09:43:25,639 [INFO] ThirdParty:967 - CMSIS Pack Vendor :STMicroelectronics X-CUBE-TOF1 3.2.0
2024-12-12 09:43:25,639 [INFO] ThirdParty:967 - CMSIS Pack Vendor :STMicroelectronics PDM2PCM 3.2.0
2024-12-12 09:43:25,639 [INFO] ThirdParty:967 - CMSIS Pack Vendor :STMicroelectronics X-CUBE-AZRTOS-H7 3.0.0
2024-12-12 09:43:25,639 [INFO] ThirdParty:967 - CMSIS Pack Vendor :wolfSSL I-CUBE-wolfSSH 1.4.17
2024-12-12 09:43:25,639 [INFO] ThirdParty:967 - CMSIS Pack Vendor :STMicroelectronics X-CUBE-ISPU 1.0.0
2024-12-12 09:43:25,639 [INFO] ThirdParty:787 - exiting critical section [change project]
2024-12-12 09:43:26,015 [INFO] PinOutPanel:1463 - setPackage(No Configuration,No Configuration)
2024-12-12 09:43:26,015 [INFO] PinOutPanel:1463 - setPackage(STM32F103C6Tx,LQFP48)
2024-12-12 09:43:26,905 [INFO] UtilMem:74 - Before build in PCC Used Memory: 697203240 Bytes (811597824)
2024-12-12 09:43:28,124 [INFO] UtilMem:74 - After build in PCC Used Memory: 721760264 Bytes (811597824)
2024-12-12 09:43:28,171 [INFO] IPUIPlugin:74 - create IPUIPlugin
2024-12-12 09:43:28,171 [INFO] IPUIPlugin:74 - create IPUIPlugin
2024-12-12 09:43:28,171 [INFO] IPUIPlugin:74 - create IPUIPlugin
2024-12-12 09:43:28,171 [INFO] IPUIPlugin:74 - create IPUIPlugin
2024-12-12 09:43:28,171 [INFO] IPUIPlugin:74 - create IPUIPlugin
2024-12-12 09:43:28,171 [INFO] IPUIPlugin:74 - create IPUIPlugin
2024-12-12 09:43:28,171 [INFO] IPUIPlugin:74 - create IPUIPlugin
2024-12-12 09:43:28,171 [INFO] IPUIPlugin:74 - create IPUIPlugin
2024-12-12 09:43:28,171 [INFO] IPUIPlugin:74 - create IPUIPlugin
2024-12-12 09:43:28,171 [INFO] IPUIPlugin:74 - create IPUIPlugin
2024-12-12 09:43:28,171 [INFO] IPUIPlugin:74 - create IPUIPlugin
2024-12-12 09:43:28,171 [INFO] IPUIPlugin:74 - create IPUIPlugin
2024-12-12 09:43:28,171 [INFO] IPUIPlugin:74 - create IPUIPlugin
2024-12-12 09:43:28,171 [INFO] IPUIPlugin:74 - create IPUIPlugin
2024-12-12 09:43:28,171 [INFO] IPUIPlugin:74 - create IPUIPlugin
2024-12-12 09:43:28,171 [INFO] IPUIPlugin:74 - create IPUIPlugin
2024-12-12 09:43:28,171 [INFO] IPUIPlugin:74 - create IPUIPlugin
2024-12-12 09:43:28,171 [INFO] IPUIPlugin:74 - create IPUIPlugin
2024-12-12 09:43:28,171 [INFO] IPUIPlugin:74 - create IPUIPlugin
2024-12-12 09:43:28,171 [INFO] IPUIPlugin:74 - create IPUIPlugin
2024-12-12 09:43:28,171 [INFO] IPUIPlugin:74 - create IPUIPlugin
2024-12-12 09:43:28,171 [INFO] IPUIPlugin:74 - create IPUIPlugin
2024-12-12 09:43:28,171 [INFO] IPUIPlugin:74 - create IPUIPlugin
2024-12-12 09:43:28,405 [INFO] OpenFileManager:333 - Restore cursor
2024-12-12 09:43:28,905 [INFO] UtilMem:74 - End SaveConfig() Used Memory: 715439712 Bytes (811597824)
2024-12-12 09:43:29,014 [INFO] UtilMem:74 - End SaveConfig() Used Memory: 696786376 Bytes (811597824)
2024-12-12 09:43:29,765 [INFO] BlockDiagram:2740 - set Specific Code input for plugin: NVIC
2024-12-12 09:43:29,765 [INFO] BlockDiagram:2740 - set Specific Code input for plugin: SYS
2024-12-12 09:43:29,765 [INFO] BlockDiagram:2740 - set Specific Code input for plugin: RCC
2024-12-12 09:43:29,765 [INFO] CodeGenerator:663 - code generatio: config db path: C:\ST\STM32CubeIDE_1.7.0\STM32CubeIDE\plugins\com.st.stm32cube.common.mx_6.3.0.202107141111\\db\
2024-12-12 09:43:30,577 [INFO] CodeEngine:239 - oldGeneratedFile, C:\Users\Admin\Desktop\LAB VXL\LAB 2\EXERCISE9_10\SOURCE CODE\EX9_10\MXTmpFiles\license.tmp_save
2024-12-12 09:43:31,280 [INFO] CodeEngine:257 - Generated code: C:\Users\Admin\Desktop\LAB VXL\LAB 2\EXERCISE9_10\SOURCE CODE\EX9_10\MXTmpFiles\license.tmp
2024-12-12 09:43:31,561 [INFO] CodeEngine:239 - oldGeneratedFile, C:\Users\Admin\Desktop\LAB VXL\LAB 2\EXERCISE9_10\SOURCE CODE\EX9_10\Core\Src\stm32f1xx_it.c_save
2024-12-12 09:43:31,936 [INFO] CodeEngine:257 - Generated code: C:\Users\Admin\Desktop\LAB VXL\LAB 2\EXERCISE9_10\SOURCE CODE\EX9_10\Core\Src\stm32f1xx_it.c
2024-12-12 09:43:31,952 [INFO] CodeEngine:239 - oldGeneratedFile, C:\Users\Admin\Desktop\LAB VXL\LAB 2\EXERCISE9_10\SOURCE CODE\EX9_10\Core\Inc\stm32f1xx_it.h_save
2024-12-12 09:43:32,218 [INFO] CodeEngine:257 - Generated code: C:\Users\Admin\Desktop\LAB VXL\LAB 2\EXERCISE9_10\SOURCE CODE\EX9_10\Core\Inc\stm32f1xx_it.h
2024-12-12 09:43:32,280 [INFO] CodeEngine:239 - oldGeneratedFile, C:\Users\Admin\Desktop\LAB VXL\LAB 2\EXERCISE9_10\SOURCE CODE\EX9_10\Core\Src\stm32f1xx_hal_msp.c_save
2024-12-12 09:43:32,655 [INFO] CodeEngine:257 - Generated code: C:\Users\Admin\Desktop\LAB VXL\LAB 2\EXERCISE9_10\SOURCE CODE\EX9_10\Core\Src\stm32f1xx_hal_msp.c
2024-12-12 09:43:32,671 [INFO] CodeEngine:239 - oldGeneratedFile, C:\Users\Admin\Desktop\LAB VXL\LAB 2\EXERCISE9_10\SOURCE CODE\EX9_10\MXTmpFiles\system.tmp_save
2024-12-12 09:43:32,827 [INFO] CodeEngine:257 - Generated code: C:\Users\Admin\Desktop\LAB VXL\LAB 2\EXERCISE9_10\SOURCE CODE\EX9_10\MXTmpFiles\system.tmp
2024-12-12 09:43:32,890 [INFO] CodeEngine:239 - oldGeneratedFile, C:\Users\Admin\Desktop\LAB VXL\LAB 2\EXERCISE9_10\SOURCE CODE\EX9_10\Core\Inc\stm32f1xx_hal_conf.h_save
2024-12-12 09:43:33,377 [INFO] CodeEngine:257 - Generated code: C:\Users\Admin\Desktop\LAB VXL\LAB 2\EXERCISE9_10\SOURCE CODE\EX9_10\Core\Inc\stm32f1xx_hal_conf.h
2024-12-12 09:43:33,544 [INFO] CodeEngine:239 - oldGeneratedFile, C:\Users\Admin\Desktop\LAB VXL\LAB 2\EXERCISE9_10\SOURCE CODE\EX9_10\Core\Inc\main.h_save
2024-12-12 09:43:33,942 [INFO] CodeEngine:257 - Generated code: C:\Users\Admin\Desktop\LAB VXL\LAB 2\EXERCISE9_10\SOURCE CODE\EX9_10\Core\Inc\main.h
2024-12-12 09:43:33,987 [INFO] CodeEngine:239 - oldGeneratedFile, C:\Users\Admin\Desktop\LAB VXL\LAB 2\EXERCISE9_10\SOURCE CODE\EX9_10\Core\Src\main.c_save
2024-12-12 09:43:34,560 [INFO] CodeEngine:257 - Generated code: C:\Users\Admin\Desktop\LAB VXL\LAB 2\EXERCISE9_10\SOURCE CODE\EX9_10\Core\Src\main.c
2024-12-12 09:43:36,787 [INFO] ProjectBuilder:2578 - Time for Copy HAL[1] : 173mS.
2024-12-12 09:43:36,802 [INFO] ProjectBuilder:3622 - Project Generator version: 3.14.1
2024-12-12 09:43:38,406 [INFO] ConfigFileManager:1271 - The Die is : DIE412
2024-12-12 09:43:38,482 [INFO] ApiDbMcu:468 - Load IP Config File for FATFS
2024-12-12 09:43:38,702 [INFO] ApiDbMcu:468 - Load IP Config File for FREERTOS
2024-12-12 09:43:38,808 [INFO] ApiDbMcu:468 - Load IP Config File for USB_DEVICE
2024-12-12 09:43:51,188 [INFO] ProjectBuilder:3789 - Time for Generating toolchain IDE Files: 14386mS.
2024-12-12 09:43:51,190 [INFO] ProjectBuilder:2457 - Time for Copy CMSIS : 1mS.
2024-12-12 09:43:51,195 [INFO] ProjectBuilder:2457 - Time for Copy CMSIS : 0mS.
2024-12-12 09:43:53,014 [INFO] McuFinderGlobals:52 - Set McuFinderConnectedMode to true
2024-12-12 09:43:53,019 [INFO] ApiDb:276 - Save user favorites file C:\Users\Admin/.stm32cubeide/favorites.mcus.txt: 0 item(s)
2024-12-12 09:43:53,020 [INFO] ApiDb:280 - User favorites MCUs=[]
2024-12-12 09:51:34,148 [INFO] UtilMem:74 - End SaveConfig() Used Memory: 926815680 Bytes (1073741824)
2024-12-12 09:51:52,426 [INFO] NvicIntPanel:96 - NVIC parent = com.st.microxplorer.plugins.ip.nvic.MultiNvicIntPanel[,0,0,450x118,layout=javax.swing.BoxLayout,alignmentX=0.0,alignmentY=0.0,border=,flags=9,maximumSize=,minimumSize=,preferredSize=]
2024-12-12 09:52:07,142 [INFO] NvicIntPanel:96 - NVIC parent = com.st.microxplorer.plugins.ip.nvic.MultiNvicIntPanel[,0,0,0x0,invalid,layout=javax.swing.BoxLayout,alignmentX=0.0,alignmentY=0.0,border=,flags=9,maximumSize=,minimumSize=,preferredSize=]
2024-12-12 09:52:09,032 [INFO] NvicIntPanel:96 - NVIC parent = com.st.microxplorer.plugins.ip.nvic.MultiNvicIntPanel[,0,0,0x0,invalid,layout=javax.swing.BoxLayout,alignmentX=0.0,alignmentY=0.0,border=,flags=9,maximumSize=,minimumSize=,preferredSize=]
2024-12-12 09:52:10,985 [INFO] NvicIntPanel:96 - NVIC parent = com.st.microxplorer.plugins.ip.nvic.MultiNvicIntPanel[,0,0,0x0,invalid,layout=javax.swing.BoxLayout,alignmentX=0.0,alignmentY=0.0,border=,flags=9,maximumSize=,minimumSize=,preferredSize=]
2024-12-12 09:52:16,531 [INFO] NvicIntPanel:96 - NVIC parent = com.st.microxplorer.plugins.ip.nvic.MultiNvicIntPanel[,0,0,0x0,invalid,layout=javax.swing.BoxLayout,alignmentX=0.0,alignmentY=0.0,border=,flags=9,maximumSize=,minimumSize=,preferredSize=]
2024-12-12 09:52:18,109 [INFO] NvicIntPanel:96 - NVIC parent = com.st.microxplorer.plugins.ip.nvic.MultiNvicIntPanel[,0,0,0x0,invalid,layout=javax.swing.BoxLayout,alignmentX=0.0,alignmentY=0.0,border=,flags=9,maximumSize=,minimumSize=,preferredSize=]
2024-12-12 09:52:20,014 [INFO] NvicIntPanel:96 - NVIC parent = com.st.microxplorer.plugins.ip.nvic.MultiNvicIntPanel[,0,0,0x0,invalid,layout=javax.swing.BoxLayout,alignmentX=0.0,alignmentY=0.0,border=,flags=9,maximumSize=,minimumSize=,preferredSize=]
2024-12-12 09:52:21,936 [INFO] NvicIntPanel:96 - NVIC parent = com.st.microxplorer.plugins.ip.nvic.MultiNvicIntPanel[,0,0,0x0,invalid,layout=javax.swing.BoxLayout,alignmentX=0.0,alignmentY=0.0,border=,flags=9,maximumSize=,minimumSize=,preferredSize=]
2024-12-12 09:53:01,550 [INFO] NvicIntPanel:96 - NVIC parent = com.st.microxplorer.plugins.ip.nvic.MultiNvicIntPanel[,0,0,0x0,invalid,layout=javax.swing.BoxLayout,alignmentX=0.0,alignmentY=0.0,border=,flags=9,maximumSize=,minimumSize=,preferredSize=]
2024-12-12 09:53:04,112 [INFO] NvicIntPanel:96 - NVIC parent = com.st.microxplorer.plugins.ip.nvic.MultiNvicIntPanel[,0,0,0x0,invalid,layout=javax.swing.BoxLayout,alignmentX=0.0,alignmentY=0.0,border=,flags=9,maximumSize=,minimumSize=,preferredSize=]
2024-12-12 09:53:11,129 [INFO] NvicIntPanel:96 - NVIC parent = com.st.microxplorer.plugins.ip.nvic.MultiNvicIntPanel[,0,0,0x0,invalid,layout=javax.swing.BoxLayout,alignmentX=0.0,alignmentY=0.0,border=,flags=9,maximumSize=,minimumSize=,preferredSize=]
2024-12-12 09:53:13,612 [INFO] NvicIntPanel:96 - NVIC parent = com.st.microxplorer.plugins.ip.nvic.MultiNvicIntPanel[,0,0,0x0,invalid,layout=javax.swing.BoxLayout,alignmentX=0.0,alignmentY=0.0,border=,flags=9,maximumSize=,minimumSize=,preferredSize=]
2024-12-12 09:53:20,486 [INFO] NvicIntPanel:96 - NVIC parent = com.st.microxplorer.plugins.ip.nvic.MultiNvicIntPanel[,0,0,0x0,invalid,layout=javax.swing.BoxLayout,alignmentX=0.0,alignmentY=0.0,border=,flags=9,maximumSize=,minimumSize=,preferredSize=]
2024-12-12 09:53:22,533 [INFO] NvicIntPanel:96 - NVIC parent = com.st.microxplorer.plugins.ip.nvic.MultiNvicIntPanel[,0,0,0x0,invalid,layout=javax.swing.BoxLayout,alignmentX=0.0,alignmentY=0.0,border=,flags=9,maximumSize=,minimumSize=,preferredSize=]
2024-12-12 09:53:24,721 [INFO] NvicIntPanel:96 - NVIC parent = com.st.microxplorer.plugins.ip.nvic.MultiNvicIntPanel[,0,0,0x0,invalid,layout=javax.swing.BoxLayout,alignmentX=0.0,alignmentY=0.0,border=,flags=9,maximumSize=,minimumSize=,preferredSize=]
2024-12-12 09:53:32,894 [INFO] NvicIntPanel:96 - NVIC parent = com.st.microxplorer.plugins.ip.nvic.MultiNvicIntPanel[,0,0,0x0,invalid,layout=javax.swing.BoxLayout,alignmentX=0.0,alignmentY=0.0,border=,flags=9,maximumSize=,minimumSize=,preferredSize=]
2024-12-12 09:55:40,683 [INFO] UtilMem:74 - End SaveConfig() Used Memory: 881247368 Bytes (1073741824)
2024-12-12 09:55:43,277 [INFO] UtilMem:74 - End SaveConfig() Used Memory: 900648072 Bytes (1073741824)
2024-12-12 09:55:49,416 [INFO] UtilMem:74 - End SaveConfig() Used Memory: 939733296 Bytes (1073741824)
2024-12-12 09:55:49,869 [INFO] BlockDiagram:2740 - set Specific Code input for plugin: NVIC
2024-12-12 09:55:49,869 [INFO] BlockDiagram:2740 - set Specific Code input for plugin: SYS
2024-12-12 09:55:49,869 [INFO] BlockDiagram:2740 - set Specific Code input for plugin: GPIO
2024-12-12 09:55:49,869 [INFO] BlockDiagram:2740 - set Specific Code input for plugin: RCC
2024-12-12 09:55:49,869 [INFO] BlockDiagram:2740 - set Specific Code input for plugin: TIM1_8F1
2024-12-12 09:55:49,869 [INFO] CodeGenerator:663 - code generatio: config db path: C:\ST\STM32CubeIDE_1.7.0\STM32CubeIDE\plugins\com.st.stm32cube.common.mx_6.3.0.202107141111\\db\
2024-12-12 09:55:50,263 [INFO] CodeEngine:239 - oldGeneratedFile, C:\Users\Admin\Desktop\LAB VXL\LAB 2\EXERCISE9_10\SOURCE CODE\EX9_10\MXTmpFiles\license.tmp_save
2024-12-12 09:55:50,338 [INFO] CodeEngine:257 - Generated code: C:\Users\Admin\Desktop\LAB VXL\LAB 2\EXERCISE9_10\SOURCE CODE\EX9_10\MXTmpFiles\license.tmp
2024-12-12 09:55:50,478 [INFO] CodeEngine:239 - oldGeneratedFile, C:\Users\Admin\Desktop\LAB VXL\LAB 2\EXERCISE9_10\SOURCE CODE\EX9_10\MXTmpFiles\gpio.tmp_save
2024-12-12 09:55:50,572 [INFO] CodeEngine:257 - Generated code: C:\Users\Admin\Desktop\LAB VXL\LAB 2\EXERCISE9_10\SOURCE CODE\EX9_10\MXTmpFiles\gpio.tmp
2024-12-12 09:55:50,885 [INFO] CodeEngine:239 - oldGeneratedFile, C:\Users\Admin\Desktop\LAB VXL\LAB 2\EXERCISE9_10\SOURCE CODE\EX9_10\Core\Src\stm32f1xx_it.c_save
2024-12-12 09:55:51,025 [INFO] CodeEngine:257 - Generated code: C:\Users\Admin\Desktop\LAB VXL\LAB 2\EXERCISE9_10\SOURCE CODE\EX9_10\Core\Src\stm32f1xx_it.c
2024-12-12 09:55:51,025 [INFO] CodeEngine:239 - oldGeneratedFile, C:\Users\Admin\Desktop\LAB VXL\LAB 2\EXERCISE9_10\SOURCE CODE\EX9_10\Core\Inc\stm32f1xx_it.h_save
2024-12-12 09:55:51,181 [INFO] CodeEngine:257 - Generated code: C:\Users\Admin\Desktop\LAB VXL\LAB 2\EXERCISE9_10\SOURCE CODE\EX9_10\Core\Inc\stm32f1xx_it.h
2024-12-12 09:55:51,213 [INFO] CodeEngine:239 - oldGeneratedFile, C:\Users\Admin\Desktop\LAB VXL\LAB 2\EXERCISE9_10\SOURCE CODE\EX9_10\Core\Src\stm32f1xx_hal_msp.c_save
2024-12-12 09:55:51,416 [INFO] CodeEngine:257 - Generated code: C:\Users\Admin\Desktop\LAB VXL\LAB 2\EXERCISE9_10\SOURCE CODE\EX9_10\Core\Src\stm32f1xx_hal_msp.c
2024-12-12 09:55:51,416 [INFO] CodeEngine:239 - oldGeneratedFile, C:\Users\Admin\Desktop\LAB VXL\LAB 2\EXERCISE9_10\SOURCE CODE\EX9_10\MXTmpFiles\system.tmp_save
2024-12-12 09:55:51,478 [INFO] CodeEngine:257 - Generated code: C:\Users\Admin\Desktop\LAB VXL\LAB 2\EXERCISE9_10\SOURCE CODE\EX9_10\MXTmpFiles\system.tmp
2024-12-12 09:55:51,509 [INFO] CodeEngine:239 - oldGeneratedFile, C:\Users\Admin\Desktop\LAB VXL\LAB 2\EXERCISE9_10\SOURCE CODE\EX9_10\Core\Inc\stm32f1xx_hal_conf.h_save
2024-12-12 09:55:51,650 [INFO] CodeEngine:257 - Generated code: C:\Users\Admin\Desktop\LAB VXL\LAB 2\EXERCISE9_10\SOURCE CODE\EX9_10\Core\Inc\stm32f1xx_hal_conf.h
2024-12-12 09:55:51,681 [WARN] IPConfigManager:3148 - IP not found : TIM
2024-12-12 09:55:51,681 [WARN] CodeGenerator:3268 - IP not found : null
2024-12-12 09:55:51,697 [INFO] CodeEngine:239 - oldGeneratedFile, C:\Users\Admin\Desktop\LAB VXL\LAB 2\EXERCISE9_10\SOURCE CODE\EX9_10\Core\Inc\main.h_save
2024-12-12 09:55:51,837 [INFO] CodeEngine:257 - Generated code: C:\Users\Admin\Desktop\LAB VXL\LAB 2\EXERCISE9_10\SOURCE CODE\EX9_10\Core\Inc\main.h
2024-12-12 09:55:51,853 [INFO] CodeEngine:239 - oldGeneratedFile, C:\Users\Admin\Desktop\LAB VXL\LAB 2\EXERCISE9_10\SOURCE CODE\EX9_10\Core\Src\main.c_save
2024-12-12 09:55:52,056 [INFO] CodeEngine:257 - Generated code: C:\Users\Admin\Desktop\LAB VXL\LAB 2\EXERCISE9_10\SOURCE CODE\EX9_10\Core\Src\main.c
2024-12-12 09:55:54,228 [INFO] ProjectBuilder:2578 - Time for Copy HAL[1] : 187mS.
2024-12-12 09:55:54,244 [INFO] ProjectBuilder:3622 - Project Generator version: 3.14.1
2024-12-12 09:55:55,587 [INFO] ConfigFileManager:1271 - The Die is : DIE412
2024-12-12 09:56:01,681 [INFO] ProjectBuilder:3789 - Time for Generating toolchain IDE Files: 7437mS.
2024-12-12 09:56:01,681 [INFO] ProjectBuilder:2457 - Time for Copy CMSIS : 0mS.
2024-12-12 09:56:01,681 [INFO] ProjectBuilder:2457 - Time for Copy CMSIS : 0mS.
